#
# There is insufficient memory for the Java Runtime Environment to continue.
# Native memory allocation (malloc) failed to allocate 1506576 bytes. Error detail: Chunk::new
# Possible reasons:
#   The system is out of physical RAM or swap space
#   This process is running with CompressedOops enabled, and the Java Heap may be blocking the growth of the native heap
# Possible solutions:
#   Reduce memory load on the system
#   Increase physical memory or swap space
#   Check if swap backing store is full
#   Decrease Java heap size (-Xmx/-Xms)
#   Decrease number of Java threads
#   Decrease Java thread stack sizes (-Xss)
#   Set larger code cache with -XX:ReservedCodeCacheSize=
#   JVM is running with Unscaled Compressed Oops mode in which the Java heap is
#     placed in the first 4GB address space. The Java Heap base address is the
#     maximum limit for the native heap growth. Please use -XX:HeapBaseMinAddress
#     to set the Java Heap base and to place the Java Heap above 4GB virtual address.
# This output file may be truncated or incomplete.
#
#  Out of Memory Error (arena.cpp:168), pid=3696, tid=2776
#
# JRE version: OpenJDK Runtime Environment Temurin-21.0.10+7 (21.0.10+7) (build 21.0.10+7-LTS)
# Java VM: OpenJDK 64-Bit Server VM Temurin-21.0.10+7 (21.0.10+7-LTS, mixed mode, sharing, tiered, compressed oops, compressed class ptrs, parallel gc, windows-amd64)
# No core dump will be written. Minidumps are not enabled by default on client versions of Windows
#

---------------  S U M M A R Y ------------

Command Line: --add-modules=ALL-SYSTEM --add-opens=java.base/java.util=ALL-UNNAMED --add-opens=java.base/java.lang=ALL-UNNAMED --add-opens=java.base/sun.nio.fs=ALL-UNNAMED -Declipse.application=org.eclipse.jdt.ls.core.id1 -Dosgi.bundles.defaultStartLevel=4 -Declipse.product=org.eclipse.jdt.ls.core.product -Djava.import.generatesMetadataFilesAtProjectRoot=false -DDetectVMInstallationsJob.disabled=true -Dfile.encoding=utf8 -XX:+UseParallelGC -XX:GCTimeRatio=4 -XX:AdaptiveSizePolicyWeight=90 -Dsun.zip.disableMemoryMapping=true -Xmx2G -Xms100m -Xlog:disable -javaagent:c:\Users\dell\.vscode\extensions\redhat.java-1.54.0-win32-x64\lombok\lombok-1.18.39-4050.jar -XX:+HeapDumpOnOutOfMemoryError -XX:HeapDumpPath=c:\Users\dell\AppData\Roaming\Code\User\workspaceStorage\825c9b729f276fa6f788dd2d7ea7dcd6\redhat.java -Daether.dependencyCollector.impl=bf c:\Users\dell\.vscode\extensions\redhat.java-1.54.0-win32-x64\server\plugins\org.eclipse.equinox.launcher_1.7.100.v20251111-0406.jar -configuration c:\Users\dell\AppData\Roaming\Code\User\globalStorage\redhat.java\1.54.0\config_win -data c:\Users\dell\AppData\Roaming\Code\User\workspaceStorage\825c9b729f276fa6f788dd2d7ea7dcd6\redhat.java\jdt_ws --pipe=\\.\pipe\lsp-d425c737182c9b8cd66fe2f5cf1c1b00-sock

Host: 13th Gen Intel(R) Core(TM) i5-1335U, 12 cores, 7G,  Windows 11 , 64 bit Build 26100 (10.0.26100.8521)
Time: Sat Jun 27 00:36:22 2026 India Standard Time elapsed time: 73.103399 seconds (0d 0h 1m 13s)

---------------  T H R E A D  ---------------

Current thread (0x00000104fecd7640):  JavaThread "C2 CompilerThread0" daemon [_thread_in_native, id=2776, stack(0x0000000428300000,0x0000000428400000) (1024K)]


Current CompileTask:
C2:73103 3328       4       java.lang.invoke.MethodType::makeImpl (109 bytes)

Stack: [0x0000000428300000,0x0000000428400000]
Native frames: (J=compiled Java code, j=interpreted, Vv=VM code, C=native code)
V  [jvm.dll+0x6d7a39]
V  [jvm.dll+0x8b4b26]
V  [jvm.dll+0x8b70de]
V  [jvm.dll+0x8b77c3]
V  [jvm.dll+0x284346]
V  [jvm.dll+0xc66ed]
V  [jvm.dll+0xc6c31]
V  [jvm.dll+0x3bec01]
V  [jvm.dll+0x38b162]
V  [jvm.dll+0x38a5aa]
V  [jvm.dll+0x24c560]
V  [jvm.dll+0x24bb40]
V  [jvm.dll+0x1cb34e]
V  [jvm.dll+0x25b85d]
V  [jvm.dll+0x259dea]
V  [jvm.dll+0x3f857e]
V  [jvm.dll+0x85f59d]
V  [jvm.dll+0x6d626d]
C  [ucrtbase.dll+0x2cd30]
C  [KERNEL32.DLL+0x2e957]
C  [ntdll.dll+0x87c1c]


---------------  P R O C E S S  ---------------

Threads class SMR info:
_java_thread_list=0x00000104fedf9e20, length=22, elements={
0x00000104f3bc9d30, 0x00000104f6065400, 0x00000104f5f6d400, 0x00000104f6074580,
0x00000104f6071e20, 0x00000104f6074c10, 0x00000104f6073ef0, 0x00000104fecd7640,
0x00000104fecd80e0, 0x00000104f60724b0, 0x00000104f6072b40, 0x00000104f6071790,
0x00000104f60731d0, 0x00000104f6073860, 0x00000104d42d2dc0, 0x00000104d42d3ae0,
0x00000104d42d0660, 0x00000104d42d2730, 0x00000104d42d20a0, 0x00000104d42d1a10,
0x00000104d42d0cf0, 0x00000104d4c91cd0
}

Java Threads: ( => current thread )
  0x00000104f3bc9d30 JavaThread "main"                              [_thread_blocked, id=13044, stack(0x0000000427900000,0x0000000427a00000) (1024K)]
  0x00000104f6065400 JavaThread "Reference Handler"          daemon [_thread_blocked, id=6520, stack(0x0000000427d00000,0x0000000427e00000) (1024K)]
  0x00000104f5f6d400 JavaThread "Finalizer"                  daemon [_thread_blocked, id=18184, stack(0x0000000427e00000,0x0000000427f00000) (1024K)]
  0x00000104f6074580 JavaThread "Signal Dispatcher"          daemon [_thread_blocked, id=22836, stack(0x0000000427f00000,0x0000000428000000) (1024K)]
  0x00000104f6071e20 JavaThread "Attach Listener"            daemon [_thread_blocked, id=12560, stack(0x0000000428000000,0x0000000428100000) (1024K)]
  0x00000104f6074c10 JavaThread "Service Thread"             daemon [_thread_blocked, id=9640, stack(0x0000000428100000,0x0000000428200000) (1024K)]
  0x00000104f6073ef0 JavaThread "Monitor Deflation Thread"   daemon [_thread_blocked, id=2808, stack(0x0000000428200000,0x0000000428300000) (1024K)]
=>0x00000104fecd7640 JavaThread "C2 CompilerThread0"         daemon [_thread_in_native, id=2776, stack(0x0000000428300000,0x0000000428400000) (1024K)]
  0x00000104fecd80e0 JavaThread "C1 CompilerThread0"         daemon [_thread_blocked, id=16180, stack(0x0000000428400000,0x0000000428500000) (1024K)]
  0x00000104f60724b0 JavaThread "Common-Cleaner"             daemon [_thread_blocked, id=3872, stack(0x0000000428600000,0x0000000428700000) (1024K)]
  0x00000104f6072b40 JavaThread "Notification Thread"        daemon [_thread_blocked, id=14072, stack(0x0000000428700000,0x0000000428800000) (1024K)]
  0x00000104f6071790 JavaThread "Active Thread: Equinox Container: 50d2052e-276b-4d19-a2c1-f0b8c769e88a"        [_thread_blocked, id=20696, stack(0x0000000428f00000,0x0000000429000000) (1024K)]
  0x00000104f60731d0 JavaThread "Refresh Thread: Equinox Container: 50d2052e-276b-4d19-a2c1-f0b8c769e88a" daemon [_thread_blocked, id=13592, stack(0x0000000428800000,0x0000000428900000) (1024K)]
  0x00000104f6073860 JavaThread "Framework Event Dispatcher: Equinox Container: 50d2052e-276b-4d19-a2c1-f0b8c769e88a" daemon [_thread_blocked, id=5428, stack(0x0000000429000000,0x0000000429100000) (1024K)]
  0x00000104d42d2dc0 JavaThread "Start Level: Equinox Container: 50d2052e-276b-4d19-a2c1-f0b8c769e88a" daemon [_thread_in_vm, id=13848, stack(0x0000000429100000,0x0000000429200000) (1024K)]
  0x00000104d42d3ae0 JavaThread "Bundle File Closer"         daemon [_thread_blocked, id=5556, stack(0x0000000429500000,0x0000000429600000) (1024K)]
  0x00000104d42d0660 JavaThread "SCR Component Actor"        daemon [_thread_blocked, id=18072, stack(0x0000000427700000,0x0000000427800000) (1024K)]
  0x00000104d42d2730 JavaThread "Worker-JM"                         [_thread_blocked, id=5508, stack(0x0000000429600000,0x0000000429700000) (1024K)]
  0x00000104d42d20a0 JavaThread "JNA Cleaner"                daemon [_thread_blocked, id=20224, stack(0x0000000427800000,0x0000000427900000) (1024K)]
  0x00000104d42d1a10 JavaThread "Worker-0: Checking project encoding"        [_thread_blocked, id=14840, stack(0x0000000429400000,0x0000000429500000) (1024K)]
  0x00000104d42d0cf0 JavaThread "Worker-1"                          [_thread_blocked, id=16356, stack(0x0000000429700000,0x0000000429800000) (1024K)]
  0x00000104d4c91cd0 JavaThread "C2 CompilerThread1"         daemon [_thread_blocked, id=18632, stack(0x0000000429800000,0x0000000429900000) (1024K)]
Total: 22

Other Threads:
  0x00000104fecd10a0 VMThread "VM Thread"                           [id=7936, stack(0x0000000427c00000,0x0000000427d00000) (1024K)]
  0x00000104f5e4ca00 WatcherThread "VM Periodic Task Thread"        [id=13984, stack(0x0000000427b00000,0x0000000427c00000) (1024K)]
  0x00000104f5fdbcd0 WorkerThread "GC Thread#0"                     [id=18888, stack(0x0000000427a00000,0x0000000427b00000) (1024K)]
  0x00000104ff00ac90 WorkerThread "GC Thread#1"                     [id=16052, stack(0x0000000428900000,0x0000000428a00000) (1024K)]
  0x00000104ff00bf00 WorkerThread "GC Thread#2"                     [id=18324, stack(0x0000000428a00000,0x0000000428b00000) (1024K)]
  0x00000104ff00b3f0 WorkerThread "GC Thread#3"                     [id=20524, stack(0x0000000428b00000,0x0000000428c00000) (1024K)]
  0x00000104ff00c2b0 WorkerThread "GC Thread#4"                     [id=8864, stack(0x0000000428c00000,0x0000000428d00000) (1024K)]
  0x00000104ff00a8e0 WorkerThread "GC Thread#5"                     [id=19772, stack(0x0000000428d00000,0x0000000428e00000) (1024K)]
  0x00000104ff00b7a0 WorkerThread "GC Thread#6"                     [id=6764, stack(0x0000000428e00000,0x0000000428f00000) (1024K)]
  0x00000104d4b9c6c0 WorkerThread "GC Thread#7"                     [id=256, stack(0x0000000428500000,0x0000000428600000) (1024K)]
  0x00000104d4b9d580 WorkerThread "GC Thread#8"                     [id=4392, stack(0x0000000429200000,0x0000000429300000) (1024K)]
  0x00000104d4b9d930 WorkerThread "GC Thread#9"                     [id=15740, stack(0x0000000429300000,0x0000000429400000) (1024K)]
Total: 12

Threads with active compile tasks:
C2 CompilerThread0  73172 3328       4       java.lang.invoke.MethodType::makeImpl (109 bytes)
Total: 1

VM state: not at safepoint (normal execution)

VM Mutex/Monitor currently owned by a thread: None

Heap address: 0x0000000080000000, size: 2048 MB, Compressed Oops mode: 32-bit

CDS archive(s) mapped at: [0x000001048f000000-0x000001048fba0000-0x000001048fba0000), size 12189696, SharedBaseAddress: 0x000001048f000000, ArchiveRelocationMode: 1.
Compressed class space mapped at: 0x0000010490000000-0x00000104d0000000, reserved size: 1073741824
Narrow klass base: 0x000001048f000000, Narrow klass shift: 0, Narrow klass range: 0x100000000

GC Precious Log:
 CardTable entry size: 512
 CPUs: 12 total, 12 available
 Memory: 7876M
 Large Page Support: Disabled
 NUMA Support: Disabled
 Compressed Oops: Enabled (32-bit)
 Alignments: Space 512K, Generation 512K, Heap 2M
 Heap Min Capacity: 100M
 Heap Initial Capacity: 100M
 Heap Max Capacity: 2G
 Pre-touch: Disabled
 Parallel Workers: 10

Heap:
 PSYoungGen      total 29184K, used 20588K [0x00000000d5580000, 0x00000000d7a00000, 0x0000000100000000)
  eden space 25088K, 65% used [0x00000000d5580000,0x00000000d659c438,0x00000000d6e00000)
  from space 4096K, 99% used [0x00000000d6e80000,0x00000000d727eec8,0x00000000d7280000)
  to   space 6144K, 0% used [0x00000000d7400000,0x00000000d7400000,0x00000000d7a00000)
 ParOldGen       total 68608K, used 8346K [0x0000000080000000, 0x0000000084300000, 0x00000000d5580000)
  object space 68608K, 12% used [0x0000000080000000,0x0000000080826b08,0x0000000084300000)
 Metaspace       used 17698K, committed 18368K, reserved 1114112K
  class space    used 1846K, committed 2112K, reserved 1048576K

Card table byte_map: [0x00000104f5960000,0x00000104f5d70000] _byte_map_base: 0x00000104f5560000

Marking Bits: (ParMarkBitMap*) 0x00007ffb47593450
 Begin Bits: [0x00000104f9470000, 0x00000104fb470000)
 End Bits:   [0x00000104fb470000, 0x00000104fd470000)

Polling page: 0x00000104f3b60000

Metaspace:

Usage:
  Non-class:     15.48 MB used.
      Class:      1.80 MB used.
       Both:     17.28 MB used.

Virtual space:
  Non-class space:       64.00 MB reserved,      15.88 MB ( 25%) committed,  1 nodes.
      Class space:        1.00 GB reserved,       2.06 MB ( <1%) committed,  1 nodes.
             Both:        1.06 GB reserved,      17.94 MB (  2%) committed. 

Chunk freelists:
   Non-Class:  15.80 MB
       Class:  13.78 MB
        Both:  29.58 MB

MaxMetaspaceSize: unlimited
CompressedClassSpaceSize: 1.00 GB
Initial GC threshold: 21.00 MB
Current GC threshold: 21.00 MB
CDS: on
 - commit_granule_bytes: 65536.
 - commit_granule_words: 8192.
 - virtual_space_node_default_size: 8388608.
 - enlarge_chunks_in_place: 1.
 - use_allocation_guard: 0.


Internal statistics:

num_allocs_failed_limit: 0.
num_arena_births: 528.
num_arena_deaths: 0.
num_vsnodes_births: 2.
num_vsnodes_deaths: 0.
num_space_committed: 287.
num_space_uncommitted: 0.
num_chunks_returned_to_freelist: 0.
num_chunks_taken_from_freelist: 1169.
num_chunk_merges: 0.
num_chunk_splits: 735.
num_chunks_enlarged: 477.
num_inconsistent_stats: 0.

CodeHeap 'non-profiled nmethods': size=120000Kb used=1512Kb max_used=1512Kb free=118488Kb
 bounds [0x0000010487ad0000, 0x0000010487d40000, 0x000001048f000000]
CodeHeap 'profiled nmethods': size=120000Kb used=6847Kb max_used=6847Kb free=113152Kb
 bounds [0x0000010480000000, 0x00000104806b0000, 0x0000010487530000]
CodeHeap 'non-nmethods': size=5760Kb used=1275Kb max_used=1288Kb free=4484Kb
 bounds [0x0000010487530000, 0x00000104877a0000, 0x0000010487ad0000]
CodeCache: size=245760Kb, used=9634Kb, max_used=9647Kb, free=236124Kb
 total_blobs=3975, nmethods=3424, adapters=457, full_count=0
Compilation: enabled, stopped_count=0, restarted_count=0

Compilation events (20 events):
Event: 72.043 Thread 0x00000104fecd80e0 3351       3       com.sun.org.apache.xerces.internal.impl.XMLEntityScanner::checkNodeCount (22 bytes)
Event: 72.043 Thread 0x00000104fecd80e0 nmethod 3351 0x0000010480698910 code [0x0000010480698ac0, 0x0000010480698c98]
Event: 72.049 Thread 0x00000104fecd80e0 3353       3       org.eclipse.osgi.container.ModuleRevisionBuilder::unmodifiableMap (86 bytes)
Event: 72.049 Thread 0x00000104fecd80e0 nmethod 3353 0x0000010480698d90 code [0x0000010480699040, 0x0000010480699e88]
Event: 72.051 Thread 0x00000104fecd80e0 3354       3       java.lang.invoke.InfoFromMemberName::getModifiers (8 bytes)
Event: 72.051 Thread 0x00000104fecd80e0 nmethod 3354 0x000001048069a210 code [0x000001048069a3c0, 0x000001048069a538]
Event: 72.051 Thread 0x00000104fecd80e0 3355       3       java.lang.invoke.MethodType::methodType (21 bytes)
Event: 72.051 Thread 0x00000104fecd80e0 nmethod 3355 0x000001048069a610 code [0x000001048069a7e0, 0x000001048069a9b0]
Event: 72.059 Thread 0x00000104fecd80e0 3356       3       org.eclipse.core.internal.dtree.DeltaDataTree::lookup (158 bytes)
Event: 72.060 Thread 0x00000104fecd80e0 nmethod 3356 0x000001048069aa90 code [0x000001048069ad40, 0x000001048069baf8]
Event: 72.060 Thread 0x00000104fecd80e0 3357       3       org.eclipse.core.internal.dtree.DataTreeLookup::<init> (26 bytes)
Event: 72.060 Thread 0x00000104fecd80e0 nmethod 3357 0x000001048069c010 code [0x000001048069c1c0, 0x000001048069c368]
Event: 72.060 Thread 0x00000104fecd80e0 3358       3       java.util.concurrent.ConcurrentLinkedQueue::<init> (21 bytes)
Event: 72.060 Thread 0x00000104fecd80e0 nmethod 3358 0x000001048069c410 code [0x000001048069c5e0, 0x000001048069c958]
Event: 72.061 Thread 0x00000104fecd80e0 3361       3       java.lang.invoke.MemberName$Factory::resolveOrNull (54 bytes)
Event: 72.061 Thread 0x00000104fecd80e0 nmethod 3361 0x000001048069cb10 code [0x000001048069cce0, 0x000001048069cf78]
Event: 72.076 Thread 0x00000104fecd80e0 3367   !   3       org.eclipse.osgi.framework.util.SecureAction::start (61 bytes)
Event: 72.076 Thread 0x00000104fecd80e0 nmethod 3367 0x000001048069d090 code [0x000001048069d260, 0x000001048069d528]
Event: 72.083 Thread 0x00000104fecd80e0 3368       3       java.lang.Byte::hashCode (8 bytes)
Event: 72.083 Thread 0x00000104fecd80e0 nmethod 3368 0x000001048069d690 code [0x000001048069d840, 0x000001048069d9a8]

GC Heap History (10 events):
Event: 2.305 GC heap before
{Heap before GC invocations=1 (full 0):
 PSYoungGen      total 29696K, used 25600K [0x00000000d5580000, 0x00000000d7680000, 0x0000000100000000)
  eden space 25600K, 100% used [0x00000000d5580000,0x00000000d6e80000,0x00000000d6e80000)
  from space 4096K, 0% used [0x00000000d7280000,0x00000000d7280000,0x00000000d7680000)
  to   space 4096K, 0% used [0x00000000d6e80000,0x00000000d6e80000,0x00000000d7280000)
 ParOldGen       total 68608K, used 0K [0x0000000080000000, 0x0000000084300000, 0x00000000d5580000)
  object space 68608K, 0% used [0x0000000080000000,0x0000000080000000,0x0000000084300000)
 Metaspace       used 4334K, committed 4608K, reserved 1114112K
  class space    used 473K, committed 576K, reserved 1048576K
}
Event: 2.316 GC heap after
{Heap after GC invocations=1 (full 0):
 PSYoungGen      total 29696K, used 3303K [0x00000000d5580000, 0x00000000d7680000, 0x0000000100000000)
  eden space 25600K, 0% used [0x00000000d5580000,0x00000000d5580000,0x00000000d6e80000)
  from space 4096K, 80% used [0x00000000d6e80000,0x00000000d71b9e98,0x00000000d7280000)
  to   space 4096K, 0% used [0x00000000d7280000,0x00000000d7280000,0x00000000d7680000)
 ParOldGen       total 68608K, used 16K [0x0000000080000000, 0x0000000084300000, 0x00000000d5580000)
  object space 68608K, 0% used [0x0000000080000000,0x0000000080004000,0x0000000084300000)
 Metaspace       used 4334K, committed 4608K, reserved 1114112K
  class space    used 473K, committed 576K, reserved 1048576K
}
Event: 29.367 GC heap before
{Heap before GC invocations=2 (full 0):
 PSYoungGen      total 29696K, used 28903K [0x00000000d5580000, 0x00000000d7680000, 0x0000000100000000)
  eden space 25600K, 100% used [0x00000000d5580000,0x00000000d6e80000,0x00000000d6e80000)
  from space 4096K, 80% used [0x00000000d6e80000,0x00000000d71b9e98,0x00000000d7280000)
  to   space 4096K, 0% used [0x00000000d7280000,0x00000000d7280000,0x00000000d7680000)
 ParOldGen       total 68608K, used 16K [0x0000000080000000, 0x0000000084300000, 0x00000000d5580000)
  object space 68608K, 0% used [0x0000000080000000,0x0000000080004000,0x0000000084300000)
 Metaspace       used 7983K, committed 8256K, reserved 1114112K
  class space    used 830K, committed 960K, reserved 1048576K
}
Event: 29.373 GC heap after
{Heap after GC invocations=2 (full 0):
 PSYoungGen      total 29696K, used 4086K [0x00000000d5580000, 0x00000000d7680000, 0x0000000100000000)
  eden space 25600K, 0% used [0x00000000d5580000,0x00000000d5580000,0x00000000d6e80000)
  from space 4096K, 99% used [0x00000000d7280000,0x00000000d767d810,0x00000000d7680000)
  to   space 4096K, 0% used [0x00000000d6e80000,0x00000000d6e80000,0x00000000d7280000)
 ParOldGen       total 68608K, used 2031K [0x0000000080000000, 0x0000000084300000, 0x00000000d5580000)
  object space 68608K, 2% used [0x0000000080000000,0x00000000801fbe58,0x0000000084300000)
 Metaspace       used 7983K, committed 8256K, reserved 1114112K
  class space    used 830K, committed 960K, reserved 1048576K
}
Event: 41.589 GC heap before
{Heap before GC invocations=3 (full 0):
 PSYoungGen      total 29696K, used 29686K [0x00000000d5580000, 0x00000000d7680000, 0x0000000100000000)
  eden space 25600K, 100% used [0x00000000d5580000,0x00000000d6e80000,0x00000000d6e80000)
  from space 4096K, 99% used [0x00000000d7280000,0x00000000d767d810,0x00000000d7680000)
  to   space 4096K, 0% used [0x00000000d6e80000,0x00000000d6e80000,0x00000000d7280000)
 ParOldGen       total 68608K, used 2031K [0x0000000080000000, 0x0000000084300000, 0x00000000d5580000)
  object space 68608K, 2% used [0x0000000080000000,0x00000000801fbe58,0x0000000084300000)
 Metaspace       used 9670K, committed 9984K, reserved 1114112K
  class space    used 1023K, committed 1152K, reserved 1048576K
}
Event: 41.596 GC heap after
{Heap after GC invocations=3 (full 0):
 PSYoungGen      total 29696K, used 4075K [0x00000000d5580000, 0x00000000d7680000, 0x0000000100000000)
  eden space 25600K, 0% used [0x00000000d5580000,0x00000000d5580000,0x00000000d6e80000)
  from space 4096K, 99% used [0x00000000d6e80000,0x00000000d727adb0,0x00000000d7280000)
  to   space 4096K, 0% used [0x00000000d7280000,0x00000000d7280000,0x00000000d7680000)
 ParOldGen       total 68608K, used 4675K [0x0000000080000000, 0x0000000084300000, 0x00000000d5580000)
  object space 68608K, 6% used [0x0000000080000000,0x0000000080490fa8,0x0000000084300000)
 Metaspace       used 9670K, committed 9984K, reserved 1114112K
  class space    used 1023K, committed 1152K, reserved 1048576K
}
Event: 65.368 GC heap before
{Heap before GC invocations=4 (full 0):
 PSYoungGen      total 29696K, used 29675K [0x00000000d5580000, 0x00000000d7680000, 0x0000000100000000)
  eden space 25600K, 100% used [0x00000000d5580000,0x00000000d6e80000,0x00000000d6e80000)
  from space 4096K, 99% used [0x00000000d6e80000,0x00000000d727adb0,0x00000000d7280000)
  to   space 4096K, 0% used [0x00000000d7280000,0x00000000d7280000,0x00000000d7680000)
 ParOldGen       total 68608K, used 4675K [0x0000000080000000, 0x0000000084300000, 0x00000000d5580000)
  object space 68608K, 6% used [0x0000000080000000,0x0000000080490fa8,0x0000000084300000)
 Metaspace       used 11387K, committed 11712K, reserved 1114112K
  class space    used 1189K, committed 1344K, reserved 1048576K
}
Event: 65.376 GC heap after
{Heap after GC invocations=4 (full 0):
 PSYoungGen      total 29696K, used 4070K [0x00000000d5580000, 0x00000000d7680000, 0x0000000100000000)
  eden space 25600K, 0% used [0x00000000d5580000,0x00000000d5580000,0x00000000d6e80000)
  from space 4096K, 99% used [0x00000000d7280000,0x00000000d7679938,0x00000000d7680000)
  to   space 4096K, 0% used [0x00000000d6e80000,0x00000000d6e80000,0x00000000d7280000)
 ParOldGen       total 68608K, used 7275K [0x0000000080000000, 0x0000000084300000, 0x00000000d5580000)
  object space 68608K, 10% used [0x0000000080000000,0x000000008071ade0,0x0000000084300000)
 Metaspace       used 11387K, committed 11712K, reserved 1114112K
  class space    used 1189K, committed 1344K, reserved 1048576K
}
Event: 66.137 GC heap before
{Heap before GC invocations=5 (full 0):
 PSYoungGen      total 29696K, used 29670K [0x00000000d5580000, 0x00000000d7680000, 0x0000000100000000)
  eden space 25600K, 100% used [0x00000000d5580000,0x00000000d6e80000,0x00000000d6e80000)
  from space 4096K, 99% used [0x00000000d7280000,0x00000000d7679938,0x00000000d7680000)
  to   space 4096K, 0% used [0x00000000d6e80000,0x00000000d6e80000,0x00000000d7280000)
 ParOldGen       total 68608K, used 7275K [0x0000000080000000, 0x0000000084300000, 0x00000000d5580000)
  object space 68608K, 10% used [0x0000000080000000,0x000000008071ade0,0x0000000084300000)
 Metaspace       used 15233K, committed 15808K, reserved 1114112K
  class space    used 1566K, committed 1856K, reserved 1048576K
}
Event: 67.155 GC heap after
{Heap after GC invocations=5 (full 0):
 PSYoungGen      total 29184K, used 4091K [0x00000000d5580000, 0x00000000d7a00000, 0x0000000100000000)
  eden space 25088K, 0% used [0x00000000d5580000,0x00000000d5580000,0x00000000d6e00000)
  from space 4096K, 99% used [0x00000000d6e80000,0x00000000d727eec8,0x00000000d7280000)
  to   space 6144K, 0% used [0x00000000d7400000,0x00000000d7400000,0x00000000d7a00000)
 ParOldGen       total 68608K, used 8346K [0x0000000080000000, 0x0000000084300000, 0x00000000d5580000)
  object space 68608K, 12% used [0x0000000080000000,0x0000000080826b08,0x0000000084300000)
 Metaspace       used 15233K, committed 15808K, reserved 1114112K
  class space    used 1566K, committed 1856K, reserved 1048576K
}

Dll operation events (10 events):
Event: 0.032 Loaded shared library c:\Users\dell\.vscode\extensions\redhat.java-1.54.0-win32-x64\jre\21.0.10-win32-x86_64\bin\java.dll
Event: 1.294 Loaded shared library c:\Users\dell\.vscode\extensions\redhat.java-1.54.0-win32-x64\jre\21.0.10-win32-x86_64\bin\zip.dll
Event: 1.330 Loaded shared library C:\Users\dell\.vscode\extensions\redhat.java-1.54.0-win32-x64\jre\21.0.10-win32-x86_64\bin\instrument.dll
Event: 1.383 Loaded shared library C:\Users\dell\.vscode\extensions\redhat.java-1.54.0-win32-x64\jre\21.0.10-win32-x86_64\bin\net.dll
Event: 1.422 Loaded shared library C:\Users\dell\.vscode\extensions\redhat.java-1.54.0-win32-x64\jre\21.0.10-win32-x86_64\bin\nio.dll
Event: 1.425 Loaded shared library C:\Users\dell\.vscode\extensions\redhat.java-1.54.0-win32-x64\jre\21.0.10-win32-x86_64\bin\zip.dll
Event: 1.446 Loaded shared library C:\Users\dell\.vscode\extensions\redhat.java-1.54.0-win32-x64\jre\21.0.10-win32-x86_64\bin\jimage.dll
Event: 1.565 Loaded shared library c:\Users\dell\.vscode\extensions\redhat.java-1.54.0-win32-x64\jre\21.0.10-win32-x86_64\bin\verify.dll
Event: 30.232 Loaded shared library C:\Users\dell\AppData\Roaming\Code\User\globalStorage\redhat.java\1.54.0\config_win\org.eclipse.equinox.launcher\org.eclipse.equinox.launcher.win32.win32.x86_64_1.3.0.v20260203-2149\eclipse_11919.dll
Event: 71.917 Loaded shared library C:\Users\dell\AppData\Local\Temp\jna-3079617\jna10872614060365771678.dll

Deoptimization events (20 events):
Event: 68.333 Thread 0x00000104d42d2dc0 DEOPT PACKING pc=0x0000010487c09598 sp=0x00000004291f9210
Event: 68.333 Thread 0x00000104d42d2dc0 DEOPT UNPACKING pc=0x0000010487583aa2 sp=0x00000004291f90c0 mode 2
Event: 68.333 Thread 0x00000104d42d2dc0 Uncommon trap: trap_request=0xffffff45 fr.pc=0x0000010487c115e8 relative=0x0000000000000ce8
Event: 68.333 Thread 0x00000104d42d2dc0 Uncommon trap: reason=unstable_if action=reinterpret pc=0x0000010487c115e8 method=java.io.DataInputStream.readFully([BII)V @ 37 c2
Event: 68.333 Thread 0x00000104d42d2dc0 DEOPT PACKING pc=0x0000010487c115e8 sp=0x00000004291f92e0
Event: 68.333 Thread 0x00000104d42d2dc0 DEOPT UNPACKING pc=0x0000010487583aa2 sp=0x00000004291f91c0 mode 2
Event: 69.501 Thread 0x00000104d42d2dc0 Uncommon trap: trap_request=0xffffff45 fr.pc=0x0000010487b4fd84 relative=0x00000000000005c4
Event: 69.501 Thread 0x00000104d42d2dc0 Uncommon trap: reason=unstable_if action=reinterpret pc=0x0000010487b4fd84 method=java.io.BufferedInputStream.implRead([BII)I @ 55 c2
Event: 69.501 Thread 0x00000104d42d2dc0 DEOPT PACKING pc=0x0000010487b4fd84 sp=0x00000004291f8c80
Event: 69.501 Thread 0x00000104d42d2dc0 DEOPT UNPACKING pc=0x0000010487583aa2 sp=0x00000004291f8c58 mode 2
Event: 69.537 Thread 0x00000104d42d2dc0 Uncommon trap: trap_request=0xffffff45 fr.pc=0x0000010487b07c90 relative=0x0000000000000670
Event: 69.537 Thread 0x00000104d42d2dc0 Uncommon trap: reason=unstable_if action=reinterpret pc=0x0000010487b07c90 method=java.lang.String.replace(Ljava/lang/CharSequence;Ljava/lang/CharSequence;)Ljava/lang/String; @ 42 c2
Event: 69.537 Thread 0x00000104d42d2dc0 DEOPT PACKING pc=0x0000010487b07c90 sp=0x00000004291f7500
Event: 69.537 Thread 0x00000104d42d2dc0 DEOPT UNPACKING pc=0x0000010487583aa2 sp=0x00000004291f7480 mode 2
Event: 69.678 Thread 0x00000104d42d2dc0 DEOPT PACKING pc=0x0000010480679b98 sp=0x00000004291f5f30
Event: 69.678 Thread 0x00000104d42d2dc0 DEOPT UNPACKING pc=0x0000010487584242 sp=0x00000004291f53c8 mode 0
Event: 72.043 Thread 0x00000104d42d2dc0 Uncommon trap: trap_request=0xffffff45 fr.pc=0x0000010487b53bec relative=0x000000000000020c
Event: 72.043 Thread 0x00000104d42d2dc0 Uncommon trap: reason=unstable_if action=reinterpret pc=0x0000010487b53bec method=java.io.BufferedInputStream.read1([BII)I @ 34 c2
Event: 72.043 Thread 0x00000104d42d2dc0 DEOPT PACKING pc=0x0000010487b53bec sp=0x00000004291f8c10
Event: 72.043 Thread 0x00000104d42d2dc0 DEOPT UNPACKING pc=0x0000010487583aa2 sp=0x00000004291f8bc8 mode 2

Classes loaded (20 events):
Event: 71.921 Loading class jdk/internal/loader/NativeLibraries$Unloader
Event: 71.921 Loading class jdk/internal/loader/NativeLibraries$Unloader done
Event: 71.947 Loading class java/lang/annotation/Documented
Event: 71.948 Loading class java/lang/annotation/Documented done
Event: 71.950 Loading class java/lang/reflect/UndeclaredThrowableException
Event: 71.950 Loading class java/lang/reflect/UndeclaredThrowableException done
Event: 71.951 Loading class java/lang/Class$AnnotationData
Event: 71.951 Loading class java/lang/Class$AnnotationData done
Event: 71.952 Loading class jdk/internal/reflect/MethodHandleIntegerFieldAccessorImpl
Event: 71.952 Loading class jdk/internal/reflect/MethodHandleIntegerFieldAccessorImpl done
Event: 71.968 Loading class java/io/PrintWriter
Event: 71.969 Loading class java/io/PrintWriter done
Event: 71.979 Loading class jdk/internal/reflect/MethodHandleShortFieldAccessorImpl
Event: 71.979 Loading class jdk/internal/reflect/MethodHandleShortFieldAccessorImpl done
Event: 71.980 Loading class java/lang/Short$ShortCache
Event: 71.980 Loading class java/lang/Short$ShortCache done
Event: 72.062 Loading class java/util/function/LongUnaryOperator
Event: 72.062 Loading class java/util/function/LongUnaryOperator done
Event: 72.062 Loading class java/lang/ThreadDeath
Event: 72.062 Loading class java/lang/ThreadDeath done

Classes unloaded (0 events):
No events

Classes redefined (0 events):
No events

Internal exceptions (20 events):
Event: 65.975 Thread 0x00000104d42d2dc0 Exception <a 'java/lang/NoSuchMethodError'{0x00000000d683e808}: 'void java.lang.invoke.Invokers$Holder.invokeExact_MT(java.lang.Object, java.lang.Object, java.lang.Object)'> (0x00000000d683e808) 
thrown [s\src\hotspot\share\interpreter\linkResolver.cpp, line 773]
Event: 66.042 Thread 0x00000104d42d2dc0 Exception <a 'java/lang/NoSuchMethodError'{0x00000000d6b43e78}: 'java.lang.Object java.lang.invoke.DirectMethodHandle$Holder.invokeVirtual(java.lang.Object, java.lang.Object, java.lang.Object)'> (0x00000000d6b43e78) 
thrown [s\src\hotspot\share\interpreter\linkResolver.cpp, line 773]
Event: 66.044 Thread 0x00000104d42d2dc0 Exception <a 'java/lang/NoSuchMethodError'{0x00000000d6b5c210}: 'java.lang.Object java.lang.invoke.DelegatingMethodHandle$Holder.reinvoke_L(java.lang.Object, java.lang.Object, java.lang.Object, java.lang.Object, int, int)'> (0x00000000d6b5c210) 
thrown [s\src\hotspot\share\interpreter\linkResolver.cpp, line 773]
Event: 66.046 Thread 0x00000104d42d2dc0 Exception <a 'java/lang/NoSuchMethodError'{0x00000000d6b78eb0}: 'java.lang.Object java.lang.invoke.DirectMethodHandle$Holder.newInvokeSpecial(java.lang.Object, java.lang.Object, java.lang.Object, java.lang.Object, java.lang.Object, java.lang.Object)'> (0x00000000d6b78eb0) 
thrown [s\src\hotspot\share\interpreter\linkResolver.cpp, line 773]
Event: 66.050 Thread 0x00000104d42d2dc0 Exception <a 'java/lang/NoSuchMethodError'{0x00000000d6ba5510}: 'void java.lang.invoke.Invokers$Holder.invokeExact_MT(java.lang.Object, java.lang.Object, java.lang.Object, java.lang.Object)'> (0x00000000d6ba5510) 
thrown [s\src\hotspot\share\interpreter\linkResolver.cpp, line 773]
Event: 67.162 Thread 0x00000104d42d2dc0 Exception <a 'java/io/FileNotFoundException'{0x00000000d55b66c0}> (0x00000000d55b66c0) 
thrown [s\src\hotspot\share\prims\jni.cpp, line 520]
Event: 67.162 Thread 0x00000104d42d2dc0 Exception <a 'java/io/FileNotFoundException'{0x00000000d55be168}> (0x00000000d55be168) 
thrown [s\src\hotspot\share\prims\jni.cpp, line 520]
Event: 68.302 Thread 0x00000104d42d2dc0 Exception <a 'java/lang/NoSuchMethodError'{0x00000000d58ecb60}: 'java.lang.Object java.lang.invoke.DirectMethodHandle$Holder.newInvokeSpecial(java.lang.Object, java.lang.Object, java.lang.Object, java.lang.Object, java.lang.Object)'> (0x00000000d58ecb60) 
thrown [s\src\hotspot\share\interpreter\linkResolver.cpp, line 773]
Event: 69.444 Thread 0x00000104d42d2dc0 Exception <a 'java/lang/NoSuchMethodError'{0x00000000d5b82090}: 'java.lang.Object java.lang.invoke.DirectMethodHandle$Holder.invokeStaticInit(java.lang.Object, int)'> (0x00000000d5b82090) 
thrown [s\src\hotspot\share\interpreter\linkResolver.cpp, line 773]
Event: 69.545 Thread 0x00000104d42d2dc0 Exception <a 'java/lang/NoSuchMethodError'{0x00000000d5e005d0}: 'java.lang.Object java.lang.invoke.DirectMethodHandle$Holder.invokeStaticInit(java.lang.Object, int, int, int, int)'> (0x00000000d5e005d0) 
thrown [s\src\hotspot\share\interpreter\linkResolver.cpp, line 773]
Event: 69.712 Thread 0x00000104d42d2dc0 Exception <a 'java/lang/NoSuchMethodError'{0x00000000d5f350e0}: 'java.lang.Object java.lang.invoke.DirectMethodHandle$Holder.invokeStaticInit(java.lang.Object, java.lang.Object, int, int, int, int)'> (0x00000000d5f350e0) 
thrown [s\src\hotspot\share\interpreter\linkResolver.cpp, line 773]
Event: 71.953 Thread 0x00000104d42d2dc0 Exception <a 'java/lang/NoSuchMethodError'{0x00000000d6094198}: 'void java.lang.invoke.DirectMethodHandle$Holder.invokeSpecial(java.lang.Object, java.lang.Object, java.lang.Object, int)'> (0x00000000d6094198) 
thrown [s\src\hotspot\share\interpreter\linkResolver.cpp, line 773]
Event: 71.953 Thread 0x00000104d42d2dc0 Exception <a 'java/lang/NoSuchMethodError'{0x00000000d6097b28}: 'void java.lang.invoke.DelegatingMethodHandle$Holder.reinvoke_L(java.lang.Object, java.lang.Object, int)'> (0x00000000d6097b28) 
thrown [s\src\hotspot\share\interpreter\linkResolver.cpp, line 773]
Event: 71.954 Thread 0x00000104d42d2dc0 Exception <a 'java/lang/NoSuchMethodError'{0x00000000d609e810}: 'int java.lang.invoke.Invokers$Holder.invokeExact_MT(java.lang.Object, java.lang.Object, java.lang.Object)'> (0x00000000d609e810) 
thrown [s\src\hotspot\share\interpreter\linkResolver.cpp, line 773]
Event: 71.982 Thread 0x00000104d42d2dc0 Exception <a 'java/lang/NoSuchMethodError'{0x00000000d61c1848}: 'void java.lang.invoke.Invokers$Holder.invokeExact_MT(java.lang.Object, java.lang.Object, int, java.lang.Object)'> (0x00000000d61c1848) 
thrown [s\src\hotspot\share\interpreter\linkResolver.cpp, line 773]
Event: 72.060 Thread 0x00000104d42d2dc0 Exception <a 'java/lang/NoSuchMethodError'{0x00000000d62dafc8}: 'java.lang.Object java.lang.invoke.DirectMethodHandle$Holder.invokeSpecial(java.lang.Object, java.lang.Object, java.lang.Object, long, java.lang.Object)'> (0x00000000d62dafc8) 
thrown [s\src\hotspot\share\interpreter\linkResolver.cpp, line 773]
Event: 72.061 Thread 0x00000104d42d2dc0 Exception <a 'java/lang/NoSuchMethodError'{0x00000000d62e2810}: 'java.lang.Object java.lang.invoke.DirectMethodHandle$Holder.newInvokeSpecial(java.lang.Object, java.lang.Object, java.lang.Object, long)'> (0x00000000d62e2810) 
thrown [s\src\hotspot\share\interpreter\linkResolver.cpp, line 773]
Event: 72.061 Thread 0x00000104d42d2dc0 Exception <a 'java/lang/NoSuchMethodError'{0x00000000d62e6b00}: 'java.lang.Object java.lang.invoke.DirectMethodHandle$Holder.invokeSpecial(java.lang.Object, java.lang.Object, java.lang.Object, java.lang.Object, long)'> (0x00000000d62e6b00) 
thrown [s\src\hotspot\share\interpreter\linkResolver.cpp, line 773]
Event: 72.061 Thread 0x00000104d42d2dc0 Exception <a 'java/lang/NoSuchMethodError'{0x00000000d62ea720}: 'java.lang.Object java.lang.invoke.Invokers$Holder.linkToTargetMethod(java.lang.Object, java.lang.Object, long, java.lang.Object)'> (0x00000000d62ea720) 
thrown [s\src\hotspot\share\interpreter\linkResolver.cpp, line 773]
Event: 72.084 Thread 0x00000104d42d2dc0 Exception <a 'java/lang/NoSuchMethodError'{0x00000000d6360528}: 'int java.lang.invoke.DirectMethodHandle$Holder.invokeStaticInit(java.lang.Object, java.lang.Object, java.lang.Object)'> (0x00000000d6360528) 
thrown [s\src\hotspot\share\interpreter\linkResolver.cpp, line 773]

ZGC Phase Switch (0 events):
No events

VM Operations (20 events):
Event: 65.406 Executing non-safepoint VM operation: HandshakeAllThreads (Deoptimize)
Event: 65.406 Executing non-safepoint VM operation: HandshakeAllThreads (Deoptimize) done
Event: 66.137 Executing safepoint VM operation: ParallelGCFailedAllocation (Allocation Failure)
Event: 67.158 Executing safepoint VM operation: ParallelGCFailedAllocation (Allocation Failure) done
Event: 67.190 Executing non-safepoint VM operation: HandshakeAllThreads (Deoptimize)
Event: 67.190 Executing non-safepoint VM operation: HandshakeAllThreads (Deoptimize) done
Event: 68.202 Executing safepoint VM operation: Cleanup
Event: 68.202 Executing safepoint VM operation: Cleanup done
Event: 69.203 Executing safepoint VM operation: Cleanup
Event: 69.203 Executing safepoint VM operation: Cleanup done
Event: 69.589 Executing non-safepoint VM operation: HandshakeAllThreads (Deoptimize)
Event: 69.589 Executing non-safepoint VM operation: HandshakeAllThreads (Deoptimize) done
Event: 70.595 Executing safepoint VM operation: Cleanup
Event: 70.720 Executing safepoint VM operation: Cleanup done
Event: 71.734 Executing safepoint VM operation: Cleanup
Event: 71.735 Executing safepoint VM operation: Cleanup done
Event: 71.931 Executing non-safepoint VM operation: HandshakeAllThreads (Deoptimize)
Event: 71.931 Executing non-safepoint VM operation: HandshakeAllThreads (Deoptimize) done
Event: 72.938 Executing safepoint VM operation: Cleanup
Event: 72.938 Executing safepoint VM operation: Cleanup done

Memory protections (0 events):
No events

Nmethod flushes (0 events):
No events

Events (20 events):
Event: 3.348 Thread 0x00000104d4814540 Thread exited: 0x00000104d4814540
Event: 4.016 Thread 0x00000104fee35ec0 Thread exited: 0x00000104fee35ec0
Event: 30.135 Thread 0x00000104f3bc9d30 Thread added: 0x00000104f60731d0
Event: 30.178 Thread 0x00000104f60731d0 Thread added: 0x00000104f6073860
Event: 30.235 Thread 0x00000104f3bc9d30 Thread added: 0x00000104d42d2dc0
Event: 30.494 Thread 0x00000104fecd80e0 Thread added: 0x00000104fed71ae0
Event: 30.494 Thread 0x00000104fecd80e0 Thread added: 0x00000104fed72190
Event: 36.097 Thread 0x00000104fed72190 Thread exited: 0x00000104fed72190
Event: 36.425 Thread 0x00000104fed71ae0 Thread exited: 0x00000104fed71ae0
Event: 41.620 Thread 0x00000104fecd80e0 Thread added: 0x00000104d422d5d0
Event: 42.914 Thread 0x00000104d42d2dc0 Thread added: 0x00000104d42d3ae0
Event: 43.602 Thread 0x00000104d422d5d0 Thread exited: 0x00000104d422d5d0
Event: 65.395 Thread 0x00000104d42d2dc0 Thread added: 0x00000104d42d0660
Event: 65.571 Thread 0x00000104fecd80e0 Thread added: 0x00000104d472d480
Event: 65.571 Thread 0x00000104fecd80e0 Thread added: 0x00000104d472db30
Event: 65.944 Thread 0x00000104d42d2dc0 Thread added: 0x00000104d42d2730
Event: 65.964 Thread 0x00000104d472db30 Thread exited: 0x00000104d472db30
Event: 67.160 Thread 0x00000104d472d480 Thread exited: 0x00000104d472d480
Event: 71.965 Thread 0x00000104d42d2dc0 Thread added: 0x00000104d42d20a0
Event: 72.064 Thread 0x00000104d42d2dc0 Thread added: 0x00000104d42d1a10


Dynamic libraries:
0x00007ff695920000 - 0x00007ff69592e000 	c:\Users\dell\.vscode\extensions\redhat.java-1.54.0-win32-x64\jre\21.0.10-win32-x86_64\bin\java.exe
0x00007ffbd3720000 - 0x00007ffbd3986000 	C:\WINDOWS\SYSTEM32\ntdll.dll
0x00007ffbd1930000 - 0x00007ffbd19f9000 	C:\WINDOWS\System32\KERNEL32.DLL
0x00007ffbd0de0000 - 0x00007ffbd11da000 	C:\WINDOWS\System32\KERNELBASE.dll
0x00007ffbd0c90000 - 0x00007ffbd0ddc000 	C:\WINDOWS\System32\ucrtbase.dll
0x00007ffbadbd0000 - 0x00007ffbadbe8000 	c:\Users\dell\.vscode\extensions\redhat.java-1.54.0-win32-x64\jre\21.0.10-win32-x86_64\bin\jli.dll
0x00007ffba8bb0000 - 0x00007ffba8bce000 	c:\Users\dell\.vscode\extensions\redhat.java-1.54.0-win32-x64\jre\21.0.10-win32-x86_64\bin\VCRUNTIME140.dll
0x00007ffbd2920000 - 0x00007ffbd2ae7000 	C:\WINDOWS\System32\USER32.dll
0x00007ffbb50a0000 - 0x00007ffbb5332000 	C:\WINDOWS\WinSxS\amd64_microsoft.windows.common-controls_6595b64144ccf1df_6.0.26100.8521_none_3e08b75ce33403b3\COMCTL32.dll
0x00007ffbd0c60000 - 0x00007ffbd0c87000 	C:\WINDOWS\System32\win32u.dll
0x00007ffbd3560000 - 0x00007ffbd358b000 	C:\WINDOWS\System32\GDI32.dll
0x00007ffbd1a00000 - 0x00007ffbd1aa9000 	C:\WINDOWS\System32\msvcrt.dll
0x00007ffbd09b0000 - 0x00007ffbd0adb000 	C:\WINDOWS\System32\gdi32full.dll
0x00007ffbd11e0000 - 0x00007ffbd1283000 	C:\WINDOWS\System32\msvcp_win.dll
0x00007ffbd16a0000 - 0x00007ffbd16d2000 	C:\WINDOWS\System32\IMM32.DLL
0x00007ffbc9300000 - 0x00007ffbc930c000 	c:\Users\dell\.vscode\extensions\redhat.java-1.54.0-win32-x64\jre\21.0.10-win32-x86_64\bin\vcruntime140_1.dll
0x00007ffb82850000 - 0x00007ffb828dd000 	c:\Users\dell\.vscode\extensions\redhat.java-1.54.0-win32-x64\jre\21.0.10-win32-x86_64\bin\msvcp140.dll
0x00007ffb468d0000 - 0x00007ffb47671000 	c:\Users\dell\.vscode\extensions\redhat.java-1.54.0-win32-x64\jre\21.0.10-win32-x86_64\bin\server\jvm.dll
0x00007ffbd1860000 - 0x00007ffbd1916000 	C:\WINDOWS\System32\ADVAPI32.dll
0x00007ffbd2af0000 - 0x00007ffbd2b9a000 	C:\WINDOWS\System32\sechost.dll
0x00007ffbd25c0000 - 0x00007ffbd26d8000 	C:\WINDOWS\System32\RPCRT4.dll
0x00007ffbd1490000 - 0x00007ffbd1510000 	C:\WINDOWS\System32\WS2_32.dll
0x00007ffbd0810000 - 0x00007ffbd086e000 	C:\WINDOWS\SYSTEM32\POWRPROF.dll
0x00007ffbccc70000 - 0x00007ffbccca6000 	C:\WINDOWS\SYSTEM32\WINMM.dll
0x00007ffbb77f0000 - 0x00007ffbb77fb000 	C:\WINDOWS\SYSTEM32\VERSION.dll
0x00007ffbd07f0000 - 0x00007ffbd0804000 	C:\WINDOWS\SYSTEM32\UMPDC.dll
0x00007ffbcf6e0000 - 0x00007ffbcf6fb000 	C:\WINDOWS\SYSTEM32\kernel.appcore.dll
0x00007ffbbff10000 - 0x00007ffbbff1a000 	c:\Users\dell\.vscode\extensions\redhat.java-1.54.0-win32-x64\jre\21.0.10-win32-x86_64\bin\jimage.dll
0x00007ffbce120000 - 0x00007ffbce362000 	C:\WINDOWS\SYSTEM32\DBGHELP.DLL
0x00007ffbd2ba0000 - 0x00007ffbd2f23000 	C:\WINDOWS\System32\combase.dll
0x00007ffbd2430000 - 0x00007ffbd2509000 	C:\WINDOWS\System32\OLEAUT32.dll
0x00007ffbbfc70000 - 0x00007ffbbfcab000 	C:\WINDOWS\SYSTEM32\dbgcore.DLL
0x00007ffbd1320000 - 0x00007ffbd13c8000 	C:\WINDOWS\System32\bcryptPrimitives.dll
0x00007ffbbfb30000 - 0x00007ffbbfb3f000 	c:\Users\dell\.vscode\extensions\redhat.java-1.54.0-win32-x64\jre\21.0.10-win32-x86_64\bin\instrument.dll
0x00007ffba6550000 - 0x00007ffba6570000 	c:\Users\dell\.vscode\extensions\redhat.java-1.54.0-win32-x64\jre\21.0.10-win32-x86_64\bin\java.dll
0x00007ffbd1ab0000 - 0x00007ffbd2234000 	C:\WINDOWS\System32\SHELL32.dll
0x00007ffbce540000 - 0x00007ffbcedc0000 	C:\WINDOWS\SYSTEM32\windows.storage.dll
0x00007ffbd15a0000 - 0x00007ffbd1696000 	C:\WINDOWS\System32\SHCORE.dll
0x00007ffbd3590000 - 0x00007ffbd35f7000 	C:\WINDOWS\System32\shlwapi.dll
0x00007ffbd08d0000 - 0x00007ffbd08f9000 	C:\WINDOWS\SYSTEM32\profapi.dll
0x00007ffb96b10000 - 0x00007ffb96b28000 	c:\Users\dell\.vscode\extensions\redhat.java-1.54.0-win32-x64\jre\21.0.10-win32-x86_64\bin\zip.dll
0x00007ffbbfae0000 - 0x00007ffbbfaf0000 	C:\Users\dell\.vscode\extensions\redhat.java-1.54.0-win32-x64\jre\21.0.10-win32-x86_64\bin\net.dll
0x00007ffbc7290000 - 0x00007ffbc73b9000 	C:\WINDOWS\SYSTEM32\WINHTTP.dll
0x00007ffbcfcb0000 - 0x00007ffbcfd1c000 	C:\WINDOWS\system32\mswsock.dll
0x00007ffb96820000 - 0x00007ffb96836000 	C:\Users\dell\.vscode\extensions\redhat.java-1.54.0-win32-x64\jre\21.0.10-win32-x86_64\bin\nio.dll
0x00007ffbbfa90000 - 0x00007ffbbfaa0000 	c:\Users\dell\.vscode\extensions\redhat.java-1.54.0-win32-x64\jre\21.0.10-win32-x86_64\bin\verify.dll
0x00007ffb90d50000 - 0x00007ffb90d95000 	C:\Users\dell\AppData\Roaming\Code\User\globalStorage\redhat.java\1.54.0\config_win\org.eclipse.equinox.launcher\org.eclipse.equinox.launcher.win32.win32.x86_64_1.3.0.v20260203-2149\eclipse_11919.dll
0x00007ffbd33c0000 - 0x00007ffbd3558000 	C:\WINDOWS\System32\ole32.dll
0x00007ffbcff90000 - 0x00007ffbcffab000 	C:\WINDOWS\SYSTEM32\CRYPTSP.dll
0x00007ffbcf6a0000 - 0x00007ffbcf6d9000 	C:\WINDOWS\system32\rsaenh.dll
0x00007ffbcfd60000 - 0x00007ffbcfd93000 	C:\WINDOWS\SYSTEM32\USERENV.dll
0x00007ffbd08a0000 - 0x00007ffbd08ca000 	C:\WINDOWS\SYSTEM32\bcrypt.dll
0x00007ffbcffb0000 - 0x00007ffbcffbc000 	C:\WINDOWS\SYSTEM32\CRYPTBASE.dll
0x00007ffbcf0f0000 - 0x00007ffbcf123000 	C:\WINDOWS\SYSTEM32\IPHLPAPI.DLL
0x00007ffbd3610000 - 0x00007ffbd361a000 	C:\WINDOWS\System32\NSI.dll
0x00007ffb90ff0000 - 0x00007ffb91039000 	C:\Users\dell\AppData\Local\Temp\jna-3079617\jna10872614060365771678.dll
0x00007ffbd3600000 - 0x00007ffbd3608000 	C:\WINDOWS\System32\PSAPI.DLL

JVMTI agents:
c:\Users\dell\.vscode\extensions\redhat.java-1.54.0-win32-x64\lombok\lombok-1.18.39-4050.jar path:c:\Users\dell\.vscode\extensions\redhat.java-1.54.0-win32-x64\jre\21.0.10-win32-x86_64\bin\instrument.dll, loaded, initialized, instrumentlib options:none

dbghelp: loaded successfully - version: 4.0.5 - missing functions: none
symbol engine: initialized successfully - sym options: 0x614 - pdb path: .;c:\Users\dell\.vscode\extensions\redhat.java-1.54.0-win32-x64\jre\21.0.10-win32-x86_64\bin;C:\WINDOWS\SYSTEM32;C:\WINDOWS\WinSxS\amd64_microsoft.windows.common-controls_6595b64144ccf1df_6.0.26100.8521_none_3e08b75ce33403b3;c:\Users\dell\.vscode\extensions\redhat.java-1.54.0-win32-x64\jre\21.0.10-win32-x86_64\bin\server;C:\Users\dell\AppData\Roaming\Code\User\globalStorage\redhat.java\1.54.0\config_win\org.eclipse.equinox.launcher\org.eclipse.equinox.launcher.win32.win32.x86_64_1.3.0.v20260203-2149;C:\Users\dell\AppData\Local\Temp\jna-3079617

VM Arguments:
jvm_args: --add-modules=ALL-SYSTEM --add-opens=java.base/java.util=ALL-UNNAMED --add-opens=java.base/java.lang=ALL-UNNAMED --add-opens=java.base/sun.nio.fs=ALL-UNNAMED -Declipse.application=org.eclipse.jdt.ls.core.id1 -Dosgi.bundles.defaultStartLevel=4 -Declipse.product=org.eclipse.jdt.ls.core.product -Djava.import.generatesMetadataFilesAtProjectRoot=false -DDetectVMInstallationsJob.disabled=true -Dfile.encoding=utf8 -XX:+UseParallelGC -XX:GCTimeRatio=4 -XX:AdaptiveSizePolicyWeight=90 -Dsun.zip.disableMemoryMapping=true -Xmx2G -Xms100m -Xlog:disable -javaagent:c:\Users\dell\.vscode\extensions\redhat.java-1.54.0-win32-x64\lombok\lombok-1.18.39-4050.jar -XX:+HeapDumpOnOutOfMemoryError -XX:HeapDumpPath=c:\Users\dell\AppData\Roaming\Code\User\workspaceStorage\825c9b729f276fa6f788dd2d7ea7dcd6\redhat.java -Daether.dependencyCollector.impl=bf 
java_command: c:\Users\dell\.vscode\extensions\redhat.java-1.54.0-win32-x64\server\plugins\org.eclipse.equinox.launcher_1.7.100.v20251111-0406.jar -configuration c:\Users\dell\AppData\Roaming\Code\User\globalStorage\redhat.java\1.54.0\config_win -data c:\Users\dell\AppData\Roaming\Code\User\workspaceStorage\825c9b729f276fa6f788dd2d7ea7dcd6\redhat.java\jdt_ws --pipe=\\.\pipe\lsp-d425c737182c9b8cd66fe2f5cf1c1b00-sock
java_class_path (initial): c:\Users\dell\.vscode\extensions\redhat.java-1.54.0-win32-x64\server\plugins\org.eclipse.equinox.launcher_1.7.100.v20251111-0406.jar
Launcher Type: SUN_STANDARD

[Global flags]
    uintx AdaptiveSizePolicyWeight                 = 90                                        {product} {command line}
     intx CICompilerCount                          = 4                                         {product} {ergonomic}
    uintx GCTimeRatio                              = 4                                         {product} {command line}
     bool HeapDumpOnOutOfMemoryError               = true                                   {manageable} {command line}
    ccstr HeapDumpPath                             = c:\Users\dell\AppData\Roaming\Code\User\workspaceStorage\825c9b729f276fa6f788dd2d7ea7dcd6\redhat.java         {manageable} {command line}
   size_t InitialHeapSize                          = 104857600                                 {product} {command line}
   size_t MaxHeapSize                              = 2147483648                                {product} {command line}
   size_t MaxNewSize                               = 715653120                                 {product} {ergonomic}
   size_t MinHeapDeltaBytes                        = 524288                                    {product} {ergonomic}
   size_t MinHeapSize                              = 104857600                                 {product} {command line}
   size_t NewSize                                  = 34603008                                  {product} {ergonomic}
    uintx NonNMethodCodeHeapSize                   = 5839372                                {pd product} {ergonomic}
    uintx NonProfiledCodeHeapSize                  = 122909434                              {pd product} {ergonomic}
   size_t OldSize                                  = 70254592                                  {product} {ergonomic}
    uintx ProfiledCodeHeapSize                     = 122909434                              {pd product} {ergonomic}
    uintx ReservedCodeCacheSize                    = 251658240                              {pd product} {ergonomic}
     bool SegmentedCodeCache                       = true                                      {product} {ergonomic}
   size_t SoftMaxHeapSize                          = 2147483648                             {manageable} {ergonomic}
     bool UseCompressedOops                        = true                           {product lp64_product} {ergonomic}
     bool UseLargePagesIndividualAllocation        = false                                  {pd product} {ergonomic}
     bool UseParallelGC                            = true                                      {product} {command line}

Logging:
Log output configuration:
 #0: stdout all=off uptime,level,tags foldmultilines=false
 #1: stderr all=off uptime,level,tags foldmultilines=false

Release file:
JAVA_VERSION="21.0.10" 
MODULES="java.base java.compiler java.datatransfer java.xml java.prefs java.desktop java.instrument java.logging java.management java.security.sasl java.naming java.rmi java.management.rmi java.net.http java.scripting java.security.jgss java.transaction.xa java.sql java.sql.rowset java.xml.crypto java.se java.smartcardio jdk.accessibility jdk.internal.jvmstat jdk.attach jdk.charsets jdk.internal.opt jdk.zipfs jdk.compiler jdk.crypto.ec jdk.crypto.cryptoki jdk.crypto.mscapi jdk.dynalink jdk.internal.ed jdk.editpad jdk.hotspot.agent jdk.httpserver jdk.internal.le jdk.internal.vm.ci jdk.internal.vm.compiler jdk.internal.vm.compiler.management jdk.jartool jdk.javadoc jdk.jcmd jdk.management jdk.management.agent jdk.jconsole jdk.jdeps jdk.jdwp.agent jdk.jdi jdk.jfr jdk.jshell jdk.jsobject jdk.jstatd jdk.localedata jdk.management.jfr jdk.naming.dns jdk.naming.rmi jdk.net jdk.nio.mapmode jdk.random jdk.sctp jdk.security.auth jdk.security.jgss jdk.unsupported jdk.unsupported.desktop jdk.xml.dom" 

Environment Variables:
JAVA_HOME=C:\Program Files\Eclipse Adoptium\jdk-17.0.14.7-hotspot\
PATH=C:\Program Files\Eclipse Adoptium\jdk-17.0.14.7-hotspot\bin;C:\WINDOWS\system32;C:\WINDOWS;C:\WINDOWS\System32\Wbem;C:\WINDOWS\System32\WindowsPowerShell\v1.0\;C:\WINDOWS\System32\OpenSSH\;C:\Program Files\dotnet\;C:\Program Files\MySQL\MySQL Server 8.0\bin;C:\Program Files\Git\cmd;C:\Program Files\nodejs\;C:\Program Files\MongoDB\Server\8.2\bin;C:\Users\dell\AppData\Local\Programs\mongosh;C:\Users\dell\Downloads\ngrok-v3-stable-windows-amd64;C:\Program Files\Microsoft SQL Server\170\Tools\Binn\;C:\Program Files\Microsoft SQL Server\Client SDK\ODBC\170\Tools\Binn\;C:\Maven\apache-maven-3.9.16\bin;C:\Program Files\MySQL\MySQL Shell 8.0\bin\;C:\Users\dell\AppData\Local\Programs\Python\Python311\Scripts\;C:\Users\dell\AppData\Local\Programs\Python\Python311\;C:\Users\dell\AppData\Local\Programs\Python\Launcher\;C:\Users\dell\AppData\Local\Microsoft\WindowsApps;C:\MinGW\bin;C:\Users\dell\AppData\Local\Programs\Microsoft VS Code\bin;C:\Users\dell\AppData\Roaming\Python\Python312\Scripts;C:\Program Files\JetBrains\IntelliJ IDEA Community Edition 2024.3.2.1\bin;C:\Users\dell\AppData\Local\GitHubDesktop\bin;C:\Users\dell\AppData\Roaming\npm;C:\Users\dell\.dotnet\tools;C:\Users\dell\AppData\Local\Programs\mongosh\;C:\Users\dell\AppData\Local\Programs\Antigravity\bin;C:\Users\dell\AppData\Local\Programs\Kiro\bin;C:\Users\dell\AppData\Local\Programs\Antigravity IDE\bin
USERNAME=dell
OS=Windows_NT
PROCESSOR_IDENTIFIER=Intel64 Family 6 Model 186 Stepping 3, GenuineIntel
TMP=C:\Users\dell\AppData\Local\Temp
TEMP=C:\Users\dell\AppData\Local\Temp




Periodic native trim disabled

---------------  S Y S T E M  ---------------

OS:
 Windows 11 , 64 bit Build 26100 (10.0.26100.8521)
OS uptime: 2 days 9:22 hours
Hyper-V role detected

CPU: total 12 (initial active 12) (6 cores per cpu, 2 threads per core) family 6 model 186 stepping 3 microcode 0x6134, cx8, cmov, fxsr, ht, mmx, 3dnowpref, sse, sse2, sse3, ssse3, sse4.1, sse4.2, popcnt, lzcnt, tsc, tscinvbit, avx, avx2, aes, erms, clmul, bmi1, bmi2, adx, sha, fma, vzeroupper, clflush, clflushopt, clwb, hv, serialize, rdtscp, rdpid, fsrm, f16c, cet_ibt, cet_ss
Processor Information for the first 12 processors :
  Max Mhz: 1300, Current Mhz: 1300, Mhz Limit: 1300

Memory: 4k page, system-wide physical 7876M (833M free)
TotalPageFile size 15876M (AvailPageFile size 9M)
current process WorkingSet (physical memory assigned to process): 136M, peak: 136M
current process commit charge ("private bytes"): 281M, peak: 281M

vm_info: OpenJDK 64-Bit Server VM (21.0.10+7-LTS) for windows-amd64 JRE (21.0.10+7-LTS), built on 2026-01-20T00:00:00Z by "admin" with MS VC++ 17.12 (VS2022)

END.
