#
# There is insufficient memory for the Java Runtime Environment to continue.
# Native memory allocation (malloc) failed to allocate 1677824 bytes. Error detail: Chunk::new
# Possible reasons:
#   The system is out of physical RAM or swap space
#   This process is running with CompressedOops enabled, and the Java Heap may be blocking the growth of the native heap
# Possible solutions:
#   Reduce memory load on the system
#   Increase physical memory or swap space
#   Check if swap backing store is full
#   Decrease Java heap size (-Xmx/-Xms)
#   Decrease number of Java threads
#   Decrease Java thread stack sizes (-Xss)
#   Set larger code cache with -XX:ReservedCodeCacheSize=
#   JVM is running with Unscaled Compressed Oops mode in which the Java heap is
#     placed in the first 4GB address space. The Java Heap base address is the
#     maximum limit for the native heap growth. Please use -XX:HeapBaseMinAddress
#     to set the Java Heap base and to place the Java Heap above 4GB virtual address.
# This output file may be truncated or incomplete.
#
#  Out of Memory Error (arena.cpp:168), pid=18328, tid=21776
#
# JRE version: OpenJDK Runtime Environment Temurin-21.0.10+7 (21.0.10+7) (build 21.0.10+7-LTS)
# Java VM: OpenJDK 64-Bit Server VM Temurin-21.0.10+7 (21.0.10+7-LTS, mixed mode, sharing, tiered, compressed oops, compressed class ptrs, parallel gc, windows-amd64)
# No core dump will be written. Minidumps are not enabled by default on client versions of Windows
#

---------------  S U M M A R Y ------------

Command Line: --add-modules=ALL-SYSTEM --add-opens=java.base/java.util=ALL-UNNAMED --add-opens=java.base/java.lang=ALL-UNNAMED --add-opens=java.base/sun.nio.fs=ALL-UNNAMED -Declipse.application=org.eclipse.jdt.ls.core.id1 -Dosgi.bundles.defaultStartLevel=4 -Declipse.product=org.eclipse.jdt.ls.core.product -Djava.import.generatesMetadataFilesAtProjectRoot=false -DDetectVMInstallationsJob.disabled=true -Dfile.encoding=utf8 -XX:+UseParallelGC -XX:GCTimeRatio=4 -XX:AdaptiveSizePolicyWeight=90 -Dsun.zip.disableMemoryMapping=true -Xmx2G -Xms100m -Xlog:disable -javaagent:c:\Users\dell\.vscode\extensions\redhat.java-1.54.0-win32-x64\lombok\lombok-1.18.39-4050.jar -XX:+HeapDumpOnOutOfMemoryError -XX:HeapDumpPath=c:\Users\dell\AppData\Roaming\Code\User\workspaceStorage\825c9b729f276fa6f788dd2d7ea7dcd6\redhat.java -Daether.dependencyCollector.impl=bf c:\Users\dell\.vscode\extensions\redhat.java-1.54.0-win32-x64\server\plugins\org.eclipse.equinox.launcher_1.7.100.v20251111-0406.jar -configuration c:\Users\dell\AppData\Roaming\Code\User\globalStorage\redhat.java\1.54.0\config_win -data c:\Users\dell\AppData\Roaming\Code\User\workspaceStorage\825c9b729f276fa6f788dd2d7ea7dcd6\redhat.java\jdt_ws --pipe=\\.\pipe\lsp-2a61776efd8d147c6f147f19ab44e05b-sock

Host: 13th Gen Intel(R) Core(TM) i5-1335U, 12 cores, 7G,  Windows 11 , 64 bit Build 26100 (10.0.26100.8328)
Time: Fri May 22 00:33:39 2026 India Standard Time elapsed time: 52.758677 seconds (0d 0h 0m 52s)

---------------  T H R E A D  ---------------

Current thread (0x000001e0e5df6e80):  JavaThread "C2 CompilerThread1" daemon [_thread_in_native, id=21776, stack(0x000000a9d6d00000,0x000000a9d6e00000) (1024K)]


Current CompileTask:
C2:52758 8785       4       org.eclipse.jdt.internal.compiler.parser.Parser::consumeRule (7843 bytes)

Stack: [0x000000a9d6d00000,0x000000a9d6e00000]
Native frames: (J=compiled Java code, j=interpreted, Vv=VM code, C=native code)
V  [jvm.dll+0x6d7a39]
V  [jvm.dll+0x8b4b26]
V  [jvm.dll+0x8b70de]
V  [jvm.dll+0x8b77c3]
V  [jvm.dll+0x284346]
V  [jvm.dll+0xc66ed]
V  [jvm.dll+0xc6c31]
V  [jvm.dll+0x3bec3b]
V  [jvm.dll+0x38b162]
V  [jvm.dll+0x38a5aa]
V  [jvm.dll+0x24c560]
V  [jvm.dll+0x24bb40]
V  [jvm.dll+0x1cb34e]
V  [jvm.dll+0x25b85d]
V  [jvm.dll+0x259dea]
V  [jvm.dll+0x3f857e]
V  [jvm.dll+0x85f59d]
V  [jvm.dll+0x6d626d]
C  [ucrtbase.dll+0x37b0]
C  [KERNEL32.DLL+0x2e957]
C  [ntdll.dll+0x427c]


---------------  P R O C E S S  ---------------

Threads class SMR info:
_java_thread_list=0x000001e0e4de1ed0, length=54, elements={
0x000001e0c24abd70, 0x000001e0c4945800, 0x000001e0c484cb10, 0x000001e0c494be00,
0x000001e0c494ec00, 0x000001e0c49505e0, 0x000001e0c49512c0, 0x000001e0c4955dc0,
0x000001e0c4959d70, 0x000001e0dc825c10, 0x000001e0dc973520, 0x000001e0ddd188d0,
0x000001e0dda790a0, 0x000001e0dc831940, 0x000001e0dc836100, 0x000001e0e221ce80,
0x000001e0e20a1570, 0x000001e0dc5c9fd0, 0x000001e0e27347b0, 0x000001e0e2734e40,
0x000001e0e27354d0, 0x000001e0e2735b60, 0x000001e0e27375a0, 0x000001e0e2736f10,
0x000001e0e27361f0, 0x000001e0e2734120, 0x000001e0e404c320, 0x000001e0e404c9b0,
0x000001e0e404d6d0, 0x000001e0e404e3f0, 0x000001e0e404dd60, 0x000001e0e404ea80,
0x000001e0e404f110, 0x000001e0e404d040, 0x000001e0e404bc90, 0x000001e0e4051f00,
0x000001e0e404fe30, 0x000001e0e404f7a0, 0x000001e0e4052c20, 0x000001e0e4052590,
0x000001e0e40511e0, 0x000001e0e40532b0, 0x000001e0e4051870, 0x000001e0e40504c0,
0x000001e0e5a3bf80, 0x000001e0e5a3c610, 0x000001e0e5df6e80, 0x000001e0e5a3ed70,
0x000001e0e5a3e050, 0x000001e0e5a3b8f0, 0x000001e0e5a3cca0, 0x000001e0e5a3d330,
0x000001e0e512f0c0, 0x000001e0e5130470
}

Java Threads: ( => current thread )
  0x000001e0c24abd70 JavaThread "main"                              [_thread_blocked, id=19976, stack(0x000000a9d5100000,0x000000a9d5200000) (1024K)]
  0x000001e0c4945800 JavaThread "Reference Handler"          daemon [_thread_blocked, id=26564, stack(0x000000a9d5500000,0x000000a9d5600000) (1024K)]
  0x000001e0c484cb10 JavaThread "Finalizer"                  daemon [_thread_blocked, id=10496, stack(0x000000a9d5600000,0x000000a9d5700000) (1024K)]
  0x000001e0c494be00 JavaThread "Signal Dispatcher"          daemon [_thread_blocked, id=30040, stack(0x000000a9d5700000,0x000000a9d5800000) (1024K)]
  0x000001e0c494ec00 JavaThread "Attach Listener"            daemon [_thread_blocked, id=30512, stack(0x000000a9d5800000,0x000000a9d5900000) (1024K)]
  0x000001e0c49505e0 JavaThread "Service Thread"             daemon [_thread_blocked, id=1988, stack(0x000000a9d5900000,0x000000a9d5a00000) (1024K)]
  0x000001e0c49512c0 JavaThread "Monitor Deflation Thread"   daemon [_thread_blocked, id=26412, stack(0x000000a9d5a00000,0x000000a9d5b00000) (1024K)]
  0x000001e0c4955dc0 JavaThread "C2 CompilerThread0"         daemon [_thread_blocked, id=11548, stack(0x000000a9d5b00000,0x000000a9d5c00000) (1024K)]
  0x000001e0c4959d70 JavaThread "C1 CompilerThread0"         daemon [_thread_blocked, id=17060, stack(0x000000a9d5c00000,0x000000a9d5d00000) (1024K)]
  0x000001e0dc825c10 JavaThread "Common-Cleaner"             daemon [_thread_blocked, id=20440, stack(0x000000a9d5d00000,0x000000a9d5e00000) (1024K)]
  0x000001e0dc973520 JavaThread "Notification Thread"        daemon [_thread_blocked, id=19052, stack(0x000000a9d5e00000,0x000000a9d5f00000) (1024K)]
  0x000001e0ddd188d0 JavaThread "Active Thread: Equinox Container: 6dff3c69-8d1f-4c84-86be-d8e6d9d96533"        [_thread_blocked, id=2728, stack(0x000000a9d6600000,0x000000a9d6700000) (1024K)]
  0x000001e0dda790a0 JavaThread "Refresh Thread: Equinox Container: 6dff3c69-8d1f-4c84-86be-d8e6d9d96533" daemon [_thread_blocked, id=11872, stack(0x000000a9d6700000,0x000000a9d6800000) (1024K)]
  0x000001e0dc831940 JavaThread "Framework Event Dispatcher: Equinox Container: 6dff3c69-8d1f-4c84-86be-d8e6d9d96533" daemon [_thread_blocked, id=18904, stack(0x000000a9d6800000,0x000000a9d6900000) (1024K)]
  0x000001e0dc836100 JavaThread "Start Level: Equinox Container: 6dff3c69-8d1f-4c84-86be-d8e6d9d96533" daemon [_thread_blocked, id=9256, stack(0x000000a9d6900000,0x000000a9d6a00000) (1024K)]
  0x000001e0e221ce80 JavaThread "Bundle File Closer"         daemon [_thread_blocked, id=13116, stack(0x000000a9d4e00000,0x000000a9d4f00000) (1024K)]
  0x000001e0e20a1570 JavaThread "SCR Component Actor"        daemon [_thread_blocked, id=12820, stack(0x000000a9d6c00000,0x000000a9d6d00000) (1024K)]
  0x000001e0dc5c9fd0 JavaThread "Worker-JM"                         [_thread_blocked, id=22296, stack(0x000000a9d6f00000,0x000000a9d7000000) (1024K)]
  0x000001e0e27347b0 JavaThread "JNA Cleaner"                daemon [_thread_blocked, id=12156, stack(0x000000a9d6e00000,0x000000a9d6f00000) (1024K)]
  0x000001e0e2734e40 JavaThread "Worker-0"                          [_thread_blocked, id=5372, stack(0x000000a9d7000000,0x000000a9d7100000) (1024K)]
  0x000001e0e27354d0 JavaThread "Worker-1"                          [_thread_blocked, id=14736, stack(0x000000a9d7100000,0x000000a9d7200000) (1024K)]
  0x000001e0e2735b60 JavaThread "Java indexing"              daemon [_thread_blocked, id=27232, stack(0x000000a9d7200000,0x000000a9d7300000) (1024K)]
  0x000001e0e27375a0 JavaThread "Worker-2: Initialize workspace"        [_thread_blocked, id=5996, stack(0x000000a9d7500000,0x000000a9d7600000) (1024K)]
  0x000001e0e2736f10 JavaThread "Worker-3"                          [_thread_blocked, id=5968, stack(0x000000a9d7600000,0x000000a9d7700000) (1024K)]
  0x000001e0e27361f0 JavaThread "Thread-1"                   daemon [_thread_in_native, id=9592, stack(0x000000a9d7700000,0x000000a9d7800000) (1024K)]
  0x000001e0e2734120 JavaThread "Thread-2"                   daemon [_thread_in_native, id=26304, stack(0x000000a9d7800000,0x000000a9d7900000) (1024K)]
  0x000001e0e404c320 JavaThread "Thread-3"                   daemon [_thread_in_native, id=12164, stack(0x000000a9d7900000,0x000000a9d7a00000) (1024K)]
  0x000001e0e404c9b0 JavaThread "Thread-4"                   daemon [_thread_in_native, id=9984, stack(0x000000a9d7a00000,0x000000a9d7b00000) (1024K)]
  0x000001e0e404d6d0 JavaThread "Thread-5"                   daemon [_thread_in_native, id=4656, stack(0x000000a9d7b00000,0x000000a9d7c00000) (1024K)]
  0x000001e0e404e3f0 JavaThread "Thread-6"                   daemon [_thread_in_native, id=18872, stack(0x000000a9d7c00000,0x000000a9d7d00000) (1024K)]
  0x000001e0e404dd60 JavaThread "Thread-7"                   daemon [_thread_in_native, id=27828, stack(0x000000a9d7d00000,0x000000a9d7e00000) (1024K)]
  0x000001e0e404ea80 JavaThread "Thread-8"                   daemon [_thread_in_native, id=20428, stack(0x000000a9d7e00000,0x000000a9d7f00000) (1024K)]
  0x000001e0e404f110 JavaThread "Thread-9"                   daemon [_thread_in_native, id=29248, stack(0x000000a9d7f00000,0x000000a9d8000000) (1024K)]
  0x000001e0e404d040 JavaThread "Thread-10"                  daemon [_thread_in_native, id=28376, stack(0x000000a9d8000000,0x000000a9d8100000) (1024K)]
  0x000001e0e404bc90 JavaThread "Thread-11"                  daemon [_thread_in_native, id=22448, stack(0x000000a9d8100000,0x000000a9d8200000) (1024K)]
  0x000001e0e4051f00 JavaThread "Thread-12"                  daemon [_thread_in_native, id=23008, stack(0x000000a9d8200000,0x000000a9d8300000) (1024K)]
  0x000001e0e404fe30 JavaThread "Thread-13"                  daemon [_thread_in_native, id=8392, stack(0x000000a9d8300000,0x000000a9d8400000) (1024K)]
  0x000001e0e404f7a0 JavaThread "pool-2-thread-1"                   [_thread_blocked, id=12012, stack(0x000000a9d8400000,0x000000a9d8500000) (1024K)]
  0x000001e0e4052c20 JavaThread "Worker-4"                          [_thread_blocked, id=19748, stack(0x000000a9d8700000,0x000000a9d8800000) (1024K)]
  0x000001e0e4052590 JavaThread "WorkspaceEventsHandler"            [_thread_blocked, id=6560, stack(0x000000a9d8800000,0x000000a9d8900000) (1024K)]
  0x000001e0e40511e0 JavaThread "pool-1-thread-1"                   [_thread_blocked, id=956, stack(0x000000a9d8900000,0x000000a9d8a00000) (1024K)]
  0x000001e0e40532b0 JavaThread "Worker-5"                          [_thread_blocked, id=2680, stack(0x000000a9d8b00000,0x000000a9d8c00000) (1024K)]
  0x000001e0e4051870 JavaThread "ForkJoinPool.commonPool-worker-1" daemon [_thread_blocked, id=29528, stack(0x000000a9d8c00000,0x000000a9d8d00000) (1024K)]
  0x000001e0e40504c0 JavaThread "ForkJoinPool.commonPool-worker-2" daemon [_thread_blocked, id=9240, stack(0x000000a9d8d00000,0x000000a9d8e00000) (1024K)]
  0x000001e0e5a3bf80 JavaThread "ForkJoinPool.commonPool-worker-3" daemon [_thread_blocked, id=30172, stack(0x000000a9d8e00000,0x000000a9d8f00000) (1024K)]
  0x000001e0e5a3c610 JavaThread "Keep-Alive-Timer"           daemon [_thread_blocked, id=20500, stack(0x000000a9d9000000,0x000000a9d9100000) (1024K)]
=>0x000001e0e5df6e80 JavaThread "C2 CompilerThread1"         daemon [_thread_in_native, id=21776, stack(0x000000a9d6d00000,0x000000a9d6e00000) (1024K)]
  0x000001e0e5a3ed70 JavaThread "Compiler Source File Reader" daemon [_thread_blocked, id=4568, stack(0x000000a9d8500000,0x000000a9d8600000) (1024K)]
  0x000001e0e5a3e050 JavaThread "Compiler Processing Task"   daemon [_thread_blocked, id=30536, stack(0x000000a9d8f00000,0x000000a9d9000000) (1024K)]
  0x000001e0e5a3b8f0 JavaThread "ForkJoinPool.commonPool-worker-4" daemon [_thread_blocked, id=12300, stack(0x000000a9d9100000,0x000000a9d9200000) (1024K)]
  0x000001e0e5a3cca0 JavaThread "ForkJoinPool.commonPool-worker-5" daemon [_thread_blocked, id=11900, stack(0x000000a9d9200000,0x000000a9d9300000) (1024K)]
  0x000001e0e5a3d330 JavaThread "ForkJoinPool.commonPool-worker-6" daemon [_thread_blocked, id=17556, stack(0x000000a9d9300000,0x000000a9d9400000) (1024K)]
  0x000001e0e512f0c0 JavaThread "ForkJoinPool.commonPool-worker-7" daemon [_thread_blocked, id=24384, stack(0x000000a9d9400000,0x000000a9d9500000) (1024K)]
  0x000001e0e5130470 JavaThread "Thread-14"                  daemon [_thread_blocked, id=8904, stack(0x000000a9d9500000,0x000000a9d9600000) (1024K)]
Total: 54

Other Threads:
  0x000001e0c4940b20 VMThread "VM Thread"                           [id=24732, stack(0x000000a9d5400000,0x000000a9d5500000) (1024K)]
  0x000001e0c472ca10 WatcherThread "VM Periodic Task Thread"        [id=28472, stack(0x000000a9d5300000,0x000000a9d5400000) (1024K)]
  0x000001e0c48bc100 WorkerThread "GC Thread#0"                     [id=16908, stack(0x000000a9d5200000,0x000000a9d5300000) (1024K)]
  0x000001e0dc901690 WorkerThread "GC Thread#1"                     [id=18840, stack(0x000000a9d5f00000,0x000000a9d6000000) (1024K)]
  0x000001e0dc902cb0 WorkerThread "GC Thread#2"                     [id=27024, stack(0x000000a9d6000000,0x000000a9d6100000) (1024K)]
  0x000001e0dc903060 WorkerThread "GC Thread#3"                     [id=8204, stack(0x000000a9d6100000,0x000000a9d6200000) (1024K)]
  0x000001e0dc9021a0 WorkerThread "GC Thread#4"                     [id=14292, stack(0x000000a9d6200000,0x000000a9d6300000) (1024K)]
  0x000001e0dc901a40 WorkerThread "GC Thread#5"                     [id=26752, stack(0x000000a9d6300000,0x000000a9d6400000) (1024K)]
  0x000001e0dc901df0 WorkerThread "GC Thread#6"                     [id=24332, stack(0x000000a9d6400000,0x000000a9d6500000) (1024K)]
  0x000001e0ddaa1660 WorkerThread "GC Thread#7"                     [id=664, stack(0x000000a9d6500000,0x000000a9d6600000) (1024K)]
  0x000001e0ddaa1dc0 WorkerThread "GC Thread#8"                     [id=24348, stack(0x000000a9d6a00000,0x000000a9d6b00000) (1024K)]
  0x000001e0ddaa12b0 WorkerThread "GC Thread#9"                     [id=30264, stack(0x000000a9d6b00000,0x000000a9d6c00000) (1024K)]
Total: 12

Threads with active compile tasks:
C2 CompilerThread0  52782 8445       4       org.eclipse.osgi.internal.loader.BundleLoader::addExportedProvidersFor (167 bytes)
C1 CompilerThread0  52783 8831       2       org.eclipse.core.internal.preferences.EclipsePreferences::nodeExists (128 bytes)
C2 CompilerThread1  52783 8785       4       org.eclipse.jdt.internal.compiler.parser.Parser::consumeRule (7843 bytes)
Total: 3

VM state: at safepoint (normal execution)

VM Mutex/Monitor currently owned by a thread:  ([mutex/lock_event])
[0x00007ff99871e560] Threads_lock - owner thread: 0x000001e0c4940b20
[0x00007ff99871e660] Heap_lock - owner thread: 0x000001e0e5130470

Heap address: 0x0000000080000000, size: 2048 MB, Compressed Oops mode: 32-bit

CDS archive(s) mapped at: [0x000001e080000000-0x000001e080ba0000-0x000001e080ba0000), size 12189696, SharedBaseAddress: 0x000001e080000000, ArchiveRelocationMode: 1.
Compressed class space mapped at: 0x000001e081000000-0x000001e0c1000000, reserved size: 1073741824
Narrow klass base: 0x000001e080000000, Narrow klass shift: 0, Narrow klass range: 0x100000000

GC Precious Log:
 CardTable entry size: 512
 CPUs: 12 total, 12 available
 Memory: 7876M
 Large Page Support: Disabled
 NUMA Support: Disabled
 Compressed Oops: Enabled (32-bit)
 Alignments: Space 512K, Generation 512K, Heap 2M
 Heap Min Capacity: 100M
 Heap Initial Capacity: 100M
 Heap Max Capacity: 2G
 Pre-touch: Disabled
 Parallel Workers: 10

Heap:
 PSYoungGen      total 14848K, used 1024K [0x00000000d5580000, 0x00000000d6880000, 0x0000000100000000)
  eden space 13824K, 0% used [0x00000000d5580000,0x00000000d5580000,0x00000000d6300000)
  from space 1024K, 100% used [0x00000000d6780000,0x00000000d6880000,0x00000000d6880000)
  to   space 2560K, 0% used [0x00000000d6400000,0x00000000d6400000,0x00000000d6680000)
 ParOldGen       total 95232K, used 93272K [0x0000000080000000, 0x0000000085d00000, 0x00000000d5580000)
  object space 95232K, 97% used [0x0000000080000000,0x0000000085b16110,0x0000000085d00000)
 Metaspace       used 66261K, committed 67648K, reserved 1114112K
  class space    used 7157K, committed 7744K, reserved 1048576K

Card table byte_map: [0x000001e0c4240000,0x000001e0c4650000] _byte_map_base: 0x000001e0c3e40000

Marking Bits: (ParMarkBitMap*) 0x00007ff998723450
 Begin Bits: [0x000001e0d6d50000, 0x000001e0d8d50000)
 End Bits:   [0x000001e0d8d50000, 0x000001e0dad50000)

Polling page: 0x000001e0c26f0000

Metaspace:

Usage:
  Non-class:     57.72 MB used.
      Class:      6.99 MB used.
       Both:     64.71 MB used.

Virtual space:
  Non-class space:       64.00 MB reserved,      58.50 MB ( 91%) committed,  1 nodes.
      Class space:        1.00 GB reserved,       7.56 MB ( <1%) committed,  1 nodes.
             Both:        1.06 GB reserved,      66.06 MB (  6%) committed. 

Chunk freelists:
   Non-Class:  5.08 MB
       Class:  8.45 MB
        Both:  13.53 MB

MaxMetaspaceSize: unlimited
CompressedClassSpaceSize: 1.00 GB
Initial GC threshold: 21.00 MB
Current GC threshold: 97.31 MB
CDS: on
 - commit_granule_bytes: 65536.
 - commit_granule_words: 8192.
 - virtual_space_node_default_size: 8388608.
 - enlarge_chunks_in_place: 1.
 - use_allocation_guard: 0.


Internal statistics:

num_allocs_failed_limit: 9.
num_arena_births: 1030.
num_arena_deaths: 14.
num_vsnodes_births: 2.
num_vsnodes_deaths: 0.
num_space_committed: 1057.
num_space_uncommitted: 0.
num_chunks_returned_to_freelist: 23.
num_chunks_taken_from_freelist: 3831.
num_chunk_merges: 14.
num_chunk_splits: 2409.
num_chunks_enlarged: 1442.
num_inconsistent_stats: 0.

CodeHeap 'non-profiled nmethods': size=120000Kb used=5059Kb max_used=5059Kb free=114940Kb
 bounds [0x000001e0cf570000, 0x000001e0cfa70000, 0x000001e0d6aa0000]
CodeHeap 'profiled nmethods': size=120000Kb used=17692Kb max_used=17692Kb free=102307Kb
 bounds [0x000001e0c7aa0000, 0x000001e0c8bf0000, 0x000001e0cefd0000]
CodeHeap 'non-nmethods': size=5760Kb used=1472Kb max_used=1490Kb free=4287Kb
 bounds [0x000001e0cefd0000, 0x000001e0cf240000, 0x000001e0cf570000]
CodeCache: size=245760Kb, used=24223Kb, max_used=24241Kb, free=221534Kb
 total_blobs=8822, nmethods=8033, adapters=695, full_count=0
Compilation: enabled, stopped_count=0, restarted_count=0

Compilation events (20 events):
Event: 51.728 Thread 0x000001e0c4959d70 nmethod 8815 0x000001e0c8be3c90 code [0x000001e0c8be3e60, 0x000001e0c8be4158]
Event: 51.728 Thread 0x000001e0c4959d70 8816   !   2       lombok.core.configuration.FileSystemSourceCache::parseIfNeccesary (124 bytes)
Event: 51.729 Thread 0x000001e0c4959d70 nmethod 8816 0x000001e0c8be4310 code [0x000001e0c8be44e0, 0x000001e0c8be48b8]
Event: 51.729 Thread 0x000001e0c4959d70 8817       2       lombok.core.configuration.ConfigurationFile::equals (24 bytes)
Event: 51.729 Thread 0x000001e0c4959d70 nmethod 8817 0x000001e0c8be4a90 code [0x000001e0c8be4c40, 0x000001e0c8be4e30]
Event: 51.729 Thread 0x000001e0c4959d70 8818       2       org.eclipse.jdt.internal.compiler.ISourceElementRequestor$MethodInfo::<init> (5 bytes)
Event: 51.729 Thread 0x000001e0c4959d70 nmethod 8818 0x000001e0c8be4f10 code [0x000001e0c8be50a0, 0x000001e0c8be51a8]
Event: 51.729 Thread 0x000001e0c4959d70 8819       2       org.eclipse.jdt.internal.compiler.SourceElementNotifier::getThrownExceptions (9 bytes)
Event: 51.730 Thread 0x000001e0c4959d70 nmethod 8819 0x000001e0c8be5290 code [0x000001e0c8be5440, 0x000001e0c8be5568]
Event: 51.730 Thread 0x000001e0c4959d70 8820   !   2       com.google.gson.internal.bind.ReflectiveTypeAdapterFactory$Adapter::write (73 bytes)
Event: 51.731 Thread 0x000001e0c4959d70 nmethod 8820 0x000001e0c8be5690 code [0x000001e0c8be5900, 0x000001e0c8be5e10]
Event: 51.734 Thread 0x000001e0c4959d70 8822       2       org.eclipse.jdt.ls.core.internal.filesystem.JLSFile::<init> (6 bytes)
Event: 51.735 Thread 0x000001e0c4959d70 nmethod 8822 0x000001e0c8be6210 code [0x000001e0c8be63c0, 0x000001e0c8be6530]
Event: 51.735 Thread 0x000001e0c4959d70 8823       2       org.eclipse.core.filesystem.provider.FileInfo::clear (13 bytes)
Event: 51.735 Thread 0x000001e0c4959d70 nmethod 8823 0x000001e0c8be6690 code [0x000001e0c8be6820, 0x000001e0c8be6930]
Event: 51.747 Thread 0x000001e0c4959d70 8830       3       com.google.gson.internal.ConstructorConstructor$$Lambda/0x000001e08145f158::construct (4 bytes)
Event: 51.748 Thread 0x000001e0c4959d70 nmethod 8830 0x000001e0c8be6a10 code [0x000001e0c8be6be0, 0x000001e0c8be6e60]
Event: 51.748 Thread 0x000001e0c4959d70 8829       3       com.google.gson.internal.bind.MapTypeAdapterFactory$Adapter::read (6 bytes)
Event: 51.748 Thread 0x000001e0c4959d70 nmethod 8829 0x000001e0c8be6f90 code [0x000001e0c8be7140, 0x000001e0c8be7278]
Event: 51.757 Thread 0x000001e0c4959d70 8831       2       org.eclipse.core.internal.preferences.EclipsePreferences::nodeExists (128 bytes)

GC Heap History (20 events):
Event: 50.256 GC heap before
{Heap before GC invocations=35 (full 2):
 PSYoungGen      total 17920K, used 17440K [0x00000000d5580000, 0x00000000d6a00000, 0x0000000100000000)
  eden space 16896K, 100% used [0x00000000d5580000,0x00000000d6600000,0x00000000d6600000)
  from space 1024K, 53% used [0x00000000d6900000,0x00000000d6988010,0x00000000d6a00000)
  to   space 1024K, 0% used [0x00000000d6800000,0x00000000d6800000,0x00000000d6900000)
 ParOldGen       total 68608K, used 43711K [0x0000000080000000, 0x0000000084300000, 0x00000000d5580000)
  object space 68608K, 63% used [0x0000000080000000,0x0000000082aafff8,0x0000000084300000)
 Metaspace       used 58417K, committed 59648K, reserved 1114112K
  class space    used 6312K, committed 6848K, reserved 1048576K
}
Event: 50.257 GC heap after
{Heap after GC invocations=35 (full 2):
 PSYoungGen      total 17408K, used 512K [0x00000000d5580000, 0x00000000d6980000, 0x0000000100000000)
  eden space 16896K, 0% used [0x00000000d5580000,0x00000000d5580000,0x00000000d6600000)
  from space 512K, 100% used [0x00000000d6800000,0x00000000d6880000,0x00000000d6880000)
  to   space 1024K, 0% used [0x00000000d6880000,0x00000000d6880000,0x00000000d6980000)
 ParOldGen       total 68608K, used 43975K [0x0000000080000000, 0x0000000084300000, 0x00000000d5580000)
  object space 68608K, 64% used [0x0000000080000000,0x0000000082af1ff8,0x0000000084300000)
 Metaspace       used 58417K, committed 59648K, reserved 1114112K
  class space    used 6312K, committed 6848K, reserved 1048576K
}
Event: 50.500 GC heap before
{Heap before GC invocations=36 (full 2):
 PSYoungGen      total 17408K, used 3578K [0x00000000d5580000, 0x00000000d6980000, 0x0000000100000000)
  eden space 16896K, 18% used [0x00000000d5580000,0x00000000d587e968,0x00000000d6600000)
  from space 512K, 100% used [0x00000000d6800000,0x00000000d6880000,0x00000000d6880000)
  to   space 1024K, 0% used [0x00000000d6880000,0x00000000d6880000,0x00000000d6980000)
 ParOldGen       total 68608K, used 43975K [0x0000000080000000, 0x0000000084300000, 0x00000000d5580000)
  object space 68608K, 64% used [0x0000000080000000,0x0000000082af1ff8,0x0000000084300000)
 Metaspace       used 58644K, committed 59776K, reserved 1114112K
  class space    used 6342K, committed 6848K, reserved 1048576K
}
Event: 50.502 GC heap after
{Heap after GC invocations=36 (full 2):
 PSYoungGen      total 17408K, used 256K [0x00000000d5580000, 0x00000000d6900000, 0x0000000100000000)
  eden space 16896K, 0% used [0x00000000d5580000,0x00000000d5580000,0x00000000d6600000)
  from space 512K, 50% used [0x00000000d6880000,0x00000000d68c0000,0x00000000d6900000)
  to   space 512K, 0% used [0x00000000d6800000,0x00000000d6800000,0x00000000d6880000)
 ParOldGen       total 68608K, used 44236K [0x0000000080000000, 0x0000000084300000, 0x00000000d5580000)
  object space 68608K, 64% used [0x0000000080000000,0x0000000082b33288,0x0000000084300000)
 Metaspace       used 58644K, committed 59776K, reserved 1114112K
  class space    used 6342K, committed 6848K, reserved 1048576K
}
Event: 50.502 GC heap before
{Heap before GC invocations=37 (full 3):
 PSYoungGen      total 17408K, used 256K [0x00000000d5580000, 0x00000000d6900000, 0x0000000100000000)
  eden space 16896K, 0% used [0x00000000d5580000,0x00000000d5580000,0x00000000d6600000)
  from space 512K, 50% used [0x00000000d6880000,0x00000000d68c0000,0x00000000d6900000)
  to   space 512K, 0% used [0x00000000d6800000,0x00000000d6800000,0x00000000d6880000)
 ParOldGen       total 68608K, used 44236K [0x0000000080000000, 0x0000000084300000, 0x00000000d5580000)
  object space 68608K, 64% used [0x0000000080000000,0x0000000082b33288,0x0000000084300000)
 Metaspace       used 58644K, committed 59776K, reserved 1114112K
  class space    used 6342K, committed 6848K, reserved 1048576K
}
Event: 50.563 GC heap after
{Heap after GC invocations=37 (full 3):
 PSYoungGen      total 17408K, used 0K [0x00000000d5580000, 0x00000000d6900000, 0x0000000100000000)
  eden space 16896K, 0% used [0x00000000d5580000,0x00000000d5580000,0x00000000d6600000)
  from space 512K, 0% used [0x00000000d6880000,0x00000000d6880000,0x00000000d6900000)
  to   space 512K, 0% used [0x00000000d6800000,0x00000000d6800000,0x00000000d6880000)
 ParOldGen       total 68608K, used 41493K [0x0000000080000000, 0x0000000084300000, 0x00000000d5580000)
  object space 68608K, 60% used [0x0000000080000000,0x0000000082885710,0x0000000084300000)
 Metaspace       used 58644K, committed 59776K, reserved 1114112K
  class space    used 6342K, committed 6848K, reserved 1048576K
}
Event: 50.824 GC heap before
{Heap before GC invocations=38 (full 3):
 PSYoungGen      total 17408K, used 16886K [0x00000000d5580000, 0x00000000d6900000, 0x0000000100000000)
  eden space 16896K, 99% used [0x00000000d5580000,0x00000000d65fdb70,0x00000000d6600000)
  from space 512K, 0% used [0x00000000d6880000,0x00000000d6880000,0x00000000d6900000)
  to   space 512K, 0% used [0x00000000d6800000,0x00000000d6800000,0x00000000d6880000)
 ParOldGen       total 68608K, used 41493K [0x0000000080000000, 0x0000000084300000, 0x00000000d5580000)
  object space 68608K, 60% used [0x0000000080000000,0x0000000082885710,0x0000000084300000)
 Metaspace       used 60383K, committed 61632K, reserved 1114112K
  class space    used 6557K, committed 7104K, reserved 1048576K
}
Event: 50.827 GC heap after
{Heap after GC invocations=38 (full 3):
 PSYoungGen      total 17408K, used 497K [0x00000000d5580000, 0x00000000d6900000, 0x0000000100000000)
  eden space 16896K, 0% used [0x00000000d5580000,0x00000000d5580000,0x00000000d6600000)
  from space 512K, 97% used [0x00000000d6800000,0x00000000d687c648,0x00000000d6880000)
  to   space 512K, 0% used [0x00000000d6880000,0x00000000d6880000,0x00000000d6900000)
 ParOldGen       total 68608K, used 41730K [0x0000000080000000, 0x0000000084300000, 0x00000000d5580000)
  object space 68608K, 60% used [0x0000000080000000,0x00000000828c0948,0x0000000084300000)
 Metaspace       used 60383K, committed 61632K, reserved 1114112K
  class space    used 6557K, committed 7104K, reserved 1048576K
}
Event: 51.021 GC heap before
{Heap before GC invocations=39 (full 3):
 PSYoungGen      total 17408K, used 17393K [0x00000000d5580000, 0x00000000d6900000, 0x0000000100000000)
  eden space 16896K, 100% used [0x00000000d5580000,0x00000000d6600000,0x00000000d6600000)
  from space 512K, 97% used [0x00000000d6800000,0x00000000d687c648,0x00000000d6880000)
  to   space 512K, 0% used [0x00000000d6880000,0x00000000d6880000,0x00000000d6900000)
 ParOldGen       total 68608K, used 41730K [0x0000000080000000, 0x0000000084300000, 0x00000000d5580000)
  object space 68608K, 60% used [0x0000000080000000,0x00000000828c0948,0x0000000084300000)
 Metaspace       used 62440K, committed 63808K, reserved 1114112K
  class space    used 6777K, committed 7360K, reserved 1048576K
}
Event: 51.024 GC heap after
{Heap after GC invocations=39 (full 3):
 PSYoungGen      total 17408K, used 494K [0x00000000d5580000, 0x00000000d6b00000, 0x0000000100000000)
  eden space 16896K, 0% used [0x00000000d5580000,0x00000000d5580000,0x00000000d6600000)
  from space 512K, 96% used [0x00000000d6880000,0x00000000d68fba38,0x00000000d6900000)
  to   space 2560K, 0% used [0x00000000d6600000,0x00000000d6600000,0x00000000d6880000)
 ParOldGen       total 68608K, used 43204K [0x0000000080000000, 0x0000000084300000, 0x00000000d5580000)
  object space 68608K, 62% used [0x0000000080000000,0x0000000082a31048,0x0000000084300000)
 Metaspace       used 62440K, committed 63808K, reserved 1114112K
  class space    used 6777K, committed 7360K, reserved 1048576K
}
Event: 51.300 GC heap before
{Heap before GC invocations=40 (full 3):
 PSYoungGen      total 17408K, used 17390K [0x00000000d5580000, 0x00000000d6b00000, 0x0000000100000000)
  eden space 16896K, 100% used [0x00000000d5580000,0x00000000d6600000,0x00000000d6600000)
  from space 512K, 96% used [0x00000000d6880000,0x00000000d68fba38,0x00000000d6900000)
  to   space 2560K, 0% used [0x00000000d6600000,0x00000000d6600000,0x00000000d6880000)
 ParOldGen       total 68608K, used 43204K [0x0000000080000000, 0x0000000084300000, 0x00000000d5580000)
  object space 68608K, 62% used [0x0000000080000000,0x0000000082a31048,0x0000000084300000)
 Metaspace       used 64501K, committed 65920K, reserved 1114112K
  class space    used 7000K, committed 7616K, reserved 1048576K
}
Event: 51.303 GC heap after
{Heap after GC invocations=40 (full 3):
 PSYoungGen      total 19456K, used 2329K [0x00000000d5580000, 0x00000000d6b00000, 0x0000000100000000)
  eden space 16896K, 0% used [0x00000000d5580000,0x00000000d5580000,0x00000000d6600000)
  from space 2560K, 91% used [0x00000000d6600000,0x00000000d6846740,0x00000000d6880000)
  to   space 2560K, 0% used [0x00000000d6880000,0x00000000d6880000,0x00000000d6b00000)
 ParOldGen       total 68608K, used 43656K [0x0000000080000000, 0x0000000084300000, 0x00000000d5580000)
  object space 68608K, 63% used [0x0000000080000000,0x0000000082aa20b0,0x0000000084300000)
 Metaspace       used 64501K, committed 65920K, reserved 1114112K
  class space    used 7000K, committed 7616K, reserved 1048576K
}
Event: 51.514 GC heap before
{Heap before GC invocations=41 (full 3):
 PSYoungGen      total 19456K, used 19225K [0x00000000d5580000, 0x00000000d6b00000, 0x0000000100000000)
  eden space 16896K, 100% used [0x00000000d5580000,0x00000000d6600000,0x00000000d6600000)
  from space 2560K, 91% used [0x00000000d6600000,0x00000000d6846740,0x00000000d6880000)
  to   space 2560K, 0% used [0x00000000d6880000,0x00000000d6880000,0x00000000d6b00000)
 ParOldGen       total 68608K, used 43656K [0x0000000080000000, 0x0000000084300000, 0x00000000d5580000)
  object space 68608K, 63% used [0x0000000080000000,0x0000000082aa20b0,0x0000000084300000)
 Metaspace       used 65379K, committed 66752K, reserved 1114112K
  class space    used 7086K, committed 7680K, reserved 1048576K
}
Event: 51.519 GC heap after
{Heap after GC invocations=41 (full 3):
 PSYoungGen      total 16384K, used 2530K [0x00000000d5580000, 0x00000000d7100000, 0x0000000100000000)
  eden space 13824K, 0% used [0x00000000d5580000,0x00000000d5580000,0x00000000d6300000)
  from space 2560K, 98% used [0x00000000d6880000,0x00000000d6af89b0,0x00000000d6b00000)
  to   space 5632K, 0% used [0x00000000d6300000,0x00000000d6300000,0x00000000d6880000)
 ParOldGen       total 68608K, used 45939K [0x0000000080000000, 0x0000000084300000, 0x00000000d5580000)
  object space 68608K, 66% used [0x0000000080000000,0x0000000082cdcde8,0x0000000084300000)
 Metaspace       used 65379K, committed 66752K, reserved 1114112K
  class space    used 7086K, committed 7680K, reserved 1048576K
}
Event: 51.597 GC heap before
{Heap before GC invocations=42 (full 3):
 PSYoungGen      total 16384K, used 15227K [0x00000000d5580000, 0x00000000d7100000, 0x0000000100000000)
  eden space 13824K, 91% used [0x00000000d5580000,0x00000000d61e6278,0x00000000d6300000)
  from space 2560K, 98% used [0x00000000d6880000,0x00000000d6af89b0,0x00000000d6b00000)
  to   space 5632K, 0% used [0x00000000d6300000,0x00000000d6300000,0x00000000d6880000)
 ParOldGen       total 68608K, used 45939K [0x0000000080000000, 0x0000000084300000, 0x00000000d5580000)
  object space 68608K, 66% used [0x0000000080000000,0x0000000082cdcde8,0x0000000084300000)
 Metaspace       used 65809K, committed 67200K, reserved 1114112K
  class space    used 7122K, committed 7744K, reserved 1048576K
}
Event: 51.603 GC heap after
{Heap after GC invocations=42 (full 3):
 PSYoungGen      total 18944K, used 4858K [0x00000000d5580000, 0x00000000d6d00000, 0x0000000100000000)
  eden space 13824K, 0% used [0x00000000d5580000,0x00000000d5580000,0x00000000d6300000)
  from space 5120K, 94% used [0x00000000d6300000,0x00000000d67be938,0x00000000d6800000)
  to   space 5120K, 0% used [0x00000000d6800000,0x00000000d6800000,0x00000000d6d00000)
 ParOldGen       total 68608K, used 49623K [0x0000000080000000, 0x0000000084300000, 0x00000000d5580000)
  object space 68608K, 72% used [0x0000000080000000,0x0000000083075d30,0x0000000084300000)
 Metaspace       used 65809K, committed 67200K, reserved 1114112K
  class space    used 7122K, committed 7744K, reserved 1048576K
}
Event: 51.644 GC heap before
{Heap before GC invocations=43 (full 3):
 PSYoungGen      total 18944K, used 18682K [0x00000000d5580000, 0x00000000d6d00000, 0x0000000100000000)
  eden space 13824K, 100% used [0x00000000d5580000,0x00000000d6300000,0x00000000d6300000)
  from space 5120K, 94% used [0x00000000d6300000,0x00000000d67be938,0x00000000d6800000)
  to   space 5120K, 0% used [0x00000000d6800000,0x00000000d6800000,0x00000000d6d00000)
 ParOldGen       total 68608K, used 49623K [0x0000000080000000, 0x0000000084300000, 0x00000000d5580000)
  object space 68608K, 72% used [0x0000000080000000,0x0000000083075fd8,0x0000000084300000)
 Metaspace       used 65905K, committed 67328K, reserved 1114112K
  class space    used 7127K, committed 7744K, reserved 1048576K
}
Event: 51.650 GC heap after
{Heap after GC invocations=43 (full 3):
 PSYoungGen      total 14848K, used 708K [0x00000000d5580000, 0x00000000d6900000, 0x0000000100000000)
  eden space 13824K, 0% used [0x00000000d5580000,0x00000000d5580000,0x00000000d6300000)
  from space 1024K, 69% used [0x00000000d6800000,0x00000000d68b13a8,0x00000000d6900000)
  to   space 2560K, 0% used [0x00000000d6400000,0x00000000d6400000,0x00000000d6680000)
 ParOldGen       total 68608K, used 58045K [0x0000000080000000, 0x0000000084300000, 0x00000000d5580000)
  object space 68608K, 84% used [0x0000000080000000,0x00000000838af438,0x0000000084300000)
 Metaspace       used 65905K, committed 67328K, reserved 1114112K
  class space    used 7127K, committed 7744K, reserved 1048576K
}
Event: 51.713 GC heap before
{Heap before GC invocations=44 (full 3):
 PSYoungGen      total 14848K, used 14532K [0x00000000d5580000, 0x00000000d6900000, 0x0000000100000000)
  eden space 13824K, 100% used [0x00000000d5580000,0x00000000d6300000,0x00000000d6300000)
  from space 1024K, 69% used [0x00000000d6800000,0x00000000d68b13a8,0x00000000d6900000)
  to   space 2560K, 0% used [0x00000000d6400000,0x00000000d6400000,0x00000000d6680000)
 ParOldGen       total 95232K, used 84376K [0x0000000080000000, 0x0000000085d00000, 0x00000000d5580000)
  object space 95232K, 88% used [0x0000000080000000,0x00000000852660f0,0x0000000085d00000)
 Metaspace       used 66211K, committed 67584K, reserved 1114112K
  class space    used 7156K, committed 7744K, reserved 1048576K
}
Event: 51.714 GC heap after
{Heap after GC invocations=44 (full 3):
 PSYoungGen      total 16384K, used 640K [0x00000000d5580000, 0x00000000d6880000, 0x0000000100000000)
  eden space 13824K, 0% used [0x00000000d5580000,0x00000000d5580000,0x00000000d6300000)
  from space 2560K, 25% used [0x00000000d6400000,0x00000000d64a0000,0x00000000d6680000)
  to   space 1024K, 0% used [0x00000000d6780000,0x00000000d6780000,0x00000000d6880000)
 ParOldGen       total 95232K, used 84720K [0x0000000080000000, 0x0000000085d00000, 0x00000000d5580000)
  object space 95232K, 88% used [0x0000000080000000,0x00000000852bc0f0,0x0000000085d00000)
 Metaspace       used 66211K, committed 67584K, reserved 1114112K
  class space    used 7156K, committed 7744K, reserved 1048576K
}

Dll operation events (12 events):
Event: 0.014 Loaded shared library c:\Users\dell\.vscode\extensions\redhat.java-1.54.0-win32-x64\jre\21.0.10-win32-x86_64\bin\java.dll
Event: 0.115 Loaded shared library c:\Users\dell\.vscode\extensions\redhat.java-1.54.0-win32-x64\jre\21.0.10-win32-x86_64\bin\zip.dll
Event: 0.147 Loaded shared library C:\Users\dell\.vscode\extensions\redhat.java-1.54.0-win32-x64\jre\21.0.10-win32-x86_64\bin\instrument.dll
Event: 0.156 Loaded shared library C:\Users\dell\.vscode\extensions\redhat.java-1.54.0-win32-x64\jre\21.0.10-win32-x86_64\bin\net.dll
Event: 0.162 Loaded shared library C:\Users\dell\.vscode\extensions\redhat.java-1.54.0-win32-x64\jre\21.0.10-win32-x86_64\bin\nio.dll
Event: 0.169 Loaded shared library C:\Users\dell\.vscode\extensions\redhat.java-1.54.0-win32-x64\jre\21.0.10-win32-x86_64\bin\zip.dll
Event: 0.196 Loaded shared library C:\Users\dell\.vscode\extensions\redhat.java-1.54.0-win32-x64\jre\21.0.10-win32-x86_64\bin\jimage.dll
Event: 0.309 Loaded shared library c:\Users\dell\.vscode\extensions\redhat.java-1.54.0-win32-x64\jre\21.0.10-win32-x86_64\bin\verify.dll
Event: 19.975 Loaded shared library C:\Users\dell\AppData\Roaming\Code\User\globalStorage\redhat.java\1.54.0\config_win\org.eclipse.equinox.launcher\org.eclipse.equinox.launcher.win32.win32.x86_64_1.3.0.v20260203-2149\eclipse_11919.dll
Event: 44.284 Loaded shared library C:\Users\dell\AppData\Local\Temp\jna-3079617\jna1289843897710196481.dll
Event: 45.770 Loaded shared library C:\Users\dell\.vscode\extensions\redhat.java-1.54.0-win32-x64\jre\21.0.10-win32-x86_64\bin\sunmscapi.dll
Event: 45.882 Loaded shared library C:\Users\dell\.vscode\extensions\redhat.java-1.54.0-win32-x64\jre\21.0.10-win32-x86_64\bin\extnet.dll

Deoptimization events (20 events):
Event: 51.584 Thread 0x000001e0e4051870 DEOPT PACKING pc=0x000001e0c866f620 sp=0x000000a9d8cfe2b0
Event: 51.584 Thread 0x000001e0e4051870 DEOPT UNPACKING pc=0x000001e0cf024242 sp=0x000000a9d8cfd7b8 mode 3
Event: 51.585 Thread 0x000001e0e5130470 DEOPT PACKING pc=0x000001e0cf7f8d30 sp=0x000000a9d95feea0
Event: 51.585 Thread 0x000001e0e5130470 DEOPT UNPACKING pc=0x000001e0cf023aa2 sp=0x000000a9d95feef0 mode 2
Event: 51.636 Thread 0x000001e0e5a3d330 Uncommon trap: trap_request=0xffffffde fr.pc=0x000001e0cf8cc2c4 relative=0x0000000000000fa4
Event: 51.636 Thread 0x000001e0e5a3d330 Uncommon trap: reason=class_check action=maybe_recompile pc=0x000001e0cf8cc2c4 method=java.util.regex.Pattern.lambda$negate$7(Ljava/util/regex/Pattern$CharPredicate;I)Z @ 2 c2
Event: 51.636 Thread 0x000001e0e5a3d330 DEOPT PACKING pc=0x000001e0cf8cc2c4 sp=0x000000a9d93fdd60
Event: 51.636 Thread 0x000001e0e5a3d330 DEOPT UNPACKING pc=0x000001e0cf023aa2 sp=0x000000a9d93fdc40 mode 2
Event: 51.636 Thread 0x000001e0e5a3d330 Uncommon trap: trap_request=0xffffff45 fr.pc=0x000001e0cf6c974c relative=0x000000000000018c
Event: 51.637 Thread 0x000001e0e5a3d330 Uncommon trap: reason=unstable_if action=reinterpret pc=0x000001e0cf6c974c method=java.util.regex.Pattern$GroupTail.match(Ljava/util/regex/Matcher;ILjava/lang/CharSequence;)Z @ 73 c2
Event: 51.637 Thread 0x000001e0e5a3d330 DEOPT PACKING pc=0x000001e0cf6c974c sp=0x000000a9d93fdce0
Event: 51.637 Thread 0x000001e0e5a3d330 DEOPT UNPACKING pc=0x000001e0cf023aa2 sp=0x000000a9d93fdc88 mode 2
Event: 51.705 Thread 0x000001e0e5130470 Uncommon trap: trap_request=0xffffffc6 fr.pc=0x000001e0cf8ae378 relative=0x0000000000000178
Event: 51.705 Thread 0x000001e0e5130470 Uncommon trap: reason=bimorphic_or_optimized_type_check action=maybe_recompile pc=0x000001e0cf8ae378 method=com.google.gson.internal.bind.TypeAdapterRuntimeTypeWrapper.read(Lcom/google/gson/stream/JsonReader;)Ljava/lang/Object; @ 5 c2
Event: 51.705 Thread 0x000001e0e5130470 DEOPT PACKING pc=0x000001e0cf8ae378 sp=0x000000a9d95feb50
Event: 51.705 Thread 0x000001e0e5130470 DEOPT UNPACKING pc=0x000001e0cf023aa2 sp=0x000000a9d95fead8 mode 2
Event: 51.705 Thread 0x000001e0e5130470 Uncommon trap: trap_request=0xffffffc6 fr.pc=0x000001e0cf8ae378 relative=0x0000000000000178
Event: 51.705 Thread 0x000001e0e5130470 Uncommon trap: reason=bimorphic_or_optimized_type_check action=maybe_recompile pc=0x000001e0cf8ae378 method=com.google.gson.internal.bind.TypeAdapterRuntimeTypeWrapper.read(Lcom/google/gson/stream/JsonReader;)Ljava/lang/Object; @ 5 c2
Event: 51.705 Thread 0x000001e0e5130470 DEOPT PACKING pc=0x000001e0cf8ae378 sp=0x000000a9d95fea50
Event: 51.705 Thread 0x000001e0e5130470 DEOPT UNPACKING pc=0x000001e0cf023aa2 sp=0x000000a9d95fe9e8 mode 2

Classes loaded (20 events):
Event: 51.160 Loading class java/util/concurrent/CompletableFuture$UniExceptionally
Event: 51.160 Loading class java/util/concurrent/CompletableFuture$UniExceptionally done
Event: 51.314 Loading class java/util/Hashtable$KeySet
Event: 51.315 Loading class java/util/Hashtable$KeySet done
Event: 51.411 Loading class java/lang/Throwable$WrappedPrintWriter
Event: 51.412 Loading class java/lang/Throwable$PrintStreamOrWriter
Event: 51.412 Loading class java/lang/Throwable$PrintStreamOrWriter done
Event: 51.412 Loading class java/lang/Throwable$WrappedPrintWriter done
Event: 51.453 Loading class jdk/internal/event/SecurityPropertyModificationEvent
Event: 51.454 Loading class jdk/internal/event/SecurityPropertyModificationEvent done
Event: 51.488 Loading class java/util/AbstractList$RandomAccessSubList
Event: 51.488 Loading class java/util/AbstractList$SubList
Event: 51.489 Loading class java/util/AbstractList$SubList done
Event: 51.489 Loading class java/util/AbstractList$RandomAccessSubList done
Event: 51.490 Loading class java/util/AbstractList$SubList$1
Event: 51.490 Loading class java/util/AbstractList$SubList$1 done
Event: 51.560 Loading class javax/xml/transform/TransformerConfigurationException
Event: 51.560 Loading class javax/xml/transform/TransformerConfigurationException done
Event: 51.684 Loading class java/util/zip/GZIPInputStream$1
Event: 51.685 Loading class java/util/zip/GZIPInputStream$1 done

Classes unloaded (7 events):
Event: 44.722 Thread 0x000001e0c4940b20 Unloading class 0x000001e0811a4800 'java/lang/invoke/LambdaForm$MH+0x000001e0811a4800'
Event: 44.722 Thread 0x000001e0c4940b20 Unloading class 0x000001e0811a4400 'java/lang/invoke/LambdaForm$MH+0x000001e0811a4400'
Event: 44.722 Thread 0x000001e0c4940b20 Unloading class 0x000001e0811a4000 'java/lang/invoke/LambdaForm$MH+0x000001e0811a4000'
Event: 44.722 Thread 0x000001e0c4940b20 Unloading class 0x000001e0811a3c00 'java/lang/invoke/LambdaForm$MH+0x000001e0811a3c00'
Event: 44.722 Thread 0x000001e0c4940b20 Unloading class 0x000001e0811a3800 'java/lang/invoke/LambdaForm$BMH+0x000001e0811a3800'
Event: 44.722 Thread 0x000001e0c4940b20 Unloading class 0x000001e0811a3400 'java/lang/invoke/LambdaForm$DMH+0x000001e0811a3400'
Event: 44.722 Thread 0x000001e0c4940b20 Unloading class 0x000001e0811a2000 'java/lang/invoke/LambdaForm$DMH+0x000001e0811a2000'

Classes redefined (0 events):
No events

Internal exceptions (20 events):
Event: 51.334 Thread 0x000001e0e27375a0 Exception <a 'sun/nio/fs/WindowsException'{0x00000000d59ee718}> (0x00000000d59ee718) 
thrown [s\src\hotspot\share\prims\jni.cpp, line 520]
Event: 51.336 Thread 0x000001e0e27375a0 Exception <a 'sun/nio/fs/WindowsException'{0x00000000d59ef628}> (0x00000000d59ef628) 
thrown [s\src\hotspot\share\prims\jni.cpp, line 520]
Event: 51.336 Thread 0x000001e0e27375a0 Exception <a 'sun/nio/fs/WindowsException'{0x00000000d59eff90}> (0x00000000d59eff90) 
thrown [s\src\hotspot\share\prims\jni.cpp, line 520]
Event: 51.342 Thread 0x000001e0e27375a0 Exception <a 'java/io/FileNotFoundException'{0x00000000d5a077d8}> (0x00000000d5a077d8) 
thrown [s\src\hotspot\share\prims\jni.cpp, line 520]
Event: 51.342 Thread 0x000001e0e27375a0 Exception <a 'java/io/FileNotFoundException'{0x00000000d5a08548}> (0x00000000d5a08548) 
thrown [s\src\hotspot\share\prims\jni.cpp, line 520]
Event: 51.349 Thread 0x000001e0e27375a0 Exception <a 'sun/nio/fs/WindowsException'{0x00000000d5bb3218}> (0x00000000d5bb3218) 
thrown [s\src\hotspot\share\prims\jni.cpp, line 520]
Event: 51.349 Thread 0x000001e0e27375a0 Exception <a 'sun/nio/fs/WindowsException'{0x00000000d5bb3930}> (0x00000000d5bb3930) 
thrown [s\src\hotspot\share\prims\jni.cpp, line 520]
Event: 51.350 Thread 0x000001e0e27375a0 Exception <a 'sun/nio/fs/WindowsException'{0x00000000d5bb4818}> (0x00000000d5bb4818) 
thrown [s\src\hotspot\share\prims\jni.cpp, line 520]
Event: 51.350 Thread 0x000001e0e27375a0 Exception <a 'sun/nio/fs/WindowsException'{0x00000000d5bb4f30}> (0x00000000d5bb4f30) 
thrown [s\src\hotspot\share\prims\jni.cpp, line 520]
Event: 51.438 Thread 0x000001e0e27375a0 Exception <a 'java/lang/NoSuchMethodError'{0x00000000d5f0ca90}: 'java.lang.Object java.lang.invoke.DirectMethodHandle$Holder.invokeStatic(java.lang.Object, java.lang.Object, int, java.lang.Object)'> (0x00000000d5f0ca90) 
thrown [s\src\hotspot\share\interpreter\linkResolver.cpp, line 773]
Event: 51.439 Thread 0x000001e0e27375a0 Exception <a 'java/lang/NoSuchMethodError'{0x00000000d5f13400}: 'java.lang.Object java.lang.invoke.DirectMethodHandle$Holder.newInvokeSpecial(java.lang.Object, java.lang.Object, int)'> (0x00000000d5f13400) 
thrown [s\src\hotspot\share\interpreter\linkResolver.cpp, line 773]
Event: 51.465 Thread 0x000001e0e5a3bf80 Exception <a 'java/lang/NoSuchMethodError'{0x00000000d600fa00}: 'java.lang.Object java.lang.invoke.DirectMethodHandle$Holder.invokeStaticInit(java.lang.Object, java.lang.Object, java.lang.Object)'> (0x00000000d600fa00) 
thrown [s\src\hotspot\share\interpreter\linkResolver.cpp, line 773]
Event: 51.559 Thread 0x000001e0e4051870 Exception <a 'sun/nio/fs/WindowsException'{0x00000000d55e8930}> (0x00000000d55e8930) 
thrown [s\src\hotspot\share\prims\jni.cpp, line 520]
Event: 51.559 Thread 0x000001e0e4051870 Exception <a 'sun/nio/fs/WindowsException'{0x00000000d5a27020}> (0x00000000d5a27020) 
thrown [s\src\hotspot\share\prims\jni.cpp, line 520]
Event: 51.560 Thread 0x000001e0e4051870 Exception <a 'sun/nio/fs/WindowsException'{0x00000000d5a28210}> (0x00000000d5a28210) 
thrown [s\src\hotspot\share\prims\jni.cpp, line 520]
Event: 51.560 Thread 0x000001e0e4051870 Exception <a 'sun/nio/fs/WindowsException'{0x00000000d5a28bd8}> (0x00000000d5a28bd8) 
thrown [s\src\hotspot\share\prims\jni.cpp, line 520]
Event: 51.561 Thread 0x000001e0e4051870 Exception <a 'sun/nio/fs/WindowsException'{0x00000000d5a2db98}> (0x00000000d5a2db98) 
thrown [s\src\hotspot\share\prims\jni.cpp, line 520]
Event: 51.561 Thread 0x000001e0e4051870 Exception <a 'sun/nio/fs/WindowsException'{0x00000000d5a2e560}> (0x00000000d5a2e560) 
thrown [s\src\hotspot\share\prims\jni.cpp, line 520]
Event: 51.561 Thread 0x000001e0e4051870 Exception <a 'sun/nio/fs/WindowsException'{0x00000000d5a46420}> (0x00000000d5a46420) 
thrown [s\src\hotspot\share\prims\jni.cpp, line 520]
Event: 51.562 Thread 0x000001e0e4051870 Exception <a 'sun/nio/fs/WindowsException'{0x00000000d5a46b38}> (0x00000000d5a46b38) 
thrown [s\src\hotspot\share\prims\jni.cpp, line 520]

ZGC Phase Switch (0 events):
No events

VM Operations (20 events):
Event: 51.303 Executing safepoint VM operation: ParallelGCFailedAllocation (Allocation Failure) done
Event: 51.368 Executing non-safepoint VM operation: HandshakeAllThreads (Deoptimize)
Event: 51.368 Executing non-safepoint VM operation: HandshakeAllThreads (Deoptimize) done
Event: 51.406 Executing non-safepoint VM operation: HandshakeAllThreads (Deoptimize)
Event: 51.406 Executing non-safepoint VM operation: HandshakeAllThreads (Deoptimize) done
Event: 51.408 Executing non-safepoint VM operation: HandshakeAllThreads (Deoptimize)
Event: 51.408 Executing non-safepoint VM operation: HandshakeAllThreads (Deoptimize) done
Event: 51.513 Executing safepoint VM operation: ParallelGCFailedAllocation (Allocation Failure)
Event: 51.519 Executing safepoint VM operation: ParallelGCFailedAllocation (Allocation Failure) done
Event: 51.572 Executing non-safepoint VM operation: HandshakeAllThreads (Deoptimize)
Event: 51.583 Executing non-safepoint VM operation: HandshakeAllThreads (Deoptimize) done
Event: 51.597 Executing safepoint VM operation: ParallelGCFailedAllocation (Allocation Failure)
Event: 51.603 Executing safepoint VM operation: ParallelGCFailedAllocation (Allocation Failure) done
Event: 51.643 Executing safepoint VM operation: ParallelGCFailedAllocation (Allocation Failure)
Event: 51.643 Executing safepoint VM operation: ParallelGCFailedAllocation (Allocation Failure) done
Event: 51.644 Executing safepoint VM operation: ParallelGCSystemGC (GCLocker Initiated GC)
Event: 51.650 Executing safepoint VM operation: ParallelGCSystemGC (GCLocker Initiated GC) done
Event: 51.713 Executing safepoint VM operation: ParallelGCFailedAllocation (Allocation Failure)
Event: 51.714 Executing safepoint VM operation: ParallelGCFailedAllocation (Allocation Failure) done
Event: 51.764 Executing safepoint VM operation: ParallelGCFailedAllocation (Allocation Failure)

Memory protections (0 events):
No events

Nmethod flushes (20 events):
Event: 50.532 Thread 0x000001e0c4940b20 flushing  nmethod 0x000001e0c825e590
Event: 50.532 Thread 0x000001e0c4940b20 flushing  nmethod 0x000001e0c825fb10
Event: 50.532 Thread 0x000001e0c4940b20 flushing  nmethod 0x000001e0c8264990
Event: 50.532 Thread 0x000001e0c4940b20 flushing  nmethod 0x000001e0c827e710
Event: 50.532 Thread 0x000001e0c4940b20 flushing osr nmethod 0x000001e0c82e6610
Event: 50.532 Thread 0x000001e0c4940b20 flushing  nmethod 0x000001e0c82f0c90
Event: 50.532 Thread 0x000001e0c4940b20 flushing  nmethod 0x000001e0c8322a90
Event: 50.532 Thread 0x000001e0c4940b20 flushing  nmethod 0x000001e0c8326990
Event: 50.532 Thread 0x000001e0c4940b20 flushing  nmethod 0x000001e0c833f110
Event: 50.532 Thread 0x000001e0c4940b20 flushing  nmethod 0x000001e0c8343890
Event: 50.532 Thread 0x000001e0c4940b20 flushing  nmethod 0x000001e0c8344390
Event: 50.532 Thread 0x000001e0c4940b20 flushing  nmethod 0x000001e0c8345490
Event: 50.532 Thread 0x000001e0c4940b20 flushing  nmethod 0x000001e0c8345910
Event: 50.532 Thread 0x000001e0c4940b20 flushing  nmethod 0x000001e0c8347310
Event: 50.532 Thread 0x000001e0c4940b20 flushing  nmethod 0x000001e0c837dc90
Event: 50.532 Thread 0x000001e0c4940b20 flushing  nmethod 0x000001e0c838c790
Event: 50.532 Thread 0x000001e0c4940b20 flushing  nmethod 0x000001e0c83d2410
Event: 50.532 Thread 0x000001e0c4940b20 flushing  nmethod 0x000001e0c8400890
Event: 50.532 Thread 0x000001e0c4940b20 flushing  nmethod 0x000001e0c8404b10
Event: 50.532 Thread 0x000001e0c4940b20 flushing  nmethod 0x000001e0c841a290

Events (20 events):
Event: 45.856 Thread 0x000001e0c24abd70 Thread added: 0x000001e0e40511e0
Event: 45.919 Thread 0x000001e0e4052c20 Thread added: 0x000001e0e40532b0
Event: 47.535 Thread 0x000001e0e27354d0 Thread added: 0x000001e0e4051870
Event: 47.536 Thread 0x000001e0e4051870 Thread added: 0x000001e0e40504c0
Event: 47.536 Thread 0x000001e0e40504c0 Thread added: 0x000001e0e5a3bf80
Event: 47.596 Thread 0x000001e0e2734e40 Thread added: 0x000001e0e5a3b8f0
Event: 47.597 Thread 0x000001e0e5a3b8f0 Thread exited: 0x000001e0e5a3b8f0
Event: 47.777 Thread 0x000001e0e2736f10 Thread added: 0x000001e0e5a3cca0
Event: 47.905 Thread 0x000001e0e2734e40 Thread added: 0x000001e0e5a3c610
Event: 48.578 Thread 0x000001e0e2149ff0 Thread exited: 0x000001e0e2149ff0
Event: 50.491 Thread 0x000001e0e236d020 Thread exited: 0x000001e0e236d020
Event: 50.575 Thread 0x000001e0e5a3cca0 Thread exited: 0x000001e0e5a3cca0
Event: 50.649 Thread 0x000001e0c4959d70 Thread added: 0x000001e0e5df6e80
Event: 50.935 Thread 0x000001e0e4052c20 Thread added: 0x000001e0e5a3ed70
Event: 50.994 Thread 0x000001e0e4052c20 Thread added: 0x000001e0e5a3e050
Event: 51.161 Thread 0x000001e0e40511e0 Thread added: 0x000001e0e5a3b8f0
Event: 51.161 Thread 0x000001e0e5a3b8f0 Thread added: 0x000001e0e5a3cca0
Event: 51.167 Thread 0x000001e0e40511e0 Thread added: 0x000001e0e5a3d330
Event: 51.458 Thread 0x000001e0e40511e0 Thread added: 0x000001e0e512f0c0
Event: 51.466 Thread 0x000001e0e5a3b8f0 Thread added: 0x000001e0e5130470


Dynamic libraries:
0x00007ff645960000 - 0x00007ff64596e000 	c:\Users\dell\.vscode\extensions\redhat.java-1.54.0-win32-x64\jre\21.0.10-win32-x86_64\bin\java.exe
0x00007ffa39760000 - 0x00007ffa399c7000 	C:\WINDOWS\SYSTEM32\ntdll.dll
0x00007ffa377f0000 - 0x00007ffa378b9000 	C:\WINDOWS\System32\KERNEL32.DLL
0x00007ffa36240000 - 0x00007ffa36637000 	C:\WINDOWS\System32\KERNELBASE.dll
0x00007ffa36f40000 - 0x00007ffa3708b000 	C:\WINDOWS\System32\ucrtbase.dll
0x00007ffa05460000 - 0x00007ffa05478000 	c:\Users\dell\.vscode\extensions\redhat.java-1.54.0-win32-x64\jre\21.0.10-win32-x86_64\bin\jli.dll
0x00007ff9ed5f0000 - 0x00007ff9ed60e000 	c:\Users\dell\.vscode\extensions\redhat.java-1.54.0-win32-x64\jre\21.0.10-win32-x86_64\bin\VCRUNTIME140.dll
0x00007ffa380c0000 - 0x00007ffa38286000 	C:\WINDOWS\System32\USER32.dll
0x00007ffa373f0000 - 0x00007ffa37417000 	C:\WINDOWS\System32\win32u.dll
0x00007ffa376b0000 - 0x00007ffa376db000 	C:\WINDOWS\System32\GDI32.dll
0x00007ffa37090000 - 0x00007ffa371bc000 	C:\WINDOWS\System32\gdi32full.dll
0x00007ffa1a710000 - 0x00007ffa1a9a2000 	C:\WINDOWS\WinSxS\amd64_microsoft.windows.common-controls_6595b64144ccf1df_6.0.26100.8457_none_3e0b2faee331e92d\COMCTL32.dll
0x00007ffa38010000 - 0x00007ffa380b9000 	C:\WINDOWS\System32\msvcrt.dll
0x00007ffa36190000 - 0x00007ffa36233000 	C:\WINDOWS\System32\msvcp_win.dll
0x00007ffa376e0000 - 0x00007ffa37712000 	C:\WINDOWS\System32\IMM32.DLL
0x00007ffa1bbf0000 - 0x00007ffa1bbfc000 	c:\Users\dell\.vscode\extensions\redhat.java-1.54.0-win32-x64\jre\21.0.10-win32-x86_64\bin\vcruntime140_1.dll
0x00007ff9bfb90000 - 0x00007ff9bfc1d000 	c:\Users\dell\.vscode\extensions\redhat.java-1.54.0-win32-x64\jre\21.0.10-win32-x86_64\bin\msvcp140.dll
0x00007ff997a60000 - 0x00007ff998801000 	c:\Users\dell\.vscode\extensions\redhat.java-1.54.0-win32-x64\jre\21.0.10-win32-x86_64\bin\server\jvm.dll
0x00007ffa37950000 - 0x00007ffa37a06000 	C:\WINDOWS\System32\ADVAPI32.dll
0x00007ffa37f60000 - 0x00007ffa38007000 	C:\WINDOWS\System32\sechost.dll
0x00007ffa37e40000 - 0x00007ffa37f58000 	C:\WINDOWS\System32\RPCRT4.dll
0x00007ffa38460000 - 0x00007ffa384e0000 	C:\WINDOWS\System32\WS2_32.dll
0x00007ffa35ff0000 - 0x00007ffa3604e000 	C:\WINDOWS\SYSTEM32\POWRPROF.dll
0x00007ffa31060000 - 0x00007ffa31096000 	C:\WINDOWS\SYSTEM32\WINMM.dll
0x00007ffa24f00000 - 0x00007ffa24f0b000 	C:\WINDOWS\SYSTEM32\VERSION.dll
0x00007ffa35fd0000 - 0x00007ffa35fe4000 	C:\WINDOWS\SYSTEM32\UMPDC.dll
0x00007ffa34f20000 - 0x00007ffa34f3b000 	C:\WINDOWS\SYSTEM32\kernel.appcore.dll
0x00007ff9ed780000 - 0x00007ff9ed78a000 	c:\Users\dell\.vscode\extensions\redhat.java-1.54.0-win32-x64\jre\21.0.10-win32-x86_64\bin\jimage.dll
0x00007ffa33ff0000 - 0x00007ffa34232000 	C:\WINDOWS\SYSTEM32\DBGHELP.DLL
0x00007ffa39390000 - 0x00007ffa39713000 	C:\WINDOWS\System32\combase.dll
0x00007ffa37b00000 - 0x00007ffa37bd9000 	C:\WINDOWS\System32\OLEAUT32.dll
0x00007ffa128d0000 - 0x00007ffa1290b000 	C:\WINDOWS\SYSTEM32\dbgcore.DLL
0x00007ffa37340000 - 0x00007ffa373e8000 	C:\WINDOWS\System32\bcryptPrimitives.dll
0x00007ff9ed5d0000 - 0x00007ff9ed5df000 	c:\Users\dell\.vscode\extensions\redhat.java-1.54.0-win32-x64\jre\21.0.10-win32-x86_64\bin\instrument.dll
0x00007ff9ebbc0000 - 0x00007ff9ebbe0000 	c:\Users\dell\.vscode\extensions\redhat.java-1.54.0-win32-x64\jre\21.0.10-win32-x86_64\bin\java.dll
0x00007ffa38590000 - 0x00007ffa38cfe000 	C:\WINDOWS\System32\SHELL32.dll
0x00007ffa366d0000 - 0x00007ffa36f3c000 	C:\WINDOWS\System32\windows.storage.dll
0x00007ffa37c40000 - 0x00007ffa37d36000 	C:\WINDOWS\System32\SHCORE.dll
0x00007ffa37640000 - 0x00007ffa376a6000 	C:\WINDOWS\System32\shlwapi.dll
0x00007ffa360b0000 - 0x00007ffa360d9000 	C:\WINDOWS\SYSTEM32\profapi.dll
0x00007ff9d3450000 - 0x00007ff9d3468000 	c:\Users\dell\.vscode\extensions\redhat.java-1.54.0-win32-x64\jre\21.0.10-win32-x86_64\bin\zip.dll
0x00007ff9ed5c0000 - 0x00007ff9ed5d0000 	C:\Users\dell\.vscode\extensions\redhat.java-1.54.0-win32-x64\jre\21.0.10-win32-x86_64\bin\net.dll
0x00007ffa2cd20000 - 0x00007ffa2ce49000 	C:\WINDOWS\SYSTEM32\WINHTTP.dll
0x00007ffa35490000 - 0x00007ffa354fc000 	C:\WINDOWS\system32\mswsock.dll
0x00007ff9ce810000 - 0x00007ff9ce826000 	C:\Users\dell\.vscode\extensions\redhat.java-1.54.0-win32-x64\jre\21.0.10-win32-x86_64\bin\nio.dll
0x00007ff9d3dd0000 - 0x00007ff9d3de0000 	c:\Users\dell\.vscode\extensions\redhat.java-1.54.0-win32-x64\jre\21.0.10-win32-x86_64\bin\verify.dll
0x00007ff9c2ed0000 - 0x00007ff9c2f15000 	C:\Users\dell\AppData\Roaming\Code\User\globalStorage\redhat.java\1.54.0\config_win\org.eclipse.equinox.launcher\org.eclipse.equinox.launcher.win32.win32.x86_64_1.3.0.v20260203-2149\eclipse_11919.dll
0x00007ffa38290000 - 0x00007ffa38427000 	C:\WINDOWS\System32\ole32.dll
0x00007ffa35770000 - 0x00007ffa3578b000 	C:\WINDOWS\SYSTEM32\CRYPTSP.dll
0x00007ffa34e80000 - 0x00007ffa34eb9000 	C:\WINDOWS\system32\rsaenh.dll
0x00007ffa35540000 - 0x00007ffa35573000 	C:\WINDOWS\SYSTEM32\USERENV.dll
0x00007ffa36080000 - 0x00007ffa360aa000 	C:\WINDOWS\SYSTEM32\bcrypt.dll
0x00007ffa35790000 - 0x00007ffa3579c000 	C:\WINDOWS\SYSTEM32\CRYPTBASE.dll
0x00007ffa348e0000 - 0x00007ffa34912000 	C:\WINDOWS\SYSTEM32\IPHLPAPI.DLL
0x00007ffa39380000 - 0x00007ffa3938a000 	C:\WINDOWS\System32\NSI.dll
0x00007ff9d52c0000 - 0x00007ff9d5309000 	C:\Users\dell\AppData\Local\Temp\jna-3079617\jna1289843897710196481.dll
0x00007ffa377e0000 - 0x00007ffa377e8000 	C:\WINDOWS\System32\PSAPI.DLL
0x00007ffa2f3d0000 - 0x00007ffa2f3ed000 	C:\WINDOWS\SYSTEM32\dhcpcsvc6.DLL
0x00007ffa2f3a0000 - 0x00007ffa2f3c5000 	C:\WINDOWS\SYSTEM32\dhcpcsvc.DLL
0x00007ffa26ed0000 - 0x00007ffa26ede000 	C:\Users\dell\.vscode\extensions\redhat.java-1.54.0-win32-x64\jre\21.0.10-win32-x86_64\bin\sunmscapi.dll
0x00007ffa371c0000 - 0x00007ffa37338000 	C:\WINDOWS\System32\CRYPT32.dll
0x00007ffa35990000 - 0x00007ffa359c0000 	C:\WINDOWS\SYSTEM32\ncrypt.dll
0x00007ffa35940000 - 0x00007ffa3597f000 	C:\WINDOWS\SYSTEM32\NTASN1.dll
0x00007ffa34970000 - 0x00007ffa34aa2000 	C:\WINDOWS\SYSTEM32\DNSAPI.dll
0x00007ffa269e0000 - 0x00007ffa269eb000 	C:\Windows\System32\rasadhlp.dll
0x00007ffa2fa90000 - 0x00007ffa2fb16000 	C:\WINDOWS\System32\fwpuclnt.dll
0x00007ffa26ec0000 - 0x00007ffa26ec9000 	C:\Users\dell\.vscode\extensions\redhat.java-1.54.0-win32-x64\jre\21.0.10-win32-x86_64\bin\extnet.dll

JVMTI agents:
c:\Users\dell\.vscode\extensions\redhat.java-1.54.0-win32-x64\lombok\lombok-1.18.39-4050.jar path:c:\Users\dell\.vscode\extensions\redhat.java-1.54.0-win32-x64\jre\21.0.10-win32-x86_64\bin\instrument.dll, loaded, initialized, instrumentlib options:none

dbghelp: loaded successfully - version: 4.0.5 - missing functions: none
symbol engine: initialized successfully - sym options: 0x614 - pdb path: .;c:\Users\dell\.vscode\extensions\redhat.java-1.54.0-win32-x64\jre\21.0.10-win32-x86_64\bin;C:\WINDOWS\SYSTEM32;C:\WINDOWS\WinSxS\amd64_microsoft.windows.common-controls_6595b64144ccf1df_6.0.26100.8457_none_3e0b2faee331e92d;c:\Users\dell\.vscode\extensions\redhat.java-1.54.0-win32-x64\jre\21.0.10-win32-x86_64\bin\server;C:\Users\dell\AppData\Roaming\Code\User\globalStorage\redhat.java\1.54.0\config_win\org.eclipse.equinox.launcher\org.eclipse.equinox.launcher.win32.win32.x86_64_1.3.0.v20260203-2149;C:\Users\dell\AppData\Local\Temp\jna-3079617

VM Arguments:
jvm_args: --add-modules=ALL-SYSTEM --add-opens=java.base/java.util=ALL-UNNAMED --add-opens=java.base/java.lang=ALL-UNNAMED --add-opens=java.base/sun.nio.fs=ALL-UNNAMED -Declipse.application=org.eclipse.jdt.ls.core.id1 -Dosgi.bundles.defaultStartLevel=4 -Declipse.product=org.eclipse.jdt.ls.core.product -Djava.import.generatesMetadataFilesAtProjectRoot=false -DDetectVMInstallationsJob.disabled=true -Dfile.encoding=utf8 -XX:+UseParallelGC -XX:GCTimeRatio=4 -XX:AdaptiveSizePolicyWeight=90 -Dsun.zip.disableMemoryMapping=true -Xmx2G -Xms100m -Xlog:disable -javaagent:c:\Users\dell\.vscode\extensions\redhat.java-1.54.0-win32-x64\lombok\lombok-1.18.39-4050.jar -XX:+HeapDumpOnOutOfMemoryError -XX:HeapDumpPath=c:\Users\dell\AppData\Roaming\Code\User\workspaceStorage\825c9b729f276fa6f788dd2d7ea7dcd6\redhat.java -Daether.dependencyCollector.impl=bf 
java_command: c:\Users\dell\.vscode\extensions\redhat.java-1.54.0-win32-x64\server\plugins\org.eclipse.equinox.launcher_1.7.100.v20251111-0406.jar -configuration c:\Users\dell\AppData\Roaming\Code\User\globalStorage\redhat.java\1.54.0\config_win -data c:\Users\dell\AppData\Roaming\Code\User\workspaceStorage\825c9b729f276fa6f788dd2d7ea7dcd6\redhat.java\jdt_ws --pipe=\\.\pipe\lsp-2a61776efd8d147c6f147f19ab44e05b-sock
java_class_path (initial): c:\Users\dell\.vscode\extensions\redhat.java-1.54.0-win32-x64\server\plugins\org.eclipse.equinox.launcher_1.7.100.v20251111-0406.jar
Launcher Type: SUN_STANDARD

[Global flags]
    uintx AdaptiveSizePolicyWeight                 = 90                                        {product} {command line}
     intx CICompilerCount                          = 4                                         {product} {ergonomic}
    uintx GCTimeRatio                              = 4                                         {product} {command line}
     bool HeapDumpOnOutOfMemoryError               = true                                   {manageable} {command line}
    ccstr HeapDumpPath                             = c:\Users\dell\AppData\Roaming\Code\User\workspaceStorage\825c9b729f276fa6f788dd2d7ea7dcd6\redhat.java         {manageable} {command line}
   size_t InitialHeapSize                          = 104857600                                 {product} {command line}
   size_t MaxHeapSize                              = 2147483648                                {product} {command line}
   size_t MaxNewSize                               = 715653120                                 {product} {ergonomic}
   size_t MinHeapDeltaBytes                        = 524288                                    {product} {ergonomic}
   size_t MinHeapSize                              = 104857600                                 {product} {command line}
   size_t NewSize                                  = 34603008                                  {product} {ergonomic}
    uintx NonNMethodCodeHeapSize                   = 5839372                                {pd product} {ergonomic}
    uintx NonProfiledCodeHeapSize                  = 122909434                              {pd product} {ergonomic}
   size_t OldSize                                  = 70254592                                  {product} {ergonomic}
    uintx ProfiledCodeHeapSize                     = 122909434                              {pd product} {ergonomic}
    uintx ReservedCodeCacheSize                    = 251658240                              {pd product} {ergonomic}
     bool SegmentedCodeCache                       = true                                      {product} {ergonomic}
   size_t SoftMaxHeapSize                          = 2147483648                             {manageable} {ergonomic}
     bool UseCompressedOops                        = true                           {product lp64_product} {ergonomic}
     bool UseLargePagesIndividualAllocation        = false                                  {pd product} {ergonomic}
     bool UseParallelGC                            = true                                      {product} {command line}

Logging:
Log output configuration:
 #0: stdout all=off uptime,level,tags foldmultilines=false
 #1: stderr all=off uptime,level,tags foldmultilines=false

Release file:
JAVA_VERSION="21.0.10" 
MODULES="java.base java.compiler java.datatransfer java.xml java.prefs java.desktop java.instrument java.logging java.management java.security.sasl java.naming java.rmi java.management.rmi java.net.http java.scripting java.security.jgss java.transaction.xa java.sql java.sql.rowset java.xml.crypto java.se java.smartcardio jdk.accessibility jdk.internal.jvmstat jdk.attach jdk.charsets jdk.internal.opt jdk.zipfs jdk.compiler jdk.crypto.ec jdk.crypto.cryptoki jdk.crypto.mscapi jdk.dynalink jdk.internal.ed jdk.editpad jdk.hotspot.agent jdk.httpserver jdk.internal.le jdk.internal.vm.ci jdk.internal.vm.compiler jdk.internal.vm.compiler.management jdk.jartool jdk.javadoc jdk.jcmd jdk.management jdk.management.agent jdk.jconsole jdk.jdeps jdk.jdwp.agent jdk.jdi jdk.jfr jdk.jshell jdk.jsobject jdk.jstatd jdk.localedata jdk.management.jfr jdk.naming.dns jdk.naming.rmi jdk.net jdk.nio.mapmode jdk.random jdk.sctp jdk.security.auth jdk.security.jgss jdk.unsupported jdk.unsupported.desktop jdk.xml.dom" 

Environment Variables:
JAVA_HOME=C:\Program Files\Eclipse Adoptium\jdk-17.0.14.7-hotspot\
PATH=C:\Program Files\Eclipse Adoptium\jdk-17.0.14.7-hotspot\bin;C:\WINDOWS\system32;C:\WINDOWS;C:\WINDOWS\System32\Wbem;C:\WINDOWS\System32\WindowsPowerShell\v1.0\;C:\WINDOWS\System32\OpenSSH\;C:\Program Files\dotnet\;C:\Program Files\MySQL\MySQL Server 8.0\bin;C:\Program Files\Git\cmd;C:\Program Files\nodejs\;C:\Program Files\Docker\Docker\resources\bin;C:\Program Files\MongoDB\Server\8.2\bin;C:\Users\dell\AppData\Local\Programs\mongosh;C:\Users\dell\Downloads\ngrok-v3-stable-windows-amd64;C:\Program Files\Microsoft SQL Server\170\Tools\Binn\;C:\Program Files\Microsoft SQL Server\Client SDK\ODBC\170\Tools\Binn\;C:\Users\dell\AppData\Local\Programs\Python\Python311\Scripts\;C:\Users\dell\AppData\Local\Programs\Python\Python311\;C:\Program Files\MySQL\MySQL Shell 8.0\bin\;C:\Users\dell\AppData\Local\Programs\Python\Launcher\;C:\Users\dell\AppData\Local\Microsoft\WindowsApps;C:\MinGW\bin;C:\Users\dell\AppData\Local\Programs\Microsoft VS Code\bin;C:\Users\dell\AppData\Roaming\Python\Python312\Scripts;C:\Program Files\JetBrains\IntelliJ IDEA Community Edition 2024.3.2.1\bin;;C:\Users\dell\AppData\Local\GitHubDesktop\bin;C:\Users\dell\AppData\Roaming\npm;C:\Users\dell\.dotnet\tools;C:\Users\dell\AppData\Local\Programs\mongosh\;C:\Users\dell\AppData\Local\Programs\Antigravity\bin;C:\Users\dell\AppData\Local\Programs\Kiro\bin;C:\Users\dell\AppData\Local\Programs\Antigravity IDE\bin
USERNAME=dell
OS=Windows_NT
PROCESSOR_IDENTIFIER=Intel64 Family 6 Model 186 Stepping 3, GenuineIntel
TMP=C:\Users\dell\AppData\Local\Temp
TEMP=C:\Users\dell\AppData\Local\Temp




Periodic native trim disabled

---------------  S Y S T E M  ---------------

OS:
 Windows 11 , 64 bit Build 26100 (10.0.26100.8328)
OS uptime: 3 days 3:34 hours
Hyper-V role detected

CPU: total 12 (initial active 12) (6 cores per cpu, 2 threads per core) family 6 model 186 stepping 3 microcode 0x6134, cx8, cmov, fxsr, ht, mmx, 3dnowpref, sse, sse2, sse3, ssse3, sse4.1, sse4.2, popcnt, lzcnt, tsc, tscinvbit, avx, avx2, aes, erms, clmul, bmi1, bmi2, adx, sha, fma, vzeroupper, clflush, clflushopt, clwb, hv, serialize, rdtscp, rdpid, fsrm, f16c, cet_ibt, cet_ss
Processor Information for the first 12 processors :
  Max Mhz: 1300, Current Mhz: 1300, Mhz Limit: 1300

Memory: 4k page, system-wide physical 7876M (457M free)
TotalPageFile size 32452M (AvailPageFile size 9M)
current process WorkingSet (physical memory assigned to process): 317M, peak: 319M
current process commit charge ("private bytes"): 413M, peak: 415M

vm_info: OpenJDK 64-Bit Server VM (21.0.10+7-LTS) for windows-amd64 JRE (21.0.10+7-LTS), built on 2026-01-20T00:00:00Z by "admin" with MS VC++ 17.12 (VS2022)

END.
