#
# There is insufficient memory for the Java Runtime Environment to continue.
# Native memory allocation (malloc) failed to allocate 1681296 bytes. Error detail: Chunk::new
# Possible reasons:
#   The system is out of physical RAM or swap space
#   This process is running with CompressedOops enabled, and the Java Heap may be blocking the growth of the native heap
# Possible solutions:
#   Reduce memory load on the system
#   Increase physical memory or swap space
#   Check if swap backing store is full
#   Decrease Java heap size (-Xmx/-Xms)
#   Decrease number of Java threads
#   Decrease Java thread stack sizes (-Xss)
#   Set larger code cache with -XX:ReservedCodeCacheSize=
#   JVM is running with Unscaled Compressed Oops mode in which the Java heap is
#     placed in the first 4GB address space. The Java Heap base address is the
#     maximum limit for the native heap growth. Please use -XX:HeapBaseMinAddress
#     to set the Java Heap base and to place the Java Heap above 4GB virtual address.
# This output file may be truncated or incomplete.
#
#  Out of Memory Error (arena.cpp:168), pid=1576, tid=23540
#
# JRE version: OpenJDK Runtime Environment Temurin-21.0.10+7 (21.0.10+7) (build 21.0.10+7-LTS)
# Java VM: OpenJDK 64-Bit Server VM Temurin-21.0.10+7 (21.0.10+7-LTS, mixed mode, sharing, tiered, compressed oops, compressed class ptrs, parallel gc, windows-amd64)
# No core dump will be written. Minidumps are not enabled by default on client versions of Windows
#

---------------  S U M M A R Y ------------

Command Line: --add-modules=ALL-SYSTEM --add-opens=java.base/java.util=ALL-UNNAMED --add-opens=java.base/java.lang=ALL-UNNAMED --add-opens=java.base/sun.nio.fs=ALL-UNNAMED -Declipse.application=org.eclipse.jdt.ls.core.id1 -Dosgi.bundles.defaultStartLevel=4 -Declipse.product=org.eclipse.jdt.ls.core.product -Djava.import.generatesMetadataFilesAtProjectRoot=false -DDetectVMInstallationsJob.disabled=true -Dfile.encoding=utf8 -XX:+UseParallelGC -XX:GCTimeRatio=4 -XX:AdaptiveSizePolicyWeight=90 -Dsun.zip.disableMemoryMapping=true -Xmx2G -Xms100m -Xlog:disable -javaagent:c:\Users\dell\.vscode\extensions\redhat.java-1.53.0-win32-x64\lombok\lombok-1.18.39-4050.jar -XX:+HeapDumpOnOutOfMemoryError -XX:HeapDumpPath=c:\Users\dell\AppData\Roaming\Code\User\workspaceStorage\825c9b729f276fa6f788dd2d7ea7dcd6\redhat.java -Daether.dependencyCollector.impl=bf c:\Users\dell\.vscode\extensions\redhat.java-1.53.0-win32-x64\server\plugins\org.eclipse.equinox.launcher_1.7.100.v20251111-0406.jar -configuration c:\Users\dell\AppData\Roaming\Code\User\globalStorage\redhat.java\1.53.0\config_win -data c:\Users\dell\AppData\Roaming\Code\User\workspaceStorage\825c9b729f276fa6f788dd2d7ea7dcd6\redhat.java\jdt_ws --pipe=\\.\pipe\lsp-2390b97000c3cb2ba794244dd166f131-sock

Host: 13th Gen Intel(R) Core(TM) i5-1335U, 12 cores, 7G,  Windows 11 , 64 bit Build 26100 (10.0.26100.7705)
Time: Wed Mar 25 23:56:57 2026 India Standard Time elapsed time: 33.142088 seconds (0d 0h 0m 33s)

---------------  T H R E A D  ---------------

Current thread (0x00000164686989e0):  JavaThread "C2 CompilerThread1" daemon [_thread_in_native, id=23540, stack(0x0000002f4b000000,0x0000002f4b100000) (1024K)]


Current CompileTask:
C2:33142 4176   !   4       org.eclipse.osgi.internal.loader.classpath.ClasspathManager::findClassImpl (328 bytes)

Stack: [0x0000002f4b000000,0x0000002f4b100000]
Native frames: (J=compiled Java code, j=interpreted, Vv=VM code, C=native code)
V  [jvm.dll+0x6d7a39]
V  [jvm.dll+0x8b4b26]
V  [jvm.dll+0x8b70de]
V  [jvm.dll+0x8b77c3]
V  [jvm.dll+0x284346]
V  [jvm.dll+0xc66ed]
V  [jvm.dll+0xc6c31]
V  [jvm.dll+0x3bec01]
V  [jvm.dll+0x38b162]
V  [jvm.dll+0x38a5aa]
V  [jvm.dll+0x24c560]
V  [jvm.dll+0x24bb40]
V  [jvm.dll+0x1cb34e]
V  [jvm.dll+0x25b85d]
V  [jvm.dll+0x259dea]
V  [jvm.dll+0x3f857e]
V  [jvm.dll+0x85f59d]
V  [jvm.dll+0x6d626d]
C  [ucrtbase.dll+0x37b0]
C  [KERNEL32.DLL+0x2e8d7]
C  [ntdll.dll+0x8c40c]


---------------  P R O C E S S  ---------------

Threads class SMR info:
_java_thread_list=0x00000164635b3a30, length=24, elements={
0x000001644a42dcd0, 0x000001644a4d73b0, 0x000001644a3de440, 0x000001644a4d8c20,
0x000001644a4d9780, 0x000001644a4dd860, 0x000001644a4e3840, 0x0000016462149fc0,
0x000001644a4ebab0, 0x0000016462391150, 0x00000164624639c0, 0x00000164633d1e90,
0x00000164632af220, 0x00000164624357f0, 0x00000164635b41a0, 0x0000016468073b20,
0x00000164621b2900, 0x00000164636b0e80, 0x00000164682f9e90, 0x00000164682fa520,
0x00000164682f7dc0, 0x00000164682f8450, 0x00000164686989e0, 0x00000164682f9170
}

Java Threads: ( => current thread )
  0x000001644a42dcd0 JavaThread "main"                              [_thread_blocked, id=18792, stack(0x0000002f48f00000,0x0000002f49000000) (1024K)]
  0x000001644a4d73b0 JavaThread "Reference Handler"          daemon [_thread_blocked, id=12248, stack(0x0000002f49300000,0x0000002f49400000) (1024K)]
  0x000001644a3de440 JavaThread "Finalizer"                  daemon [_thread_blocked, id=31572, stack(0x0000002f49400000,0x0000002f49500000) (1024K)]
  0x000001644a4d8c20 JavaThread "Signal Dispatcher"          daemon [_thread_blocked, id=29564, stack(0x0000002f49500000,0x0000002f49600000) (1024K)]
  0x000001644a4d9780 JavaThread "Attach Listener"            daemon [_thread_blocked, id=22952, stack(0x0000002f49600000,0x0000002f49700000) (1024K)]
  0x000001644a4dd860 JavaThread "Service Thread"             daemon [_thread_blocked, id=16696, stack(0x0000002f49700000,0x0000002f49800000) (1024K)]
  0x000001644a4e3840 JavaThread "Monitor Deflation Thread"   daemon [_thread_blocked, id=8804, stack(0x0000002f49800000,0x0000002f49900000) (1024K)]
  0x0000016462149fc0 JavaThread "C2 CompilerThread0"         daemon [_thread_in_native, id=25200, stack(0x0000002f49900000,0x0000002f49a00000) (1024K)]
  0x000001644a4ebab0 JavaThread "C1 CompilerThread0"         daemon [_thread_blocked, id=1652, stack(0x0000002f49a00000,0x0000002f49b00000) (1024K)]
  0x0000016462391150 JavaThread "Common-Cleaner"             daemon [_thread_blocked, id=10096, stack(0x0000002f49b00000,0x0000002f49c00000) (1024K)]
  0x00000164624639c0 JavaThread "Notification Thread"        daemon [_thread_blocked, id=27912, stack(0x0000002f49c00000,0x0000002f49d00000) (1024K)]
  0x00000164633d1e90 JavaThread "Active Thread: Equinox Container: 6ab91200-62ed-4b89-bfc9-16e7736e8444"        [_thread_blocked, id=7400, stack(0x0000002f49d00000,0x0000002f49e00000) (1024K)]
  0x00000164632af220 JavaThread "Refresh Thread: Equinox Container: 6ab91200-62ed-4b89-bfc9-16e7736e8444" daemon [_thread_blocked, id=21732, stack(0x0000002f4a400000,0x0000002f4a500000) (1024K)]
  0x00000164624357f0 JavaThread "Framework Event Dispatcher: Equinox Container: 6ab91200-62ed-4b89-bfc9-16e7736e8444" daemon [_thread_blocked, id=320, stack(0x0000002f4a600000,0x0000002f4a700000) (1024K)]
  0x00000164635b41a0 JavaThread "Start Level: Equinox Container: 6ab91200-62ed-4b89-bfc9-16e7736e8444" daemon [_thread_in_vm, id=29468, stack(0x0000002f4a700000,0x0000002f4a800000) (1024K)]
  0x0000016468073b20 JavaThread "Bundle File Closer"         daemon [_thread_blocked, id=10796, stack(0x0000002f4ab00000,0x0000002f4ac00000) (1024K)]
  0x00000164621b2900 JavaThread "SCR Component Actor"        daemon [_thread_blocked, id=21736, stack(0x0000002f4aa00000,0x0000002f4ab00000) (1024K)]
  0x00000164636b0e80 JavaThread "Worker-JM"                         [_thread_blocked, id=8044, stack(0x0000002f4ac00000,0x0000002f4ad00000) (1024K)]
  0x00000164682f9e90 JavaThread "JNA Cleaner"                daemon [_thread_blocked, id=7968, stack(0x0000002f4ad00000,0x0000002f4ae00000) (1024K)]
  0x00000164682fa520 JavaThread "Worker-0: Updating Maven Dependencies"        [_thread_in_Java, id=20832, stack(0x0000002f4ae00000,0x0000002f4af00000) (1024K)]
  0x00000164682f7dc0 JavaThread "Worker-1"                          [_thread_blocked, id=12428, stack(0x0000002f4af00000,0x0000002f4b000000) (1024K)]
  0x00000164682f8450 JavaThread "Worker-2: Repository registry initialization"        [_thread_blocked, id=22848, stack(0x0000002f4b100000,0x0000002f4b200000) (1024K)]
=>0x00000164686989e0 JavaThread "C2 CompilerThread1"         daemon [_thread_in_native, id=23540, stack(0x0000002f4b000000,0x0000002f4b100000) (1024K)]
  0x00000164682f9170 JavaThread "Worker-3: Building"                [_thread_blocked, id=8384, stack(0x0000002f4b200000,0x0000002f4b300000) (1024K)]
Total: 24

Other Threads:
  0x000001644a3c2ce0 VMThread "VM Thread"                           [id=21820, stack(0x0000002f49200000,0x0000002f49300000) (1024K)]
  0x000001644a2bca00 WatcherThread "VM Periodic Task Thread"        [id=31716, stack(0x0000002f49100000,0x0000002f49200000) (1024K)]
  0x000001644a44cdc0 WorkerThread "GC Thread#0"                     [id=22588, stack(0x0000002f49000000,0x0000002f49100000) (1024K)]
  0x00000164623a3990 WorkerThread "GC Thread#1"                     [id=31272, stack(0x0000002f49e00000,0x0000002f49f00000) (1024K)]
  0x00000164623a35e0 WorkerThread "GC Thread#2"                     [id=7184, stack(0x0000002f49f00000,0x0000002f4a000000) (1024K)]
  0x00000164623a2ad0 WorkerThread "GC Thread#3"                     [id=3104, stack(0x0000002f4a000000,0x0000002f4a100000) (1024K)]
  0x00000164623a2720 WorkerThread "GC Thread#4"                     [id=2496, stack(0x0000002f4a100000,0x0000002f4a200000) (1024K)]
  0x00000164623a1fc0 WorkerThread "GC Thread#5"                     [id=31140, stack(0x0000002f4a200000,0x0000002f4a300000) (1024K)]
  0x00000164623a2370 WorkerThread "GC Thread#6"                     [id=28448, stack(0x0000002f4a300000,0x0000002f4a400000) (1024K)]
  0x000001646800a100 WorkerThread "GC Thread#7"                     [id=16484, stack(0x0000002f4a500000,0x0000002f4a600000) (1024K)]
  0x000001646800c230 WorkerThread "GC Thread#8"                     [id=4132, stack(0x0000002f4a800000,0x0000002f4a900000) (1024K)]
  0x000001646800afc0 WorkerThread "GC Thread#9"                     [id=3840, stack(0x0000002f4a900000,0x0000002f4aa00000) (1024K)]
Total: 12

Threads with active compile tasks:
C2 CompilerThread0  34175 4107       4       java.lang.invoke.MethodType::makeImpl (109 bytes)
C2 CompilerThread1  34175 4176   !   4       org.eclipse.osgi.internal.loader.classpath.ClasspathManager::findClassImpl (328 bytes)
Total: 2

VM state: not at safepoint (normal execution)

VM Mutex/Monitor currently owned by a thread: None

Heap address: 0x0000000080000000, size: 2048 MB, Compressed Oops mode: 32-bit

CDS archive(s) mapped at: [0x0000016400000000-0x0000016400ba0000-0x0000016400ba0000), size 12189696, SharedBaseAddress: 0x0000016400000000, ArchiveRelocationMode: 1.
Compressed class space mapped at: 0x0000016401000000-0x0000016441000000, reserved size: 1073741824
Narrow klass base: 0x0000016400000000, Narrow klass shift: 0, Narrow klass range: 0x100000000

GC Precious Log:
 CardTable entry size: 512
 CPUs: 12 total, 12 available
 Memory: 7876M
 Large Page Support: Disabled
 NUMA Support: Disabled
 Compressed Oops: Enabled (32-bit)
 Alignments: Space 512K, Generation 512K, Heap 2M
 Heap Min Capacity: 100M
 Heap Initial Capacity: 100M
 Heap Max Capacity: 2G
 Pre-touch: Disabled
 Parallel Workers: 10

Heap:
 PSYoungGen      total 25088K, used 17113K [0x00000000d5580000, 0x00000000d7380000, 0x0000000100000000)
  eden space 24064K, 67% used [0x00000000d5580000,0x00000000d65599f8,0x00000000d6d00000)
  from space 1024K, 86% used [0x00000000d7280000,0x00000000d735cac0,0x00000000d7380000)
  to   space 2560K, 0% used [0x00000000d6e80000,0x00000000d6e80000,0x00000000d7100000)
 ParOldGen       total 68608K, used 13244K [0x0000000080000000, 0x0000000084300000, 0x00000000d5580000)
  object space 68608K, 19% used [0x0000000080000000,0x0000000080cef0f8,0x0000000084300000)
 Metaspace       used 25239K, committed 26176K, reserved 1114112K
  class space    used 2580K, committed 2944K, reserved 1048576K

Card table byte_map: [0x0000016449dd0000,0x000001644a1e0000] _byte_map_base: 0x00000164499d0000

Marking Bits: (ParMarkBitMap*) 0x00007ffcc6ac3450
 Begin Bits: [0x000001645c8e0000, 0x000001645e8e0000)
 End Bits:   [0x000001645e8e0000, 0x00000164608e0000)

Polling page: 0x0000016447f70000

Metaspace:

Usage:
  Non-class:     22.13 MB used.
      Class:      2.52 MB used.
       Both:     24.65 MB used.

Virtual space:
  Non-class space:       64.00 MB reserved,      22.69 MB ( 35%) committed,  1 nodes.
      Class space:        1.00 GB reserved,       2.88 MB ( <1%) committed,  1 nodes.
             Both:        1.06 GB reserved,      25.56 MB (  2%) committed. 

Chunk freelists:
   Non-Class:  9.34 MB
       Class:  13.00 MB
        Both:  22.34 MB

MaxMetaspaceSize: unlimited
CompressedClassSpaceSize: 1.00 GB
Initial GC threshold: 21.00 MB
Current GC threshold: 35.00 MB
CDS: on
 - commit_granule_bytes: 65536.
 - commit_granule_words: 8192.
 - virtual_space_node_default_size: 8388608.
 - enlarge_chunks_in_place: 1.
 - use_allocation_guard: 0.


Internal statistics:

num_allocs_failed_limit: 3.
num_arena_births: 714.
num_arena_deaths: 14.
num_vsnodes_births: 2.
num_vsnodes_deaths: 0.
num_space_committed: 409.
num_space_uncommitted: 0.
num_chunks_returned_to_freelist: 17.
num_chunks_taken_from_freelist: 1763.
num_chunk_merges: 9.
num_chunk_splits: 1099.
num_chunks_enlarged: 662.
num_inconsistent_stats: 0.

CodeHeap 'non-profiled nmethods': size=120000Kb used=1871Kb max_used=1871Kb free=118128Kb
 bounds [0x0000016455100000, 0x0000016455370000, 0x000001645c630000]
CodeHeap 'profiled nmethods': size=120000Kb used=8648Kb max_used=8648Kb free=111351Kb
 bounds [0x000001644d630000, 0x000001644deb0000, 0x0000016454b60000]
CodeHeap 'non-nmethods': size=5760Kb used=1293Kb max_used=1328Kb free=4467Kb
 bounds [0x0000016454b60000, 0x0000016454dd0000, 0x0000016455100000]
CodeCache: size=245760Kb, used=11812Kb, max_used=11847Kb, free=233946Kb
 total_blobs=4780, nmethods=4205, adapters=481, full_count=0
Compilation: enabled, stopped_count=0, restarted_count=0

Compilation events (20 events):
Event: 32.013 Thread 0x000001644a4ebab0 4203       3       org.lombokweb.asm.ClassReader::createLabel (21 bytes)
Event: 32.014 Thread 0x000001644a4ebab0 nmethod 4203 0x000001644de9b810 code [0x000001644de9b9e0, 0x000001644de9be20]
Event: 32.014 Thread 0x000001644a4ebab0 4202       3       org.lombokweb.asm.MethodVisitor::visitInsn (16 bytes)
Event: 32.014 Thread 0x000001644a4ebab0 nmethod 4202 0x000001644de9c010 code [0x000001644de9c1c0, 0x000001644de9c3c8]
Event: 32.018 Thread 0x000001644a4ebab0 4206       3       java.net.URI::toURL (6 bytes)
Event: 32.019 Thread 0x000001644a4ebab0 nmethod 4206 0x000001644de9c490 code [0x000001644de9c640, 0x000001644de9c788]
Event: 32.021 Thread 0x000001644a4ebab0 4207       3       org.lombokweb.asm.MethodVisitor::visitLineNumber (17 bytes)
Event: 32.022 Thread 0x000001644a4ebab0 nmethod 4207 0x000001644de9c810 code [0x000001644de9c9c0, 0x000001644de9cbc8]
Event: 32.022 Thread 0x000001644a4ebab0 4208       3       org.lombokweb.asm.Symbol::getArgumentsAndReturnSizes (23 bytes)
Event: 32.022 Thread 0x000001644a4ebab0 nmethod 4208 0x000001644de9cc90 code [0x000001644de9ce40, 0x000001644de9cfc0]
Event: 32.022 Thread 0x000001644a4ebab0 4211       3       org.lombokweb.asm.ByteVector::put11 (52 bytes)
Event: 32.022 Thread 0x000001644a4ebab0 nmethod 4211 0x000001644de9d090 code [0x000001644de9d240, 0x000001644de9d448]
Event: 32.022 Thread 0x000001644a4ebab0 4209       3       org.lombokweb.asm.MethodWriter::visitMethodInsn (191 bytes)
Event: 32.030 Thread 0x000001644a4ebab0 nmethod 4209 0x000001644de9d590 code [0x000001644de9d7e0, 0x000001644de9dfa0]
Event: 32.030 Thread 0x000001644a4ebab0 4213       3       org.lombokweb.asm.MethodVisitor::visitLabel (16 bytes)
Event: 32.033 Thread 0x000001644a4ebab0 nmethod 4213 0x000001644de9e290 code [0x000001644de9e440, 0x000001644de9e648]
Event: 32.033 Thread 0x000001644a4ebab0 4210       3       org.lombokweb.asm.SymbolTable::addConstantMethodref (24 bytes)
Event: 32.034 Thread 0x000001644a4ebab0 nmethod 4210 0x000001644de9e710 code [0x000001644de9e8c0, 0x000001644de9ea60]
Event: 32.034 Thread 0x000001644a4ebab0 4212       3       org.lombokweb.asm.MethodWriter::visitJumpInsn (495 bytes)
Event: 32.044 Thread 0x000001644a4ebab0 nmethod 4212 0x000001644de9eb10 code [0x000001644de9ee60, 0x000001644de9fe68]

GC Heap History (18 events):
Event: 2.716 GC heap before
{Heap before GC invocations=1 (full 0):
 PSYoungGen      total 29696K, used 25600K [0x00000000d5580000, 0x00000000d7680000, 0x0000000100000000)
  eden space 25600K, 100% used [0x00000000d5580000,0x00000000d6e80000,0x00000000d6e80000)
  from space 4096K, 0% used [0x00000000d7280000,0x00000000d7280000,0x00000000d7680000)
  to   space 4096K, 0% used [0x00000000d6e80000,0x00000000d6e80000,0x00000000d7280000)
 ParOldGen       total 68608K, used 0K [0x0000000080000000, 0x0000000084300000, 0x00000000d5580000)
  object space 68608K, 0% used [0x0000000080000000,0x0000000080000000,0x0000000084300000)
 Metaspace       used 4323K, committed 4608K, reserved 1114112K
  class space    used 473K, committed 576K, reserved 1048576K
}
Event: 2.741 GC heap after
{Heap after GC invocations=1 (full 0):
 PSYoungGen      total 29696K, used 3328K [0x00000000d5580000, 0x00000000d7680000, 0x0000000100000000)
  eden space 25600K, 0% used [0x00000000d5580000,0x00000000d5580000,0x00000000d6e80000)
  from space 4096K, 81% used [0x00000000d6e80000,0x00000000d71c0138,0x00000000d7280000)
  to   space 4096K, 0% used [0x00000000d7280000,0x00000000d7280000,0x00000000d7680000)
 ParOldGen       total 68608K, used 16K [0x0000000080000000, 0x0000000084300000, 0x00000000d5580000)
  object space 68608K, 0% used [0x0000000080000000,0x0000000080004000,0x0000000084300000)
 Metaspace       used 4323K, committed 4608K, reserved 1114112K
  class space    used 473K, committed 576K, reserved 1048576K
}
Event: 10.750 GC heap before
{Heap before GC invocations=2 (full 0):
 PSYoungGen      total 29696K, used 28928K [0x00000000d5580000, 0x00000000d7680000, 0x0000000100000000)
  eden space 25600K, 100% used [0x00000000d5580000,0x00000000d6e80000,0x00000000d6e80000)
  from space 4096K, 81% used [0x00000000d6e80000,0x00000000d71c0138,0x00000000d7280000)
  to   space 4096K, 0% used [0x00000000d7280000,0x00000000d7280000,0x00000000d7680000)
 ParOldGen       total 68608K, used 16K [0x0000000080000000, 0x0000000084300000, 0x00000000d5580000)
  object space 68608K, 0% used [0x0000000080000000,0x0000000080004000,0x0000000084300000)
 Metaspace       used 8000K, committed 8320K, reserved 1114112K
  class space    used 829K, committed 960K, reserved 1048576K
}
Event: 10.770 GC heap after
{Heap after GC invocations=2 (full 0):
 PSYoungGen      total 29696K, used 4070K [0x00000000d5580000, 0x00000000d7680000, 0x0000000100000000)
  eden space 25600K, 0% used [0x00000000d5580000,0x00000000d5580000,0x00000000d6e80000)
  from space 4096K, 99% used [0x00000000d7280000,0x00000000d7679800,0x00000000d7680000)
  to   space 4096K, 0% used [0x00000000d6e80000,0x00000000d6e80000,0x00000000d7280000)
 ParOldGen       total 68608K, used 2069K [0x0000000080000000, 0x0000000084300000, 0x00000000d5580000)
  object space 68608K, 3% used [0x0000000080000000,0x0000000080205648,0x0000000084300000)
 Metaspace       used 8000K, committed 8320K, reserved 1114112K
  class space    used 829K, committed 960K, reserved 1048576K
}
Event: 12.918 GC heap before
{Heap before GC invocations=3 (full 0):
 PSYoungGen      total 29696K, used 29632K [0x00000000d5580000, 0x00000000d7680000, 0x0000000100000000)
  eden space 25600K, 99% used [0x00000000d5580000,0x00000000d6e76870,0x00000000d6e80000)
  from space 4096K, 99% used [0x00000000d7280000,0x00000000d7679800,0x00000000d7680000)
  to   space 4096K, 0% used [0x00000000d6e80000,0x00000000d6e80000,0x00000000d7280000)
 ParOldGen       total 68608K, used 2069K [0x0000000080000000, 0x0000000084300000, 0x00000000d5580000)
  object space 68608K, 3% used [0x0000000080000000,0x0000000080205648,0x0000000084300000)
 Metaspace       used 9472K, committed 9792K, reserved 1114112K
  class space    used 1008K, committed 1152K, reserved 1048576K
}
Event: 12.939 GC heap after
{Heap after GC invocations=3 (full 0):
 PSYoungGen      total 29696K, used 4094K [0x00000000d5580000, 0x00000000d7680000, 0x0000000100000000)
  eden space 25600K, 0% used [0x00000000d5580000,0x00000000d5580000,0x00000000d6e80000)
  from space 4096K, 99% used [0x00000000d6e80000,0x00000000d727fb48,0x00000000d7280000)
  to   space 4096K, 0% used [0x00000000d7280000,0x00000000d7280000,0x00000000d7680000)
 ParOldGen       total 68608K, used 5150K [0x0000000080000000, 0x0000000084300000, 0x00000000d5580000)
  object space 68608K, 7% used [0x0000000080000000,0x00000000805078b0,0x0000000084300000)
 Metaspace       used 9472K, committed 9792K, reserved 1114112K
  class space    used 1008K, committed 1152K, reserved 1048576K
}
Event: 15.513 GC heap before
{Heap before GC invocations=4 (full 0):
 PSYoungGen      total 29696K, used 29694K [0x00000000d5580000, 0x00000000d7680000, 0x0000000100000000)
  eden space 25600K, 100% used [0x00000000d5580000,0x00000000d6e80000,0x00000000d6e80000)
  from space 4096K, 99% used [0x00000000d6e80000,0x00000000d727fb48,0x00000000d7280000)
  to   space 4096K, 0% used [0x00000000d7280000,0x00000000d7280000,0x00000000d7680000)
 ParOldGen       total 68608K, used 5150K [0x0000000080000000, 0x0000000084300000, 0x00000000d5580000)
  object space 68608K, 7% used [0x0000000080000000,0x00000000805078b0,0x0000000084300000)
 Metaspace       used 11724K, committed 12160K, reserved 1114112K
  class space    used 1241K, committed 1408K, reserved 1048576K
}
Event: 15.527 GC heap after
{Heap after GC invocations=4 (full 0):
 PSYoungGen      total 29696K, used 4081K [0x00000000d5580000, 0x00000000d7680000, 0x0000000100000000)
  eden space 25600K, 0% used [0x00000000d5580000,0x00000000d5580000,0x00000000d6e80000)
  from space 4096K, 99% used [0x00000000d7280000,0x00000000d767c480,0x00000000d7680000)
  to   space 4096K, 0% used [0x00000000d6e80000,0x00000000d6e80000,0x00000000d7280000)
 ParOldGen       total 68608K, used 6821K [0x0000000080000000, 0x0000000084300000, 0x00000000d5580000)
  object space 68608K, 9% used [0x0000000080000000,0x00000000806a9778,0x0000000084300000)
 Metaspace       used 11724K, committed 12160K, reserved 1114112K
  class space    used 1241K, committed 1408K, reserved 1048576K
}
Event: 19.196 GC heap before
{Heap before GC invocations=5 (full 0):
 PSYoungGen      total 29696K, used 29681K [0x00000000d5580000, 0x00000000d7680000, 0x0000000100000000)
  eden space 25600K, 100% used [0x00000000d5580000,0x00000000d6e80000,0x00000000d6e80000)
  from space 4096K, 99% used [0x00000000d7280000,0x00000000d767c480,0x00000000d7680000)
  to   space 4096K, 0% used [0x00000000d6e80000,0x00000000d6e80000,0x00000000d7280000)
 ParOldGen       total 68608K, used 6821K [0x0000000080000000, 0x0000000084300000, 0x00000000d5580000)
  object space 68608K, 9% used [0x0000000080000000,0x00000000806a9778,0x0000000084300000)
 Metaspace       used 15617K, committed 16256K, reserved 1114112K
  class space    used 1618K, committed 1920K, reserved 1048576K
}
Event: 19.209 GC heap after
{Heap after GC invocations=5 (full 0):
 PSYoungGen      total 29184K, used 4071K [0x00000000d5580000, 0x00000000d7900000, 0x0000000100000000)
  eden space 25088K, 0% used [0x00000000d5580000,0x00000000d5580000,0x00000000d6e00000)
  from space 4096K, 99% used [0x00000000d6e80000,0x00000000d7279ed8,0x00000000d7280000)
  to   space 5632K, 0% used [0x00000000d7380000,0x00000000d7380000,0x00000000d7900000)
 ParOldGen       total 68608K, used 8074K [0x0000000080000000, 0x0000000084300000, 0x00000000d5580000)
  object space 68608K, 11% used [0x0000000080000000,0x00000000807e29a8,0x0000000084300000)
 Metaspace       used 15617K, committed 16256K, reserved 1114112K
  class space    used 1618K, committed 1920K, reserved 1048576K
}
Event: 25.418 GC heap before
{Heap before GC invocations=6 (full 0):
 PSYoungGen      total 29184K, used 29159K [0x00000000d5580000, 0x00000000d7900000, 0x0000000100000000)
  eden space 25088K, 100% used [0x00000000d5580000,0x00000000d6e00000,0x00000000d6e00000)
  from space 4096K, 99% used [0x00000000d6e80000,0x00000000d7279ed8,0x00000000d7280000)
  to   space 5632K, 0% used [0x00000000d7380000,0x00000000d7380000,0x00000000d7900000)
 ParOldGen       total 68608K, used 8074K [0x0000000080000000, 0x0000000084300000, 0x00000000d5580000)
  object space 68608K, 11% used [0x0000000080000000,0x00000000807e29a8,0x0000000084300000)
 Metaspace       used 18684K, committed 19456K, reserved 1114112K
  class space    used 1953K, committed 2304K, reserved 1048576K
}
Event: 25.436 GC heap after
{Heap after GC invocations=6 (full 0):
 PSYoungGen      total 30208K, used 5616K [0x00000000d5580000, 0x00000000d7980000, 0x0000000100000000)
  eden space 24576K, 0% used [0x00000000d5580000,0x00000000d5580000,0x00000000d6d80000)
  from space 5632K, 99% used [0x00000000d7380000,0x00000000d78fc3c0,0x00000000d7900000)
  to   space 6144K, 0% used [0x00000000d6d80000,0x00000000d6d80000,0x00000000d7380000)
 ParOldGen       total 68608K, used 8082K [0x0000000080000000, 0x0000000084300000, 0x00000000d5580000)
  object space 68608K, 11% used [0x0000000080000000,0x00000000807e49a8,0x0000000084300000)
 Metaspace       used 18684K, committed 19456K, reserved 1114112K
  class space    used 1953K, committed 2304K, reserved 1048576K
}
Event: 27.084 GC heap before
{Heap before GC invocations=7 (full 0):
 PSYoungGen      total 30208K, used 26391K [0x00000000d5580000, 0x00000000d7980000, 0x0000000100000000)
  eden space 24576K, 84% used [0x00000000d5580000,0x00000000d69c9938,0x00000000d6d80000)
  from space 5632K, 99% used [0x00000000d7380000,0x00000000d78fc3c0,0x00000000d7900000)
  to   space 6144K, 0% used [0x00000000d6d80000,0x00000000d6d80000,0x00000000d7380000)
 ParOldGen       total 68608K, used 8082K [0x0000000080000000, 0x0000000084300000, 0x00000000d5580000)
  object space 68608K, 11% used [0x0000000080000000,0x00000000807e49a8,0x0000000084300000)
 Metaspace       used 20713K, committed 21504K, reserved 1114112K
  class space    used 2196K, committed 2560K, reserved 1048576K
}
Event: 27.099 GC heap after
{Heap after GC invocations=7 (full 0):
 PSYoungGen      total 29184K, used 4426K [0x00000000d5580000, 0x00000000d7780000, 0x0000000100000000)
  eden space 24576K, 0% used [0x00000000d5580000,0x00000000d5580000,0x00000000d6d80000)
  from space 4608K, 96% used [0x00000000d6d80000,0x00000000d71d29b0,0x00000000d7200000)
  to   space 5120K, 0% used [0x00000000d7280000,0x00000000d7280000,0x00000000d7780000)
 ParOldGen       total 68608K, used 9539K [0x0000000080000000, 0x0000000084300000, 0x00000000d5580000)
  object space 68608K, 13% used [0x0000000080000000,0x0000000080950fb0,0x0000000084300000)
 Metaspace       used 20713K, committed 21504K, reserved 1114112K
  class space    used 2196K, committed 2560K, reserved 1048576K
}
Event: 27.099 GC heap before
{Heap before GC invocations=8 (full 1):
 PSYoungGen      total 29184K, used 4426K [0x00000000d5580000, 0x00000000d7780000, 0x0000000100000000)
  eden space 24576K, 0% used [0x00000000d5580000,0x00000000d5580000,0x00000000d6d80000)
  from space 4608K, 96% used [0x00000000d6d80000,0x00000000d71d29b0,0x00000000d7200000)
  to   space 5120K, 0% used [0x00000000d7280000,0x00000000d7280000,0x00000000d7780000)
 ParOldGen       total 68608K, used 9539K [0x0000000080000000, 0x0000000084300000, 0x00000000d5580000)
  object space 68608K, 13% used [0x0000000080000000,0x0000000080950fb0,0x0000000084300000)
 Metaspace       used 20713K, committed 21504K, reserved 1114112K
  class space    used 2196K, committed 2560K, reserved 1048576K
}
Event: 27.228 GC heap after
{Heap after GC invocations=8 (full 1):
 PSYoungGen      total 29184K, used 0K [0x00000000d5580000, 0x00000000d7780000, 0x0000000100000000)
  eden space 24576K, 0% used [0x00000000d5580000,0x00000000d5580000,0x00000000d6d80000)
  from space 4608K, 0% used [0x00000000d6d80000,0x00000000d6d80000,0x00000000d7200000)
  to   space 5120K, 0% used [0x00000000d7280000,0x00000000d7280000,0x00000000d7780000)
 ParOldGen       total 68608K, used 13236K [0x0000000080000000, 0x0000000084300000, 0x00000000d5580000)
  object space 68608K, 19% used [0x0000000080000000,0x0000000080ced0f8,0x0000000084300000)
 Metaspace       used 20700K, committed 21504K, reserved 1114112K
  class space    used 2193K, committed 2560K, reserved 1048576K
}
Event: 28.501 GC heap before
{Heap before GC invocations=9 (full 1):
 PSYoungGen      total 29184K, used 24576K [0x00000000d5580000, 0x00000000d7780000, 0x0000000100000000)
  eden space 24576K, 100% used [0x00000000d5580000,0x00000000d6d80000,0x00000000d6d80000)
  from space 4608K, 0% used [0x00000000d6d80000,0x00000000d6d80000,0x00000000d7200000)
  to   space 5120K, 0% used [0x00000000d7280000,0x00000000d7280000,0x00000000d7780000)
 ParOldGen       total 68608K, used 13236K [0x0000000080000000, 0x0000000084300000, 0x00000000d5580000)
  object space 68608K, 19% used [0x0000000080000000,0x0000000080ced0f8,0x0000000084300000)
 Metaspace       used 22874K, committed 23744K, reserved 1114112K
  class space    used 2379K, committed 2752K, reserved 1048576K
}
Event: 28.508 GC heap after
{Heap after GC invocations=9 (full 1):
 PSYoungGen      total 25088K, used 882K [0x00000000d5580000, 0x00000000d7380000, 0x0000000100000000)
  eden space 24064K, 0% used [0x00000000d5580000,0x00000000d5580000,0x00000000d6d00000)
  from space 1024K, 86% used [0x00000000d7280000,0x00000000d735cac0,0x00000000d7380000)
  to   space 2560K, 0% used [0x00000000d6e80000,0x00000000d6e80000,0x00000000d7100000)
 ParOldGen       total 68608K, used 13244K [0x0000000080000000, 0x0000000084300000, 0x00000000d5580000)
  object space 68608K, 19% used [0x0000000080000000,0x0000000080cef0f8,0x0000000084300000)
 Metaspace       used 22874K, committed 23744K, reserved 1114112K
  class space    used 2379K, committed 2752K, reserved 1048576K
}

Dll operation events (10 events):
Event: 0.031 Loaded shared library c:\Users\dell\.vscode\extensions\redhat.java-1.53.0-win32-x64\jre\21.0.10-win32-x86_64\bin\java.dll
Event: 0.175 Loaded shared library c:\Users\dell\.vscode\extensions\redhat.java-1.53.0-win32-x64\jre\21.0.10-win32-x86_64\bin\zip.dll
Event: 0.225 Loaded shared library C:\Users\dell\.vscode\extensions\redhat.java-1.53.0-win32-x64\jre\21.0.10-win32-x86_64\bin\instrument.dll
Event: 0.238 Loaded shared library C:\Users\dell\.vscode\extensions\redhat.java-1.53.0-win32-x64\jre\21.0.10-win32-x86_64\bin\net.dll
Event: 0.244 Loaded shared library C:\Users\dell\.vscode\extensions\redhat.java-1.53.0-win32-x64\jre\21.0.10-win32-x86_64\bin\nio.dll
Event: 0.250 Loaded shared library C:\Users\dell\.vscode\extensions\redhat.java-1.53.0-win32-x64\jre\21.0.10-win32-x86_64\bin\zip.dll
Event: 0.288 Loaded shared library C:\Users\dell\.vscode\extensions\redhat.java-1.53.0-win32-x64\jre\21.0.10-win32-x86_64\bin\jimage.dll
Event: 0.572 Loaded shared library c:\Users\dell\.vscode\extensions\redhat.java-1.53.0-win32-x64\jre\21.0.10-win32-x86_64\bin\verify.dll
Event: 10.886 Loaded shared library C:\Users\dell\AppData\Roaming\Code\User\globalStorage\redhat.java\1.53.0\config_win\org.eclipse.equinox.launcher\org.eclipse.equinox.launcher.win32.win32.x86_64_1.3.0.v20260203-2149\eclipse_11919.dll
Event: 22.364 Loaded shared library C:\Users\dell\AppData\Local\Temp\jna-3079617\jna3329118265120896750.dll

Deoptimization events (20 events):
Event: 28.437 Thread 0x00000164682fa520 DEOPT PACKING pc=0x00000164552cd138 sp=0x0000002f4aefe7c0
Event: 28.437 Thread 0x00000164682fa520 DEOPT UNPACKING pc=0x0000016454bb3aa2 sp=0x0000002f4aefe748 mode 2
Event: 28.438 Thread 0x00000164682fa520 Uncommon trap: trap_request=0xffffffde fr.pc=0x00000164552cd138 relative=0x00000000000000f8
Event: 28.438 Thread 0x00000164682fa520 Uncommon trap: reason=class_check action=maybe_recompile pc=0x00000164552cd138 method=java.lang.Character.codePointAt(Ljava/lang/CharSequence;I)I @ 2 c2
Event: 28.438 Thread 0x00000164682fa520 DEOPT PACKING pc=0x00000164552cd138 sp=0x0000002f4aefe7c0
Event: 28.438 Thread 0x00000164682fa520 DEOPT UNPACKING pc=0x0000016454bb3aa2 sp=0x0000002f4aefe748 mode 2
Event: 28.439 Thread 0x00000164682fa520 Uncommon trap: trap_request=0xffffff76 fr.pc=0x0000016455250304 relative=0x0000000000000384
Event: 28.439 Thread 0x00000164682fa520 Uncommon trap: reason=predicate action=maybe_recompile pc=0x0000016455250304 method=java.util.regex.Pattern$BmpCharPropertyGreedy.match(Ljava/util/regex/Matcher;ILjava/lang/CharSequence;)Z @ 12 c2
Event: 28.439 Thread 0x00000164682fa520 DEOPT PACKING pc=0x0000016455250304 sp=0x0000002f4aefe740
Event: 28.439 Thread 0x00000164682fa520 DEOPT UNPACKING pc=0x0000016454bb3aa2 sp=0x0000002f4aefe6c8 mode 2
Event: 28.475 Thread 0x00000164635b41a0 DEOPT PACKING pc=0x000001644dae9964 sp=0x0000002f4a7f1a00
Event: 28.475 Thread 0x00000164635b41a0 DEOPT UNPACKING pc=0x0000016454bb4242 sp=0x0000002f4a7f0f98 mode 0
Event: 28.477 Thread 0x00000164635b41a0 DEOPT PACKING pc=0x000001644dae9a5c sp=0x0000002f4a7f37d0
Event: 28.477 Thread 0x00000164635b41a0 DEOPT UNPACKING pc=0x0000016454bb4242 sp=0x0000002f4a7f2d68 mode 0
Event: 28.479 Thread 0x00000164635b41a0 DEOPT PACKING pc=0x000001644dae9a5c sp=0x0000002f4a7f55a0
Event: 28.479 Thread 0x00000164635b41a0 DEOPT UNPACKING pc=0x0000016454bb4242 sp=0x0000002f4a7f4b38 mode 0
Event: 28.533 Thread 0x00000164682fa520 Uncommon trap: trap_request=0xffffff45 fr.pc=0x00000164552d3ae0 relative=0x00000000000000c0
Event: 28.533 Thread 0x00000164682fa520 Uncommon trap: reason=unstable_if action=reinterpret pc=0x00000164552d3ae0 method=org.codehaus.plexus.util.xml.pull.MXParser.more()C @ 8 c2
Event: 28.533 Thread 0x00000164682fa520 DEOPT PACKING pc=0x00000164552d3ae0 sp=0x0000002f4aefe9d0
Event: 28.534 Thread 0x00000164682fa520 DEOPT UNPACKING pc=0x0000016454bb3aa2 sp=0x0000002f4aefe960 mode 2

Classes loaded (20 events):
Event: 28.159 Loading class java/lang/invoke/MethodHandleImpl$Makers$1
Event: 28.163 Loading class java/lang/invoke/MethodHandleImpl$Makers$1 done
Event: 28.163 Loading class java/lang/invoke/MethodHandleImpl$Makers$2
Event: 28.164 Loading class java/lang/invoke/MethodHandleImpl$Makers$2 done
Event: 28.168 Loading class java/lang/invoke/MethodHandleImpl$Makers$3
Event: 28.172 Loading class java/lang/invoke/MethodHandleImpl$Makers$3 done
Event: 28.218 Loading class java/lang/runtime/ObjectMethods$1
Event: 28.219 Loading class java/lang/runtime/ObjectMethods$1 done
Event: 28.315 Loading class java/lang/invoke/MethodHandleImpl$CountingWrapper
Event: 28.316 Loading class java/lang/invoke/MethodHandleImpl$CountingWrapper done
Event: 28.436 Loading class java/io/FileReader
Event: 28.436 Loading class java/io/FileReader done
Event: 28.668 Loading class java/util/concurrent/atomic/AtomicReferenceFieldUpdater
Event: 28.669 Loading class java/util/concurrent/atomic/AtomicReferenceFieldUpdater done
Event: 28.670 Loading class java/util/concurrent/atomic/AtomicReferenceFieldUpdater$AtomicReferenceFieldUpdaterImpl
Event: 28.671 Loading class java/util/concurrent/atomic/AtomicReferenceFieldUpdater$AtomicReferenceFieldUpdaterImpl done
Event: 28.671 Loading class java/util/concurrent/atomic/AtomicReferenceFieldUpdater$AtomicReferenceFieldUpdaterImpl$1
Event: 28.672 Loading class java/util/concurrent/atomic/AtomicReferenceFieldUpdater$AtomicReferenceFieldUpdaterImpl$1 done
Event: 31.926 Loading class java/io/FilterReader
Event: 31.933 Loading class java/io/FilterReader done

Classes unloaded (7 events):
Event: 27.122 Thread 0x000001644a3c2ce0 Unloading class 0x00000164011ab400 'java/lang/invoke/LambdaForm$MH+0x00000164011ab400'
Event: 27.123 Thread 0x000001644a3c2ce0 Unloading class 0x00000164011ab000 'java/lang/invoke/LambdaForm$MH+0x00000164011ab000'
Event: 27.123 Thread 0x000001644a3c2ce0 Unloading class 0x00000164011aac00 'java/lang/invoke/LambdaForm$MH+0x00000164011aac00'
Event: 27.123 Thread 0x000001644a3c2ce0 Unloading class 0x00000164011aa800 'java/lang/invoke/LambdaForm$MH+0x00000164011aa800'
Event: 27.123 Thread 0x000001644a3c2ce0 Unloading class 0x00000164011aa400 'java/lang/invoke/LambdaForm$BMH+0x00000164011aa400'
Event: 27.123 Thread 0x000001644a3c2ce0 Unloading class 0x00000164011aa000 'java/lang/invoke/LambdaForm$DMH+0x00000164011aa000'
Event: 27.123 Thread 0x000001644a3c2ce0 Unloading class 0x00000164011a8c00 'java/lang/invoke/LambdaForm$DMH+0x00000164011a8c00'

Classes redefined (0 events):
No events

Internal exceptions (20 events):
Event: 27.352 Thread 0x00000164635b41a0 Exception <a 'java/lang/NoSuchMethodError'{0x00000000d584aaf0}: 'double java.lang.invoke.DirectMethodHandle$Holder.invokeStatic(java.lang.Object, java.lang.Object)'> (0x00000000d584aaf0) 
thrown [s\src\hotspot\share\interpreter\linkResolver.cpp, line 773]
Event: 27.354 Thread 0x00000164635b41a0 Exception <a 'java/lang/NoSuchMethodError'{0x00000000d584e180}: 'double java.lang.invoke.DirectMethodHandle$Holder.invokeStaticInit(java.lang.Object, java.lang.Object)'> (0x00000000d584e180) 
thrown [s\src\hotspot\share\interpreter\linkResolver.cpp, line 773]
Event: 28.111 Thread 0x00000164682fa520 Exception <a 'java/lang/NoSuchMethodError'{0x00000000d60b0c58}: 'java.lang.Object java.lang.invoke.DirectMethodHandle$Holder.newInvokeSpecial(java.lang.Object, java.lang.Object, java.lang.Object, java.lang.Object, java.lang.Object)'> (0x00000000d60b0c58) 
thrown [s\src\hotspot\share\interpreter\linkResolver.cpp, line 773]
Event: 28.137 Thread 0x00000164682f8450 Exception <a 'java/lang/NoSuchMethodError'{0x00000000d614f5a0}: 'java.lang.Object java.lang.invoke.DirectMethodHandle$Holder.invokeStaticInit(java.lang.Object, java.lang.Object, java.lang.Object, java.lang.Object, java.lang.Object, java.lang.Object, java.lang.Object)'> (0x00000000d614f5a0) 
thrown [s\src\hotspot\share\interpreter\linkResolver.cpp, line 773]
Event: 28.145 Thread 0x00000164682f8450 Exception <a 'java/lang/NoSuchMethodError'{0x00000000d6153d78}: 'java.lang.Object java.lang.invoke.Invokers$Holder.invoke_MT(java.lang.Object, java.lang.Object, java.lang.Object, java.lang.Object, java.lang.Object, java.lang.Object, java.lang.Object, java.lang.Object, java.lang.Object)'> (0x00000000d6153d78) 
thrown [s\src\hotspot\share\interpreter\linkResolver.cpp, line 773]
Event: 28.222 Thread 0x00000164682f8450 Exception <a 'java/lang/NoSuchMethodError'{0x00000000d632b838}: 'int java.lang.invoke.DirectMethodHandle$Holder.invokeVirtual(java.lang.Object, java.lang.Object, java.lang.Object)'> (0x00000000d632b838) 
thrown [s\src\hotspot\share\interpreter\linkResolver.cpp, line 773]
Event: 28.226 Thread 0x00000164682f8450 Exception <a 'java/lang/NoSuchMethodError'{0x00000000d63afd98}: 'int java.lang.invoke.DirectMethodHandle$Holder.invokeStaticInit(java.lang.Object, int, int)'> (0x00000000d63afd98) 
thrown [s\src\hotspot\share\interpreter\linkResolver.cpp, line 773]
Event: 28.231 Thread 0x00000164682f8450 Exception <a 'java/lang/NoSuchMethodError'{0x00000000d64243e0}: 'int java.lang.invoke.DirectMethodHandle$Holder.invokeStaticInit(java.lang.Object, long, long)'> (0x00000000d64243e0) 
thrown [s\src\hotspot\share\interpreter\linkResolver.cpp, line 773]
Event: 28.235 Thread 0x00000164682f8450 Exception <a 'java/lang/NoSuchMethodError'{0x00000000d642aac8}: 'int java.lang.invoke.DirectMethodHandle$Holder.invokeStaticInit(java.lang.Object, float, float)'> (0x00000000d642aac8) 
thrown [s\src\hotspot\share\interpreter\linkResolver.cpp, line 773]
Event: 28.239 Thread 0x00000164682f8450 Exception <a 'java/lang/NoSuchMethodError'{0x00000000d6431580}: 'int java.lang.invoke.DirectMethodHandle$Holder.invokeStaticInit(java.lang.Object, double, double)'> (0x00000000d6431580) 
thrown [s\src\hotspot\share\interpreter\linkResolver.cpp, line 773]
Event: 28.241 Thread 0x00000164682f8450 Exception <a 'java/lang/NoSuchMethodError'{0x00000000d643dba0}: 'int java.lang.invoke.DirectMethodHandle$Holder.invokeStatic(java.lang.Object, long)'> (0x00000000d643dba0) 
thrown [s\src\hotspot\share\interpreter\linkResolver.cpp, line 773]
Event: 28.274 Thread 0x00000164682f8450 Exception <a 'java/lang/NoSuchMethodError'{0x00000000d651e768}: 'int java.lang.invoke.DirectMethodHandle$Holder.invokeSpecial(java.lang.Object, java.lang.Object, int, int)'> (0x00000000d651e768) 
thrown [s\src\hotspot\share\interpreter\linkResolver.cpp, line 773]
Event: 28.274 Thread 0x00000164682fa520 Exception <a 'java/lang/NoSuchMethodError'{0x00000000d6515ed0}: 'int java.lang.invoke.DirectMethodHandle$Holder.invokeSpecial(java.lang.Object, java.lang.Object, int, int)'> (0x00000000d6515ed0) 
thrown [s\src\hotspot\share\interpreter\linkResolver.cpp, line 773]
Event: 28.282 Thread 0x00000164682f8450 Exception <a 'java/lang/NoSuchMethodError'{0x00000000d6534810}: 'int java.lang.invoke.Invokers$Holder.linkToTargetMethod(java.lang.Object, java.lang.Object)'> (0x00000000d6534810) 
thrown [s\src\hotspot\share\interpreter\linkResolver.cpp, line 773]
Event: 28.282 Thread 0x00000164682fa520 Exception <a 'java/lang/NoSuchMethodError'{0x00000000d652f5c0}: 'int java.lang.invoke.Invokers$Holder.linkToTargetMethod(java.lang.Object, java.lang.Object)'> (0x00000000d652f5c0) 
thrown [s\src\hotspot\share\interpreter\linkResolver.cpp, line 773]
Event: 28.289 Thread 0x00000164682f8450 Exception <a 'java/lang/NoSuchMethodError'{0x00000000d65b2798}: 'int java.lang.invoke.DirectMethodHandle$Holder.invokeSpecial(java.lang.Object, java.lang.Object, java.lang.Object, java.lang.Object)'> (0x00000000d65b2798) 
thrown [s\src\hotspot\share\interpreter\linkResolver.cpp, line 773]
Event: 28.305 Thread 0x00000164682f8450 Exception <a 'java/lang/NoSuchMethodError'{0x00000000d663d940}: 'java.lang.Object java.lang.invoke.DirectMethodHandle$Holder.invokeStatic(java.lang.Object, int, java.lang.Object, java.lang.Object)'> (0x00000000d663d940) 
thrown [s\src\hotspot\share\interpreter\linkResolver.cpp, line 773]
Event: 28.310 Thread 0x00000164682f8450 Exception <a 'java/lang/NoSuchMethodError'{0x00000000d66c8770}: 'java.lang.Object java.lang.invoke.DelegatingMethodHandle$Holder.delegate(java.lang.Object, int, java.lang.Object, java.lang.Object)'> (0x00000000d66c8770) 
thrown [s\src\hotspot\share\interpreter\linkResolver.cpp, line 773]
Event: 28.347 Thread 0x00000164682f8450 Exception <a 'java/lang/NoSuchMethodError'{0x00000000d675a1a8}: 'int java.lang.invoke.Invokers$Holder.linkToTargetMethod(java.lang.Object, java.lang.Object, java.lang.Object)'> (0x00000000d675a1a8) 
thrown [s\src\hotspot\share\interpreter\linkResolver.cpp, line 773]
Event: 28.595 Thread 0x00000164682fa520 Exception <a 'java/lang/NoSuchMethodError'{0x00000000d574c9a8}: 'java.lang.Object java.lang.invoke.DirectMethodHandle$Holder.invokeSpecialIFC(java.lang.Object, java.lang.Object, java.lang.Object, java.lang.Object)'> (0x00000000d574c9a8) 
thrown [s\src\hotspot\share\interpreter\linkResolver.cpp, line 773]

ZGC Phase Switch (0 events):
No events

VM Operations (20 events):
Event: 24.815 Executing non-safepoint VM operation: HandshakeAllThreads (Deoptimize) done
Event: 24.815 Executing safepoint VM operation: Cleanup
Event: 24.815 Executing safepoint VM operation: Cleanup done
Event: 25.417 Executing safepoint VM operation: ParallelGCFailedAllocation (Allocation Failure)
Event: 25.436 Executing safepoint VM operation: ParallelGCFailedAllocation (Allocation Failure) done
Event: 26.448 Executing safepoint VM operation: Cleanup
Event: 26.448 Executing safepoint VM operation: Cleanup done
Event: 27.083 Executing safepoint VM operation: CollectForMetadataAllocation (Metadata GC Threshold)
Event: 27.228 Executing safepoint VM operation: CollectForMetadataAllocation (Metadata GC Threshold) done
Event: 27.319 Executing non-safepoint VM operation: HandshakeAllThreads (Deoptimize)
Event: 27.319 Executing non-safepoint VM operation: HandshakeAllThreads (Deoptimize) done
Event: 28.320 Executing safepoint VM operation: Cleanup
Event: 28.321 Executing safepoint VM operation: Cleanup done
Event: 28.333 Executing non-safepoint VM operation: HandshakeAllThreads (Deoptimize)
Event: 28.337 Executing non-safepoint VM operation: HandshakeAllThreads (Deoptimize) done
Event: 28.500 Executing safepoint VM operation: ParallelGCFailedAllocation (Allocation Failure)
Event: 28.508 Executing safepoint VM operation: ParallelGCFailedAllocation (Allocation Failure) done
Event: 29.517 Executing safepoint VM operation: Cleanup
Event: 29.517 Executing safepoint VM operation: Cleanup done
Event: 32.542 Executing safepoint VM operation: Cleanup

Memory protections (0 events):
No events

Nmethod flushes (0 events):
No events

Events (20 events):
Event: 11.022 Thread 0x000001644a42dcd0 Thread added: 0x00000164635b41a0
Event: 11.899 Thread 0x000001644a4ebab0 Thread added: 0x00000164634ac2e0
Event: 12.411 Thread 0x00000164634ac2e0 Thread exited: 0x00000164634ac2e0
Event: 12.957 Thread 0x000001644a4ebab0 Thread added: 0x00000164636cb560
Event: 13.353 Thread 0x00000164635b41a0 Thread added: 0x0000016468073b20
Event: 13.372 Thread 0x00000164636cb560 Thread exited: 0x00000164636cb560
Event: 15.286 Thread 0x00000164635b41a0 Thread added: 0x00000164621b2900
Event: 16.297 Thread 0x000001644a4ebab0 Thread added: 0x000001646823e140
Event: 16.521 Thread 0x000001646823e140 Thread exited: 0x000001646823e140
Event: 17.771 Thread 0x00000164635b41a0 Thread added: 0x00000164636b0e80
Event: 19.513 Thread 0x000001644a4ebab0 Thread added: 0x000001646843d2d0
Event: 19.780 Thread 0x000001646843d2d0 Thread exited: 0x000001646843d2d0
Event: 22.610 Thread 0x00000164635b41a0 Thread added: 0x00000164682f9e90
Event: 23.066 Thread 0x00000164635b41a0 Thread added: 0x00000164682fa520
Event: 23.315 Thread 0x00000164635b41a0 Thread added: 0x00000164682f7dc0
Event: 23.402 Thread 0x000001644a4ebab0 Thread added: 0x0000016468de4e60
Event: 23.527 Thread 0x00000164682f7dc0 Thread added: 0x00000164682f8450
Event: 23.771 Thread 0x0000016468de4e60 Thread exited: 0x0000016468de4e60
Event: 27.492 Thread 0x000001644a4ebab0 Thread added: 0x00000164686989e0
Event: 28.088 Thread 0x00000164682f8450 Thread added: 0x00000164682f9170


Dynamic libraries:
0x00007ff7304c0000 - 0x00007ff7304ce000 	c:\Users\dell\.vscode\extensions\redhat.java-1.53.0-win32-x64\jre\21.0.10-win32-x86_64\bin\java.exe
0x00007ffd981a0000 - 0x00007ffd98408000 	C:\WINDOWS\SYSTEM32\ntdll.dll
0x00007ffd972a0000 - 0x00007ffd97369000 	C:\WINDOWS\System32\KERNEL32.DLL
0x00007ffd950c0000 - 0x00007ffd954b1000 	C:\WINDOWS\System32\KERNELBASE.dll
0x00007ffd94ec0000 - 0x00007ffd9500b000 	C:\WINDOWS\System32\ucrtbase.dll
0x00007ffd10bd0000 - 0x00007ffd10bee000 	c:\Users\dell\.vscode\extensions\redhat.java-1.53.0-win32-x64\jre\21.0.10-win32-x86_64\bin\VCRUNTIME140.dll
0x00007ffd12210000 - 0x00007ffd12228000 	c:\Users\dell\.vscode\extensions\redhat.java-1.53.0-win32-x64\jre\21.0.10-win32-x86_64\bin\jli.dll
0x00007ffd963d0000 - 0x00007ffd96596000 	C:\WINDOWS\System32\USER32.dll
0x00007ffd94b30000 - 0x00007ffd94b57000 	C:\WINDOWS\System32\win32u.dll
0x00007ffd76e10000 - 0x00007ffd770a3000 	C:\WINDOWS\WinSxS\amd64_microsoft.windows.common-controls_6595b64144ccf1df_6.0.26100.7824_none_3e0870b2e3345462\COMCTL32.dll
0x00007ffd97680000 - 0x00007ffd976ab000 	C:\WINDOWS\System32\GDI32.dll
0x00007ffd976b0000 - 0x00007ffd97759000 	C:\WINDOWS\System32\msvcrt.dll
0x00007ffd94b60000 - 0x00007ffd94c8b000 	C:\WINDOWS\System32\gdi32full.dll
0x00007ffd94a80000 - 0x00007ffd94b23000 	C:\WINDOWS\System32\msvcp_win.dll
0x00007ffd96bf0000 - 0x00007ffd96c21000 	C:\WINDOWS\System32\IMM32.DLL
0x00007ffd45e30000 - 0x00007ffd45e3c000 	c:\Users\dell\.vscode\extensions\redhat.java-1.53.0-win32-x64\jre\21.0.10-win32-x86_64\bin\vcruntime140_1.dll
0x00007ffcfda10000 - 0x00007ffcfda9d000 	c:\Users\dell\.vscode\extensions\redhat.java-1.53.0-win32-x64\jre\21.0.10-win32-x86_64\bin\msvcp140.dll
0x00007ffcc5e00000 - 0x00007ffcc6ba1000 	c:\Users\dell\.vscode\extensions\redhat.java-1.53.0-win32-x64\jre\21.0.10-win32-x86_64\bin\server\jvm.dll
0x00007ffd96c30000 - 0x00007ffd96ce4000 	C:\WINDOWS\System32\ADVAPI32.dll
0x00007ffd96b40000 - 0x00007ffd96be6000 	C:\WINDOWS\System32\sechost.dll
0x00007ffd97860000 - 0x00007ffd97978000 	C:\WINDOWS\System32\RPCRT4.dll
0x00007ffd97370000 - 0x00007ffd973e4000 	C:\WINDOWS\System32\WS2_32.dll
0x00007ffd948e0000 - 0x00007ffd9493e000 	C:\WINDOWS\SYSTEM32\POWRPROF.dll
0x00007ffd83270000 - 0x00007ffd8327b000 	C:\WINDOWS\SYSTEM32\VERSION.dll
0x00007ffd8f550000 - 0x00007ffd8f585000 	C:\WINDOWS\SYSTEM32\WINMM.dll
0x00007ffd948c0000 - 0x00007ffd948d4000 	C:\WINDOWS\SYSTEM32\UMPDC.dll
0x00007ffd93820000 - 0x00007ffd9383b000 	C:\WINDOWS\SYSTEM32\kernel.appcore.dll
0x00007ffd41200000 - 0x00007ffd4120a000 	c:\Users\dell\.vscode\extensions\redhat.java-1.53.0-win32-x64\jre\21.0.10-win32-x86_64\bin\jimage.dll
0x00007ffd928c0000 - 0x00007ffd92b02000 	C:\WINDOWS\SYSTEM32\DBGHELP.DLL
0x00007ffd965a0000 - 0x00007ffd96926000 	C:\WINDOWS\System32\combase.dll
0x00007ffd96ea0000 - 0x00007ffd96f77000 	C:\WINDOWS\System32\OLEAUT32.dll
0x00007ffd75570000 - 0x00007ffd755ab000 	C:\WINDOWS\SYSTEM32\dbgcore.DLL
0x00007ffd95010000 - 0x00007ffd950b5000 	C:\WINDOWS\System32\bcryptPrimitives.dll
0x00007ffd8fc00000 - 0x00007ffd8fc0f000 	c:\Users\dell\.vscode\extensions\redhat.java-1.53.0-win32-x64\jre\21.0.10-win32-x86_64\bin\instrument.dll
0x00007ffd106b0000 - 0x00007ffd106d0000 	c:\Users\dell\.vscode\extensions\redhat.java-1.53.0-win32-x64\jre\21.0.10-win32-x86_64\bin\java.dll
0x00007ffd97980000 - 0x00007ffd980d2000 	C:\WINDOWS\System32\SHELL32.dll
0x00007ffd94d50000 - 0x00007ffd94eba000 	C:\WINDOWS\System32\wintypes.dll
0x00007ffd954c0000 - 0x00007ffd95d23000 	C:\WINDOWS\System32\windows.storage.dll
0x00007ffd97120000 - 0x00007ffd97216000 	C:\WINDOWS\System32\SHCORE.dll
0x00007ffd97230000 - 0x00007ffd97297000 	C:\WINDOWS\System32\shlwapi.dll
0x00007ffd949a0000 - 0x00007ffd949c9000 	C:\WINDOWS\SYSTEM32\profapi.dll
0x00007ffd0fd00000 - 0x00007ffd0fd18000 	c:\Users\dell\.vscode\extensions\redhat.java-1.53.0-win32-x64\jre\21.0.10-win32-x86_64\bin\zip.dll
0x00007ffd848a0000 - 0x00007ffd848b0000 	C:\Users\dell\.vscode\extensions\redhat.java-1.53.0-win32-x64\jre\21.0.10-win32-x86_64\bin\net.dll
0x00007ffd8b920000 - 0x00007ffd8ba47000 	C:\WINDOWS\SYSTEM32\WINHTTP.dll
0x00007ffd93d90000 - 0x00007ffd93dfb000 	C:\WINDOWS\system32\mswsock.dll
0x00007ffd76bd0000 - 0x00007ffd76be6000 	C:\Users\dell\.vscode\extensions\redhat.java-1.53.0-win32-x64\jre\21.0.10-win32-x86_64\bin\nio.dll
0x00007ffd817e0000 - 0x00007ffd817f0000 	c:\Users\dell\.vscode\extensions\redhat.java-1.53.0-win32-x64\jre\21.0.10-win32-x86_64\bin\verify.dll
0x00007ffd4dd10000 - 0x00007ffd4dd55000 	C:\Users\dell\AppData\Roaming\Code\User\globalStorage\redhat.java\1.53.0\config_win\org.eclipse.equinox.launcher\org.eclipse.equinox.launcher.win32.win32.x86_64_1.3.0.v20260203-2149\eclipse_11919.dll
0x00007ffd969a0000 - 0x00007ffd96b37000 	C:\WINDOWS\System32\ole32.dll
0x00007ffd94060000 - 0x00007ffd9407b000 	C:\WINDOWS\SYSTEM32\CRYPTSP.dll
0x00007ffd93780000 - 0x00007ffd937b9000 	C:\WINDOWS\system32\rsaenh.dll
0x00007ffd93e40000 - 0x00007ffd93e6b000 	C:\WINDOWS\SYSTEM32\USERENV.dll
0x00007ffd94970000 - 0x00007ffd9499a000 	C:\WINDOWS\SYSTEM32\bcrypt.dll
0x00007ffd94080000 - 0x00007ffd9408c000 	C:\WINDOWS\SYSTEM32\CRYPTBASE.dll
0x00007ffd931f0000 - 0x00007ffd93224000 	C:\WINDOWS\SYSTEM32\IPHLPAPI.DLL
0x00007ffd96cf0000 - 0x00007ffd96cfa000 	C:\WINDOWS\System32\NSI.dll
0x00007ffd4db30000 - 0x00007ffd4db79000 	C:\Users\dell\AppData\Local\Temp\jna-3079617\jna3329118265120896750.dll
0x00007ffd97670000 - 0x00007ffd97678000 	C:\WINDOWS\System32\PSAPI.DLL

JVMTI agents:
c:\Users\dell\.vscode\extensions\redhat.java-1.53.0-win32-x64\lombok\lombok-1.18.39-4050.jar path:c:\Users\dell\.vscode\extensions\redhat.java-1.53.0-win32-x64\jre\21.0.10-win32-x86_64\bin\instrument.dll, loaded, initialized, instrumentlib options:none

dbghelp: loaded successfully - version: 4.0.5 - missing functions: none
symbol engine: initialized successfully - sym options: 0x614 - pdb path: .;c:\Users\dell\.vscode\extensions\redhat.java-1.53.0-win32-x64\jre\21.0.10-win32-x86_64\bin;C:\WINDOWS\SYSTEM32;C:\WINDOWS\WinSxS\amd64_microsoft.windows.common-controls_6595b64144ccf1df_6.0.26100.7824_none_3e0870b2e3345462;c:\Users\dell\.vscode\extensions\redhat.java-1.53.0-win32-x64\jre\21.0.10-win32-x86_64\bin\server;C:\Users\dell\AppData\Roaming\Code\User\globalStorage\redhat.java\1.53.0\config_win\org.eclipse.equinox.launcher\org.eclipse.equinox.launcher.win32.win32.x86_64_1.3.0.v20260203-2149;C:\Users\dell\AppData\Local\Temp\jna-3079617

VM Arguments:
jvm_args: --add-modules=ALL-SYSTEM --add-opens=java.base/java.util=ALL-UNNAMED --add-opens=java.base/java.lang=ALL-UNNAMED --add-opens=java.base/sun.nio.fs=ALL-UNNAMED -Declipse.application=org.eclipse.jdt.ls.core.id1 -Dosgi.bundles.defaultStartLevel=4 -Declipse.product=org.eclipse.jdt.ls.core.product -Djava.import.generatesMetadataFilesAtProjectRoot=false -DDetectVMInstallationsJob.disabled=true -Dfile.encoding=utf8 -XX:+UseParallelGC -XX:GCTimeRatio=4 -XX:AdaptiveSizePolicyWeight=90 -Dsun.zip.disableMemoryMapping=true -Xmx2G -Xms100m -Xlog:disable -javaagent:c:\Users\dell\.vscode\extensions\redhat.java-1.53.0-win32-x64\lombok\lombok-1.18.39-4050.jar -XX:+HeapDumpOnOutOfMemoryError -XX:HeapDumpPath=c:\Users\dell\AppData\Roaming\Code\User\workspaceStorage\825c9b729f276fa6f788dd2d7ea7dcd6\redhat.java -Daether.dependencyCollector.impl=bf 
java_command: c:\Users\dell\.vscode\extensions\redhat.java-1.53.0-win32-x64\server\plugins\org.eclipse.equinox.launcher_1.7.100.v20251111-0406.jar -configuration c:\Users\dell\AppData\Roaming\Code\User\globalStorage\redhat.java\1.53.0\config_win -data c:\Users\dell\AppData\Roaming\Code\User\workspaceStorage\825c9b729f276fa6f788dd2d7ea7dcd6\redhat.java\jdt_ws --pipe=\\.\pipe\lsp-2390b97000c3cb2ba794244dd166f131-sock
java_class_path (initial): c:\Users\dell\.vscode\extensions\redhat.java-1.53.0-win32-x64\server\plugins\org.eclipse.equinox.launcher_1.7.100.v20251111-0406.jar
Launcher Type: SUN_STANDARD

[Global flags]
    uintx AdaptiveSizePolicyWeight                 = 90                                        {product} {command line}
     intx CICompilerCount                          = 4                                         {product} {ergonomic}
    uintx GCTimeRatio                              = 4                                         {product} {command line}
     bool HeapDumpOnOutOfMemoryError               = true                                   {manageable} {command line}
    ccstr HeapDumpPath                             = c:\Users\dell\AppData\Roaming\Code\User\workspaceStorage\825c9b729f276fa6f788dd2d7ea7dcd6\redhat.java         {manageable} {command line}
   size_t InitialHeapSize                          = 104857600                                 {product} {command line}
   size_t MaxHeapSize                              = 2147483648                                {product} {command line}
   size_t MaxNewSize                               = 715653120                                 {product} {ergonomic}
   size_t MinHeapDeltaBytes                        = 524288                                    {product} {ergonomic}
   size_t MinHeapSize                              = 104857600                                 {product} {command line}
   size_t NewSize                                  = 34603008                                  {product} {ergonomic}
    uintx NonNMethodCodeHeapSize                   = 5839372                                {pd product} {ergonomic}
    uintx NonProfiledCodeHeapSize                  = 122909434                              {pd product} {ergonomic}
   size_t OldSize                                  = 70254592                                  {product} {ergonomic}
    uintx ProfiledCodeHeapSize                     = 122909434                              {pd product} {ergonomic}
    uintx ReservedCodeCacheSize                    = 251658240                              {pd product} {ergonomic}
     bool SegmentedCodeCache                       = true                                      {product} {ergonomic}
   size_t SoftMaxHeapSize                          = 2147483648                             {manageable} {ergonomic}
     bool UseCompressedOops                        = true                           {product lp64_product} {ergonomic}
     bool UseLargePagesIndividualAllocation        = false                                  {pd product} {ergonomic}
     bool UseParallelGC                            = true                                      {product} {command line}

Logging:
Log output configuration:
 #0: stdout all=off uptime,level,tags foldmultilines=false
 #1: stderr all=off uptime,level,tags foldmultilines=false

Release file:
JAVA_VERSION="21.0.10" 
MODULES="java.base java.compiler java.datatransfer java.xml java.prefs java.desktop java.instrument java.logging java.management java.security.sasl java.naming java.rmi java.management.rmi java.net.http java.scripting java.security.jgss java.transaction.xa java.sql java.sql.rowset java.xml.crypto java.se java.smartcardio jdk.accessibility jdk.internal.jvmstat jdk.attach jdk.charsets jdk.internal.opt jdk.zipfs jdk.compiler jdk.crypto.ec jdk.crypto.cryptoki jdk.crypto.mscapi jdk.dynalink jdk.internal.ed jdk.editpad jdk.hotspot.agent jdk.httpserver jdk.internal.le jdk.internal.vm.ci jdk.internal.vm.compiler jdk.internal.vm.compiler.management jdk.jartool jdk.javadoc jdk.jcmd jdk.management jdk.management.agent jdk.jconsole jdk.jdeps jdk.jdwp.agent jdk.jdi jdk.jfr jdk.jshell jdk.jsobject jdk.jstatd jdk.localedata jdk.management.jfr jdk.naming.dns jdk.naming.rmi jdk.net jdk.nio.mapmode jdk.random jdk.sctp jdk.security.auth jdk.security.jgss jdk.unsupported jdk.unsupported.desktop jdk.xml.dom" 

Environment Variables:
JAVA_HOME=C:\Program Files\Eclipse Adoptium\jdk-17.0.14.7-hotspot\
PATH=C:\Users\dell\AppData\Local\Programs\Microsoft VS Code;C:\Program Files\Eclipse Adoptium\jdk-17.0.14.7-hotspot\bin;C:\WINDOWS\system32;C:\WINDOWS;C:\WINDOWS\System32\Wbem;C:\WINDOWS\System32\WindowsPowerShell\v1.0\;C:\WINDOWS\System32\OpenSSH\;C:\Program Files\dotnet\;C:\Program Files\MySQL\MySQL Server 8.0\bin;C:\Program Files\Git\cmd;C:\Program Files\MongoDB\Server\8.0\bin;C:\Program Files\PuTTY\;C:\Program Files\nodejs\;C:\Program Files\Docker\Docker\resources\bin;C:\Users\dell\AppData\Local\Programs\Python\Python311\Scripts\;C:\Users\dell\AppData\Local\Programs\Python\Python311\;C:\Program Files\MySQL\MySQL Shell 8.0\bin\;C:\Users\dell\AppData\Local\Programs\Python\Launcher\;C:\Users\dell\AppData\Local\Microsoft\WindowsApps;C:\MinGW\bin;C:\Users\dell\AppData\Local\Programs\Microsoft VS Code\bin;C:\Users\dell\AppData\Roaming\Python\Python312\Scripts;C:\mongosh\;C:\Program Files\JetBrains\IntelliJ IDEA Community Edition 2024.3.2.1\bin;C:\Users\dell\AppData\Local\GitHubDesktop\bin;C:\Users\dell\AppData\Roaming\npm;C:\Users\dell\.dotnet\tools
USERNAME=dell
OS=Windows_NT
PROCESSOR_IDENTIFIER=Intel64 Family 6 Model 186 Stepping 3, GenuineIntel
TMP=C:\Users\dell\AppData\Local\Temp
TEMP=C:\Users\dell\AppData\Local\Temp




Periodic native trim disabled

---------------  S Y S T E M  ---------------

OS:
 Windows 11 , 64 bit Build 26100 (10.0.26100.7705)
OS uptime: 5 days 1:40 hours
Hyper-V role detected

CPU: total 12 (initial active 12) (6 cores per cpu, 2 threads per core) family 6 model 186 stepping 3 microcode 0x4128, cx8, cmov, fxsr, ht, mmx, 3dnowpref, sse, sse2, sse3, ssse3, sse4.1, sse4.2, popcnt, lzcnt, tsc, tscinvbit, avx, avx2, aes, erms, clmul, bmi1, bmi2, adx, sha, fma, vzeroupper, clflush, clflushopt, clwb, hv, serialize, rdtscp, rdpid, fsrm, f16c, cet_ibt, cet_ss
Processor Information for the first 12 processors :
  Max Mhz: 1300, Current Mhz: 1300, Mhz Limit: 1300

Memory: 4k page, system-wide physical 7876M (754M free)
TotalPageFile size 32452M (AvailPageFile size 6M)
current process WorkingSet (physical memory assigned to process): 157M, peak: 159M
current process commit charge ("private bytes"): 307M, peak: 310M

vm_info: OpenJDK 64-Bit Server VM (21.0.10+7-LTS) for windows-amd64 JRE (21.0.10+7-LTS), built on 2026-01-20T00:00:00Z by "admin" with MS VC++ 17.12 (VS2022)

END.
