#
# There is insufficient memory for the Java Runtime Environment to continue.
# Native memory allocation (malloc) failed to allocate 1134896 bytes. Error detail: Chunk::new
# Possible reasons:
#   The system is out of physical RAM or swap space
#   This process is running with CompressedOops enabled, and the Java Heap may be blocking the growth of the native heap
# Possible solutions:
#   Reduce memory load on the system
#   Increase physical memory or swap space
#   Check if swap backing store is full
#   Decrease Java heap size (-Xmx/-Xms)
#   Decrease number of Java threads
#   Decrease Java thread stack sizes (-Xss)
#   Set larger code cache with -XX:ReservedCodeCacheSize=
#   JVM is running with Unscaled Compressed Oops mode in which the Java heap is
#     placed in the first 4GB address space. The Java Heap base address is the
#     maximum limit for the native heap growth. Please use -XX:HeapBaseMinAddress
#     to set the Java Heap base and to place the Java Heap above 4GB virtual address.
# This output file may be truncated or incomplete.
#
#  Out of Memory Error (arena.cpp:168), pid=16680, tid=7532
#
# JRE version: OpenJDK Runtime Environment Temurin-21.0.10+7 (21.0.10+7) (build 21.0.10+7-LTS)
# Java VM: OpenJDK 64-Bit Server VM Temurin-21.0.10+7 (21.0.10+7-LTS, mixed mode, sharing, tiered, compressed oops, compressed class ptrs, parallel gc, windows-amd64)
# No core dump will be written. Minidumps are not enabled by default on client versions of Windows
#

---------------  S U M M A R Y ------------

Command Line: --add-modules=ALL-SYSTEM --add-opens=java.base/java.util=ALL-UNNAMED --add-opens=java.base/java.lang=ALL-UNNAMED --add-opens=java.base/sun.nio.fs=ALL-UNNAMED -Declipse.application=org.eclipse.jdt.ls.core.id1 -Dosgi.bundles.defaultStartLevel=4 -Declipse.product=org.eclipse.jdt.ls.core.product -Djava.import.generatesMetadataFilesAtProjectRoot=false -DDetectVMInstallationsJob.disabled=true -Dfile.encoding=utf8 -XX:+UseParallelGC -XX:GCTimeRatio=4 -XX:AdaptiveSizePolicyWeight=90 -Dsun.zip.disableMemoryMapping=true -Xmx2G -Xms100m -Xlog:disable -javaagent:c:\Users\dell\.vscode\extensions\redhat.java-1.53.0-win32-x64\lombok\lombok-1.18.39-4050.jar -XX:+HeapDumpOnOutOfMemoryError -XX:HeapDumpPath=c:\Users\dell\AppData\Roaming\Code\User\workspaceStorage\825c9b729f276fa6f788dd2d7ea7dcd6\redhat.java -Daether.dependencyCollector.impl=bf c:\Users\dell\.vscode\extensions\redhat.java-1.53.0-win32-x64\server\plugins\org.eclipse.equinox.launcher_1.7.100.v20251111-0406.jar -configuration c:\Users\dell\AppData\Roaming\Code\User\globalStorage\redhat.java\1.53.0\config_win -data c:\Users\dell\AppData\Roaming\Code\User\workspaceStorage\825c9b729f276fa6f788dd2d7ea7dcd6\redhat.java\jdt_ws --pipe=\\.\pipe\lsp-2314e10ceb594ac64ec93096f45b1e3e-sock

Host: 13th Gen Intel(R) Core(TM) i5-1335U, 12 cores, 7G,  Windows 11 , 64 bit Build 26100 (10.0.26100.8115)
Time: Wed Apr 15 22:11:01 2026 India Standard Time elapsed time: 78.093981 seconds (0d 0h 1m 18s)

---------------  T H R E A D  ---------------

Current thread (0x000001f85aa2cca0):  JavaThread "C2 CompilerThread0" daemon [_thread_in_native, id=7532, stack(0x000000b2fe800000,0x000000b2fe900000) (1024K)]


Current CompileTask:
C2:78094 4025       4       org.lombokweb.asm.ClassReader::readMethod (1070 bytes)

Stack: [0x000000b2fe800000,0x000000b2fe900000]
Native frames: (J=compiled Java code, j=interpreted, Vv=VM code, C=native code)
V  [jvm.dll+0x6d7a39]
V  [jvm.dll+0x8b4b26]
V  [jvm.dll+0x8b70de]
V  [jvm.dll+0x8b77c3]
V  [jvm.dll+0x284346]
V  [jvm.dll+0xc66ed]
V  [jvm.dll+0xc6c31]
V  [jvm.dll+0x3bec01]
V  [jvm.dll+0x38b162]
V  [jvm.dll+0x38a5aa]
V  [jvm.dll+0x24c560]
V  [jvm.dll+0x24bb40]
V  [jvm.dll+0x1cb34e]
V  [jvm.dll+0x25b85d]
V  [jvm.dll+0x259dea]
V  [jvm.dll+0x3f857e]
V  [jvm.dll+0x85f59d]
V  [jvm.dll+0x6d626d]
C  [ucrtbase.dll+0x37b0]
C  [KERNEL32.DLL+0x2e8d7]
C  [ntdll.dll+0x8c3fc]


---------------  P R O C E S S  ---------------

Threads class SMR info:
_java_thread_list=0x000001f86148da30, length=24, elements={
0x000001f841cdae20, 0x000001f85aa197a0, 0x000001f84403cd80, 0x000001f85aa1dcc0,
0x000001f85aa1e820, 0x000001f85aa21d10, 0x000001f85aa25200, 0x000001f85aa2cca0,
0x000001f85aa2d9a0, 0x000001f85bfb74d0, 0x000001f85c0c9360, 0x000001f8617f6790,
0x000001f861971500, 0x000001f86197ea70, 0x000001f85bf88320, 0x000001f861375d30,
0x000001f861c31ec0, 0x000001f85c111f90, 0x000001f86115f0b0, 0x000001f86115dd00,
0x000001f86115ea20, 0x000001f86115cfe0, 0x000001f86115d670, 0x000001f8613ddd40
}

Java Threads: ( => current thread )
  0x000001f841cdae20 JavaThread "main"                              [_thread_blocked, id=27232, stack(0x000000b2fde00000,0x000000b2fdf00000) (1024K)]
  0x000001f85aa197a0 JavaThread "Reference Handler"          daemon [_thread_blocked, id=1508, stack(0x000000b2fe200000,0x000000b2fe300000) (1024K)]
  0x000001f84403cd80 JavaThread "Finalizer"                  daemon [_thread_blocked, id=21104, stack(0x000000b2fe300000,0x000000b2fe400000) (1024K)]
  0x000001f85aa1dcc0 JavaThread "Signal Dispatcher"          daemon [_thread_blocked, id=27156, stack(0x000000b2fe400000,0x000000b2fe500000) (1024K)]
  0x000001f85aa1e820 JavaThread "Attach Listener"            daemon [_thread_blocked, id=28880, stack(0x000000b2fe500000,0x000000b2fe600000) (1024K)]
  0x000001f85aa21d10 JavaThread "Service Thread"             daemon [_thread_blocked, id=23060, stack(0x000000b2fe600000,0x000000b2fe700000) (1024K)]
  0x000001f85aa25200 JavaThread "Monitor Deflation Thread"   daemon [_thread_blocked, id=18108, stack(0x000000b2fe700000,0x000000b2fe800000) (1024K)]
=>0x000001f85aa2cca0 JavaThread "C2 CompilerThread0"         daemon [_thread_in_native, id=7532, stack(0x000000b2fe800000,0x000000b2fe900000) (1024K)]
  0x000001f85aa2d9a0 JavaThread "C1 CompilerThread0"         daemon [_thread_blocked, id=5976, stack(0x000000b2fe900000,0x000000b2fea00000) (1024K)]
  0x000001f85bfb74d0 JavaThread "Common-Cleaner"             daemon [_thread_blocked, id=17312, stack(0x000000b2feb00000,0x000000b2fec00000) (1024K)]
  0x000001f85c0c9360 JavaThread "Notification Thread"        daemon [_thread_blocked, id=21928, stack(0x000000b2fea00000,0x000000b2feb00000) (1024K)]
  0x000001f8617f6790 JavaThread "Active Thread: Equinox Container: 48090f17-0cd5-45b5-b843-e81f93e3152c"        [_thread_blocked, id=17832, stack(0x000000b2ff400000,0x000000b2ff500000) (1024K)]
  0x000001f861971500 JavaThread "Refresh Thread: Equinox Container: 48090f17-0cd5-45b5-b843-e81f93e3152c" daemon [_thread_blocked, id=24408, stack(0x000000b2ff300000,0x000000b2ff400000) (1024K)]
  0x000001f86197ea70 JavaThread "Framework Event Dispatcher: Equinox Container: 48090f17-0cd5-45b5-b843-e81f93e3152c" daemon [_thread_blocked, id=26544, stack(0x000000b2ff500000,0x000000b2ff600000) (1024K)]
  0x000001f85bf88320 JavaThread "Start Level: Equinox Container: 48090f17-0cd5-45b5-b843-e81f93e3152c" daemon [_thread_in_native, id=18888, stack(0x000000b2ff600000,0x000000b2ff700000) (1024K)]
  0x000001f861375d30 JavaThread "Bundle File Closer"         daemon [_thread_blocked, id=21016, stack(0x000000b2fdb00000,0x000000b2fdc00000) (1024K)]
  0x000001f861c31ec0 JavaThread "SCR Component Actor"        daemon [_thread_blocked, id=23900, stack(0x000000b2fdc00000,0x000000b2fdd00000) (1024K)]
  0x000001f85c111f90 JavaThread "Worker-JM"                         [_thread_blocked, id=20976, stack(0x000000b2fdd00000,0x000000b2fde00000) (1024K)]
  0x000001f86115f0b0 JavaThread "JNA Cleaner"                daemon [_thread_blocked, id=13728, stack(0x000000b2ffa00000,0x000000b2ffb00000) (1024K)]
  0x000001f86115dd00 JavaThread "Worker-0: Repository registry initialization"        [_thread_blocked, id=29264, stack(0x000000b2ffb00000,0x000000b2ffc00000) (1024K)]
  0x000001f86115ea20 JavaThread "Worker-1: Updating Maven Dependencies"        [_thread_in_vm, id=24152, stack(0x000000b2ffc00000,0x000000b2ffd00000) (1024K)]
  0x000001f86115cfe0 JavaThread "Worker-2"                          [_thread_blocked, id=19036, stack(0x000000b2ffd00000,0x000000b2ffe00000) (1024K)]
  0x000001f86115d670 JavaThread "Worker-3"                          [_thread_blocked, id=2504, stack(0x000000b2ffe00000,0x000000b2fff00000) (1024K)]
  0x000001f8613ddd40 JavaThread "C2 CompilerThread1"         daemon [_thread_in_native, id=6624, stack(0x000000b2fff00000,0x000000b300000000) (1024K)]
Total: 24

Other Threads:
  0x000001f85aa140c0 VMThread "VM Thread"                           [id=11588, stack(0x000000b2fe100000,0x000000b2fe200000) (1024K)]
  0x000001f85a90ca00 WatcherThread "VM Periodic Task Thread"        [id=1072, stack(0x000000b2fe000000,0x000000b2fe100000) (1024K)]
  0x000001f843fa3a30 WorkerThread "GC Thread#0"                     [id=22268, stack(0x000000b2fdf00000,0x000000b2fe000000) (1024K)]
  0x000001f86169b8c0 WorkerThread "GC Thread#1"                     [id=8480, stack(0x000000b2fed00000,0x000000b2fee00000) (1024K)]
  0x000001f86165d8d0 WorkerThread "GC Thread#2"                     [id=23832, stack(0x000000b2fee00000,0x000000b2fef00000) (1024K)]
  0x000001f86165dc80 WorkerThread "GC Thread#3"                     [id=22848, stack(0x000000b2fef00000,0x000000b2ff000000) (1024K)]
  0x000001f86165e030 WorkerThread "GC Thread#4"                     [id=25528, stack(0x000000b2ff000000,0x000000b2ff100000) (1024K)]
  0x000001f861669900 WorkerThread "GC Thread#5"                     [id=17412, stack(0x000000b2ff100000,0x000000b2ff200000) (1024K)]
  0x000001f861669cb0 WorkerThread "GC Thread#6"                     [id=28152, stack(0x000000b2ff200000,0x000000b2ff300000) (1024K)]
  0x000001f85bfb0ce0 WorkerThread "GC Thread#7"                     [id=26540, stack(0x000000b2fec00000,0x000000b2fed00000) (1024K)]
  0x000001f8615ceda0 WorkerThread "GC Thread#8"                     [id=12424, stack(0x000000b2ff700000,0x000000b2ff800000) (1024K)]
  0x000001f8612e45a0 WorkerThread "GC Thread#9"                     [id=2052, stack(0x000000b2ff800000,0x000000b2ff900000) (1024K)]
Total: 12

Threads with active compile tasks:
C2 CompilerThread0  78160 4025       4       org.lombokweb.asm.ClassReader::readMethod (1070 bytes)
C1 CompilerThread0  78161 4098       3       org.codehaus.plexus.util.xml.pull.MXParser::more (106 bytes)
C2 CompilerThread1  78161 4035       4       org.lombokweb.asm.Type::getArgumentsAndReturnSizes (140 bytes)
Total: 3

VM state: not at safepoint (normal execution)

VM Mutex/Monitor currently owned by a thread: None

Heap address: 0x0000000080000000, size: 2048 MB, Compressed Oops mode: 32-bit

CDS archive(s) mapped at: [0x000001f800000000-0x000001f800ba0000-0x000001f800ba0000), size 12189696, SharedBaseAddress: 0x000001f800000000, ArchiveRelocationMode: 1.
Compressed class space mapped at: 0x000001f801000000-0x000001f841000000, reserved size: 1073741824
Narrow klass base: 0x000001f800000000, Narrow klass shift: 0, Narrow klass range: 0x100000000

GC Precious Log:
 CardTable entry size: 512
 CPUs: 12 total, 12 available
 Memory: 7876M
 Large Page Support: Disabled
 NUMA Support: Disabled
 Compressed Oops: Enabled (32-bit)
 Alignments: Space 512K, Generation 512K, Heap 2M
 Heap Min Capacity: 100M
 Heap Initial Capacity: 100M
 Heap Max Capacity: 2G
 Pre-touch: Disabled
 Parallel Workers: 10

Heap:
 PSYoungGen      total 26112K, used 16520K [0x00000000d5580000, 0x00000000d7400000, 0x0000000100000000)
  eden space 23552K, 66% used [0x00000000d5580000,0x00000000d64b9b68,0x00000000d6c80000)
  from space 2560K, 36% used [0x00000000d7000000,0x00000000d70e86f8,0x00000000d7280000)
  to   space 1536K, 0% used [0x00000000d7280000,0x00000000d7280000,0x00000000d7400000)
 ParOldGen       total 68608K, used 13672K [0x0000000080000000, 0x0000000084300000, 0x00000000d5580000)
  object space 68608K, 19% used [0x0000000080000000,0x0000000080d5a0a0,0x0000000084300000)
 Metaspace       used 27210K, committed 28160K, reserved 1114112K
  class space    used 2674K, committed 3072K, reserved 1048576K

Card table byte_map: [0x000001f843920000,0x000001f843d30000] _byte_map_base: 0x000001f843520000

Marking Bits: (ParMarkBitMap*) 0x00007ff966853450
 Begin Bits: [0x000001f856430000, 0x000001f858430000)
 End Bits:   [0x000001f858430000, 0x000001f85a430000)

Polling page: 0x000001f841f60000

Metaspace:

Usage:
  Non-class:     23.96 MB used.
      Class:      2.61 MB used.
       Both:     26.57 MB used.

Virtual space:
  Non-class space:       64.00 MB reserved,      24.50 MB ( 38%) committed,  1 nodes.
      Class space:        1.00 GB reserved,       3.00 MB ( <1%) committed,  1 nodes.
             Both:        1.06 GB reserved,      27.50 MB (  3%) committed. 

Chunk freelists:
   Non-Class:  6.64 MB
       Class:  12.92 MB
        Both:  19.56 MB

MaxMetaspaceSize: unlimited
CompressedClassSpaceSize: 1.00 GB
Initial GC threshold: 21.00 MB
Current GC threshold: 35.00 MB
CDS: on
 - commit_granule_bytes: 65536.
 - commit_granule_words: 8192.
 - virtual_space_node_default_size: 8388608.
 - enlarge_chunks_in_place: 1.
 - use_allocation_guard: 0.


Internal statistics:

num_allocs_failed_limit: 3.
num_arena_births: 710.
num_arena_deaths: 14.
num_vsnodes_births: 2.
num_vsnodes_deaths: 0.
num_space_committed: 440.
num_space_uncommitted: 0.
num_chunks_returned_to_freelist: 17.
num_chunks_taken_from_freelist: 1823.
num_chunk_merges: 9.
num_chunk_splits: 1173.
num_chunks_enlarged: 726.
num_inconsistent_stats: 0.

CodeHeap 'non-profiled nmethods': size=120000Kb used=1846Kb max_used=1846Kb free=118153Kb
 bounds [0x000001f84ec50000, 0x000001f84eec0000, 0x000001f856180000]
CodeHeap 'profiled nmethods': size=120000Kb used=8645Kb max_used=8645Kb free=111354Kb
 bounds [0x000001f847180000, 0x000001f847a00000, 0x000001f84e6b0000]
CodeHeap 'non-nmethods': size=5760Kb used=1330Kb max_used=1345Kb free=4429Kb
 bounds [0x000001f84e6b0000, 0x000001f84e920000, 0x000001f84ec50000]
CodeCache: size=245760Kb, used=11821Kb, max_used=11836Kb, free=233936Kb
 total_blobs=4713, nmethods=4092, adapters=527, full_count=0
Compilation: enabled, stopped_count=0, restarted_count=0

Compilation events (20 events):
Event: 76.861 Thread 0x000001f85aa2d9a0 4028       3       org.lombokweb.asm.MethodWriter::visitFrame (811 bytes)
Event: 76.865 Thread 0x000001f85aa2d9a0 nmethod 4028 0x000001f8479bcd90 code [0x000001f8479bd2e0, 0x000001f8479bf550]
Event: 76.865 Thread 0x000001f85aa2d9a0 4030       3       org.lombokweb.asm.ClassReader::readStackMapFrame (535 bytes)
Event: 76.867 Thread 0x000001f85aa2d9a0 nmethod 4030 0x000001f8479c0490 code [0x000001f8479c0740, 0x000001f8479c1710]
Event: 76.867 Thread 0x000001f85aa2d9a0 4029       3       org.lombokweb.asm.Label::put (83 bytes)
Event: 76.867 Thread 0x000001f85aa2d9a0 nmethod 4029 0x000001f8479c1d10 code [0x000001f8479c1f40, 0x000001f8479c2370]
Event: 76.867 Thread 0x000001f85aa2d9a0 4031       3       org.lombokweb.asm.MethodWriter::visitJumpInsn (495 bytes)
Event: 76.868 Thread 0x000001f85aa2d9a0 nmethod 4031 0x000001f8479c2510 code [0x000001f8479c2860, 0x000001f8479c3868]
Event: 76.871 Thread 0x000001f85aa2d9a0 4033       3       lombok.patcher.Hook::convertType (64 bytes)
Event: 76.872 Thread 0x000001f85aa2d9a0 nmethod 4033 0x000001f8479c3e90 code [0x000001f8479c40e0, 0x000001f8479c47e8]
Event: 76.873 Thread 0x000001f85aa2d9a0 4034       3       org.lombokweb.asm.SymbolTable::hash (14 bytes)
Event: 76.873 Thread 0x000001f85aa2d9a0 nmethod 4034 0x000001f8479c4b90 code [0x000001f8479c4d20, 0x000001f8479c4e28]
Event: 76.959 Thread 0x000001f85aa2d9a0 4036       3       java.util.regex.Matcher::getSubSequence (12 bytes)
Event: 76.959 Thread 0x000001f85aa2d9a0 nmethod 4036 0x000001f8479c4e90 code [0x000001f8479c5040, 0x000001f8479c5218]
Event: 77.054 Thread 0x000001f85aa2d9a0 4037       3       org.eclipse.core.internal.registry.ConfigurationElementHandle::getConfigurationElement (18 bytes)
Event: 77.055 Thread 0x000001f85aa2d9a0 nmethod 4037 0x000001f8479c5310 code [0x000001f8479c54e0, 0x000001f8479c5950]
Event: 77.084 Thread 0x000001f85aa2d9a0 4038       3       org.eclipse.core.internal.preferences.ImmutableMap$ArrayMap::internalPut (85 bytes)
Event: 77.085 Thread 0x000001f85aa2d9a0 nmethod 4038 0x000001f8479c5b10 code [0x000001f8479c5d20, 0x000001f8479c6450]
Event: 77.085 Thread 0x000001f85aa2d9a0 4039       3       org.eclipse.core.internal.preferences.ImmutableMap$ArrayMap::<init> (50 bytes)
Event: 78.084 Thread 0x000001f85aa2d9a0 nmethod 4039 0x000001f8479c6710 code [0x000001f8479c6900, 0x000001f8479c6d10]

GC Heap History (20 events):
Event: 1.419 GC heap before
{Heap before GC invocations=1 (full 0):
 PSYoungGen      total 29696K, used 25600K [0x00000000d5580000, 0x00000000d7680000, 0x0000000100000000)
  eden space 25600K, 100% used [0x00000000d5580000,0x00000000d6e80000,0x00000000d6e80000)
  from space 4096K, 0% used [0x00000000d7280000,0x00000000d7280000,0x00000000d7680000)
  to   space 4096K, 0% used [0x00000000d6e80000,0x00000000d6e80000,0x00000000d7280000)
 ParOldGen       total 68608K, used 0K [0x0000000080000000, 0x0000000084300000, 0x00000000d5580000)
  object space 68608K, 0% used [0x0000000080000000,0x0000000080000000,0x0000000084300000)
 Metaspace       used 4359K, committed 4608K, reserved 1114112K
  class space    used 474K, committed 576K, reserved 1048576K
}
Event: 1.428 GC heap after
{Heap after GC invocations=1 (full 0):
 PSYoungGen      total 29696K, used 3303K [0x00000000d5580000, 0x00000000d7680000, 0x0000000100000000)
  eden space 25600K, 0% used [0x00000000d5580000,0x00000000d5580000,0x00000000d6e80000)
  from space 4096K, 80% used [0x00000000d6e80000,0x00000000d71b9e98,0x00000000d7280000)
  to   space 4096K, 0% used [0x00000000d7280000,0x00000000d7280000,0x00000000d7680000)
 ParOldGen       total 68608K, used 16K [0x0000000080000000, 0x0000000084300000, 0x00000000d5580000)
  object space 68608K, 0% used [0x0000000080000000,0x0000000080004000,0x0000000084300000)
 Metaspace       used 4359K, committed 4608K, reserved 1114112K
  class space    used 474K, committed 576K, reserved 1048576K
}
Event: 11.037 GC heap before
{Heap before GC invocations=2 (full 0):
 PSYoungGen      total 29696K, used 28903K [0x00000000d5580000, 0x00000000d7680000, 0x0000000100000000)
  eden space 25600K, 100% used [0x00000000d5580000,0x00000000d6e80000,0x00000000d6e80000)
  from space 4096K, 80% used [0x00000000d6e80000,0x00000000d71b9e98,0x00000000d7280000)
  to   space 4096K, 0% used [0x00000000d7280000,0x00000000d7280000,0x00000000d7680000)
 ParOldGen       total 68608K, used 16K [0x0000000080000000, 0x0000000084300000, 0x00000000d5580000)
  object space 68608K, 0% used [0x0000000080000000,0x0000000080004000,0x0000000084300000)
 Metaspace       used 7984K, committed 8256K, reserved 1114112K
  class space    used 828K, committed 960K, reserved 1048576K
}
Event: 11.044 GC heap after
{Heap after GC invocations=2 (full 0):
 PSYoungGen      total 29696K, used 4086K [0x00000000d5580000, 0x00000000d7680000, 0x0000000100000000)
  eden space 25600K, 0% used [0x00000000d5580000,0x00000000d5580000,0x00000000d6e80000)
  from space 4096K, 99% used [0x00000000d7280000,0x00000000d767d810,0x00000000d7680000)
  to   space 4096K, 0% used [0x00000000d6e80000,0x00000000d6e80000,0x00000000d7280000)
 ParOldGen       total 68608K, used 2039K [0x0000000080000000, 0x0000000084300000, 0x00000000d5580000)
  object space 68608K, 2% used [0x0000000080000000,0x00000000801fde48,0x0000000084300000)
 Metaspace       used 7984K, committed 8256K, reserved 1114112K
  class space    used 828K, committed 960K, reserved 1048576K
}
Event: 33.578 GC heap before
{Heap before GC invocations=3 (full 0):
 PSYoungGen      total 29696K, used 29686K [0x00000000d5580000, 0x00000000d7680000, 0x0000000100000000)
  eden space 25600K, 100% used [0x00000000d5580000,0x00000000d6e80000,0x00000000d6e80000)
  from space 4096K, 99% used [0x00000000d7280000,0x00000000d767d810,0x00000000d7680000)
  to   space 4096K, 0% used [0x00000000d6e80000,0x00000000d6e80000,0x00000000d7280000)
 ParOldGen       total 68608K, used 2039K [0x0000000080000000, 0x0000000084300000, 0x00000000d5580000)
  object space 68608K, 2% used [0x0000000080000000,0x00000000801fde48,0x0000000084300000)
 Metaspace       used 9704K, committed 9984K, reserved 1114112K
  class space    used 1021K, committed 1152K, reserved 1048576K
}
Event: 33.590 GC heap after
{Heap after GC invocations=3 (full 0):
 PSYoungGen      total 29696K, used 4074K [0x00000000d5580000, 0x00000000d7680000, 0x0000000100000000)
  eden space 25600K, 0% used [0x00000000d5580000,0x00000000d5580000,0x00000000d6e80000)
  from space 4096K, 99% used [0x00000000d6e80000,0x00000000d727aa38,0x00000000d7280000)
  to   space 4096K, 0% used [0x00000000d7280000,0x00000000d7280000,0x00000000d7680000)
 ParOldGen       total 68608K, used 4690K [0x0000000080000000, 0x0000000084300000, 0x00000000d5580000)
  object space 68608K, 6% used [0x0000000080000000,0x0000000080494960,0x0000000084300000)
 Metaspace       used 9704K, committed 9984K, reserved 1114112K
  class space    used 1021K, committed 1152K, reserved 1048576K
}
Event: 67.578 GC heap before
{Heap before GC invocations=4 (full 0):
 PSYoungGen      total 29696K, used 29674K [0x00000000d5580000, 0x00000000d7680000, 0x0000000100000000)
  eden space 25600K, 100% used [0x00000000d5580000,0x00000000d6e80000,0x00000000d6e80000)
  from space 4096K, 99% used [0x00000000d6e80000,0x00000000d727aa38,0x00000000d7280000)
  to   space 4096K, 0% used [0x00000000d7280000,0x00000000d7280000,0x00000000d7680000)
 ParOldGen       total 68608K, used 4690K [0x0000000080000000, 0x0000000084300000, 0x00000000d5580000)
  object space 68608K, 6% used [0x0000000080000000,0x0000000080494960,0x0000000084300000)
 Metaspace       used 11390K, committed 11712K, reserved 1114112K
  class space    used 1185K, committed 1344K, reserved 1048576K
}
Event: 67.584 GC heap after
{Heap after GC invocations=4 (full 0):
 PSYoungGen      total 29696K, used 4074K [0x00000000d5580000, 0x00000000d7680000, 0x0000000100000000)
  eden space 25600K, 0% used [0x00000000d5580000,0x00000000d5580000,0x00000000d6e80000)
  from space 4096K, 99% used [0x00000000d7280000,0x00000000d767a8a0,0x00000000d7680000)
  to   space 4096K, 0% used [0x00000000d6e80000,0x00000000d6e80000,0x00000000d7280000)
 ParOldGen       total 68608K, used 7205K [0x0000000080000000, 0x0000000084300000, 0x00000000d5580000)
  object space 68608K, 10% used [0x0000000080000000,0x00000000807097f8,0x0000000084300000)
 Metaspace       used 11390K, committed 11712K, reserved 1114112K
  class space    used 1185K, committed 1344K, reserved 1048576K
}
Event: 73.781 GC heap before
{Heap before GC invocations=5 (full 0):
 PSYoungGen      total 29696K, used 29674K [0x00000000d5580000, 0x00000000d7680000, 0x0000000100000000)
  eden space 25600K, 100% used [0x00000000d5580000,0x00000000d6e80000,0x00000000d6e80000)
  from space 4096K, 99% used [0x00000000d7280000,0x00000000d767a8a0,0x00000000d7680000)
  to   space 4096K, 0% used [0x00000000d6e80000,0x00000000d6e80000,0x00000000d7280000)
 ParOldGen       total 68608K, used 7205K [0x0000000080000000, 0x0000000084300000, 0x00000000d5580000)
  object space 68608K, 10% used [0x0000000080000000,0x00000000807097f8,0x0000000084300000)
 Metaspace       used 15308K, committed 15936K, reserved 1114112K
  class space    used 1570K, committed 1856K, reserved 1048576K
}
Event: 73.786 GC heap after
{Heap after GC invocations=5 (full 0):
 PSYoungGen      total 29184K, used 4071K [0x00000000d5580000, 0x00000000d7a00000, 0x0000000100000000)
  eden space 25088K, 0% used [0x00000000d5580000,0x00000000d5580000,0x00000000d6e00000)
  from space 4096K, 99% used [0x00000000d6e80000,0x00000000d7279f30,0x00000000d7280000)
  to   space 6144K, 0% used [0x00000000d7400000,0x00000000d7400000,0x00000000d7a00000)
 ParOldGen       total 68608K, used 8234K [0x0000000080000000, 0x0000000084300000, 0x00000000d5580000)
  object space 68608K, 12% used [0x0000000080000000,0x000000008080a808,0x0000000084300000)
 Metaspace       used 15308K, committed 15936K, reserved 1114112K
  class space    used 1570K, committed 1856K, reserved 1048576K
}
Event: 75.426 GC heap before
{Heap before GC invocations=6 (full 0):
 PSYoungGen      total 29184K, used 29159K [0x00000000d5580000, 0x00000000d7a00000, 0x0000000100000000)
  eden space 25088K, 100% used [0x00000000d5580000,0x00000000d6e00000,0x00000000d6e00000)
  from space 4096K, 99% used [0x00000000d6e80000,0x00000000d7279f30,0x00000000d7280000)
  to   space 6144K, 0% used [0x00000000d7400000,0x00000000d7400000,0x00000000d7a00000)
 ParOldGen       total 68608K, used 8234K [0x0000000080000000, 0x0000000084300000, 0x00000000d5580000)
  object space 68608K, 12% used [0x0000000080000000,0x000000008080a808,0x0000000084300000)
 Metaspace       used 18719K, committed 19520K, reserved 1114112K
  class space    used 1949K, committed 2304K, reserved 1048576K
}
Event: 75.433 GC heap after
{Heap after GC invocations=6 (full 0):
 PSYoungGen      total 30208K, used 5277K [0x00000000d5580000, 0x00000000d7980000, 0x0000000100000000)
  eden space 24576K, 0% used [0x00000000d5580000,0x00000000d5580000,0x00000000d6d80000)
  from space 5632K, 93% used [0x00000000d7400000,0x00000000d79276f0,0x00000000d7980000)
  to   space 5632K, 0% used [0x00000000d6e80000,0x00000000d6e80000,0x00000000d7400000)
 ParOldGen       total 68608K, used 8242K [0x0000000080000000, 0x0000000084300000, 0x00000000d5580000)
  object space 68608K, 12% used [0x0000000080000000,0x000000008080c808,0x0000000084300000)
 Metaspace       used 18719K, committed 19520K, reserved 1114112K
  class space    used 1949K, committed 2304K, reserved 1048576K
}
Event: 75.993 GC heap before
{Heap before GC invocations=7 (full 0):
 PSYoungGen      total 30208K, used 25684K [0x00000000d5580000, 0x00000000d7980000, 0x0000000100000000)
  eden space 24576K, 83% used [0x00000000d5580000,0x00000000d696d938,0x00000000d6d80000)
  from space 5632K, 93% used [0x00000000d7400000,0x00000000d79276f0,0x00000000d7980000)
  to   space 5632K, 0% used [0x00000000d6e80000,0x00000000d6e80000,0x00000000d7400000)
 ParOldGen       total 68608K, used 8242K [0x0000000080000000, 0x0000000084300000, 0x00000000d5580000)
  object space 68608K, 12% used [0x0000000080000000,0x000000008080c808,0x0000000084300000)
 Metaspace       used 20634K, committed 21504K, reserved 1114112K
  class space    used 2175K, committed 2560K, reserved 1048576K
}
Event: 76.001 GC heap after
{Heap after GC invocations=7 (full 0):
 PSYoungGen      total 29696K, used 4707K [0x00000000d5580000, 0x00000000d7780000, 0x0000000100000000)
  eden space 24576K, 0% used [0x00000000d5580000,0x00000000d5580000,0x00000000d6d80000)
  from space 5120K, 91% used [0x00000000d6e80000,0x00000000d7318e80,0x00000000d7380000)
  to   space 4096K, 0% used [0x00000000d7380000,0x00000000d7380000,0x00000000d7780000)
 ParOldGen       total 68608K, used 9725K [0x0000000080000000, 0x0000000084300000, 0x00000000d5580000)
  object space 68608K, 14% used [0x0000000080000000,0x000000008097f7d8,0x0000000084300000)
 Metaspace       used 20634K, committed 21504K, reserved 1114112K
  class space    used 2175K, committed 2560K, reserved 1048576K
}
Event: 76.002 GC heap before
{Heap before GC invocations=8 (full 1):
 PSYoungGen      total 29696K, used 4707K [0x00000000d5580000, 0x00000000d7780000, 0x0000000100000000)
  eden space 24576K, 0% used [0x00000000d5580000,0x00000000d5580000,0x00000000d6d80000)
  from space 5120K, 91% used [0x00000000d6e80000,0x00000000d7318e80,0x00000000d7380000)
  to   space 4096K, 0% used [0x00000000d7380000,0x00000000d7380000,0x00000000d7780000)
 ParOldGen       total 68608K, used 9725K [0x0000000080000000, 0x0000000084300000, 0x00000000d5580000)
  object space 68608K, 14% used [0x0000000080000000,0x000000008097f7d8,0x0000000084300000)
 Metaspace       used 20634K, committed 21504K, reserved 1114112K
  class space    used 2175K, committed 2560K, reserved 1048576K
}
Event: 76.074 GC heap after
{Heap after GC invocations=8 (full 1):
 PSYoungGen      total 29696K, used 0K [0x00000000d5580000, 0x00000000d7780000, 0x0000000100000000)
  eden space 24576K, 0% used [0x00000000d5580000,0x00000000d5580000,0x00000000d6d80000)
  from space 5120K, 0% used [0x00000000d6e80000,0x00000000d6e80000,0x00000000d7380000)
  to   space 4096K, 0% used [0x00000000d7380000,0x00000000d7380000,0x00000000d7780000)
 ParOldGen       total 68608K, used 13664K [0x0000000080000000, 0x0000000084300000, 0x00000000d5580000)
  object space 68608K, 19% used [0x0000000080000000,0x0000000080d580a0,0x0000000084300000)
 Metaspace       used 20621K, committed 21504K, reserved 1114112K
  class space    used 2172K, committed 2560K, reserved 1048576K
}
Event: 76.482 GC heap before
{Heap before GC invocations=9 (full 1):
 PSYoungGen      total 29696K, used 24391K [0x00000000d5580000, 0x00000000d7780000, 0x0000000100000000)
  eden space 24576K, 99% used [0x00000000d5580000,0x00000000d6d51ff0,0x00000000d6d80000)
  from space 5120K, 0% used [0x00000000d6e80000,0x00000000d6e80000,0x00000000d7380000)
  to   space 4096K, 0% used [0x00000000d7380000,0x00000000d7380000,0x00000000d7780000)
 ParOldGen       total 68608K, used 13664K [0x0000000080000000, 0x0000000084300000, 0x00000000d5580000)
  object space 68608K, 19% used [0x0000000080000000,0x0000000080d580a0,0x0000000084300000)
 Metaspace       used 22784K, committed 23616K, reserved 1114112K
  class space    used 2346K, committed 2688K, reserved 1048576K
}
Event: 76.484 GC heap after
{Heap after GC invocations=9 (full 1):
 PSYoungGen      total 25600K, used 1158K [0x00000000d5580000, 0x00000000d7500000, 0x0000000100000000)
  eden space 24064K, 0% used [0x00000000d5580000,0x00000000d5580000,0x00000000d6d00000)
  from space 1536K, 75% used [0x00000000d7380000,0x00000000d74a19f0,0x00000000d7500000)
  to   space 2560K, 0% used [0x00000000d7000000,0x00000000d7000000,0x00000000d7280000)
 ParOldGen       total 68608K, used 13664K [0x0000000080000000, 0x0000000084300000, 0x00000000d5580000)
  object space 68608K, 19% used [0x0000000080000000,0x0000000080d580a0,0x0000000084300000)
 Metaspace       used 22784K, committed 23616K, reserved 1114112K
  class space    used 2346K, committed 2688K, reserved 1048576K
}
Event: 76.995 GC heap before
{Heap before GC invocations=10 (full 1):
 PSYoungGen      total 25600K, used 25222K [0x00000000d5580000, 0x00000000d7500000, 0x0000000100000000)
  eden space 24064K, 100% used [0x00000000d5580000,0x00000000d6d00000,0x00000000d6d00000)
  from space 1536K, 75% used [0x00000000d7380000,0x00000000d74a19f0,0x00000000d7500000)
  to   space 2560K, 0% used [0x00000000d7000000,0x00000000d7000000,0x00000000d7280000)
 ParOldGen       total 68608K, used 13664K [0x0000000080000000, 0x0000000084300000, 0x00000000d5580000)
  object space 68608K, 19% used [0x0000000080000000,0x0000000080d580a0,0x0000000084300000)
 Metaspace       used 26519K, committed 27328K, reserved 1114112K
  class space    used 2616K, committed 2944K, reserved 1048576K
}
Event: 76.997 GC heap after
{Heap after GC invocations=10 (full 1):
 PSYoungGen      total 26112K, used 929K [0x00000000d5580000, 0x00000000d7400000, 0x0000000100000000)
  eden space 23552K, 0% used [0x00000000d5580000,0x00000000d5580000,0x00000000d6c80000)
  from space 2560K, 36% used [0x00000000d7000000,0x00000000d70e86f8,0x00000000d7280000)
  to   space 1536K, 0% used [0x00000000d7280000,0x00000000d7280000,0x00000000d7400000)
 ParOldGen       total 68608K, used 13672K [0x0000000080000000, 0x0000000084300000, 0x00000000d5580000)
  object space 68608K, 19% used [0x0000000080000000,0x0000000080d5a0a0,0x0000000084300000)
 Metaspace       used 26519K, committed 27328K, reserved 1114112K
  class space    used 2616K, committed 2944K, reserved 1048576K
}

Dll operation events (10 events):
Event: 0.014 Loaded shared library c:\Users\dell\.vscode\extensions\redhat.java-1.53.0-win32-x64\jre\21.0.10-win32-x86_64\bin\java.dll
Event: 0.126 Loaded shared library c:\Users\dell\.vscode\extensions\redhat.java-1.53.0-win32-x64\jre\21.0.10-win32-x86_64\bin\zip.dll
Event: 0.152 Loaded shared library C:\Users\dell\.vscode\extensions\redhat.java-1.53.0-win32-x64\jre\21.0.10-win32-x86_64\bin\instrument.dll
Event: 0.160 Loaded shared library C:\Users\dell\.vscode\extensions\redhat.java-1.53.0-win32-x64\jre\21.0.10-win32-x86_64\bin\net.dll
Event: 0.243 Loaded shared library C:\Users\dell\.vscode\extensions\redhat.java-1.53.0-win32-x64\jre\21.0.10-win32-x86_64\bin\nio.dll
Event: 0.249 Loaded shared library C:\Users\dell\.vscode\extensions\redhat.java-1.53.0-win32-x64\jre\21.0.10-win32-x86_64\bin\zip.dll
Event: 0.271 Loaded shared library C:\Users\dell\.vscode\extensions\redhat.java-1.53.0-win32-x64\jre\21.0.10-win32-x86_64\bin\jimage.dll
Event: 0.509 Loaded shared library c:\Users\dell\.vscode\extensions\redhat.java-1.53.0-win32-x64\jre\21.0.10-win32-x86_64\bin\verify.dll
Event: 18.087 Loaded shared library C:\Users\dell\AppData\Roaming\Code\User\globalStorage\redhat.java\1.53.0\config_win\org.eclipse.equinox.launcher\org.eclipse.equinox.launcher.win32.win32.x86_64_1.3.0.v20260203-2149\eclipse_11919.dll
Event: 74.359 Loaded shared library C:\Users\dell\AppData\Local\Temp\jna-3079617\jna7683605896928853619.dll

Deoptimization events (20 events):
Event: 75.761 Thread 0x000001f85bf88320 Uncommon trap: trap_request=0xffffff45 fr.pc=0x000001f84ec91b8c relative=0x000000000000006c
Event: 75.761 Thread 0x000001f85bf88320 Uncommon trap: reason=unstable_if action=reinterpret pc=0x000001f84ec91b8c method=java.lang.AbstractStringBuilder.isLatin1()Z @ 10 c2
Event: 75.761 Thread 0x000001f85bf88320 DEOPT PACKING pc=0x000001f84ec91b8c sp=0x000000b2ff6f3040
Event: 75.761 Thread 0x000001f85bf88320 DEOPT UNPACKING pc=0x000001f84e703aa2 sp=0x000000b2ff6f2fd0 mode 2
Event: 75.762 Thread 0x000001f85bf88320 Uncommon trap: trap_request=0xffffff45 fr.pc=0x000001f84edaf068 relative=0x0000000000000048
Event: 75.762 Thread 0x000001f85bf88320 Uncommon trap: reason=unstable_if action=reinterpret pc=0x000001f84edaf068 method=java.lang.StringLatin1.canEncode(C)Z @ 4 c2
Event: 75.762 Thread 0x000001f85bf88320 DEOPT PACKING pc=0x000001f84edaf068 sp=0x000000b2ff6f2fd0
Event: 75.762 Thread 0x000001f85bf88320 DEOPT UNPACKING pc=0x000001f84e703aa2 sp=0x000000b2ff6f2f58 mode 2
Event: 76.250 Thread 0x000001f85bf88320 Uncommon trap: trap_request=0xffffff45 fr.pc=0x000001f84edbe784 relative=0x0000000000001024
Event: 76.250 Thread 0x000001f85bf88320 Uncommon trap: reason=unstable_if action=reinterpret pc=0x000001f84edbe784 method=jdk.internal.org.objectweb.asm.Frame.execute(IILjdk/internal/org/objectweb/asm/Symbol;Ljdk/internal/org/objectweb/asm/SymbolTable;)V @ 1 c2
Event: 76.250 Thread 0x000001f85bf88320 DEOPT PACKING pc=0x000001f84edbe784 sp=0x000000b2ff6f8110
Event: 76.250 Thread 0x000001f85bf88320 DEOPT UNPACKING pc=0x000001f84e703aa2 sp=0x000000b2ff6f8098 mode 2
Event: 76.807 Thread 0x000001f85bf88320 Uncommon trap: trap_request=0xffffff45 fr.pc=0x000001f84ee1906c relative=0x000000000000014c
Event: 76.807 Thread 0x000001f85bf88320 Uncommon trap: reason=unstable_if action=reinterpret pc=0x000001f84ee1906c method=org.lombokweb.asm.ByteVector.putByteArray([BII)Lorg/lombokweb/asm/ByteVector; @ 20 c2
Event: 76.807 Thread 0x000001f85bf88320 DEOPT PACKING pc=0x000001f84ee1906c sp=0x000000b2ff6f29d0
Event: 76.807 Thread 0x000001f85bf88320 DEOPT UNPACKING pc=0x000001f84e703aa2 sp=0x000000b2ff6f29a0 mode 2
Event: 76.807 Thread 0x000001f85bf88320 Uncommon trap: trap_request=0xffffff45 fr.pc=0x000001f84ee189a4 relative=0x0000000000000364
Event: 76.807 Thread 0x000001f85bf88320 Uncommon trap: reason=unstable_if action=reinterpret pc=0x000001f84ee189a4 method=org.lombokweb.asm.Label.resolve([BLorg/lombokweb/asm/ByteVector;I)Z @ 81 c2
Event: 76.807 Thread 0x000001f85bf88320 DEOPT PACKING pc=0x000001f84ee189a4 sp=0x000000b2ff6f2a60
Event: 76.807 Thread 0x000001f85bf88320 DEOPT UNPACKING pc=0x000001f84e703aa2 sp=0x000000b2ff6f2968 mode 2

Classes loaded (20 events):
Event: 76.274 Loading class java/util/zip/GZIPInputStream
Event: 76.275 Loading class java/util/zip/GZIPInputStream done
Event: 76.309 Loading class java/io/StringReader
Event: 76.309 Loading class java/io/StringReader done
Event: 76.319 Loading class java/net/SocketTimeoutException
Event: 76.319 Loading class java/io/InterruptedIOException
Event: 76.319 Loading class java/io/InterruptedIOException done
Event: 76.319 Loading class java/net/SocketTimeoutException done
Event: 76.319 Loading class java/net/SocketException
Event: 76.319 Loading class java/net/SocketException done
Event: 76.319 Loading class java/net/UnknownHostException
Event: 76.319 Loading class java/net/UnknownHostException done
Event: 76.319 Loading class java/net/ProtocolException
Event: 76.320 Loading class java/net/ProtocolException done
Event: 76.351 Loading class java/lang/ThreadLocal$SuppliedThreadLocal
Event: 76.352 Loading class java/lang/ThreadLocal$SuppliedThreadLocal done
Event: 76.361 Loading class java/lang/NegativeArraySizeException
Event: 76.361 Loading class java/lang/NegativeArraySizeException done
Event: 76.368 Loading class java/io/FileWriter
Event: 76.368 Loading class java/io/FileWriter done

Classes unloaded (7 events):
Event: 76.013 Thread 0x000001f85aa140c0 Unloading class 0x000001f8011ab400 'java/lang/invoke/LambdaForm$MH+0x000001f8011ab400'
Event: 76.014 Thread 0x000001f85aa140c0 Unloading class 0x000001f8011ab000 'java/lang/invoke/LambdaForm$MH+0x000001f8011ab000'
Event: 76.014 Thread 0x000001f85aa140c0 Unloading class 0x000001f8011aac00 'java/lang/invoke/LambdaForm$MH+0x000001f8011aac00'
Event: 76.014 Thread 0x000001f85aa140c0 Unloading class 0x000001f8011aa800 'java/lang/invoke/LambdaForm$MH+0x000001f8011aa800'
Event: 76.014 Thread 0x000001f85aa140c0 Unloading class 0x000001f8011aa400 'java/lang/invoke/LambdaForm$BMH+0x000001f8011aa400'
Event: 76.014 Thread 0x000001f85aa140c0 Unloading class 0x000001f8011aa000 'java/lang/invoke/LambdaForm$DMH+0x000001f8011aa000'
Event: 76.014 Thread 0x000001f85aa140c0 Unloading class 0x000001f8011a8c00 'java/lang/invoke/LambdaForm$DMH+0x000001f8011a8c00'

Classes redefined (0 events):
No events

Internal exceptions (20 events):
Event: 74.496 Thread 0x000001f85bf88320 Exception <a 'java/lang/NoSuchMethodError'{0x00000000d61950a8}: 'java.lang.Object java.lang.invoke.DirectMethodHandle$Holder.invokeSpecial(java.lang.Object, java.lang.Object, java.lang.Object, long, java.lang.Object)'> (0x00000000d61950a8) 
thrown [s\src\hotspot\share\interpreter\linkResolver.cpp, line 773]
Event: 74.497 Thread 0x000001f85bf88320 Exception <a 'java/lang/NoSuchMethodError'{0x00000000d619c8f0}: 'java.lang.Object java.lang.invoke.DirectMethodHandle$Holder.newInvokeSpecial(java.lang.Object, java.lang.Object, java.lang.Object, long)'> (0x00000000d619c8f0) 
thrown [s\src\hotspot\share\interpreter\linkResolver.cpp, line 773]
Event: 74.497 Thread 0x000001f85bf88320 Exception <a 'java/lang/NoSuchMethodError'{0x00000000d61a0ef0}: 'java.lang.Object java.lang.invoke.DirectMethodHandle$Holder.invokeSpecial(java.lang.Object, java.lang.Object, java.lang.Object, java.lang.Object, long)'> (0x00000000d61a0ef0) 
thrown [s\src\hotspot\share\interpreter\linkResolver.cpp, line 773]
Event: 74.497 Thread 0x000001f85bf88320 Exception <a 'java/lang/NoSuchMethodError'{0x00000000d61a4b10}: 'java.lang.Object java.lang.invoke.Invokers$Holder.linkToTargetMethod(java.lang.Object, java.lang.Object, long, java.lang.Object)'> (0x00000000d61a4b10) 
thrown [s\src\hotspot\share\interpreter\linkResolver.cpp, line 773]
Event: 74.558 Thread 0x000001f85bf88320 Exception <a 'java/lang/NoSuchMethodError'{0x00000000d621ab58}: 'int java.lang.invoke.DirectMethodHandle$Holder.invokeStaticInit(java.lang.Object, java.lang.Object, java.lang.Object)'> (0x00000000d621ab58) 
thrown [s\src\hotspot\share\interpreter\linkResolver.cpp, line 773]
Event: 74.567 Thread 0x000001f85bf88320 Exception <a 'java/lang/IncompatibleClassChangeError'{0x00000000d62c9440}: Found class java.lang.Object, but interface was expected> (0x00000000d62c9440) 
thrown [s\src\hotspot\share\interpreter\linkResolver.cpp, line 840]
Event: 74.612 Thread 0x000001f85bf88320 Exception <a 'java/lang/NoSuchMethodError'{0x00000000d62dd0f8}: 'java.lang.Object java.lang.invoke.DirectMethodHandle$Holder.invokeSpecial(java.lang.Object, java.lang.Object, java.lang.Object, int, java.lang.Object, java.lang.Object)'> (0x00000000d62dd0f8) 
thrown [s\src\hotspot\share\interpreter\linkResolver.cpp, line 773]
Event: 74.613 Thread 0x000001f85bf88320 Exception <a 'java/lang/NoSuchMethodError'{0x00000000d62e4b10}: 'java.lang.Object java.lang.invoke.DirectMethodHandle$Holder.newInvokeSpecial(java.lang.Object, java.lang.Object, java.lang.Object, int, java.lang.Object)'> (0x00000000d62e4b10) 
thrown [s\src\hotspot\share\interpreter\linkResolver.cpp, line 773]
Event: 74.613 Thread 0x000001f85bf88320 Exception <a 'java/lang/NoSuchMethodError'{0x00000000d62e8ce0}: 'java.lang.Object java.lang.invoke.DirectMethodHandle$Holder.invokeSpecial(java.lang.Object, java.lang.Object, java.lang.Object, java.lang.Object, int, java.lang.Object)'> (0x00000000d62e8ce0) 
thrown [s\src\hotspot\share\interpreter\linkResolver.cpp, line 773]
Event: 74.614 Thread 0x000001f85bf88320 Exception <a 'java/lang/NoSuchMethodError'{0x00000000d62ec820}: 'java.lang.Object java.lang.invoke.Invokers$Holder.linkToTargetMethod(java.lang.Object, java.lang.Object, int, java.lang.Object, java.lang.Object)'> (0x00000000d62ec820) 
thrown [s\src\hotspot\share\interpreter\linkResolver.cpp, line 773]
Event: 74.615 Thread 0x000001f86115dd00 Exception <a 'java/lang/NoSuchMethodError'{0x00000000d61ffec8}: 'java.lang.Object java.lang.invoke.DirectMethodHandle$Holder.invokeSpecial(java.lang.Object, java.lang.Object, int, java.lang.Object, java.lang.Object)'> (0x00000000d61ffec8) 
thrown [s\src\hotspot\share\interpreter\linkResolver.cpp, line 773]
Event: 74.709 Thread 0x000001f85bf88320 Exception <a 'java/lang/NoSuchMethodError'{0x00000000d63f0938}: 'void java.lang.invoke.DirectMethodHandle$Holder.invokeSpecial(java.lang.Object, java.lang.Object, java.lang.Object, java.lang.Object, java.lang.Object)'> (0x00000000d63f0938) 
thrown [s\src\hotspot\share\interpreter\linkResolver.cpp, line 773]
Event: 75.368 Thread 0x000001f85bf88320 Exception <a 'java/lang/NoSuchMethodError'{0x00000000d6bb03b8}: 'java.lang.Object java.lang.invoke.DirectMethodHandle$Holder.invokeInterface(java.lang.Object, java.lang.Object, java.lang.Object)'> (0x00000000d6bb03b8) 
thrown [s\src\hotspot\share\interpreter\linkResolver.cpp, line 773]
Event: 75.488 Thread 0x000001f85bf88320 Exception <a 'java/lang/NoSuchMethodError'{0x00000000d58011a0}: 'java.lang.Object java.lang.invoke.Invokers$Holder.linkToTargetMethod(java.lang.Object, long, java.lang.Object, java.lang.Object)'> (0x00000000d58011a0) 
thrown [s\src\hotspot\share\interpreter\linkResolver.cpp, line 773]
Event: 75.683 Thread 0x000001f85bf88320 Exception <a 'java/io/FileNotFoundException'{0x00000000d5fc1cf0}> (0x00000000d5fc1cf0) 
thrown [s\src\hotspot\share\prims\jni.cpp, line 520]
Event: 75.685 Thread 0x000001f85bf88320 Exception <a 'java/lang/NoSuchMethodError'{0x00000000d5fca2a8}: 'java.lang.Object java.lang.invoke.DirectMethodHandle$Holder.newInvokeSpecial(java.lang.Object, int, java.lang.Object, java.lang.Object)'> (0x00000000d5fca2a8) 
thrown [s\src\hotspot\share\interpreter\linkResolver.cpp, line 773]
Event: 75.945 Thread 0x000001f85bf88320 Exception <a 'java/lang/NoSuchMethodError'{0x00000000d682aae0}: 'long java.lang.invoke.Invokers$Holder.invokeExact_MT(java.lang.Object, java.lang.Object)'> (0x00000000d682aae0) 
thrown [s\src\hotspot\share\interpreter\linkResolver.cpp, line 773]
Event: 76.250 Thread 0x000001f85bf88320 Exception <a 'java/lang/NoSuchMethodError'{0x00000000d5b2cbd8}: 'double java.lang.invoke.DirectMethodHandle$Holder.invokeStatic(java.lang.Object, java.lang.Object)'> (0x00000000d5b2cbd8) 
thrown [s\src\hotspot\share\interpreter\linkResolver.cpp, line 773]
Event: 76.251 Thread 0x000001f85bf88320 Exception <a 'java/lang/NoSuchMethodError'{0x00000000d5b30268}: 'double java.lang.invoke.DirectMethodHandle$Holder.invokeStaticInit(java.lang.Object, java.lang.Object)'> (0x00000000d5b30268) 
thrown [s\src\hotspot\share\interpreter\linkResolver.cpp, line 773]
Event: 76.807 Thread 0x000001f85bf88320 Implicit null exception at 0x000001f84ee18f75 to 0x000001f84ee19050

ZGC Phase Switch (0 events):
No events

VM Operations (20 events):
Event: 74.370 Executing non-safepoint VM operation: HandshakeAllThreads (Deoptimize) done
Event: 75.218 Executing non-safepoint VM operation: HandshakeAllThreads (Deoptimize)
Event: 75.218 Executing non-safepoint VM operation: HandshakeAllThreads (Deoptimize) done
Event: 75.218 Executing safepoint VM operation: Cleanup
Event: 75.218 Executing safepoint VM operation: Cleanup done
Event: 75.300 Executing non-safepoint VM operation: HandshakeAllThreads (Deoptimize)
Event: 75.300 Executing non-safepoint VM operation: HandshakeAllThreads (Deoptimize) done
Event: 75.309 Executing non-safepoint VM operation: HandshakeAllThreads (Deoptimize)
Event: 75.310 Executing non-safepoint VM operation: HandshakeAllThreads (Deoptimize) done
Event: 75.426 Executing safepoint VM operation: ParallelGCFailedAllocation (Allocation Failure)
Event: 75.433 Executing safepoint VM operation: ParallelGCFailedAllocation (Allocation Failure) done
Event: 75.839 Executing non-safepoint VM operation: HandshakeAllThreads (Deoptimize)
Event: 75.839 Executing non-safepoint VM operation: HandshakeAllThreads (Deoptimize) done
Event: 75.993 Executing safepoint VM operation: CollectForMetadataAllocation (Metadata GC Threshold)
Event: 76.074 Executing safepoint VM operation: CollectForMetadataAllocation (Metadata GC Threshold) done
Event: 76.482 Executing safepoint VM operation: ParallelGCFailedAllocation (Allocation Failure)
Event: 76.484 Executing safepoint VM operation: ParallelGCFailedAllocation (Allocation Failure) done
Event: 76.995 Executing safepoint VM operation: ParallelGCFailedAllocation (Allocation Failure)
Event: 76.997 Executing safepoint VM operation: ParallelGCFailedAllocation (Allocation Failure) done
Event: 78.004 Executing safepoint VM operation: Cleanup

Memory protections (0 events):
No events

Nmethod flushes (0 events):
No events

Events (20 events):
Event: 3.040 Thread 0x000001f861030970 Thread exited: 0x000001f861030970
Event: 17.538 Thread 0x000001f841cdae20 Thread added: 0x000001f861971500
Event: 17.887 Thread 0x000001f861971500 Thread added: 0x000001f86197ea70
Event: 18.101 Thread 0x000001f841cdae20 Thread added: 0x000001f85bf88320
Event: 19.010 Thread 0x000001f85aa2d9a0 Thread added: 0x000001f861417e90
Event: 20.986 Thread 0x000001f861417e90 Thread exited: 0x000001f861417e90
Event: 32.218 Thread 0x000001f85aa2cca0 Thread added: 0x000001f861375d30
Event: 32.276 Thread 0x000001f85aa2d9a0 Thread added: 0x000001f8612e45d0
Event: 33.173 Thread 0x000001f8612e45d0 Thread exited: 0x000001f8612e45d0
Event: 34.028 Thread 0x000001f861375d30 Thread exited: 0x000001f861375d30
Event: 34.117 Thread 0x000001f85bf88320 Thread added: 0x000001f861375d30
Event: 67.617 Thread 0x000001f85bf88320 Thread added: 0x000001f861c31ec0
Event: 71.989 Thread 0x000001f85aa2cca0 Thread added: 0x000001f85bee7f30
Event: 73.057 Thread 0x000001f85bee7f30 Thread exited: 0x000001f85bee7f30
Event: 73.438 Thread 0x000001f85bf88320 Thread added: 0x000001f85c111f90
Event: 74.408 Thread 0x000001f85bf88320 Thread added: 0x000001f86115f0b0
Event: 74.502 Thread 0x000001f85bf88320 Thread added: 0x000001f86115dd00
Event: 74.617 Thread 0x000001f85bf88320 Thread added: 0x000001f86115ea20
Event: 76.392 Thread 0x000001f85aa2cca0 Thread added: 0x000001f862026c10
Event: 76.571 Thread 0x000001f862026c10 Thread exited: 0x000001f862026c10


Dynamic libraries:
0x00007ff65a2a0000 - 0x00007ff65a2ae000 	c:\Users\dell\.vscode\extensions\redhat.java-1.53.0-win32-x64\jre\21.0.10-win32-x86_64\bin\java.exe
0x00007ffa1c2a0000 - 0x00007ffa1c507000 	C:\WINDOWS\SYSTEM32\ntdll.dll
0x00007ffa1acf0000 - 0x00007ffa1adb9000 	C:\WINDOWS\System32\KERNEL32.DLL
0x00007ffa18c50000 - 0x00007ffa19044000 	C:\WINDOWS\System32\KERNELBASE.dll
0x00007ffa19aa0000 - 0x00007ffa19beb000 	C:\WINDOWS\System32\ucrtbase.dll
0x00007ffa119d0000 - 0x00007ffa119ee000 	c:\Users\dell\.vscode\extensions\redhat.java-1.53.0-win32-x64\jre\21.0.10-win32-x86_64\bin\VCRUNTIME140.dll
0x00007ffa13d30000 - 0x00007ffa13d48000 	c:\Users\dell\.vscode\extensions\redhat.java-1.53.0-win32-x64\jre\21.0.10-win32-x86_64\bin\jli.dll
0x00007ff9fdd60000 - 0x00007ff9fdff3000 	C:\WINDOWS\WinSxS\amd64_microsoft.windows.common-controls_6595b64144ccf1df_6.0.26100.8115_none_3e075c82e3354f9c\COMCTL32.dll
0x00007ffa1c010000 - 0x00007ffa1c1d5000 	C:\WINDOWS\System32\USER32.dll
0x00007ffa18c20000 - 0x00007ffa18c47000 	C:\WINDOWS\System32\win32u.dll
0x00007ffa1bc10000 - 0x00007ffa1bcb9000 	C:\WINDOWS\System32\msvcrt.dll
0x00007ffa1a540000 - 0x00007ffa1a56b000 	C:\WINDOWS\System32\GDI32.dll
0x00007ffa198c0000 - 0x00007ffa199ea000 	C:\WINDOWS\System32\gdi32full.dll
0x00007ffa199f0000 - 0x00007ffa19a93000 	C:\WINDOWS\System32\msvcp_win.dll
0x00007ffa1bd40000 - 0x00007ffa1bd72000 	C:\WINDOWS\System32\IMM32.DLL
0x00007ffa08dd0000 - 0x00007ffa08ddc000 	c:\Users\dell\.vscode\extensions\redhat.java-1.53.0-win32-x64\jre\21.0.10-win32-x86_64\bin\vcruntime140_1.dll
0x00007ff9b86a0000 - 0x00007ff9b872d000 	c:\Users\dell\.vscode\extensions\redhat.java-1.53.0-win32-x64\jre\21.0.10-win32-x86_64\bin\msvcp140.dll
0x00007ff965b90000 - 0x00007ff966931000 	c:\Users\dell\.vscode\extensions\redhat.java-1.53.0-win32-x64\jre\21.0.10-win32-x86_64\bin\server\jvm.dll
0x00007ffa1adc0000 - 0x00007ffa1ae76000 	C:\WINDOWS\System32\ADVAPI32.dll
0x00007ffa1ab30000 - 0x00007ffa1abd7000 	C:\WINDOWS\System32\sechost.dll
0x00007ffa1aa00000 - 0x00007ffa1ab18000 	C:\WINDOWS\System32\RPCRT4.dll
0x00007ffa1bf70000 - 0x00007ffa1bff0000 	C:\WINDOWS\System32\WS2_32.dll
0x00007ffa189f0000 - 0x00007ffa18a4e000 	C:\WINDOWS\SYSTEM32\POWRPROF.dll
0x00007ffa12890000 - 0x00007ffa128c6000 	C:\WINDOWS\SYSTEM32\WINMM.dll
0x00007ff9ffea0000 - 0x00007ff9ffeab000 	C:\WINDOWS\SYSTEM32\VERSION.dll
0x00007ffa189d0000 - 0x00007ffa189e4000 	C:\WINDOWS\SYSTEM32\UMPDC.dll
0x00007ffa178d0000 - 0x00007ffa178eb000 	C:\WINDOWS\SYSTEM32\kernel.appcore.dll
0x00007ffa08dc0000 - 0x00007ffa08dca000 	c:\Users\dell\.vscode\extensions\redhat.java-1.53.0-win32-x64\jre\21.0.10-win32-x86_64\bin\jimage.dll
0x00007ffa16920000 - 0x00007ffa16b62000 	C:\WINDOWS\SYSTEM32\DBGHELP.DLL
0x00007ffa1b880000 - 0x00007ffa1bc02000 	C:\WINDOWS\System32\combase.dll
0x00007ffa1ac10000 - 0x00007ffa1ace7000 	C:\WINDOWS\System32\OLEAUT32.dll
0x00007ff9f93e0000 - 0x00007ff9f941b000 	C:\WINDOWS\SYSTEM32\dbgcore.DLL
0x00007ffa18b70000 - 0x00007ffa18c15000 	C:\WINDOWS\System32\bcryptPrimitives.dll
0x00007ffa08db0000 - 0x00007ffa08dbf000 	c:\Users\dell\.vscode\extensions\redhat.java-1.53.0-win32-x64\jre\21.0.10-win32-x86_64\bin\instrument.dll
0x00007ff9f6000000 - 0x00007ff9f6020000 	c:\Users\dell\.vscode\extensions\redhat.java-1.53.0-win32-x64\jre\21.0.10-win32-x86_64\bin\java.dll
0x00007ffa1ae80000 - 0x00007ffa1b5e6000 	C:\WINDOWS\System32\SHELL32.dll
0x00007ffa19bf0000 - 0x00007ffa19d5a000 	C:\WINDOWS\System32\wintypes.dll
0x00007ffa19050000 - 0x00007ffa198b5000 	C:\WINDOWS\System32\windows.storage.dll
0x00007ffa1a0f0000 - 0x00007ffa1a1e7000 	C:\WINDOWS\System32\SHCORE.dll
0x00007ffa1bdb0000 - 0x00007ffa1be16000 	C:\WINDOWS\System32\shlwapi.dll
0x00007ffa18a90000 - 0x00007ffa18ab9000 	C:\WINDOWS\SYSTEM32\profapi.dll
0x00007ff9f5f00000 - 0x00007ff9f5f18000 	c:\Users\dell\.vscode\extensions\redhat.java-1.53.0-win32-x64\jre\21.0.10-win32-x86_64\bin\zip.dll
0x00007ffa08a60000 - 0x00007ffa08a70000 	C:\Users\dell\.vscode\extensions\redhat.java-1.53.0-win32-x64\jre\21.0.10-win32-x86_64\bin\net.dll
0x00007ffa10b80000 - 0x00007ffa10cad000 	C:\WINDOWS\SYSTEM32\WINHTTP.dll
0x00007ffa17e50000 - 0x00007ffa17ebc000 	C:\WINDOWS\system32\mswsock.dll
0x00007ff9f22d0000 - 0x00007ff9f22e6000 	C:\Users\dell\.vscode\extensions\redhat.java-1.53.0-win32-x64\jre\21.0.10-win32-x86_64\bin\nio.dll
0x00007ffa07120000 - 0x00007ffa07130000 	c:\Users\dell\.vscode\extensions\redhat.java-1.53.0-win32-x64\jre\21.0.10-win32-x86_64\bin\verify.dll
0x00007ff9b8a60000 - 0x00007ff9b8aa5000 	C:\Users\dell\AppData\Roaming\Code\User\globalStorage\redhat.java\1.53.0\config_win\org.eclipse.equinox.launcher\org.eclipse.equinox.launcher.win32.win32.x86_64_1.3.0.v20260203-2149\eclipse_11919.dll
0x00007ffa1b680000 - 0x00007ffa1b817000 	C:\WINDOWS\System32\ole32.dll
0x00007ffa18150000 - 0x00007ffa1816b000 	C:\WINDOWS\SYSTEM32\CRYPTSP.dll
0x00007ffa17830000 - 0x00007ffa17869000 	C:\WINDOWS\system32\rsaenh.dll
0x00007ffa17f20000 - 0x00007ffa17f53000 	C:\WINDOWS\SYSTEM32\USERENV.dll
0x00007ffa18a60000 - 0x00007ffa18a8a000 	C:\WINDOWS\SYSTEM32\bcrypt.dll
0x00007ffa18170000 - 0x00007ffa1817c000 	C:\WINDOWS\SYSTEM32\CRYPTBASE.dll
0x00007ffa171b0000 - 0x00007ffa171e2000 	C:\WINDOWS\SYSTEM32\IPHLPAPI.DLL
0x00007ffa1bda0000 - 0x00007ffa1bdaa000 	C:\WINDOWS\System32\NSI.dll
0x00007ff9d0d70000 - 0x00007ff9d0db9000 	C:\Users\dell\AppData\Local\Temp\jna-3079617\jna7683605896928853619.dll
0x00007ffa1ab20000 - 0x00007ffa1ab28000 	C:\WINDOWS\System32\PSAPI.DLL

JVMTI agents:
c:\Users\dell\.vscode\extensions\redhat.java-1.53.0-win32-x64\lombok\lombok-1.18.39-4050.jar path:c:\Users\dell\.vscode\extensions\redhat.java-1.53.0-win32-x64\jre\21.0.10-win32-x86_64\bin\instrument.dll, loaded, initialized, instrumentlib options:none

dbghelp: loaded successfully - version: 4.0.5 - missing functions: none
symbol engine: initialized successfully - sym options: 0x614 - pdb path: .;c:\Users\dell\.vscode\extensions\redhat.java-1.53.0-win32-x64\jre\21.0.10-win32-x86_64\bin;C:\WINDOWS\SYSTEM32;C:\WINDOWS\WinSxS\amd64_microsoft.windows.common-controls_6595b64144ccf1df_6.0.26100.8115_none_3e075c82e3354f9c;c:\Users\dell\.vscode\extensions\redhat.java-1.53.0-win32-x64\jre\21.0.10-win32-x86_64\bin\server;C:\Users\dell\AppData\Roaming\Code\User\globalStorage\redhat.java\1.53.0\config_win\org.eclipse.equinox.launcher\org.eclipse.equinox.launcher.win32.win32.x86_64_1.3.0.v20260203-2149;C:\Users\dell\AppData\Local\Temp\jna-3079617

VM Arguments:
jvm_args: --add-modules=ALL-SYSTEM --add-opens=java.base/java.util=ALL-UNNAMED --add-opens=java.base/java.lang=ALL-UNNAMED --add-opens=java.base/sun.nio.fs=ALL-UNNAMED -Declipse.application=org.eclipse.jdt.ls.core.id1 -Dosgi.bundles.defaultStartLevel=4 -Declipse.product=org.eclipse.jdt.ls.core.product -Djava.import.generatesMetadataFilesAtProjectRoot=false -DDetectVMInstallationsJob.disabled=true -Dfile.encoding=utf8 -XX:+UseParallelGC -XX:GCTimeRatio=4 -XX:AdaptiveSizePolicyWeight=90 -Dsun.zip.disableMemoryMapping=true -Xmx2G -Xms100m -Xlog:disable -javaagent:c:\Users\dell\.vscode\extensions\redhat.java-1.53.0-win32-x64\lombok\lombok-1.18.39-4050.jar -XX:+HeapDumpOnOutOfMemoryError -XX:HeapDumpPath=c:\Users\dell\AppData\Roaming\Code\User\workspaceStorage\825c9b729f276fa6f788dd2d7ea7dcd6\redhat.java -Daether.dependencyCollector.impl=bf 
java_command: c:\Users\dell\.vscode\extensions\redhat.java-1.53.0-win32-x64\server\plugins\org.eclipse.equinox.launcher_1.7.100.v20251111-0406.jar -configuration c:\Users\dell\AppData\Roaming\Code\User\globalStorage\redhat.java\1.53.0\config_win -data c:\Users\dell\AppData\Roaming\Code\User\workspaceStorage\825c9b729f276fa6f788dd2d7ea7dcd6\redhat.java\jdt_ws --pipe=\\.\pipe\lsp-2314e10ceb594ac64ec93096f45b1e3e-sock
java_class_path (initial): c:\Users\dell\.vscode\extensions\redhat.java-1.53.0-win32-x64\server\plugins\org.eclipse.equinox.launcher_1.7.100.v20251111-0406.jar
Launcher Type: SUN_STANDARD

[Global flags]
    uintx AdaptiveSizePolicyWeight                 = 90                                        {product} {command line}
     intx CICompilerCount                          = 4                                         {product} {ergonomic}
    uintx GCTimeRatio                              = 4                                         {product} {command line}
     bool HeapDumpOnOutOfMemoryError               = true                                   {manageable} {command line}
    ccstr HeapDumpPath                             = c:\Users\dell\AppData\Roaming\Code\User\workspaceStorage\825c9b729f276fa6f788dd2d7ea7dcd6\redhat.java         {manageable} {command line}
   size_t InitialHeapSize                          = 104857600                                 {product} {command line}
   size_t MaxHeapSize                              = 2147483648                                {product} {command line}
   size_t MaxNewSize                               = 715653120                                 {product} {ergonomic}
   size_t MinHeapDeltaBytes                        = 524288                                    {product} {ergonomic}
   size_t MinHeapSize                              = 104857600                                 {product} {command line}
   size_t NewSize                                  = 34603008                                  {product} {ergonomic}
    uintx NonNMethodCodeHeapSize                   = 5839372                                {pd product} {ergonomic}
    uintx NonProfiledCodeHeapSize                  = 122909434                              {pd product} {ergonomic}
   size_t OldSize                                  = 70254592                                  {product} {ergonomic}
    uintx ProfiledCodeHeapSize                     = 122909434                              {pd product} {ergonomic}
    uintx ReservedCodeCacheSize                    = 251658240                              {pd product} {ergonomic}
     bool SegmentedCodeCache                       = true                                      {product} {ergonomic}
   size_t SoftMaxHeapSize                          = 2147483648                             {manageable} {ergonomic}
     bool UseCompressedOops                        = true                           {product lp64_product} {ergonomic}
     bool UseLargePagesIndividualAllocation        = false                                  {pd product} {ergonomic}
     bool UseParallelGC                            = true                                      {product} {command line}

Logging:
Log output configuration:
 #0: stdout all=off uptime,level,tags foldmultilines=false
 #1: stderr all=off uptime,level,tags foldmultilines=false

Release file:
JAVA_VERSION="21.0.10" 
MODULES="java.base java.compiler java.datatransfer java.xml java.prefs java.desktop java.instrument java.logging java.management java.security.sasl java.naming java.rmi java.management.rmi java.net.http java.scripting java.security.jgss java.transaction.xa java.sql java.sql.rowset java.xml.crypto java.se java.smartcardio jdk.accessibility jdk.internal.jvmstat jdk.attach jdk.charsets jdk.internal.opt jdk.zipfs jdk.compiler jdk.crypto.ec jdk.crypto.cryptoki jdk.crypto.mscapi jdk.dynalink jdk.internal.ed jdk.editpad jdk.hotspot.agent jdk.httpserver jdk.internal.le jdk.internal.vm.ci jdk.internal.vm.compiler jdk.internal.vm.compiler.management jdk.jartool jdk.javadoc jdk.jcmd jdk.management jdk.management.agent jdk.jconsole jdk.jdeps jdk.jdwp.agent jdk.jdi jdk.jfr jdk.jshell jdk.jsobject jdk.jstatd jdk.localedata jdk.management.jfr jdk.naming.dns jdk.naming.rmi jdk.net jdk.nio.mapmode jdk.random jdk.sctp jdk.security.auth jdk.security.jgss jdk.unsupported jdk.unsupported.desktop jdk.xml.dom" 

Environment Variables:
JAVA_HOME=C:\Program Files\Eclipse Adoptium\jdk-17.0.14.7-hotspot\
PATH=C:\Users\dell\AppData\Local\Programs\Microsoft VS Code;C:\Program Files\Eclipse Adoptium\jdk-17.0.14.7-hotspot\bin;C:\WINDOWS\system32;C:\WINDOWS;C:\WINDOWS\System32\Wbem;C:\WINDOWS\System32\WindowsPowerShell\v1.0\;C:\WINDOWS\System32\OpenSSH\;C:\Program Files\dotnet\;C:\Program Files\MySQL\MySQL Server 8.0\bin;C:\Program Files\Git\cmd;C:\Program Files\PuTTY\;C:\Program Files\nodejs\;C:\Program Files\Docker\Docker\resources\bin;C:\Program Files\MongoDB\Server\8.2\bin;C:\Users\dell\AppData\Local\Programs\mongosh;C:\Users\dell\Downloads\ngrok-v3-stable-windows-amd64;C:\Users\dell\AppData\Local\Programs\Python\Python311\Scripts\;C:\Users\dell\AppData\Local\Programs\Python\Python311\;C:\Program Files\MySQL\MySQL Shell 8.0\bin\;C:\Users\dell\AppData\Local\Programs\Python\Launcher\;C:\Users\dell\AppData\Local\Microsoft\WindowsApps;C:\MinGW\bin;C:\Users\dell\AppData\Local\Programs\Microsoft VS Code\bin;C:\Users\dell\AppData\Roaming\Python\Python312\Scripts;C:\Program Files\JetBrains\IntelliJ IDEA Community Edition 2024.3.2.1\bin;;C:\Users\dell\AppData\Local\GitHubDesktop\bin;C:\Users\dell\AppData\Roaming\npm;C:\Users\dell\.dotnet\tools;C:\Users\dell\AppData\Local\Programs\mongosh\;C:\Users\dell\AppData\Local\Programs\Antigravity\bin;C:\Users\dell\AppData\Local\Programs\Kiro\bin
USERNAME=dell
OS=Windows_NT
PROCESSOR_IDENTIFIER=Intel64 Family 6 Model 186 Stepping 3, GenuineIntel
TMP=C:\Users\dell\AppData\Local\Temp
TEMP=C:\Users\dell\AppData\Local\Temp




Periodic native trim disabled

---------------  S Y S T E M  ---------------

OS:
 Windows 11 , 64 bit Build 26100 (10.0.26100.8115)
OS uptime: 5 days 23:29 hours
Hyper-V role detected

CPU: total 12 (initial active 12) (6 cores per cpu, 2 threads per core) family 6 model 186 stepping 3 microcode 0x4128, cx8, cmov, fxsr, ht, mmx, 3dnowpref, sse, sse2, sse3, ssse3, sse4.1, sse4.2, popcnt, lzcnt, tsc, tscinvbit, avx, avx2, aes, erms, clmul, bmi1, bmi2, adx, sha, fma, vzeroupper, clflush, clflushopt, clwb, hv, serialize, rdtscp, rdpid, fsrm, f16c, cet_ibt, cet_ss
Processor Information for the first 12 processors :
  Max Mhz: 1300, Current Mhz: 1300, Mhz Limit: 1300

Memory: 4k page, system-wide physical 7876M (525M free)
TotalPageFile size 32452M (AvailPageFile size 6M)
current process WorkingSet (physical memory assigned to process): 150M, peak: 150M
current process commit charge ("private bytes"): 291M, peak: 291M

vm_info: OpenJDK 64-Bit Server VM (21.0.10+7-LTS) for windows-amd64 JRE (21.0.10+7-LTS), built on 2026-01-20T00:00:00Z by "admin" with MS VC++ 17.12 (VS2022)

END.
