#
# There is insufficient memory for the Java Runtime Environment to continue.
# Native memory allocation (malloc) failed to allocate 1248384 bytes. Error detail: Chunk::new
# Possible reasons:
#   The system is out of physical RAM or swap space
#   This process is running with CompressedOops enabled, and the Java Heap may be blocking the growth of the native heap
# Possible solutions:
#   Reduce memory load on the system
#   Increase physical memory or swap space
#   Check if swap backing store is full
#   Decrease Java heap size (-Xmx/-Xms)
#   Decrease number of Java threads
#   Decrease Java thread stack sizes (-Xss)
#   Set larger code cache with -XX:ReservedCodeCacheSize=
#   JVM is running with Unscaled Compressed Oops mode in which the Java heap is
#     placed in the first 4GB address space. The Java Heap base address is the
#     maximum limit for the native heap growth. Please use -XX:HeapBaseMinAddress
#     to set the Java Heap base and to place the Java Heap above 4GB virtual address.
# This output file may be truncated or incomplete.
#
#  Out of Memory Error (arena.cpp:168), pid=21492, tid=9520
#
# JRE version: OpenJDK Runtime Environment Temurin-21.0.10+7 (21.0.10+7) (build 21.0.10+7-LTS)
# Java VM: OpenJDK 64-Bit Server VM Temurin-21.0.10+7 (21.0.10+7-LTS, mixed mode, sharing, tiered, compressed oops, compressed class ptrs, parallel gc, windows-amd64)
# No core dump will be written. Minidumps are not enabled by default on client versions of Windows
#

---------------  S U M M A R Y ------------

Command Line: --add-modules=ALL-SYSTEM --add-opens=java.base/java.util=ALL-UNNAMED --add-opens=java.base/java.lang=ALL-UNNAMED --add-opens=java.base/sun.nio.fs=ALL-UNNAMED -Declipse.application=org.eclipse.jdt.ls.core.id1 -Dosgi.bundles.defaultStartLevel=4 -Declipse.product=org.eclipse.jdt.ls.core.product -Djava.import.generatesMetadataFilesAtProjectRoot=false -DDetectVMInstallationsJob.disabled=true -Dfile.encoding=utf8 -XX:+UseParallelGC -XX:GCTimeRatio=4 -XX:AdaptiveSizePolicyWeight=90 -Dsun.zip.disableMemoryMapping=true -Xmx2G -Xms100m -Xlog:disable -javaagent:c:\Users\dell\.vscode\extensions\redhat.java-1.53.0-win32-x64\lombok\lombok-1.18.39-4050.jar c:\Users\dell\.vscode\extensions\redhat.java-1.53.0-win32-x64\server\plugins\org.eclipse.equinox.launcher_1.7.100.v20251111-0406.jar -configuration c:\Users\dell\AppData\Roaming\Code\User\globalStorage\redhat.java\1.53.0\config_ss_win -data c:\Users\dell\AppData\Roaming\Code\User\workspaceStorage\825c9b729f276fa6f788dd2d7ea7dcd6\redhat.java\ss_ws --pipe=\\.\pipe\lsp-64f58b11f30877ddec3359d31378f79e-sock

Host: 13th Gen Intel(R) Core(TM) i5-1335U, 12 cores, 7G,  Windows 11 , 64 bit Build 26100 (10.0.26100.8115)
Time: Wed Apr 15 22:10:15 2026 India Standard Time elapsed time: 32.449829 seconds (0d 0h 0m 32s)

---------------  T H R E A D  ---------------

Current thread (0x000001f7387b3f90):  JavaThread "C2 CompilerThread0" daemon [_thread_in_native, id=9520, stack(0x000000442b700000,0x000000442b800000) (1024K)]


Current CompileTask:
C2:32450 2804       4       org.lombokweb.asm.ClassReader::readMethod (1070 bytes)

Stack: [0x000000442b700000,0x000000442b800000]
Native frames: (J=compiled Java code, j=interpreted, Vv=VM code, C=native code)
V  [jvm.dll+0x6d7a39]
V  [jvm.dll+0x8b4b26]
V  [jvm.dll+0x8b70de]
V  [jvm.dll+0x8b77c3]
V  [jvm.dll+0x284346]
V  [jvm.dll+0xc66ed]
V  [jvm.dll+0xc6c31]
V  [jvm.dll+0x3bec3b]
V  [jvm.dll+0x38b162]
V  [jvm.dll+0x38a5aa]
V  [jvm.dll+0x24c560]
V  [jvm.dll+0x24bb40]
V  [jvm.dll+0x1cb34e]
V  [jvm.dll+0x25b85d]
V  [jvm.dll+0x259dea]
V  [jvm.dll+0x3f857e]
V  [jvm.dll+0x85f59d]
V  [jvm.dll+0x6d626d]
C  [ucrtbase.dll+0x37b0]
C  [KERNEL32.DLL+0x2e8d7]
C  [ntdll.dll+0x8c3fc]


---------------  P R O C E S S  ---------------

Threads class SMR info:
_java_thread_list=0x000001f797262d40, length=20, elements={
0x000001f73628bb80, 0x000001f7387a31a0, 0x000001f7387a51c0, 0x000001f7387a5e20,
0x000001f7387a6880, 0x000001f7387ac8f0, 0x000001f7387ae940, 0x000001f7387b3f90,
0x000001f7915524f0, 0x000001f79179c810, 0x000001f791882fd0, 0x000001f7927e2a80,
0x000001f79710edb0, 0x000001f7926ca530, 0x000001f7916bda00, 0x000001f797121f40,
0x000001f797121220, 0x000001f7971218b0, 0x000001f7971225d0, 0x000001f797120500
}

Java Threads: ( => current thread )
  0x000001f73628bb80 JavaThread "main"                              [_thread_blocked, id=13192, stack(0x000000442ad00000,0x000000442ae00000) (1024K)]
  0x000001f7387a31a0 JavaThread "Reference Handler"          daemon [_thread_blocked, id=22656, stack(0x000000442b100000,0x000000442b200000) (1024K)]
  0x000001f7387a51c0 JavaThread "Finalizer"                  daemon [_thread_blocked, id=28660, stack(0x000000442b200000,0x000000442b300000) (1024K)]
  0x000001f7387a5e20 JavaThread "Signal Dispatcher"          daemon [_thread_blocked, id=19656, stack(0x000000442b300000,0x000000442b400000) (1024K)]
  0x000001f7387a6880 JavaThread "Attach Listener"            daemon [_thread_blocked, id=14412, stack(0x000000442b400000,0x000000442b500000) (1024K)]
  0x000001f7387ac8f0 JavaThread "Service Thread"             daemon [_thread_blocked, id=27124, stack(0x000000442b500000,0x000000442b600000) (1024K)]
  0x000001f7387ae940 JavaThread "Monitor Deflation Thread"   daemon [_thread_blocked, id=4916, stack(0x000000442b600000,0x000000442b700000) (1024K)]
=>0x000001f7387b3f90 JavaThread "C2 CompilerThread0"         daemon [_thread_in_native, id=9520, stack(0x000000442b700000,0x000000442b800000) (1024K)]
  0x000001f7915524f0 JavaThread "C1 CompilerThread0"         daemon [_thread_blocked, id=14536, stack(0x000000442b800000,0x000000442b900000) (1024K)]
  0x000001f79179c810 JavaThread "Common-Cleaner"             daemon [_thread_blocked, id=29660, stack(0x000000442ba00000,0x000000442bb00000) (1024K)]
  0x000001f791882fd0 JavaThread "Notification Thread"        daemon [_thread_blocked, id=23320, stack(0x000000442b900000,0x000000442ba00000) (1024K)]
  0x000001f7927e2a80 JavaThread "Active Thread: Equinox Container: efc5bde2-ce50-4a95-b71a-9b85de6840aa"        [_thread_blocked, id=21440, stack(0x000000442bc00000,0x000000442bd00000) (1024K)]
  0x000001f79710edb0 JavaThread "Framework Event Dispatcher: Equinox Container: efc5bde2-ce50-4a95-b71a-9b85de6840aa" daemon [_thread_blocked, id=15816, stack(0x000000442c300000,0x000000442c400000) (1024K)]
  0x000001f7926ca530 JavaThread "Start Level: Equinox Container: efc5bde2-ce50-4a95-b71a-9b85de6840aa" daemon [_thread_in_native, id=29172, stack(0x000000442c400000,0x000000442c500000) (1024K)]
  0x000001f7916bda00 JavaThread "SCR Component Actor"        daemon [_thread_blocked, id=20316, stack(0x000000442bb00000,0x000000442bc00000) (1024K)]
  0x000001f797121f40 JavaThread "Worker-JM"                         [_thread_blocked, id=17912, stack(0x000000442c600000,0x000000442c700000) (1024K)]
  0x000001f797121220 JavaThread "JNA Cleaner"                daemon [_thread_blocked, id=25808, stack(0x000000442c900000,0x000000442ca00000) (1024K)]
  0x000001f7971218b0 JavaThread "Worker-0"                          [_thread_blocked, id=924, stack(0x000000442ca00000,0x000000442cb00000) (1024K)]
  0x000001f7971225d0 JavaThread "Worker-1"                          [_thread_blocked, id=23448, stack(0x000000442cb00000,0x000000442cc00000) (1024K)]
  0x000001f797120500 JavaThread "Worker-2"                          [_thread_blocked, id=11240, stack(0x000000442cd00000,0x000000442ce00000) (1024K)]
Total: 20

Other Threads:
  0x000001f73879e750 VMThread "VM Thread"                           [id=19580, stack(0x000000442b000000,0x000000442b100000) (1024K)]
  0x000001f7900dca00 WatcherThread "VM Periodic Task Thread"        [id=18448, stack(0x000000442af00000,0x000000442b000000) (1024K)]
  0x000001f73871c660 WorkerThread "GC Thread#0"                     [id=11940, stack(0x000000442ae00000,0x000000442af00000) (1024K)]
  0x000001f79287ac10 WorkerThread "GC Thread#1"                     [id=16420, stack(0x000000442bd00000,0x000000442be00000) (1024K)]
  0x000001f7918f97b0 WorkerThread "GC Thread#2"                     [id=5508, stack(0x000000442be00000,0x000000442bf00000) (1024K)]
  0x000001f7918f9b60 WorkerThread "GC Thread#3"                     [id=16872, stack(0x000000442bf00000,0x000000442c000000) (1024K)]
  0x000001f7918f9f10 WorkerThread "GC Thread#4"                     [id=2548, stack(0x000000442c000000,0x000000442c100000) (1024K)]
  0x000001f7918fa2c0 WorkerThread "GC Thread#5"                     [id=12556, stack(0x000000442c100000,0x000000442c200000) (1024K)]
  0x000001f79190fe50 WorkerThread "GC Thread#6"                     [id=25944, stack(0x000000442c200000,0x000000442c300000) (1024K)]
  0x000001f792a72290 WorkerThread "GC Thread#7"                     [id=14004, stack(0x000000442c500000,0x000000442c600000) (1024K)]
  0x000001f7917ccc00 WorkerThread "GC Thread#8"                     [id=24884, stack(0x000000442c700000,0x000000442c800000) (1024K)]
  0x000001f792c32ea0 WorkerThread "GC Thread#9"                     [id=28960, stack(0x000000442c800000,0x000000442c900000) (1024K)]
Total: 12

Threads with active compile tasks:
C2 CompilerThread0  32518 2804       4       org.lombokweb.asm.ClassReader::readMethod (1070 bytes)
Total: 1

VM state: not at safepoint (normal execution)

VM Mutex/Monitor currently owned by a thread: None

Heap address: 0x0000000080000000, size: 2048 MB, Compressed Oops mode: 32-bit

CDS archive(s) mapped at: [0x000001f74f000000-0x000001f74fba0000-0x000001f74fba0000), size 12189696, SharedBaseAddress: 0x000001f74f000000, ArchiveRelocationMode: 1.
Compressed class space mapped at: 0x000001f750000000-0x000001f790000000, reserved size: 1073741824
Narrow klass base: 0x000001f74f000000, Narrow klass shift: 0, Narrow klass range: 0x100000000

GC Precious Log:
 CardTable entry size: 512
 CPUs: 12 total, 12 available
 Memory: 7876M
 Large Page Support: Disabled
 NUMA Support: Disabled
 Compressed Oops: Enabled (32-bit)
 Alignments: Space 512K, Generation 512K, Heap 2M
 Heap Min Capacity: 100M
 Heap Initial Capacity: 100M
 Heap Max Capacity: 2G
 Pre-touch: Disabled
 Parallel Workers: 10

Heap:
 PSYoungGen      total 30208K, used 14986K [0x00000000d5580000, 0x00000000d7800000, 0x0000000100000000)
  eden space 25088K, 59% used [0x00000000d5580000,0x00000000d6422948,0x00000000d6e00000)
  from space 5120K, 0% used [0x00000000d7300000,0x00000000d7300000,0x00000000d7800000)
  to   space 5120K, 0% used [0x00000000d6e00000,0x00000000d6e00000,0x00000000d7300000)
 ParOldGen       total 68608K, used 9285K [0x0000000080000000, 0x0000000084300000, 0x00000000d5580000)
  object space 68608K, 13% used [0x0000000080000000,0x00000000809114b8,0x0000000084300000)
 Metaspace       used 21926K, committed 22592K, reserved 1114112K
  class space    used 2130K, committed 2432K, reserved 1048576K

Card table byte_map: [0x000001f7380a0000,0x000001f7384b0000] _byte_map_base: 0x000001f737ca0000

Marking Bits: (ParMarkBitMap*) 0x00007ff966853450
 Begin Bits: [0x000001f74abb0000, 0x000001f74cbb0000)
 End Bits:   [0x000001f74cbb0000, 0x000001f74ebb0000)

Polling page: 0x000001f7366d0000

Metaspace:

Usage:
  Non-class:     19.33 MB used.
      Class:      2.08 MB used.
       Both:     21.41 MB used.

Virtual space:
  Non-class space:       64.00 MB reserved,      19.69 MB ( 31%) committed,  1 nodes.
      Class space:        1.00 GB reserved,       2.38 MB ( <1%) committed,  1 nodes.
             Both:        1.06 GB reserved,      22.06 MB (  2%) committed. 

Chunk freelists:
   Non-Class:  11.97 MB
       Class:  13.59 MB
        Both:  25.57 MB

MaxMetaspaceSize: unlimited
CompressedClassSpaceSize: 1.00 GB
Initial GC threshold: 21.00 MB
Current GC threshold: 35.00 MB
CDS: on
 - commit_granule_bytes: 65536.
 - commit_granule_words: 8192.
 - virtual_space_node_default_size: 8388608.
 - enlarge_chunks_in_place: 1.
 - use_allocation_guard: 0.


Internal statistics:

num_allocs_failed_limit: 3.
num_arena_births: 506.
num_arena_deaths: 14.
num_vsnodes_births: 2.
num_vsnodes_deaths: 0.
num_space_committed: 353.
num_space_uncommitted: 0.
num_chunks_returned_to_freelist: 17.
num_chunks_taken_from_freelist: 1333.
num_chunk_merges: 7.
num_chunk_splits: 868.
num_chunks_enlarged: 575.
num_inconsistent_stats: 0.

CodeHeap 'non-profiled nmethods': size=120000Kb used=1267Kb max_used=1267Kb free=118732Kb
 bounds [0x000001f7433d0000, 0x000001f743640000, 0x000001f74a900000]
CodeHeap 'profiled nmethods': size=120000Kb used=5475Kb max_used=5475Kb free=114524Kb
 bounds [0x000001f73b900000, 0x000001f73be60000, 0x000001f742e30000]
CodeHeap 'non-nmethods': size=5760Kb used=1313Kb max_used=1318Kb free=4446Kb
 bounds [0x000001f742e30000, 0x000001f7430a0000, 0x000001f7433d0000]
CodeCache: size=245760Kb, used=8055Kb, max_used=8060Kb, free=237702Kb
 total_blobs=3438, nmethods=2839, adapters=505, full_count=0
Compilation: enabled, stopped_count=0, restarted_count=0

Compilation events (20 events):
Event: 31.430 Thread 0x000001f7915524f0 2834       3       org.eclipse.core.internal.preferences.ImmutableMap$ArrayMap::<init> (50 bytes)
Event: 31.430 Thread 0x000001f7915524f0 nmethod 2834 0x000001f73be46510 code [0x000001f73be46700, 0x000001f73be46b10]
Event: 31.431 Thread 0x000001f7915524f0 2827       3       org.eclipse.core.runtime.ListenerList::iterator (12 bytes)
Event: 31.431 Thread 0x000001f7915524f0 nmethod 2827 0x000001f73be46c90 code [0x000001f73be46e40, 0x000001f73be47088]
Event: 31.431 Thread 0x000001f7915524f0 2829       3       org.eclipse.core.runtime.ListenerList$ListenerListIterator::hasNext (16 bytes)
Event: 31.431 Thread 0x000001f7915524f0 nmethod 2829 0x000001f73be47190 code [0x000001f73be47340, 0x000001f73be474c0]
Event: 31.431 Thread 0x000001f7915524f0 2830       3       org.eclipse.core.runtime.ListenerList$ListenerListIterator::<init> (10 bytes)
Event: 31.431 Thread 0x000001f7915524f0 nmethod 2830 0x000001f73be47590 code [0x000001f73be47740, 0x000001f73be478c8]
Event: 31.431 Thread 0x000001f7915524f0 2832       3       org.eclipse.core.internal.preferences.ImmutableMap::<init> (5 bytes)
Event: 31.431 Thread 0x000001f7915524f0 nmethod 2832 0x000001f73be47990 code [0x000001f73be47b40, 0x000001f73be47ca8]
Event: 31.431 Thread 0x000001f7915524f0 2833   !   3       org.eclipse.core.internal.preferences.EclipsePreferences::internalPut (87 bytes)
Event: 31.432 Thread 0x000001f7915524f0 nmethod 2833 0x000001f73be47d90 code [0x000001f73be47fe0, 0x000001f73be48880]
Event: 31.432 Thread 0x000001f7915524f0 2835       3       org.eclipse.core.internal.preferences.EclipsePreferences::firePreferenceEvent (60 bytes)
Event: 31.434 Thread 0x000001f7915524f0 nmethod 2835 0x000001f73be48e10 code [0x000001f73be49160, 0x000001f73be4a3c8]
Event: 31.434 Thread 0x000001f7915524f0 2836       3       org.eclipse.core.runtime.preferences.IEclipsePreferences$PreferenceChangeEvent::<init> (41 bytes)
Event: 31.435 Thread 0x000001f7915524f0 nmethod 2836 0x000001f73be4ab10 code [0x000001f73be4ad00, 0x000001f73be4b270]
Event: 31.435 Thread 0x000001f7915524f0 2837       3       org.eclipse.core.internal.preferences.EclipsePreferences::put (43 bytes)
Event: 31.436 Thread 0x000001f7915524f0 nmethod 2837 0x000001f73be4b410 code [0x000001f73be4b660, 0x000001f73be4c0a0]
Event: 31.436 Thread 0x000001f7915524f0 2838       3       org.eclipse.core.internal.preferences.EclipsePreferences::absolutePath (79 bytes)
Event: 32.443 Thread 0x000001f7915524f0 nmethod 2838 0x000001f73be4c410 code [0x000001f73be4cac0, 0x000001f73be51f48]

GC Heap History (14 events):
Event: 1.851 GC heap before
{Heap before GC invocations=1 (full 0):
 PSYoungGen      total 29696K, used 25600K [0x00000000d5580000, 0x00000000d7680000, 0x0000000100000000)
  eden space 25600K, 100% used [0x00000000d5580000,0x00000000d6e80000,0x00000000d6e80000)
  from space 4096K, 0% used [0x00000000d7280000,0x00000000d7280000,0x00000000d7680000)
  to   space 4096K, 0% used [0x00000000d6e80000,0x00000000d6e80000,0x00000000d7280000)
 ParOldGen       total 68608K, used 0K [0x0000000080000000, 0x0000000084300000, 0x00000000d5580000)
  object space 68608K, 0% used [0x0000000080000000,0x0000000080000000,0x0000000084300000)
 Metaspace       used 4372K, committed 4608K, reserved 1114112K
  class space    used 474K, committed 576K, reserved 1048576K
}
Event: 1.858 GC heap after
{Heap after GC invocations=1 (full 0):
 PSYoungGen      total 29696K, used 3287K [0x00000000d5580000, 0x00000000d7680000, 0x0000000100000000)
  eden space 25600K, 0% used [0x00000000d5580000,0x00000000d5580000,0x00000000d6e80000)
  from space 4096K, 80% used [0x00000000d6e80000,0x00000000d71b5ea8,0x00000000d7280000)
  to   space 4096K, 0% used [0x00000000d7280000,0x00000000d7280000,0x00000000d7680000)
 ParOldGen       total 68608K, used 16K [0x0000000080000000, 0x0000000084300000, 0x00000000d5580000)
  object space 68608K, 0% used [0x0000000080000000,0x0000000080004000,0x0000000084300000)
 Metaspace       used 4372K, committed 4608K, reserved 1114112K
  class space    used 474K, committed 576K, reserved 1048576K
}
Event: 18.133 GC heap before
{Heap before GC invocations=2 (full 0):
 PSYoungGen      total 29696K, used 28887K [0x00000000d5580000, 0x00000000d7680000, 0x0000000100000000)
  eden space 25600K, 100% used [0x00000000d5580000,0x00000000d6e80000,0x00000000d6e80000)
  from space 4096K, 80% used [0x00000000d6e80000,0x00000000d71b5ea8,0x00000000d7280000)
  to   space 4096K, 0% used [0x00000000d7280000,0x00000000d7280000,0x00000000d7680000)
 ParOldGen       total 68608K, used 16K [0x0000000080000000, 0x0000000084300000, 0x00000000d5580000)
  object space 68608K, 0% used [0x0000000080000000,0x0000000080004000,0x0000000084300000)
 Metaspace       used 8148K, committed 8448K, reserved 1114112K
  class space    used 864K, committed 960K, reserved 1048576K
}
Event: 18.143 GC heap after
{Heap after GC invocations=2 (full 0):
 PSYoungGen      total 29696K, used 4075K [0x00000000d5580000, 0x00000000d7680000, 0x0000000100000000)
  eden space 25600K, 0% used [0x00000000d5580000,0x00000000d5580000,0x00000000d6e80000)
  from space 4096K, 99% used [0x00000000d7280000,0x00000000d767aff8,0x00000000d7680000)
  to   space 4096K, 0% used [0x00000000d6e80000,0x00000000d6e80000,0x00000000d7280000)
 ParOldGen       total 68608K, used 1141K [0x0000000080000000, 0x0000000084300000, 0x00000000d5580000)
  object space 68608K, 1% used [0x0000000080000000,0x000000008011d6b8,0x0000000084300000)
 Metaspace       used 8148K, committed 8448K, reserved 1114112K
  class space    used 864K, committed 960K, reserved 1048576K
}
Event: 27.095 GC heap before
{Heap before GC invocations=3 (full 0):
 PSYoungGen      total 29696K, used 29675K [0x00000000d5580000, 0x00000000d7680000, 0x0000000100000000)
  eden space 25600K, 100% used [0x00000000d5580000,0x00000000d6e80000,0x00000000d6e80000)
  from space 4096K, 99% used [0x00000000d7280000,0x00000000d767aff8,0x00000000d7680000)
  to   space 4096K, 0% used [0x00000000d6e80000,0x00000000d6e80000,0x00000000d7280000)
 ParOldGen       total 68608K, used 1141K [0x0000000080000000, 0x0000000084300000, 0x00000000d5580000)
  object space 68608K, 1% used [0x0000000080000000,0x000000008011d6b8,0x0000000084300000)
 Metaspace       used 12983K, committed 13504K, reserved 1114112K
  class space    used 1372K, committed 1600K, reserved 1048576K
}
Event: 27.100 GC heap after
{Heap after GC invocations=3 (full 0):
 PSYoungGen      total 29696K, used 4090K [0x00000000d5580000, 0x00000000d7680000, 0x0000000100000000)
  eden space 25600K, 0% used [0x00000000d5580000,0x00000000d5580000,0x00000000d6e80000)
  from space 4096K, 99% used [0x00000000d6e80000,0x00000000d727e9a8,0x00000000d7280000)
  to   space 4096K, 0% used [0x00000000d7280000,0x00000000d7280000,0x00000000d7680000)
 ParOldGen       total 68608K, used 2884K [0x0000000080000000, 0x0000000084300000, 0x00000000d5580000)
  object space 68608K, 4% used [0x0000000080000000,0x00000000802d1230,0x0000000084300000)
 Metaspace       used 12983K, committed 13504K, reserved 1114112K
  class space    used 1372K, committed 1600K, reserved 1048576K
}
Event: 28.682 GC heap before
{Heap before GC invocations=4 (full 0):
 PSYoungGen      total 29696K, used 29690K [0x00000000d5580000, 0x00000000d7680000, 0x0000000100000000)
  eden space 25600K, 100% used [0x00000000d5580000,0x00000000d6e80000,0x00000000d6e80000)
  from space 4096K, 99% used [0x00000000d6e80000,0x00000000d727e9a8,0x00000000d7280000)
  to   space 4096K, 0% used [0x00000000d7280000,0x00000000d7280000,0x00000000d7680000)
 ParOldGen       total 68608K, used 2884K [0x0000000080000000, 0x0000000084300000, 0x00000000d5580000)
  object space 68608K, 4% used [0x0000000080000000,0x00000000802d1230,0x0000000084300000)
 Metaspace       used 16963K, committed 17664K, reserved 1114112K
  class space    used 1781K, committed 2112K, reserved 1048576K
}
Event: 28.688 GC heap after
{Heap after GC invocations=4 (full 0):
 PSYoungGen      total 29696K, used 4091K [0x00000000d5580000, 0x00000000d7680000, 0x0000000100000000)
  eden space 25600K, 0% used [0x00000000d5580000,0x00000000d5580000,0x00000000d6e80000)
  from space 4096K, 99% used [0x00000000d7280000,0x00000000d767ef08,0x00000000d7680000)
  to   space 4096K, 0% used [0x00000000d6e80000,0x00000000d6e80000,0x00000000d7280000)
 ParOldGen       total 68608K, used 5078K [0x0000000080000000, 0x0000000084300000, 0x00000000d5580000)
  object space 68608K, 7% used [0x0000000080000000,0x00000000804f58a0,0x0000000084300000)
 Metaspace       used 16963K, committed 17664K, reserved 1114112K
  class space    used 1781K, committed 2112K, reserved 1048576K
}
Event: 29.114 GC heap before
{Heap before GC invocations=5 (full 0):
 PSYoungGen      total 29696K, used 29691K [0x00000000d5580000, 0x00000000d7680000, 0x0000000100000000)
  eden space 25600K, 100% used [0x00000000d5580000,0x00000000d6e80000,0x00000000d6e80000)
  from space 4096K, 99% used [0x00000000d7280000,0x00000000d767ef08,0x00000000d7680000)
  to   space 4096K, 0% used [0x00000000d6e80000,0x00000000d6e80000,0x00000000d7280000)
 ParOldGen       total 68608K, used 5078K [0x0000000080000000, 0x0000000084300000, 0x00000000d5580000)
  object space 68608K, 7% used [0x0000000080000000,0x00000000804f58a0,0x0000000084300000)
 Metaspace       used 20232K, committed 20864K, reserved 1114112K
  class space    used 2007K, committed 2304K, reserved 1048576K
}
Event: 30.122 GC heap after
{Heap after GC invocations=5 (full 0):
 PSYoungGen      total 29184K, used 4081K [0x00000000d5580000, 0x00000000d7800000, 0x0000000100000000)
  eden space 25088K, 0% used [0x00000000d5580000,0x00000000d5580000,0x00000000d6e00000)
  from space 4096K, 99% used [0x00000000d6e80000,0x00000000d727c7c0,0x00000000d7280000)
  to   space 5120K, 0% used [0x00000000d7300000,0x00000000d7300000,0x00000000d7800000)
 ParOldGen       total 68608K, used 5302K [0x0000000080000000, 0x0000000084300000, 0x00000000d5580000)
  object space 68608K, 7% used [0x0000000080000000,0x000000008052d8b0,0x0000000084300000)
 Metaspace       used 20232K, committed 20864K, reserved 1114112K
  class space    used 2007K, committed 2304K, reserved 1048576K
}
Event: 30.242 GC heap before
{Heap before GC invocations=6 (full 0):
 PSYoungGen      total 29184K, used 11406K [0x00000000d5580000, 0x00000000d7800000, 0x0000000100000000)
  eden space 25088K, 29% used [0x00000000d5580000,0x00000000d5ca71a8,0x00000000d6e00000)
  from space 4096K, 99% used [0x00000000d6e80000,0x00000000d727c7c0,0x00000000d7280000)
  to   space 5120K, 0% used [0x00000000d7300000,0x00000000d7300000,0x00000000d7800000)
 ParOldGen       total 68608K, used 5302K [0x0000000080000000, 0x0000000084300000, 0x00000000d5580000)
  object space 68608K, 7% used [0x0000000080000000,0x000000008052d8b0,0x0000000084300000)
 Metaspace       used 20875K, committed 21504K, reserved 1114112K
  class space    used 2067K, committed 2368K, reserved 1048576K
}
Event: 30.248 GC heap after
{Heap after GC invocations=6 (full 0):
 PSYoungGen      total 30208K, used 4580K [0x00000000d5580000, 0x00000000d7800000, 0x0000000100000000)
  eden space 25088K, 0% used [0x00000000d5580000,0x00000000d5580000,0x00000000d6e00000)
  from space 5120K, 89% used [0x00000000d7300000,0x00000000d7779218,0x00000000d7800000)
  to   space 5120K, 0% used [0x00000000d6e00000,0x00000000d6e00000,0x00000000d7300000)
 ParOldGen       total 68608K, used 5302K [0x0000000080000000, 0x0000000084300000, 0x00000000d5580000)
  object space 68608K, 7% used [0x0000000080000000,0x000000008052d8b0,0x0000000084300000)
 Metaspace       used 20875K, committed 21504K, reserved 1114112K
  class space    used 2067K, committed 2368K, reserved 1048576K
}
Event: 30.248 GC heap before
{Heap before GC invocations=7 (full 1):
 PSYoungGen      total 30208K, used 4580K [0x00000000d5580000, 0x00000000d7800000, 0x0000000100000000)
  eden space 25088K, 0% used [0x00000000d5580000,0x00000000d5580000,0x00000000d6e00000)
  from space 5120K, 89% used [0x00000000d7300000,0x00000000d7779218,0x00000000d7800000)
  to   space 5120K, 0% used [0x00000000d6e00000,0x00000000d6e00000,0x00000000d7300000)
 ParOldGen       total 68608K, used 5302K [0x0000000080000000, 0x0000000084300000, 0x00000000d5580000)
  object space 68608K, 7% used [0x0000000080000000,0x000000008052d8b0,0x0000000084300000)
 Metaspace       used 20875K, committed 21504K, reserved 1114112K
  class space    used 2067K, committed 2368K, reserved 1048576K
}
Event: 30.294 GC heap after
{Heap after GC invocations=7 (full 1):
 PSYoungGen      total 30208K, used 0K [0x00000000d5580000, 0x00000000d7800000, 0x0000000100000000)
  eden space 25088K, 0% used [0x00000000d5580000,0x00000000d5580000,0x00000000d6e00000)
  from space 5120K, 0% used [0x00000000d7300000,0x00000000d7300000,0x00000000d7800000)
  to   space 5120K, 0% used [0x00000000d6e00000,0x00000000d6e00000,0x00000000d7300000)
 ParOldGen       total 68608K, used 9285K [0x0000000080000000, 0x0000000084300000, 0x00000000d5580000)
  object space 68608K, 13% used [0x0000000080000000,0x00000000809114b8,0x0000000084300000)
 Metaspace       used 20862K, committed 21504K, reserved 1114112K
  class space    used 2063K, committed 2368K, reserved 1048576K
}

Dll operation events (10 events):
Event: 0.174 Loaded shared library c:\Users\dell\.vscode\extensions\redhat.java-1.53.0-win32-x64\jre\21.0.10-win32-x86_64\bin\java.dll
Event: 0.356 Loaded shared library c:\Users\dell\.vscode\extensions\redhat.java-1.53.0-win32-x64\jre\21.0.10-win32-x86_64\bin\zip.dll
Event: 0.388 Loaded shared library C:\Users\dell\.vscode\extensions\redhat.java-1.53.0-win32-x64\jre\21.0.10-win32-x86_64\bin\instrument.dll
Event: 0.538 Loaded shared library C:\Users\dell\.vscode\extensions\redhat.java-1.53.0-win32-x64\jre\21.0.10-win32-x86_64\bin\net.dll
Event: 0.666 Loaded shared library C:\Users\dell\.vscode\extensions\redhat.java-1.53.0-win32-x64\jre\21.0.10-win32-x86_64\bin\nio.dll
Event: 0.673 Loaded shared library C:\Users\dell\.vscode\extensions\redhat.java-1.53.0-win32-x64\jre\21.0.10-win32-x86_64\bin\zip.dll
Event: 0.693 Loaded shared library C:\Users\dell\.vscode\extensions\redhat.java-1.53.0-win32-x64\jre\21.0.10-win32-x86_64\bin\jimage.dll
Event: 0.932 Loaded shared library c:\Users\dell\.vscode\extensions\redhat.java-1.53.0-win32-x64\jre\21.0.10-win32-x86_64\bin\verify.dll
Event: 18.332 Loaded shared library C:\Users\dell\AppData\Roaming\Code\User\globalStorage\redhat.java\1.53.0\config_ss_win\org.eclipse.equinox.launcher\org.eclipse.equinox.launcher.win32.win32.x86_64_1.3.0.v20260203-2149\eclipse_11919.dll
Event: 28.099 Loaded shared library C:\Users\dell\AppData\Local\Temp\jna-3079617\jna12375986323881815848.dll

Deoptimization events (20 events):
Event: 28.640 Thread 0x000001f7926ca530 Uncommon trap: trap_request=0xffffffde fr.pc=0x000001f7434c8514 relative=0x00000000000003b4
Event: 28.640 Thread 0x000001f7926ca530 Uncommon trap: reason=class_check action=maybe_recompile pc=0x000001f7434c8514 method=java.util.regex.Pattern$BmpCharPropertyGreedy.match(Ljava/util/regex/Matcher;ILjava/lang/CharSequence;)Z @ 70 c2
Event: 28.640 Thread 0x000001f7926ca530 DEOPT PACKING pc=0x000001f7434c8514 sp=0x000000442c4ef9c0
Event: 28.640 Thread 0x000001f7926ca530 DEOPT UNPACKING pc=0x000001f742e83aa2 sp=0x000000442c4ef968 mode 2
Event: 28.640 Thread 0x000001f7926ca530 Uncommon trap: trap_request=0xffffffde fr.pc=0x000001f7434c8514 relative=0x00000000000003b4
Event: 28.640 Thread 0x000001f7926ca530 Uncommon trap: reason=class_check action=maybe_recompile pc=0x000001f7434c8514 method=java.util.regex.Pattern$BmpCharPropertyGreedy.match(Ljava/util/regex/Matcher;ILjava/lang/CharSequence;)Z @ 70 c2
Event: 28.640 Thread 0x000001f7926ca530 DEOPT PACKING pc=0x000001f7434c8514 sp=0x000000442c4ef810
Event: 28.640 Thread 0x000001f7926ca530 DEOPT UNPACKING pc=0x000001f742e83aa2 sp=0x000000442c4ef7b8 mode 2
Event: 29.097 Thread 0x000001f7926ca530 Uncommon trap: trap_request=0xffffff6e fr.pc=0x000001f7435095f0 relative=0x0000000000000af0
Event: 29.097 Thread 0x000001f7926ca530 Uncommon trap: reason=loop_limit_check action=maybe_recompile pc=0x000001f7435095f0 method=java.util.regex.Pattern$StartS.match(Ljava/util/regex/Matcher;ILjava/lang/CharSequence;)Z @ 34 c2
Event: 29.097 Thread 0x000001f7926ca530 DEOPT PACKING pc=0x000001f7435095f0 sp=0x000000442c4f2bb0
Event: 29.097 Thread 0x000001f7926ca530 DEOPT UNPACKING pc=0x000001f742e83aa2 sp=0x000000442c4f2b20 mode 2
Event: 30.154 Thread 0x000001f7926ca530 Uncommon trap: trap_request=0xffffff45 fr.pc=0x000001f74350b96c relative=0x000000000000014c
Event: 30.154 Thread 0x000001f7926ca530 Uncommon trap: reason=unstable_if action=reinterpret pc=0x000001f74350b96c method=org.lombokweb.asm.ByteVector.putByteArray([BII)Lorg/lombokweb/asm/ByteVector; @ 20 c2
Event: 30.154 Thread 0x000001f7926ca530 DEOPT PACKING pc=0x000001f74350b96c sp=0x000000442c4eef40
Event: 30.154 Thread 0x000001f7926ca530 DEOPT UNPACKING pc=0x000001f742e83aa2 sp=0x000000442c4eef10 mode 2
Event: 30.155 Thread 0x000001f7926ca530 Uncommon trap: trap_request=0xffffff45 fr.pc=0x000001f74350a6a4 relative=0x0000000000000364
Event: 30.155 Thread 0x000001f7926ca530 Uncommon trap: reason=unstable_if action=reinterpret pc=0x000001f74350a6a4 method=org.lombokweb.asm.Label.resolve([BLorg/lombokweb/asm/ByteVector;I)Z @ 81 c2
Event: 30.155 Thread 0x000001f7926ca530 DEOPT PACKING pc=0x000001f74350a6a4 sp=0x000000442c4eefd0
Event: 30.155 Thread 0x000001f7926ca530 DEOPT UNPACKING pc=0x000001f742e83aa2 sp=0x000000442c4eeed8 mode 2

Classes loaded (20 events):
Event: 28.666 Loading class java/util/zip/GZIPInputStream
Event: 28.667 Loading class java/util/zip/GZIPInputStream done
Event: 28.671 Loading class java/io/StringReader
Event: 28.672 Loading class java/io/StringReader done
Event: 28.691 Loading class java/net/SocketTimeoutException
Event: 28.691 Loading class java/io/InterruptedIOException
Event: 28.691 Loading class java/io/InterruptedIOException done
Event: 28.691 Loading class java/net/SocketTimeoutException done
Event: 28.691 Loading class java/net/SocketException
Event: 28.691 Loading class java/net/SocketException done
Event: 28.691 Loading class java/net/UnknownHostException
Event: 28.691 Loading class java/net/UnknownHostException done
Event: 28.691 Loading class java/net/ProtocolException
Event: 28.691 Loading class java/net/ProtocolException done
Event: 28.742 Loading class java/lang/ThreadLocal$SuppliedThreadLocal
Event: 28.742 Loading class java/lang/ThreadLocal$SuppliedThreadLocal done
Event: 28.762 Loading class java/io/FileWriter
Event: 28.762 Loading class java/io/FileWriter done
Event: 28.766 Loading class java/lang/NegativeArraySizeException
Event: 28.766 Loading class java/lang/NegativeArraySizeException done

Classes unloaded (7 events):
Event: 30.259 Thread 0x000001f73879e750 Unloading class 0x000001f75018d000 'java/lang/invoke/LambdaForm$MH+0x000001f75018d000'
Event: 30.259 Thread 0x000001f73879e750 Unloading class 0x000001f75018cc00 'java/lang/invoke/LambdaForm$MH+0x000001f75018cc00'
Event: 30.259 Thread 0x000001f73879e750 Unloading class 0x000001f75018c800 'java/lang/invoke/LambdaForm$MH+0x000001f75018c800'
Event: 30.259 Thread 0x000001f73879e750 Unloading class 0x000001f75018c400 'java/lang/invoke/LambdaForm$MH+0x000001f75018c400'
Event: 30.259 Thread 0x000001f73879e750 Unloading class 0x000001f75018c000 'java/lang/invoke/LambdaForm$BMH+0x000001f75018c000'
Event: 30.259 Thread 0x000001f73879e750 Unloading class 0x000001f75018bc00 'java/lang/invoke/LambdaForm$DMH+0x000001f75018bc00'
Event: 30.259 Thread 0x000001f73879e750 Unloading class 0x000001f75018a800 'java/lang/invoke/LambdaForm$DMH+0x000001f75018a800'

Classes redefined (0 events):
No events

Internal exceptions (20 events):
Event: 28.217 Thread 0x000001f7926ca530 Exception <a 'java/lang/NoSuchMethodError'{0x00000000d6495f10}: 'void java.lang.invoke.DelegatingMethodHandle$Holder.reinvoke_L(java.lang.Object, java.lang.Object, int)'> (0x00000000d6495f10) 
thrown [s\src\hotspot\share\interpreter\linkResolver.cpp, line 773]
Event: 28.221 Thread 0x000001f7926ca530 Exception <a 'java/lang/NoSuchMethodError'{0x00000000d649cbf8}: 'int java.lang.invoke.Invokers$Holder.invokeExact_MT(java.lang.Object, java.lang.Object, java.lang.Object)'> (0x00000000d649cbf8) 
thrown [s\src\hotspot\share\interpreter\linkResolver.cpp, line 773]
Event: 28.352 Thread 0x000001f7926ca530 Exception <a 'java/lang/NoSuchMethodError'{0x00000000d65a88c8}: 'void java.lang.invoke.Invokers$Holder.invokeExact_MT(java.lang.Object, java.lang.Object, int, java.lang.Object)'> (0x00000000d65a88c8) 
thrown [s\src\hotspot\share\interpreter\linkResolver.cpp, line 773]
Event: 28.438 Thread 0x000001f7926ca530 Exception <a 'java/lang/NoSuchMethodError'{0x00000000d66a4860}: 'java.lang.Object java.lang.invoke.DirectMethodHandle$Holder.invokeSpecial(java.lang.Object, java.lang.Object, java.lang.Object, long, java.lang.Object)'> (0x00000000d66a4860) 
thrown [s\src\hotspot\share\interpreter\linkResolver.cpp, line 773]
Event: 28.439 Thread 0x000001f7926ca530 Exception <a 'java/lang/NoSuchMethodError'{0x00000000d66ac2e8}: 'java.lang.Object java.lang.invoke.DirectMethodHandle$Holder.newInvokeSpecial(java.lang.Object, java.lang.Object, java.lang.Object, long)'> (0x00000000d66ac2e8) 
thrown [s\src\hotspot\share\interpreter\linkResolver.cpp, line 773]
Event: 28.440 Thread 0x000001f7926ca530 Exception <a 'java/lang/NoSuchMethodError'{0x00000000d66b0698}: 'java.lang.Object java.lang.invoke.DirectMethodHandle$Holder.invokeSpecial(java.lang.Object, java.lang.Object, java.lang.Object, java.lang.Object, long)'> (0x00000000d66b0698) 
thrown [s\src\hotspot\share\interpreter\linkResolver.cpp, line 773]
Event: 28.440 Thread 0x000001f7926ca530 Exception <a 'java/lang/NoSuchMethodError'{0x00000000d66b42b8}: 'java.lang.Object java.lang.invoke.Invokers$Holder.linkToTargetMethod(java.lang.Object, java.lang.Object, long, java.lang.Object)'> (0x00000000d66b42b8) 
thrown [s\src\hotspot\share\interpreter\linkResolver.cpp, line 773]
Event: 28.456 Thread 0x000001f7926ca530 Exception <a 'java/lang/NoSuchMethodError'{0x00000000d6725fc8}: 'int java.lang.invoke.DirectMethodHandle$Holder.invokeStaticInit(java.lang.Object, java.lang.Object, java.lang.Object)'> (0x00000000d6725fc8) 
thrown [s\src\hotspot\share\interpreter\linkResolver.cpp, line 773]
Event: 28.476 Thread 0x000001f7926ca530 Exception <a 'java/lang/IncompatibleClassChangeError'{0x00000000d67b53e8}: Found class java.lang.Object, but interface was expected> (0x00000000d67b53e8) 
thrown [s\src\hotspot\share\interpreter\linkResolver.cpp, line 840]
Event: 28.483 Thread 0x000001f7926ca530 Exception <a 'java/lang/NoSuchMethodError'{0x00000000d67c8208}: 'java.lang.Object java.lang.invoke.DirectMethodHandle$Holder.invokeSpecial(java.lang.Object, java.lang.Object, java.lang.Object, int, java.lang.Object, java.lang.Object)'> (0x00000000d67c8208) 
thrown [s\src\hotspot\share\interpreter\linkResolver.cpp, line 773]
Event: 28.485 Thread 0x000001f7926ca530 Exception <a 'java/lang/NoSuchMethodError'{0x00000000d67cfce0}: 'java.lang.Object java.lang.invoke.DirectMethodHandle$Holder.newInvokeSpecial(java.lang.Object, java.lang.Object, java.lang.Object, int, java.lang.Object)'> (0x00000000d67cfce0) 
thrown [s\src\hotspot\share\interpreter\linkResolver.cpp, line 773]
Event: 28.485 Thread 0x000001f7926ca530 Exception <a 'java/lang/NoSuchMethodError'{0x00000000d67d3c60}: 'java.lang.Object java.lang.invoke.DirectMethodHandle$Holder.invokeSpecial(java.lang.Object, java.lang.Object, java.lang.Object, java.lang.Object, int, java.lang.Object)'> (0x00000000d67d3c60) 
thrown [s\src\hotspot\share\interpreter\linkResolver.cpp, line 773]
Event: 28.486 Thread 0x000001f7926ca530 Exception <a 'java/lang/NoSuchMethodError'{0x00000000d67d77a0}: 'java.lang.Object java.lang.invoke.Invokers$Holder.linkToTargetMethod(java.lang.Object, java.lang.Object, int, java.lang.Object, java.lang.Object)'> (0x00000000d67d77a0) 
thrown [s\src\hotspot\share\interpreter\linkResolver.cpp, line 773]
Event: 28.487 Thread 0x000001f7971218b0 Exception <a 'java/lang/NoSuchMethodError'{0x00000000d66e38c8}: 'java.lang.Object java.lang.invoke.DirectMethodHandle$Holder.invokeSpecial(java.lang.Object, java.lang.Object, int, java.lang.Object, java.lang.Object)'> (0x00000000d66e38c8) 
thrown [s\src\hotspot\share\interpreter\linkResolver.cpp, line 773]
Event: 28.488 Thread 0x000001f7971218b0 Exception <a 'java/lang/NoSuchMethodError'{0x00000000d66ea600}: 'java.lang.Object java.lang.invoke.DirectMethodHandle$Holder.newInvokeSpecial(java.lang.Object, java.lang.Object, int, java.lang.Object)'> (0x00000000d66ea600) 
thrown [s\src\hotspot\share\interpreter\linkResolver.cpp, line 773]
Event: 28.488 Thread 0x000001f7971218b0 Exception <a 'java/lang/NoSuchMethodError'{0x00000000d66edee0}: 'java.lang.Object java.lang.invoke.DirectMethodHandle$Holder.invokeSpecial(java.lang.Object, java.lang.Object, java.lang.Object, int, java.lang.Object)'> (0x00000000d66edee0) 
thrown [s\src\hotspot\share\interpreter\linkResolver.cpp, line 773]
Event: 28.524 Thread 0x000001f7926ca530 Exception <a 'java/lang/NoSuchMethodError'{0x00000000d6906708}: 'void java.lang.invoke.DirectMethodHandle$Holder.invokeSpecial(java.lang.Object, java.lang.Object, java.lang.Object, java.lang.Object, java.lang.Object)'> (0x00000000d6906708) 
thrown [s\src\hotspot\share\interpreter\linkResolver.cpp, line 773]
Event: 28.609 Thread 0x000001f7926ca530 Exception <a 'java/lang/NoSuchMethodError'{0x00000000d6bd2938}: 'double java.lang.invoke.DirectMethodHandle$Holder.invokeStatic(java.lang.Object, java.lang.Object)'> (0x00000000d6bd2938) 
thrown [s\src\hotspot\share\interpreter\linkResolver.cpp, line 773]
Event: 28.610 Thread 0x000001f7926ca530 Exception <a 'java/lang/NoSuchMethodError'{0x00000000d6bd5ff8}: 'double java.lang.invoke.DirectMethodHandle$Holder.invokeStaticInit(java.lang.Object, java.lang.Object)'> (0x00000000d6bd5ff8) 
thrown [s\src\hotspot\share\interpreter\linkResolver.cpp, line 773]
Event: 30.154 Thread 0x000001f7926ca530 Implicit null exception at 0x000001f74350b875 to 0x000001f74350b950

ZGC Phase Switch (0 events):
No events

VM Operations (20 events):
Event: 27.100 Executing safepoint VM operation: ParallelGCFailedAllocation (Allocation Failure) done
Event: 27.272 Executing non-safepoint VM operation: HandshakeAllThreads (Deoptimize)
Event: 27.272 Executing non-safepoint VM operation: HandshakeAllThreads (Deoptimize) done
Event: 27.278 Executing non-safepoint VM operation: HandshakeAllThreads (Deoptimize)
Event: 27.278 Executing non-safepoint VM operation: HandshakeAllThreads (Deoptimize) done
Event: 27.301 Executing non-safepoint VM operation: HandshakeAllThreads (Deoptimize)
Event: 27.302 Executing non-safepoint VM operation: HandshakeAllThreads (Deoptimize) done
Event: 28.153 Executing non-safepoint VM operation: HandshakeAllThreads (Deoptimize)
Event: 28.153 Executing non-safepoint VM operation: HandshakeAllThreads (Deoptimize) done
Event: 28.153 Executing safepoint VM operation: Cleanup
Event: 28.153 Executing safepoint VM operation: Cleanup done
Event: 28.682 Executing safepoint VM operation: ParallelGCFailedAllocation (Allocation Failure)
Event: 28.688 Executing safepoint VM operation: ParallelGCFailedAllocation (Allocation Failure) done
Event: 29.114 Executing safepoint VM operation: ParallelGCFailedAllocation (Allocation Failure)
Event: 30.122 Executing safepoint VM operation: ParallelGCFailedAllocation (Allocation Failure) done
Event: 30.242 Executing safepoint VM operation: CollectForMetadataAllocation (Metadata GC Threshold)
Event: 30.294 Executing safepoint VM operation: CollectForMetadataAllocation (Metadata GC Threshold) done
Event: 31.304 Executing safepoint VM operation: Cleanup
Event: 31.304 Executing safepoint VM operation: Cleanup done
Event: 32.318 Executing safepoint VM operation: Cleanup

Memory protections (0 events):
No events

Nmethod flushes (0 events):
No events

Events (20 events):
Event: 2.275 Thread 0x000001f791770050 Thread exited: 0x000001f791770050
Event: 2.343 Thread 0x000001f7915524f0 Thread added: 0x000001f7925d5330
Event: 2.532 Thread 0x000001f73628bb80 Thread added: 0x000001f7927e2a80
Event: 3.083 Thread 0x000001f7925d5330 Thread exited: 0x000001f7925d5330
Event: 17.743 Thread 0x000001f7915524f0 Thread added: 0x000001f79710e300
Event: 17.769 Thread 0x000001f73628bb80 Thread added: 0x000001f79710edb0
Event: 17.967 Thread 0x000001f73628bb80 Thread added: 0x000001f7926ca530
Event: 18.071 Thread 0x000001f79710e300 Thread exited: 0x000001f79710e300
Event: 18.822 Thread 0x000001f7926ca530 Thread added: 0x000001f7916bda00
Event: 19.351 Thread 0x000001f7915524f0 Thread added: 0x000001f791862270
Event: 21.520 Thread 0x000001f791862270 Thread exited: 0x000001f791862270
Event: 26.904 Thread 0x000001f7926ca530 Thread added: 0x000001f797121f40
Event: 27.310 Thread 0x000001f7915524f0 Thread added: 0x000001f797256890
Event: 28.133 Thread 0x000001f797256890 Thread exited: 0x000001f797256890
Event: 28.248 Thread 0x000001f7926ca530 Thread added: 0x000001f797121220
Event: 28.446 Thread 0x000001f7926ca530 Thread added: 0x000001f7971218b0
Event: 28.488 Thread 0x000001f7926ca530 Thread added: 0x000001f7971225d0
Event: 28.652 Thread 0x000001f7915524f0 Thread added: 0x000001f797a8c1b0
Event: 28.672 Thread 0x000001f7971218b0 Thread added: 0x000001f797120500
Event: 28.943 Thread 0x000001f797a8c1b0 Thread exited: 0x000001f797a8c1b0


Dynamic libraries:
0x00007ff65a2a0000 - 0x00007ff65a2ae000 	c:\Users\dell\.vscode\extensions\redhat.java-1.53.0-win32-x64\jre\21.0.10-win32-x86_64\bin\java.exe
0x00007ffa1c2a0000 - 0x00007ffa1c507000 	C:\WINDOWS\SYSTEM32\ntdll.dll
0x00007ffa1acf0000 - 0x00007ffa1adb9000 	C:\WINDOWS\System32\KERNEL32.DLL
0x00007ffa18c50000 - 0x00007ffa19044000 	C:\WINDOWS\System32\KERNELBASE.dll
0x00007ffa19aa0000 - 0x00007ffa19beb000 	C:\WINDOWS\System32\ucrtbase.dll
0x00007ffa119d0000 - 0x00007ffa119ee000 	c:\Users\dell\.vscode\extensions\redhat.java-1.53.0-win32-x64\jre\21.0.10-win32-x86_64\bin\VCRUNTIME140.dll
0x00007ffa13d30000 - 0x00007ffa13d48000 	c:\Users\dell\.vscode\extensions\redhat.java-1.53.0-win32-x64\jre\21.0.10-win32-x86_64\bin\jli.dll
0x00007ffa1c010000 - 0x00007ffa1c1d5000 	C:\WINDOWS\System32\USER32.dll
0x00007ffa18c20000 - 0x00007ffa18c47000 	C:\WINDOWS\System32\win32u.dll
0x00007ff9fdd60000 - 0x00007ff9fdff3000 	C:\WINDOWS\WinSxS\amd64_microsoft.windows.common-controls_6595b64144ccf1df_6.0.26100.8115_none_3e075c82e3354f9c\COMCTL32.dll
0x00007ffa1a540000 - 0x00007ffa1a56b000 	C:\WINDOWS\System32\GDI32.dll
0x00007ffa1bc10000 - 0x00007ffa1bcb9000 	C:\WINDOWS\System32\msvcrt.dll
0x00007ffa198c0000 - 0x00007ffa199ea000 	C:\WINDOWS\System32\gdi32full.dll
0x00007ffa199f0000 - 0x00007ffa19a93000 	C:\WINDOWS\System32\msvcp_win.dll
0x00007ffa1bd40000 - 0x00007ffa1bd72000 	C:\WINDOWS\System32\IMM32.DLL
0x00007ffa08dd0000 - 0x00007ffa08ddc000 	c:\Users\dell\.vscode\extensions\redhat.java-1.53.0-win32-x64\jre\21.0.10-win32-x86_64\bin\vcruntime140_1.dll
0x00007ff9b86a0000 - 0x00007ff9b872d000 	c:\Users\dell\.vscode\extensions\redhat.java-1.53.0-win32-x64\jre\21.0.10-win32-x86_64\bin\msvcp140.dll
0x00007ff965b90000 - 0x00007ff966931000 	c:\Users\dell\.vscode\extensions\redhat.java-1.53.0-win32-x64\jre\21.0.10-win32-x86_64\bin\server\jvm.dll
0x00007ffa1adc0000 - 0x00007ffa1ae76000 	C:\WINDOWS\System32\ADVAPI32.dll
0x00007ffa1ab30000 - 0x00007ffa1abd7000 	C:\WINDOWS\System32\sechost.dll
0x00007ffa1aa00000 - 0x00007ffa1ab18000 	C:\WINDOWS\System32\RPCRT4.dll
0x00007ffa1bf70000 - 0x00007ffa1bff0000 	C:\WINDOWS\System32\WS2_32.dll
0x00007ff9ffea0000 - 0x00007ff9ffeab000 	C:\WINDOWS\SYSTEM32\VERSION.dll
0x00007ffa189f0000 - 0x00007ffa18a4e000 	C:\WINDOWS\SYSTEM32\POWRPROF.dll
0x00007ffa12890000 - 0x00007ffa128c6000 	C:\WINDOWS\SYSTEM32\WINMM.dll
0x00007ffa189d0000 - 0x00007ffa189e4000 	C:\WINDOWS\SYSTEM32\UMPDC.dll
0x00007ffa178d0000 - 0x00007ffa178eb000 	C:\WINDOWS\SYSTEM32\kernel.appcore.dll
0x00007ffa08dc0000 - 0x00007ffa08dca000 	c:\Users\dell\.vscode\extensions\redhat.java-1.53.0-win32-x64\jre\21.0.10-win32-x86_64\bin\jimage.dll
0x00007ffa16920000 - 0x00007ffa16b62000 	C:\WINDOWS\SYSTEM32\DBGHELP.DLL
0x00007ffa1b880000 - 0x00007ffa1bc02000 	C:\WINDOWS\System32\combase.dll
0x00007ffa1ac10000 - 0x00007ffa1ace7000 	C:\WINDOWS\System32\OLEAUT32.dll
0x00007ff9f93e0000 - 0x00007ff9f941b000 	C:\WINDOWS\SYSTEM32\dbgcore.DLL
0x00007ffa18b70000 - 0x00007ffa18c15000 	C:\WINDOWS\System32\bcryptPrimitives.dll
0x00007ffa08db0000 - 0x00007ffa08dbf000 	c:\Users\dell\.vscode\extensions\redhat.java-1.53.0-win32-x64\jre\21.0.10-win32-x86_64\bin\instrument.dll
0x00007ff9f6000000 - 0x00007ff9f6020000 	c:\Users\dell\.vscode\extensions\redhat.java-1.53.0-win32-x64\jre\21.0.10-win32-x86_64\bin\java.dll
0x00007ffa1ae80000 - 0x00007ffa1b5e6000 	C:\WINDOWS\System32\SHELL32.dll
0x00007ffa19bf0000 - 0x00007ffa19d5a000 	C:\WINDOWS\System32\wintypes.dll
0x00007ffa19050000 - 0x00007ffa198b5000 	C:\WINDOWS\System32\windows.storage.dll
0x00007ffa1a0f0000 - 0x00007ffa1a1e7000 	C:\WINDOWS\System32\SHCORE.dll
0x00007ffa1bdb0000 - 0x00007ffa1be16000 	C:\WINDOWS\System32\shlwapi.dll
0x00007ffa18a90000 - 0x00007ffa18ab9000 	C:\WINDOWS\SYSTEM32\profapi.dll
0x00007ff9f5f00000 - 0x00007ff9f5f18000 	c:\Users\dell\.vscode\extensions\redhat.java-1.53.0-win32-x64\jre\21.0.10-win32-x86_64\bin\zip.dll
0x00007ffa08a60000 - 0x00007ffa08a70000 	C:\Users\dell\.vscode\extensions\redhat.java-1.53.0-win32-x64\jre\21.0.10-win32-x86_64\bin\net.dll
0x00007ffa10b80000 - 0x00007ffa10cad000 	C:\WINDOWS\SYSTEM32\WINHTTP.dll
0x00007ffa17e50000 - 0x00007ffa17ebc000 	C:\WINDOWS\system32\mswsock.dll
0x00007ff9f22d0000 - 0x00007ff9f22e6000 	C:\Users\dell\.vscode\extensions\redhat.java-1.53.0-win32-x64\jre\21.0.10-win32-x86_64\bin\nio.dll
0x00007ffa07120000 - 0x00007ffa07130000 	c:\Users\dell\.vscode\extensions\redhat.java-1.53.0-win32-x64\jre\21.0.10-win32-x86_64\bin\verify.dll
0x00007ff9c9650000 - 0x00007ff9c9695000 	C:\Users\dell\AppData\Roaming\Code\User\globalStorage\redhat.java\1.53.0\config_ss_win\org.eclipse.equinox.launcher\org.eclipse.equinox.launcher.win32.win32.x86_64_1.3.0.v20260203-2149\eclipse_11919.dll
0x00007ffa1b680000 - 0x00007ffa1b817000 	C:\WINDOWS\System32\ole32.dll
0x00007ffa18150000 - 0x00007ffa1816b000 	C:\WINDOWS\SYSTEM32\CRYPTSP.dll
0x00007ffa17830000 - 0x00007ffa17869000 	C:\WINDOWS\system32\rsaenh.dll
0x00007ffa17f20000 - 0x00007ffa17f53000 	C:\WINDOWS\SYSTEM32\USERENV.dll
0x00007ffa18a60000 - 0x00007ffa18a8a000 	C:\WINDOWS\SYSTEM32\bcrypt.dll
0x00007ffa18170000 - 0x00007ffa1817c000 	C:\WINDOWS\SYSTEM32\CRYPTBASE.dll
0x00007ffa171b0000 - 0x00007ffa171e2000 	C:\WINDOWS\SYSTEM32\IPHLPAPI.DLL
0x00007ffa1bda0000 - 0x00007ffa1bdaa000 	C:\WINDOWS\System32\NSI.dll
0x00007ff9aaae0000 - 0x00007ff9aab29000 	C:\Users\dell\AppData\Local\Temp\jna-3079617\jna12375986323881815848.dll
0x00007ffa1ab20000 - 0x00007ffa1ab28000 	C:\WINDOWS\System32\PSAPI.DLL

JVMTI agents:
c:\Users\dell\.vscode\extensions\redhat.java-1.53.0-win32-x64\lombok\lombok-1.18.39-4050.jar path:c:\Users\dell\.vscode\extensions\redhat.java-1.53.0-win32-x64\jre\21.0.10-win32-x86_64\bin\instrument.dll, loaded, initialized, instrumentlib options:none

dbghelp: loaded successfully - version: 4.0.5 - missing functions: none
symbol engine: initialized successfully - sym options: 0x614 - pdb path: .;c:\Users\dell\.vscode\extensions\redhat.java-1.53.0-win32-x64\jre\21.0.10-win32-x86_64\bin;C:\WINDOWS\SYSTEM32;C:\WINDOWS\WinSxS\amd64_microsoft.windows.common-controls_6595b64144ccf1df_6.0.26100.8115_none_3e075c82e3354f9c;c:\Users\dell\.vscode\extensions\redhat.java-1.53.0-win32-x64\jre\21.0.10-win32-x86_64\bin\server;C:\Users\dell\AppData\Roaming\Code\User\globalStorage\redhat.java\1.53.0\config_ss_win\org.eclipse.equinox.launcher\org.eclipse.equinox.launcher.win32.win32.x86_64_1.3.0.v20260203-2149;C:\Users\dell\AppData\Local\Temp\jna-3079617

VM Arguments:
jvm_args: --add-modules=ALL-SYSTEM --add-opens=java.base/java.util=ALL-UNNAMED --add-opens=java.base/java.lang=ALL-UNNAMED --add-opens=java.base/sun.nio.fs=ALL-UNNAMED -Declipse.application=org.eclipse.jdt.ls.core.id1 -Dosgi.bundles.defaultStartLevel=4 -Declipse.product=org.eclipse.jdt.ls.core.product -Djava.import.generatesMetadataFilesAtProjectRoot=false -DDetectVMInstallationsJob.disabled=true -Dfile.encoding=utf8 -XX:+UseParallelGC -XX:GCTimeRatio=4 -XX:AdaptiveSizePolicyWeight=90 -Dsun.zip.disableMemoryMapping=true -Xmx2G -Xms100m -Xlog:disable -javaagent:c:\Users\dell\.vscode\extensions\redhat.java-1.53.0-win32-x64\lombok\lombok-1.18.39-4050.jar 
java_command: c:\Users\dell\.vscode\extensions\redhat.java-1.53.0-win32-x64\server\plugins\org.eclipse.equinox.launcher_1.7.100.v20251111-0406.jar -configuration c:\Users\dell\AppData\Roaming\Code\User\globalStorage\redhat.java\1.53.0\config_ss_win -data c:\Users\dell\AppData\Roaming\Code\User\workspaceStorage\825c9b729f276fa6f788dd2d7ea7dcd6\redhat.java\ss_ws --pipe=\\.\pipe\lsp-64f58b11f30877ddec3359d31378f79e-sock
java_class_path (initial): c:\Users\dell\.vscode\extensions\redhat.java-1.53.0-win32-x64\server\plugins\org.eclipse.equinox.launcher_1.7.100.v20251111-0406.jar
Launcher Type: SUN_STANDARD

[Global flags]
    uintx AdaptiveSizePolicyWeight                 = 90                                        {product} {command line}
     intx CICompilerCount                          = 4                                         {product} {ergonomic}
    uintx GCTimeRatio                              = 4                                         {product} {command line}
   size_t InitialHeapSize                          = 104857600                                 {product} {command line}
   size_t MaxHeapSize                              = 2147483648                                {product} {command line}
   size_t MaxNewSize                               = 715653120                                 {product} {ergonomic}
   size_t MinHeapDeltaBytes                        = 524288                                    {product} {ergonomic}
   size_t MinHeapSize                              = 104857600                                 {product} {command line}
   size_t NewSize                                  = 34603008                                  {product} {ergonomic}
    uintx NonNMethodCodeHeapSize                   = 5839372                                {pd product} {ergonomic}
    uintx NonProfiledCodeHeapSize                  = 122909434                              {pd product} {ergonomic}
   size_t OldSize                                  = 70254592                                  {product} {ergonomic}
    uintx ProfiledCodeHeapSize                     = 122909434                              {pd product} {ergonomic}
    uintx ReservedCodeCacheSize                    = 251658240                              {pd product} {ergonomic}
     bool SegmentedCodeCache                       = true                                      {product} {ergonomic}
   size_t SoftMaxHeapSize                          = 2147483648                             {manageable} {ergonomic}
     bool UseCompressedOops                        = true                           {product lp64_product} {ergonomic}
     bool UseLargePagesIndividualAllocation        = false                                  {pd product} {ergonomic}
     bool UseParallelGC                            = true                                      {product} {command line}

Logging:
Log output configuration:
 #0: stdout all=off uptime,level,tags foldmultilines=false
 #1: stderr all=off uptime,level,tags foldmultilines=false

Release file:
JAVA_VERSION="21.0.10" 
MODULES="java.base java.compiler java.datatransfer java.xml java.prefs java.desktop java.instrument java.logging java.management java.security.sasl java.naming java.rmi java.management.rmi java.net.http java.scripting java.security.jgss java.transaction.xa java.sql java.sql.rowset java.xml.crypto java.se java.smartcardio jdk.accessibility jdk.internal.jvmstat jdk.attach jdk.charsets jdk.internal.opt jdk.zipfs jdk.compiler jdk.crypto.ec jdk.crypto.cryptoki jdk.crypto.mscapi jdk.dynalink jdk.internal.ed jdk.editpad jdk.hotspot.agent jdk.httpserver jdk.internal.le jdk.internal.vm.ci jdk.internal.vm.compiler jdk.internal.vm.compiler.management jdk.jartool jdk.javadoc jdk.jcmd jdk.management jdk.management.agent jdk.jconsole jdk.jdeps jdk.jdwp.agent jdk.jdi jdk.jfr jdk.jshell jdk.jsobject jdk.jstatd jdk.localedata jdk.management.jfr jdk.naming.dns jdk.naming.rmi jdk.net jdk.nio.mapmode jdk.random jdk.sctp jdk.security.auth jdk.security.jgss jdk.unsupported jdk.unsupported.desktop jdk.xml.dom" 

Environment Variables:
JAVA_HOME=C:\Program Files\Eclipse Adoptium\jdk-17.0.14.7-hotspot\
PATH=C:\Users\dell\AppData\Local\Programs\Microsoft VS Code;C:\Program Files\Eclipse Adoptium\jdk-17.0.14.7-hotspot\bin;C:\WINDOWS\system32;C:\WINDOWS;C:\WINDOWS\System32\Wbem;C:\WINDOWS\System32\WindowsPowerShell\v1.0\;C:\WINDOWS\System32\OpenSSH\;C:\Program Files\dotnet\;C:\Program Files\MySQL\MySQL Server 8.0\bin;C:\Program Files\Git\cmd;C:\Program Files\PuTTY\;C:\Program Files\nodejs\;C:\Program Files\Docker\Docker\resources\bin;C:\Program Files\MongoDB\Server\8.2\bin;C:\Users\dell\AppData\Local\Programs\mongosh;C:\Users\dell\Downloads\ngrok-v3-stable-windows-amd64;C:\Users\dell\AppData\Local\Programs\Python\Python311\Scripts\;C:\Users\dell\AppData\Local\Programs\Python\Python311\;C:\Program Files\MySQL\MySQL Shell 8.0\bin\;C:\Users\dell\AppData\Local\Programs\Python\Launcher\;C:\Users\dell\AppData\Local\Microsoft\WindowsApps;C:\MinGW\bin;C:\Users\dell\AppData\Local\Programs\Microsoft VS Code\bin;C:\Users\dell\AppData\Roaming\Python\Python312\Scripts;C:\Program Files\JetBrains\IntelliJ IDEA Community Edition 2024.3.2.1\bin;;C:\Users\dell\AppData\Local\GitHubDesktop\bin;C:\Users\dell\AppData\Roaming\npm;C:\Users\dell\.dotnet\tools;C:\Users\dell\AppData\Local\Programs\mongosh\;C:\Users\dell\AppData\Local\Programs\Antigravity\bin;C:\Users\dell\AppData\Local\Programs\Kiro\bin
USERNAME=dell
OS=Windows_NT
PROCESSOR_IDENTIFIER=Intel64 Family 6 Model 186 Stepping 3, GenuineIntel
TMP=C:\Users\dell\AppData\Local\Temp
TEMP=C:\Users\dell\AppData\Local\Temp




Periodic native trim disabled

---------------  S Y S T E M  ---------------

OS:
 Windows 11 , 64 bit Build 26100 (10.0.26100.8115)
OS uptime: 5 days 23:29 hours
Hyper-V role detected

CPU: total 12 (initial active 12) (6 cores per cpu, 2 threads per core) family 6 model 186 stepping 3 microcode 0x4128, cx8, cmov, fxsr, ht, mmx, 3dnowpref, sse, sse2, sse3, ssse3, sse4.1, sse4.2, popcnt, lzcnt, tsc, tscinvbit, avx, avx2, aes, erms, clmul, bmi1, bmi2, adx, sha, fma, vzeroupper, clflush, clflushopt, clwb, hv, serialize, rdtscp, rdpid, fsrm, f16c, cet_ibt, cet_ss
Processor Information for the first 12 processors :
  Max Mhz: 1300, Current Mhz: 1300, Mhz Limit: 1300

Memory: 4k page, system-wide physical 7876M (487M free)
TotalPageFile size 32452M (AvailPageFile size 4M)
current process WorkingSet (physical memory assigned to process): 139M, peak: 143M
current process commit charge ("private bytes"): 281M, peak: 286M

vm_info: OpenJDK 64-Bit Server VM (21.0.10+7-LTS) for windows-amd64 JRE (21.0.10+7-LTS), built on 2026-01-20T00:00:00Z by "admin" with MS VC++ 17.12 (VS2022)

END.
