#
# There is insufficient memory for the Java Runtime Environment to continue.
# Native memory allocation (malloc) failed to allocate 1649488 bytes. Error detail: Chunk::new
# Possible reasons:
#   The system is out of physical RAM or swap space
#   This process is running with CompressedOops enabled, and the Java Heap may be blocking the growth of the native heap
# Possible solutions:
#   Reduce memory load on the system
#   Increase physical memory or swap space
#   Check if swap backing store is full
#   Decrease Java heap size (-Xmx/-Xms)
#   Decrease number of Java threads
#   Decrease Java thread stack sizes (-Xss)
#   Set larger code cache with -XX:ReservedCodeCacheSize=
#   JVM is running with Unscaled Compressed Oops mode in which the Java heap is
#     placed in the first 4GB address space. The Java Heap base address is the
#     maximum limit for the native heap growth. Please use -XX:HeapBaseMinAddress
#     to set the Java Heap base and to place the Java Heap above 4GB virtual address.
# This output file may be truncated or incomplete.
#
#  Out of Memory Error (arena.cpp:168), pid=1496, tid=19100
#
# JRE version: OpenJDK Runtime Environment Temurin-21.0.10+7 (21.0.10+7) (build 21.0.10+7-LTS)
# Java VM: OpenJDK 64-Bit Server VM Temurin-21.0.10+7 (21.0.10+7-LTS, mixed mode, sharing, tiered, compressed oops, compressed class ptrs, parallel gc, windows-amd64)
# No core dump will be written. Minidumps are not enabled by default on client versions of Windows
#

---------------  S U M M A R Y ------------

Command Line: --add-modules=ALL-SYSTEM --add-opens=java.base/java.util=ALL-UNNAMED --add-opens=java.base/java.lang=ALL-UNNAMED --add-opens=java.base/sun.nio.fs=ALL-UNNAMED -Declipse.application=org.eclipse.jdt.ls.core.id1 -Dosgi.bundles.defaultStartLevel=4 -Declipse.product=org.eclipse.jdt.ls.core.product -Djava.import.generatesMetadataFilesAtProjectRoot=false -DDetectVMInstallationsJob.disabled=true -Dfile.encoding=utf8 -XX:+UseParallelGC -XX:GCTimeRatio=4 -XX:AdaptiveSizePolicyWeight=90 -Dsun.zip.disableMemoryMapping=true -Xmx2G -Xms100m -Xlog:disable -javaagent:c:\Users\dell\.vscode\extensions\redhat.java-1.53.0-win32-x64\lombok\lombok-1.18.39-4050.jar c:\Users\dell\.vscode\extensions\redhat.java-1.53.0-win32-x64\server\plugins\org.eclipse.equinox.launcher_1.7.100.v20251111-0406.jar -configuration c:\Users\dell\AppData\Roaming\Code\User\globalStorage\redhat.java\1.53.0\config_ss_win -data c:\Users\dell\AppData\Roaming\Code\User\workspaceStorage\825c9b729f276fa6f788dd2d7ea7dcd6\redhat.java\ss_ws --pipe=\\.\pipe\lsp-737bacdfcc9338ebaed44aa035df8763-sock

Host: 13th Gen Intel(R) Core(TM) i5-1335U, 12 cores, 7G,  Windows 11 , 64 bit Build 26100 (10.0.26100.8115)
Time: Wed Apr 15 22:13:44 2026 India Standard Time elapsed time: 153.239710 seconds (0d 0h 2m 33s)

---------------  T H R E A D  ---------------

Current thread (0x0000016f864c1c10):  JavaThread "C2 CompilerThread0" daemon [_thread_in_native, id=19100, stack(0x0000001b51000000,0x0000001b51100000) (1024K)]


Current CompileTask:
C2:153239 6268       4       org.eclipse.jdt.internal.compiler.parser.Parser::consumeRule (7843 bytes)

Stack: [0x0000001b51000000,0x0000001b51100000]
Native frames: (J=compiled Java code, j=interpreted, Vv=VM code, C=native code)
V  [jvm.dll+0x6d7a39]
V  [jvm.dll+0x8b4b26]
V  [jvm.dll+0x8b70de]
V  [jvm.dll+0x8b77c3]
V  [jvm.dll+0x284346]
V  [jvm.dll+0xc66ed]
V  [jvm.dll+0xc6c31]
V  [jvm.dll+0x3bec3b]
V  [jvm.dll+0x38b162]
V  [jvm.dll+0x38a5aa]
V  [jvm.dll+0x24c560]
V  [jvm.dll+0x24bb40]
V  [jvm.dll+0x1cb34e]
V  [jvm.dll+0x25b85d]
V  [jvm.dll+0x259dea]
V  [jvm.dll+0x3f857e]
V  [jvm.dll+0x85f59d]
V  [jvm.dll+0x6d626d]
C  [ucrtbase.dll+0x37b0]
C  [KERNEL32.DLL+0x2e8d7]
C  [ntdll.dll+0x8c3fc]


---------------  P R O C E S S  ---------------

Threads class SMR info:
_java_thread_list=0x0000016fe89f3a70, length=54, elements={
0x0000016f8640f960, 0x0000016f864b3190, 0x0000016f863bd740, 0x0000016f864b6860,
0x0000016f864b9550, 0x0000016f864b9fb0, 0x0000016f864baa10, 0x0000016f864c1c10,
0x0000016f864ce590, 0x0000016fdf2d6da0, 0x0000016fe00dff10, 0x0000016fe50c7030,
0x0000016fe50a3910, 0x0000016fe51b2cb0, 0x0000016fe0341d90, 0x0000016fe0861f70,
0x0000016fe0508c80, 0x0000016fdf3b68c0, 0x0000016fdf2f3e30, 0x0000016fdf2f51e0,
0x0000016fdf2f6c20, 0x0000016fdf2f72b0, 0x0000016fdf2f44c0, 0x0000016fdf2f4b50,
0x0000016fdf2f5870, 0x0000016fdf2f5f00, 0x0000016fe8006e60, 0x0000016fe8004070,
0x0000016fe8004d90, 0x0000016fe80074f0, 0x0000016fe8006140, 0x0000016fe8005420,
0x0000016fe80067d0, 0x0000016fe8004700, 0x0000016fe8005ab0, 0x0000016fe8436680,
0x0000016fe8434c40, 0x0000016fe8433890, 0x0000016fe8433200, 0x0000016fe8433f20,
0x0000016fe8437a30, 0x0000016fe8436d10, 0x0000016fe84373a0, 0x0000016fe8435ff0,
0x0000016fe84345b0, 0x0000016fe8438750, 0x0000016fe8438de0, 0x0000016fe8435960,
0x0000016fe843a190, 0x0000016fe8439470, 0x0000016fe8439b00, 0x0000016fe843a820,
0x0000016fdf2f6590, 0x0000016fe52c8030
}

Java Threads: ( => current thread )
  0x0000016f8640f960 JavaThread "main"                              [_thread_blocked, id=22236, stack(0x0000001b50600000,0x0000001b50700000) (1024K)]
  0x0000016f864b3190 JavaThread "Reference Handler"          daemon [_thread_blocked, id=11116, stack(0x0000001b50a00000,0x0000001b50b00000) (1024K)]
  0x0000016f863bd740 JavaThread "Finalizer"                  daemon [_thread_blocked, id=4952, stack(0x0000001b50b00000,0x0000001b50c00000) (1024K)]
  0x0000016f864b6860 JavaThread "Signal Dispatcher"          daemon [_thread_blocked, id=25652, stack(0x0000001b50c00000,0x0000001b50d00000) (1024K)]
  0x0000016f864b9550 JavaThread "Attach Listener"            daemon [_thread_blocked, id=11584, stack(0x0000001b50d00000,0x0000001b50e00000) (1024K)]
  0x0000016f864b9fb0 JavaThread "Service Thread"             daemon [_thread_blocked, id=14644, stack(0x0000001b50e00000,0x0000001b50f00000) (1024K)]
  0x0000016f864baa10 JavaThread "Monitor Deflation Thread"   daemon [_thread_blocked, id=12420, stack(0x0000001b50f00000,0x0000001b51000000) (1024K)]
=>0x0000016f864c1c10 JavaThread "C2 CompilerThread0"         daemon [_thread_in_native, id=19100, stack(0x0000001b51000000,0x0000001b51100000) (1024K)]
  0x0000016f864ce590 JavaThread "C1 CompilerThread0"         daemon [_thread_in_native, id=19108, stack(0x0000001b51100000,0x0000001b51200000) (1024K)]
  0x0000016fdf2d6da0 JavaThread "Common-Cleaner"             daemon [_thread_blocked, id=15080, stack(0x0000001b51300000,0x0000001b51400000) (1024K)]
  0x0000016fe00dff10 JavaThread "Notification Thread"        daemon [_thread_blocked, id=14696, stack(0x0000001b51400000,0x0000001b51500000) (1024K)]
  0x0000016fe50c7030 JavaThread "Active Thread: Equinox Container: a0a30acd-0729-4deb-a721-97a070419489"        [_thread_blocked, id=15404, stack(0x0000001b51c00000,0x0000001b51d00000) (1024K)]
  0x0000016fe50a3910 JavaThread "Framework Event Dispatcher: Equinox Container: a0a30acd-0729-4deb-a721-97a070419489" daemon [_thread_blocked, id=14256, stack(0x0000001b51d00000,0x0000001b51e00000) (1024K)]
  0x0000016fe51b2cb0 JavaThread "Start Level: Equinox Container: a0a30acd-0729-4deb-a721-97a070419489" daemon [_thread_blocked, id=12304, stack(0x0000001b51e00000,0x0000001b51f00000) (1024K)]
  0x0000016fe0341d90 JavaThread "SCR Component Actor"        daemon [_thread_blocked, id=25148, stack(0x0000001b51500000,0x0000001b51600000) (1024K)]
  0x0000016fe0861f70 JavaThread "Worker-JM"                         [_thread_blocked, id=25224, stack(0x0000001b51200000,0x0000001b51300000) (1024K)]
  0x0000016fe0508c80 JavaThread "JNA Cleaner"                daemon [_thread_blocked, id=5136, stack(0x0000001b52000000,0x0000001b52100000) (1024K)]
  0x0000016fdf3b68c0 JavaThread "Worker-0: Building"                [_thread_in_native, id=17092, stack(0x0000001b52300000,0x0000001b52400000) (1024K)]
  0x0000016fdf2f3e30 JavaThread "Thread-1"                   daemon [_thread_in_native, id=23436, stack(0x0000001b52800000,0x0000001b52900000) (1024K)]
  0x0000016fdf2f51e0 JavaThread "Thread-2"                   daemon [_thread_in_native, id=1316, stack(0x0000001b52900000,0x0000001b52a00000) (1024K)]
  0x0000016fdf2f6c20 JavaThread "Thread-3"                   daemon [_thread_in_native, id=12756, stack(0x0000001b52a00000,0x0000001b52b00000) (1024K)]
  0x0000016fdf2f72b0 JavaThread "Thread-4"                   daemon [_thread_in_native, id=26616, stack(0x0000001b52b00000,0x0000001b52c00000) (1024K)]
  0x0000016fdf2f44c0 JavaThread "Thread-5"                   daemon [_thread_in_native, id=11920, stack(0x0000001b52c00000,0x0000001b52d00000) (1024K)]
  0x0000016fdf2f4b50 JavaThread "Thread-6"                   daemon [_thread_in_native, id=22156, stack(0x0000001b52d00000,0x0000001b52e00000) (1024K)]
  0x0000016fdf2f5870 JavaThread "Thread-7"                   daemon [_thread_in_native, id=23708, stack(0x0000001b52e00000,0x0000001b52f00000) (1024K)]
  0x0000016fdf2f5f00 JavaThread "Thread-8"                   daemon [_thread_in_native, id=22944, stack(0x0000001b52f00000,0x0000001b53000000) (1024K)]
  0x0000016fe8006e60 JavaThread "Thread-9"                   daemon [_thread_in_native, id=21880, stack(0x0000001b53000000,0x0000001b53100000) (1024K)]
  0x0000016fe8004070 JavaThread "Thread-10"                  daemon [_thread_in_native, id=29460, stack(0x0000001b53100000,0x0000001b53200000) (1024K)]
  0x0000016fe8004d90 JavaThread "Thread-11"                  daemon [_thread_in_native, id=15340, stack(0x0000001b53200000,0x0000001b53300000) (1024K)]
  0x0000016fe80074f0 JavaThread "Thread-12"                  daemon [_thread_in_native, id=26492, stack(0x0000001b53300000,0x0000001b53400000) (1024K)]
  0x0000016fe8006140 JavaThread "Thread-13"                  daemon [_thread_in_native, id=23792, stack(0x0000001b53400000,0x0000001b53500000) (1024K)]
  0x0000016fe8005420 JavaThread "pool-2-thread-1"                   [_thread_blocked, id=14772, stack(0x0000001b53500000,0x0000001b53600000) (1024K)]
  0x0000016fe80067d0 JavaThread "Worker-2"                          [_thread_blocked, id=16012, stack(0x0000001b53600000,0x0000001b53700000) (1024K)]
  0x0000016fe8004700 JavaThread "WorkspaceEventsHandler"            [_thread_blocked, id=16864, stack(0x0000001b53700000,0x0000001b53800000) (1024K)]
  0x0000016fe8005ab0 JavaThread "pool-1-thread-1"                   [_thread_blocked, id=27108, stack(0x0000001b53800000,0x0000001b53900000) (1024K)]
  0x0000016fe8436680 JavaThread "ForkJoinPool.commonPool-worker-1" daemon [_thread_blocked, id=12132, stack(0x0000001b53900000,0x0000001b53a00000) (1024K)]
  0x0000016fe8434c40 JavaThread "ForkJoinPool.commonPool-worker-2" daemon [_thread_blocked, id=29348, stack(0x0000001b53a00000,0x0000001b53b00000) (1024K)]
  0x0000016fe8433890 JavaThread "ForkJoinPool.commonPool-worker-5" daemon [_thread_blocked, id=6136, stack(0x0000001b53d00000,0x0000001b53e00000) (1024K)]
  0x0000016fe8433200 JavaThread "ForkJoinPool.commonPool-worker-6" daemon [_thread_blocked, id=21020, stack(0x0000001b53e00000,0x0000001b53f00000) (1024K)]
  0x0000016fe8433f20 JavaThread "ForkJoinPool.commonPool-worker-7" daemon [_thread_blocked, id=24748, stack(0x0000001b53f00000,0x0000001b54000000) (1024K)]
  0x0000016fe8437a30 JavaThread "ForkJoinPool.commonPool-worker-8" daemon [_thread_blocked, id=22072, stack(0x0000001b54000000,0x0000001b54100000) (1024K)]
  0x0000016fe8436d10 JavaThread "Compiler Source File Reader" daemon [_thread_blocked, id=21128, stack(0x0000001b50300000,0x0000001b50400000) (1024K)]
  0x0000016fe84373a0 JavaThread "Compiler Source File Reader" daemon [_thread_blocked, id=5132, stack(0x0000001b50400000,0x0000001b50500000) (1024K)]
  0x0000016fe8435ff0 JavaThread "Compiler Source File Reader" daemon [_thread_blocked, id=19752, stack(0x0000001b50500000,0x0000001b50600000) (1024K)]
  0x0000016fe84345b0 JavaThread "Compiler Source File Reader" daemon [_thread_blocked, id=18448, stack(0x0000001b52400000,0x0000001b52500000) (1024K)]
  0x0000016fe8438750 JavaThread "Compiler Source File Reader" daemon [_thread_blocked, id=19580, stack(0x0000001b52500000,0x0000001b52600000) (1024K)]
  0x0000016fe8438de0 JavaThread "Compiler Source File Reader" daemon [_thread_blocked, id=27696, stack(0x0000001b52700000,0x0000001b52800000) (1024K)]
  0x0000016fe8435960 JavaThread "Compiler Source File Reader" daemon [_thread_blocked, id=20008, stack(0x0000001b53b00000,0x0000001b53c00000) (1024K)]
  0x0000016fe843a190 JavaThread "Compiler Source File Reader" daemon [_thread_blocked, id=28884, stack(0x0000001b53c00000,0x0000001b53d00000) (1024K)]
  0x0000016fe8439470 JavaThread "Compiler Source File Reader" daemon [_thread_blocked, id=27124, stack(0x0000001b54100000,0x0000001b54200000) (1024K)]
  0x0000016fe8439b00 JavaThread "Compiler Source File Reader" daemon [_thread_blocked, id=12752, stack(0x0000001b54200000,0x0000001b54300000) (1024K)]
  0x0000016fe843a820 JavaThread "Worker-3"                          [_thread_blocked, id=19656, stack(0x0000001b54300000,0x0000001b54400000) (1024K)]
  0x0000016fdf2f6590 JavaThread "Compiler Processing Task"   daemon [_thread_in_Java, id=11896, stack(0x0000001b54400000,0x0000001b54500000) (1024K)]
  0x0000016fe52c8030 JavaThread "C2 CompilerThread1"         daemon [_thread_in_native, id=16420, stack(0x0000001b54500000,0x0000001b54600000) (1024K)]
Total: 54

Other Threads:
  0x0000016f864aebc0 VMThread "VM Thread"                           [id=22740, stack(0x0000001b50900000,0x0000001b50a00000) (1024K)]
  0x0000016f8629ca00 WatcherThread "VM Periodic Task Thread"        [id=23092, stack(0x0000001b50800000,0x0000001b50900000) (1024K)]
  0x0000016f8642dcf0 WorkerThread "GC Thread#0"                     [id=11476, stack(0x0000001b50700000,0x0000001b50800000) (1024K)]
  0x0000016fe01f34f0 WorkerThread "GC Thread#1"                     [id=13532, stack(0x0000001b51600000,0x0000001b51700000) (1024K)]
  0x0000016fe01f38a0 WorkerThread "GC Thread#2"                     [id=21220, stack(0x0000001b51700000,0x0000001b51800000) (1024K)]
  0x0000016fe01f3c50 WorkerThread "GC Thread#3"                     [id=20908, stack(0x0000001b51800000,0x0000001b51900000) (1024K)]
  0x0000016fe048fdf0 WorkerThread "GC Thread#4"                     [id=25384, stack(0x0000001b51900000,0x0000001b51a00000) (1024K)]
  0x0000016fe04901a0 WorkerThread "GC Thread#5"                     [id=14624, stack(0x0000001b51a00000,0x0000001b51b00000) (1024K)]
  0x0000016fe01f4550 WorkerThread "GC Thread#6"                     [id=26884, stack(0x0000001b51b00000,0x0000001b51c00000) (1024K)]
  0x0000016fe5090d10 WorkerThread "GC Thread#7"                     [id=23112, stack(0x0000001b51f00000,0x0000001b52000000) (1024K)]
  0x0000016fe5091820 WorkerThread "GC Thread#8"                     [id=16536, stack(0x0000001b52100000,0x0000001b52200000) (1024K)]
  0x0000016fe5091bd0 WorkerThread "GC Thread#9"                     [id=20460, stack(0x0000001b52200000,0x0000001b52300000) (1024K)]
Total: 12

Threads with active compile tasks:
C2 CompilerThread0  153290 6268       4       org.eclipse.jdt.internal.compiler.parser.Parser::consumeRule (7843 bytes)
C2 CompilerThread1  153290 6301       4       java.lang.String::split (242 bytes)
Total: 2

VM state: not at safepoint (normal execution)

VM Mutex/Monitor currently owned by a thread:  ([mutex/lock_event])
[0x00007ff98513d060] MethodCompileQueue_lock - owner thread: 0x0000016fe52c8030
[0x00007ff98513e5e0] Compile_lock - owner thread: 0x0000016fe52c8030

Heap address: 0x0000000080000000, size: 2048 MB, Compressed Oops mode: 32-bit

CDS archive(s) mapped at: [0x0000016f9d000000-0x0000016f9dba0000-0x0000016f9dba0000), size 12189696, SharedBaseAddress: 0x0000016f9d000000, ArchiveRelocationMode: 1.
Compressed class space mapped at: 0x0000016f9e000000-0x0000016fde000000, reserved size: 1073741824
Narrow klass base: 0x0000016f9d000000, Narrow klass shift: 0, Narrow klass range: 0x100000000

GC Precious Log:
 CardTable entry size: 512
 CPUs: 12 total, 12 available
 Memory: 7876M
 Large Page Support: Disabled
 NUMA Support: Disabled
 Compressed Oops: Enabled (32-bit)
 Alignments: Space 512K, Generation 512K, Heap 2M
 Heap Min Capacity: 100M
 Heap Initial Capacity: 100M
 Heap Max Capacity: 2G
 Pre-touch: Disabled
 Parallel Workers: 10

Heap:
 PSYoungGen      total 20480K, used 13494K [0x00000000d5580000, 0x00000000d6d80000, 0x0000000100000000)
  eden space 19968K, 65% used [0x00000000d5580000,0x00000000d6233c70,0x00000000d6900000)
  from space 512K, 95% used [0x00000000d6d00000,0x00000000d6d79ec8,0x00000000d6d80000)
  to   space 2048K, 0% used [0x00000000d6980000,0x00000000d6980000,0x00000000d6b80000)
 ParOldGen       total 68608K, used 32330K [0x0000000080000000, 0x0000000084300000, 0x00000000d5580000)
  object space 68608K, 47% used [0x0000000080000000,0x0000000081f92a78,0x0000000084300000)
 Metaspace       used 43052K, committed 44096K, reserved 1114112K
  class space    used 4387K, committed 4800K, reserved 1048576K

Card table byte_map: [0x0000016f85db0000,0x0000016f861c0000] _byte_map_base: 0x0000016f859b0000

Marking Bits: (ParMarkBitMap*) 0x00007ff985143450
 Begin Bits: [0x0000016f988c0000, 0x0000016f9a8c0000)
 End Bits:   [0x0000016f9a8c0000, 0x0000016f9c8c0000)

Polling page: 0x0000016f84230000

Metaspace:

Usage:
  Non-class:     37.76 MB used.
      Class:      4.29 MB used.
       Both:     42.04 MB used.

Virtual space:
  Non-class space:       64.00 MB reserved,      38.38 MB ( 60%) committed,  1 nodes.
      Class space:        1.00 GB reserved,       4.69 MB ( <1%) committed,  1 nodes.
             Both:        1.06 GB reserved,      43.06 MB (  4%) committed. 

Chunk freelists:
   Non-Class:  9.26 MB
       Class:  11.25 MB
        Both:  20.51 MB

MaxMetaspaceSize: unlimited
CompressedClassSpaceSize: 1.00 GB
Initial GC threshold: 21.00 MB
Current GC threshold: 58.38 MB
CDS: on
 - commit_granule_bytes: 65536.
 - commit_granule_words: 8192.
 - virtual_space_node_default_size: 8388608.
 - enlarge_chunks_in_place: 1.
 - use_allocation_guard: 0.


Internal statistics:

num_allocs_failed_limit: 6.
num_arena_births: 1272.
num_arena_deaths: 406.
num_vsnodes_births: 2.
num_vsnodes_deaths: 0.
num_space_committed: 689.
num_space_uncommitted: 0.
num_chunks_returned_to_freelist: 580.
num_chunks_taken_from_freelist: 3430.
num_chunk_merges: 255.
num_chunk_splits: 1996.
num_chunks_enlarged: 1025.
num_inconsistent_stats: 0.

CodeHeap 'non-profiled nmethods': size=120000Kb used=3514Kb max_used=3514Kb free=116485Kb
 bounds [0x0000016f910e0000, 0x0000016f91450000, 0x0000016f98610000]
CodeHeap 'profiled nmethods': size=120000Kb used=13066Kb max_used=13066Kb free=106933Kb
 bounds [0x0000016f89610000, 0x0000016f8a2e0000, 0x0000016f90b40000]
CodeHeap 'non-nmethods': size=5760Kb used=1398Kb max_used=1450Kb free=4361Kb
 bounds [0x0000016f90b40000, 0x0000016f90db0000, 0x0000016f910e0000]
CodeCache: size=245760Kb, used=17978Kb, max_used=18030Kb, free=227779Kb
 total_blobs=6656, nmethods=5952, adapters=609, full_count=0
Compilation: enabled, stopped_count=0, restarted_count=0

Compilation events (20 events):
Event: 152.225 Thread 0x0000016f864ce590 6304       3       java.util.concurrent.ConcurrentHashMap::size (31 bytes)
Event: 152.225 Thread 0x0000016f864ce590 nmethod 6304 0x0000016f8a2a7490 code [0x0000016f8a2a7660, 0x0000016f8a2a7888]
Event: 152.226 Thread 0x0000016f864ce590 6305       1       org.eclipse.core.internal.resources.Workspace::isOpen (5 bytes)
Event: 152.226 Thread 0x0000016f864ce590 nmethod 6305 0x0000016f91448190 code [0x0000016f91448320, 0x0000016f914483f0]
Event: 152.226 Thread 0x0000016f864ce590 6306       3       org.eclipse.core.internal.resources.MarkerSet::add (140 bytes)
Event: 152.227 Thread 0x0000016f864ce590 nmethod 6306 0x0000016f8a2a7910 code [0x0000016f8a2a7ba0, 0x0000016f8a2a8640]
Event: 152.227 Thread 0x0000016f864ce590 6308       3       org.eclipse.core.internal.resources.Workspace::getRuleFactory (24 bytes)
Event: 152.227 Thread 0x0000016f864ce590 nmethod 6308 0x0000016f8a2a8990 code [0x0000016f8a2a8b40, 0x0000016f8a2a8d50]
Event: 152.227 Thread 0x0000016f864ce590 6307       3       org.eclipse.core.internal.resources.MarkerSet::shouldGrow (23 bytes)
Event: 152.227 Thread 0x0000016f864ce590 nmethod 6307 0x0000016f8a2a8e10 code [0x0000016f8a2a8fe0, 0x0000016f8a2a9190]
Event: 152.227 Thread 0x0000016f864ce590 6310       3       org.eclipse.core.internal.resources.ResourceInfo::set (11 bytes)
Event: 152.228 Thread 0x0000016f864ce590 nmethod 6310 0x0000016f8a2a9290 code [0x0000016f8a2a9420, 0x0000016f8a2a9538]
Event: 152.228 Thread 0x0000016f864ce590 6311       3       org.eclipse.jdt.internal.core.builder.SourceFile::getMainTypeName (24 bytes)
Event: 152.228 Thread 0x0000016f864ce590 nmethod 6311 0x0000016f8a2a9610 code [0x0000016f8a2a9820, 0x0000016f8a2a9cb0]
Event: 152.228 Thread 0x0000016f864ce590 6309       3       org.eclipse.core.internal.resources.Marker::getWorkspace (24 bytes)
Event: 152.228 Thread 0x0000016f864ce590 nmethod 6309 0x0000016f8a2a9e90 code [0x0000016f8a2aa040, 0x0000016f8a2aa298]
Event: 152.228 Thread 0x0000016f864ce590 6312       3       org.eclipse.core.internal.resources.Marker::getInfo (19 bytes)
Event: 152.228 Thread 0x0000016f864ce590 nmethod 6312 0x0000016f8a2aa390 code [0x0000016f8a2aa560, 0x0000016f8a2aa890]
Event: 152.228 Thread 0x0000016f864ce590 6313       3       org.eclipse.jdt.internal.compiler.parser.Parser::consumeBinaryExpression (798 bytes)
Event: 153.235 Thread 0x0000016f864ce590 nmethod 6313 0x0000016f8a2aaa10 code [0x0000016f8a2aafe0, 0x0000016f8a2af3e0]

GC Heap History (20 events):
Event: 22.069 GC heap before
{Heap before GC invocations=17 (full 1):
 PSYoungGen      total 22528K, used 22432K [0x00000000d5580000, 0x00000000d6e00000, 0x0000000100000000)
  eden space 19968K, 100% used [0x00000000d5580000,0x00000000d6900000,0x00000000d6900000)
  from space 2560K, 96% used [0x00000000d6900000,0x00000000d6b68010,0x00000000d6b80000)
  to   space 2560K, 0% used [0x00000000d6b80000,0x00000000d6b80000,0x00000000d6e00000)
 ParOldGen       total 68608K, used 25522K [0x0000000080000000, 0x0000000084300000, 0x00000000d5580000)
  object space 68608K, 37% used [0x0000000080000000,0x00000000818ecb68,0x0000000084300000)
 Metaspace       used 33127K, committed 34240K, reserved 1114112K
  class space    used 3397K, committed 3904K, reserved 1048576K
}
Event: 22.075 GC heap after
{Heap after GC invocations=17 (full 1):
 PSYoungGen      total 22528K, used 2232K [0x00000000d5580000, 0x00000000d6e00000, 0x0000000100000000)
  eden space 19968K, 0% used [0x00000000d5580000,0x00000000d5580000,0x00000000d6900000)
  from space 2560K, 87% used [0x00000000d6b80000,0x00000000d6dae200,0x00000000d6e00000)
  to   space 2560K, 0% used [0x00000000d6900000,0x00000000d6900000,0x00000000d6b80000)
 ParOldGen       total 68608K, used 27874K [0x0000000080000000, 0x0000000084300000, 0x00000000d5580000)
  object space 68608K, 40% used [0x0000000080000000,0x0000000081b38b78,0x0000000084300000)
 Metaspace       used 33127K, committed 34240K, reserved 1114112K
  class space    used 3397K, committed 3904K, reserved 1048576K
}
Event: 22.289 GC heap before
{Heap before GC invocations=18 (full 1):
 PSYoungGen      total 22528K, used 22200K [0x00000000d5580000, 0x00000000d6e00000, 0x0000000100000000)
  eden space 19968K, 100% used [0x00000000d5580000,0x00000000d6900000,0x00000000d6900000)
  from space 2560K, 87% used [0x00000000d6b80000,0x00000000d6dae200,0x00000000d6e00000)
  to   space 2560K, 0% used [0x00000000d6900000,0x00000000d6900000,0x00000000d6b80000)
 ParOldGen       total 68608K, used 27874K [0x0000000080000000, 0x0000000084300000, 0x00000000d5580000)
  object space 68608K, 40% used [0x0000000080000000,0x0000000081b38b78,0x0000000084300000)
 Metaspace       used 33387K, committed 34560K, reserved 1114112K
  class space    used 3436K, committed 3968K, reserved 1048576K
}
Event: 22.293 GC heap after
{Heap after GC invocations=18 (full 1):
 PSYoungGen      total 22528K, used 2544K [0x00000000d5580000, 0x00000000d7400000, 0x0000000100000000)
  eden space 19968K, 0% used [0x00000000d5580000,0x00000000d5580000,0x00000000d6900000)
  from space 2560K, 99% used [0x00000000d6900000,0x00000000d6b7c070,0x00000000d6b80000)
  to   space 5632K, 0% used [0x00000000d6e80000,0x00000000d6e80000,0x00000000d7400000)
 ParOldGen       total 68608K, used 30331K [0x0000000080000000, 0x0000000084300000, 0x00000000d5580000)
  object space 68608K, 44% used [0x0000000080000000,0x0000000081d9ed78,0x0000000084300000)
 Metaspace       used 33387K, committed 34560K, reserved 1114112K
  class space    used 3436K, committed 3968K, reserved 1048576K
}
Event: 22.514 GC heap before
{Heap before GC invocations=19 (full 1):
 PSYoungGen      total 22528K, used 13301K [0x00000000d5580000, 0x00000000d7400000, 0x0000000100000000)
  eden space 19968K, 53% used [0x00000000d5580000,0x00000000d60016a0,0x00000000d6900000)
  from space 2560K, 99% used [0x00000000d6900000,0x00000000d6b7c070,0x00000000d6b80000)
  to   space 5632K, 0% used [0x00000000d6e80000,0x00000000d6e80000,0x00000000d7400000)
 ParOldGen       total 68608K, used 30331K [0x0000000080000000, 0x0000000084300000, 0x00000000d5580000)
  object space 68608K, 44% used [0x0000000080000000,0x0000000081d9ed78,0x0000000084300000)
 Metaspace       used 34710K, committed 35840K, reserved 1114112K
  class space    used 3601K, committed 4096K, reserved 1048576K
}
Event: 22.519 GC heap after
{Heap after GC invocations=19 (full 1):
 PSYoungGen      total 20992K, used 888K [0x00000000d5580000, 0x00000000d6f80000, 0x0000000100000000)
  eden space 19968K, 0% used [0x00000000d5580000,0x00000000d5580000,0x00000000d6900000)
  from space 1024K, 86% used [0x00000000d6e80000,0x00000000d6f5e2f0,0x00000000d6f80000)
  to   space 2560K, 0% used [0x00000000d6a80000,0x00000000d6a80000,0x00000000d6d00000)
 ParOldGen       total 68608K, used 31656K [0x0000000080000000, 0x0000000084300000, 0x00000000d5580000)
  object space 68608K, 46% used [0x0000000080000000,0x0000000081eea2d0,0x0000000084300000)
 Metaspace       used 34710K, committed 35840K, reserved 1114112K
  class space    used 3601K, committed 4096K, reserved 1048576K
}
Event: 22.519 GC heap before
{Heap before GC invocations=20 (full 2):
 PSYoungGen      total 20992K, used 888K [0x00000000d5580000, 0x00000000d6f80000, 0x0000000100000000)
  eden space 19968K, 0% used [0x00000000d5580000,0x00000000d5580000,0x00000000d6900000)
  from space 1024K, 86% used [0x00000000d6e80000,0x00000000d6f5e2f0,0x00000000d6f80000)
  to   space 2560K, 0% used [0x00000000d6a80000,0x00000000d6a80000,0x00000000d6d00000)
 ParOldGen       total 68608K, used 31656K [0x0000000080000000, 0x0000000084300000, 0x00000000d5580000)
  object space 68608K, 46% used [0x0000000080000000,0x0000000081eea2d0,0x0000000084300000)
 Metaspace       used 34710K, committed 35840K, reserved 1114112K
  class space    used 3601K, committed 4096K, reserved 1048576K
}
Event: 22.605 GC heap after
{Heap after GC invocations=20 (full 2):
 PSYoungGen      total 20992K, used 0K [0x00000000d5580000, 0x00000000d6f80000, 0x0000000100000000)
  eden space 19968K, 0% used [0x00000000d5580000,0x00000000d5580000,0x00000000d6900000)
  from space 1024K, 0% used [0x00000000d6e80000,0x00000000d6e80000,0x00000000d6f80000)
  to   space 2560K, 0% used [0x00000000d6a80000,0x00000000d6a80000,0x00000000d6d00000)
 ParOldGen       total 68608K, used 29118K [0x0000000080000000, 0x0000000084300000, 0x00000000d5580000)
  object space 68608K, 42% used [0x0000000080000000,0x0000000081c6f988,0x0000000084300000)
 Metaspace       used 34364K, committed 35840K, reserved 1114112K
  class space    used 3501K, committed 4096K, reserved 1048576K
}
Event: 23.155 GC heap before
{Heap before GC invocations=21 (full 2):
 PSYoungGen      total 20992K, used 19968K [0x00000000d5580000, 0x00000000d6f80000, 0x0000000100000000)
  eden space 19968K, 100% used [0x00000000d5580000,0x00000000d6900000,0x00000000d6900000)
  from space 1024K, 0% used [0x00000000d6e80000,0x00000000d6e80000,0x00000000d6f80000)
  to   space 2560K, 0% used [0x00000000d6a80000,0x00000000d6a80000,0x00000000d6d00000)
 ParOldGen       total 68608K, used 29118K [0x0000000080000000, 0x0000000084300000, 0x00000000d5580000)
  object space 68608K, 42% used [0x0000000080000000,0x0000000081c6f988,0x0000000084300000)
 Metaspace       used 35651K, committed 36608K, reserved 1114112K
  class space    used 3634K, committed 4096K, reserved 1048576K
}
Event: 23.158 GC heap after
{Heap after GC invocations=21 (full 2):
 PSYoungGen      total 22528K, used 352K [0x00000000d5580000, 0x00000000d6f00000, 0x0000000100000000)
  eden space 19968K, 0% used [0x00000000d5580000,0x00000000d5580000,0x00000000d6900000)
  from space 2560K, 13% used [0x00000000d6a80000,0x00000000d6ad8000,0x00000000d6d00000)
  to   space 1024K, 0% used [0x00000000d6e00000,0x00000000d6e00000,0x00000000d6f00000)
 ParOldGen       total 68608K, used 29126K [0x0000000080000000, 0x0000000084300000, 0x00000000d5580000)
  object space 68608K, 42% used [0x0000000080000000,0x0000000081c71988,0x0000000084300000)
 Metaspace       used 35651K, committed 36608K, reserved 1114112K
  class space    used 3634K, committed 4096K, reserved 1048576K
}
Event: 23.501 GC heap before
{Heap before GC invocations=22 (full 2):
 PSYoungGen      total 22528K, used 20246K [0x00000000d5580000, 0x00000000d6f00000, 0x0000000100000000)
  eden space 19968K, 99% used [0x00000000d5580000,0x00000000d68ed8b8,0x00000000d6900000)
  from space 2560K, 13% used [0x00000000d6a80000,0x00000000d6ad8000,0x00000000d6d00000)
  to   space 1024K, 0% used [0x00000000d6e00000,0x00000000d6e00000,0x00000000d6f00000)
 ParOldGen       total 68608K, used 29126K [0x0000000080000000, 0x0000000084300000, 0x00000000d5580000)
  object space 68608K, 42% used [0x0000000080000000,0x0000000081c71988,0x0000000084300000)
 Metaspace       used 36821K, committed 37760K, reserved 1114112K
  class space    used 3757K, committed 4160K, reserved 1048576K
}
Event: 23.503 GC heap after
{Heap after GC invocations=22 (full 2):
 PSYoungGen      total 20992K, used 1022K [0x00000000d5580000, 0x00000000d6f00000, 0x0000000100000000)
  eden space 19968K, 0% used [0x00000000d5580000,0x00000000d5580000,0x00000000d6900000)
  from space 1024K, 99% used [0x00000000d6e00000,0x00000000d6eff938,0x00000000d6f00000)
  to   space 2560K, 0% used [0x00000000d6a00000,0x00000000d6a00000,0x00000000d6c80000)
 ParOldGen       total 68608K, used 29963K [0x0000000080000000, 0x0000000084300000, 0x00000000d5580000)
  object space 68608K, 43% used [0x0000000080000000,0x0000000081d42c60,0x0000000084300000)
 Metaspace       used 36821K, committed 37760K, reserved 1114112K
  class space    used 3757K, committed 4160K, reserved 1048576K
}
Event: 23.584 GC heap before
{Heap before GC invocations=23 (full 2):
 PSYoungGen      total 20992K, used 20832K [0x00000000d5580000, 0x00000000d6f00000, 0x0000000100000000)
  eden space 19968K, 99% used [0x00000000d5580000,0x00000000d68d8800,0x00000000d6900000)
  from space 1024K, 99% used [0x00000000d6e00000,0x00000000d6eff938,0x00000000d6f00000)
  to   space 2560K, 0% used [0x00000000d6a00000,0x00000000d6a00000,0x00000000d6c80000)
 ParOldGen       total 68608K, used 29963K [0x0000000080000000, 0x0000000084300000, 0x00000000d5580000)
  object space 68608K, 43% used [0x0000000080000000,0x0000000081d42c60,0x0000000084300000)
 Metaspace       used 36842K, committed 37760K, reserved 1114112K
  class space    used 3757K, committed 4160K, reserved 1048576K
}
Event: 23.586 GC heap after
{Heap after GC invocations=23 (full 2):
 PSYoungGen      total 22528K, used 982K [0x00000000d5580000, 0x00000000d6e80000, 0x0000000100000000)
  eden space 19968K, 0% used [0x00000000d5580000,0x00000000d5580000,0x00000000d6900000)
  from space 2560K, 38% used [0x00000000d6a00000,0x00000000d6af59e8,0x00000000d6c80000)
  to   space 1536K, 0% used [0x00000000d6d00000,0x00000000d6d00000,0x00000000d6e80000)
 ParOldGen       total 68608K, used 30993K [0x0000000080000000, 0x0000000084300000, 0x00000000d5580000)
  object space 68608K, 45% used [0x0000000080000000,0x0000000081e44598,0x0000000084300000)
 Metaspace       used 36842K, committed 37760K, reserved 1114112K
  class space    used 3757K, committed 4160K, reserved 1048576K
}
Event: 23.806 GC heap before
{Heap before GC invocations=24 (full 2):
 PSYoungGen      total 22528K, used 20810K [0x00000000d5580000, 0x00000000d6e80000, 0x0000000100000000)
  eden space 19968K, 99% used [0x00000000d5580000,0x00000000d68dce58,0x00000000d6900000)
  from space 2560K, 38% used [0x00000000d6a00000,0x00000000d6af59e8,0x00000000d6c80000)
  to   space 1536K, 0% used [0x00000000d6d00000,0x00000000d6d00000,0x00000000d6e80000)
 ParOldGen       total 68608K, used 30993K [0x0000000080000000, 0x0000000084300000, 0x00000000d5580000)
  object space 68608K, 45% used [0x0000000080000000,0x0000000081e44598,0x0000000084300000)
 Metaspace       used 38344K, committed 39296K, reserved 1114112K
  class space    used 3917K, committed 4352K, reserved 1048576K
}
Event: 23.807 GC heap after
{Heap after GC invocations=24 (full 2):
 PSYoungGen      total 20992K, used 576K [0x00000000d5580000, 0x00000000d6e00000, 0x0000000100000000)
  eden space 19968K, 0% used [0x00000000d5580000,0x00000000d5580000,0x00000000d6900000)
  from space 1024K, 56% used [0x00000000d6d00000,0x00000000d6d90000,0x00000000d6e00000)
  to   space 1024K, 0% used [0x00000000d6c00000,0x00000000d6c00000,0x00000000d6d00000)
 ParOldGen       total 68608K, used 31009K [0x0000000080000000, 0x0000000084300000, 0x00000000d5580000)
  object space 68608K, 45% used [0x0000000080000000,0x0000000081e48598,0x0000000084300000)
 Metaspace       used 38344K, committed 39296K, reserved 1114112K
  class space    used 3917K, committed 4352K, reserved 1048576K
}
Event: 25.241 GC heap before
{Heap before GC invocations=25 (full 2):
 PSYoungGen      total 20992K, used 20544K [0x00000000d5580000, 0x00000000d6e00000, 0x0000000100000000)
  eden space 19968K, 100% used [0x00000000d5580000,0x00000000d6900000,0x00000000d6900000)
  from space 1024K, 56% used [0x00000000d6d00000,0x00000000d6d90000,0x00000000d6e00000)
  to   space 1024K, 0% used [0x00000000d6c00000,0x00000000d6c00000,0x00000000d6d00000)
 ParOldGen       total 68608K, used 31009K [0x0000000080000000, 0x0000000084300000, 0x00000000d5580000)
  object space 68608K, 45% used [0x0000000080000000,0x0000000081e48598,0x0000000084300000)
 Metaspace       used 40593K, committed 41600K, reserved 1114112K
  class space    used 4147K, committed 4608K, reserved 1048576K
}
Event: 25.244 GC heap after
{Heap after GC invocations=25 (full 2):
 PSYoungGen      total 20992K, used 928K [0x00000000d5580000, 0x00000000d6d80000, 0x0000000100000000)
  eden space 19968K, 0% used [0x00000000d5580000,0x00000000d5580000,0x00000000d6900000)
  from space 1024K, 90% used [0x00000000d6c00000,0x00000000d6ce8020,0x00000000d6d00000)
  to   space 512K, 0% used [0x00000000d6d00000,0x00000000d6d00000,0x00000000d6d80000)
 ParOldGen       total 68608K, used 31337K [0x0000000080000000, 0x0000000084300000, 0x00000000d5580000)
  object space 68608K, 45% used [0x0000000080000000,0x0000000081e9a598,0x0000000084300000)
 Metaspace       used 40593K, committed 41600K, reserved 1114112K
  class space    used 4147K, committed 4608K, reserved 1048576K
}
Event: 150.573 GC heap before
{Heap before GC invocations=26 (full 2):
 PSYoungGen      total 20992K, used 20896K [0x00000000d5580000, 0x00000000d6d80000, 0x0000000100000000)
  eden space 19968K, 100% used [0x00000000d5580000,0x00000000d6900000,0x00000000d6900000)
  from space 1024K, 90% used [0x00000000d6c00000,0x00000000d6ce8020,0x00000000d6d00000)
  to   space 512K, 0% used [0x00000000d6d00000,0x00000000d6d00000,0x00000000d6d80000)
 ParOldGen       total 68608K, used 31337K [0x0000000080000000, 0x0000000084300000, 0x00000000d5580000)
  object space 68608K, 45% used [0x0000000080000000,0x0000000081e9a598,0x0000000084300000)
 Metaspace       used 42434K, committed 43456K, reserved 1114112K
  class space    used 4311K, committed 4736K, reserved 1048576K
}
Event: 150.575 GC heap after
{Heap after GC invocations=26 (full 2):
 PSYoungGen      total 20480K, used 487K [0x00000000d5580000, 0x00000000d6d80000, 0x0000000100000000)
  eden space 19968K, 0% used [0x00000000d5580000,0x00000000d5580000,0x00000000d6900000)
  from space 512K, 95% used [0x00000000d6d00000,0x00000000d6d79ec8,0x00000000d6d80000)
  to   space 2048K, 0% used [0x00000000d6980000,0x00000000d6980000,0x00000000d6b80000)
 ParOldGen       total 68608K, used 32330K [0x0000000080000000, 0x0000000084300000, 0x00000000d5580000)
  object space 68608K, 47% used [0x0000000080000000,0x0000000081f92a78,0x0000000084300000)
 Metaspace       used 42434K, committed 43456K, reserved 1114112K
  class space    used 4311K, committed 4736K, reserved 1048576K
}

Dll operation events (10 events):
Event: 0.017 Loaded shared library c:\Users\dell\.vscode\extensions\redhat.java-1.53.0-win32-x64\jre\21.0.10-win32-x86_64\bin\java.dll
Event: 0.110 Loaded shared library c:\Users\dell\.vscode\extensions\redhat.java-1.53.0-win32-x64\jre\21.0.10-win32-x86_64\bin\zip.dll
Event: 0.134 Loaded shared library C:\Users\dell\.vscode\extensions\redhat.java-1.53.0-win32-x64\jre\21.0.10-win32-x86_64\bin\instrument.dll
Event: 0.141 Loaded shared library C:\Users\dell\.vscode\extensions\redhat.java-1.53.0-win32-x64\jre\21.0.10-win32-x86_64\bin\net.dll
Event: 0.143 Loaded shared library C:\Users\dell\.vscode\extensions\redhat.java-1.53.0-win32-x64\jre\21.0.10-win32-x86_64\bin\nio.dll
Event: 0.147 Loaded shared library C:\Users\dell\.vscode\extensions\redhat.java-1.53.0-win32-x64\jre\21.0.10-win32-x86_64\bin\zip.dll
Event: 0.159 Loaded shared library C:\Users\dell\.vscode\extensions\redhat.java-1.53.0-win32-x64\jre\21.0.10-win32-x86_64\bin\jimage.dll
Event: 0.252 Loaded shared library c:\Users\dell\.vscode\extensions\redhat.java-1.53.0-win32-x64\jre\21.0.10-win32-x86_64\bin\verify.dll
Event: 2.571 Loaded shared library C:\Users\dell\AppData\Roaming\Code\User\globalStorage\redhat.java\1.53.0\config_ss_win\org.eclipse.equinox.launcher\org.eclipse.equinox.launcher.win32.win32.x86_64_1.3.0.v20260203-2149\eclipse_11919.dll
Event: 11.990 Loaded shared library C:\Users\dell\AppData\Local\Temp\jna-3079617\jna4337032662956780966.dll

Deoptimization events (20 events):
Event: 152.133 Thread 0x0000016fdf2f6590 Uncommon trap: trap_request=0xffffffc6 fr.pc=0x0000016f912553a0 relative=0x0000000000000ea0
Event: 152.133 Thread 0x0000016fdf2f6590 Uncommon trap: reason=bimorphic_or_optimized_type_check action=maybe_recompile pc=0x0000016f912553a0 method=java.util.HashMap.putVal(ILjava/lang/Object;Ljava/lang/Object;ZZ)Ljava/lang/Object; @ 203 c2
Event: 152.133 Thread 0x0000016fdf2f6590 DEOPT PACKING pc=0x0000016f912553a0 sp=0x0000001b544fecd0
Event: 152.133 Thread 0x0000016fdf2f6590 DEOPT UNPACKING pc=0x0000016f90b93aa2 sp=0x0000001b544feb68 mode 2
Event: 152.168 Thread 0x0000016fdf2f6590 Uncommon trap: trap_request=0xffffff45 fr.pc=0x0000016f913cd09c relative=0x00000000000003bc
Event: 152.168 Thread 0x0000016fdf2f6590 Uncommon trap: reason=unstable_if action=reinterpret pc=0x0000016f913cd09c method=java.util.IdentityHashMap.maskNull(Ljava/lang/Object;)Ljava/lang/Object; @ 1 c2
Event: 152.168 Thread 0x0000016fdf2f6590 DEOPT PACKING pc=0x0000016f913cd09c sp=0x0000001b544fde70
Event: 152.168 Thread 0x0000016fdf2f6590 DEOPT UNPACKING pc=0x0000016f90b93aa2 sp=0x0000001b544fdd88 mode 2
Event: 152.176 Thread 0x0000016fdf2f6590 Uncommon trap: trap_request=0xffffff45 fr.pc=0x0000016f91442520 relative=0x0000000000000be0
Event: 152.176 Thread 0x0000016fdf2f6590 Uncommon trap: reason=unstable_if action=reinterpret pc=0x0000016f91442520 method=org.eclipse.jdt.internal.compiler.parser.Scanner.getNextToken0()Lorg/eclipse/jdt/internal/compiler/parser/TerminalToken; @ 845 c2
Event: 152.177 Thread 0x0000016fdf2f6590 DEOPT PACKING pc=0x0000016f91442520 sp=0x0000001b544ff060
Event: 152.177 Thread 0x0000016fdf2f6590 DEOPT UNPACKING pc=0x0000016f90b93aa2 sp=0x0000001b544fef98 mode 2
Event: 152.184 Thread 0x0000016fdf2f6590 Uncommon trap: trap_request=0xffffff45 fr.pc=0x0000016f9143dd24 relative=0x0000000000000084
Event: 152.184 Thread 0x0000016fdf2f6590 Uncommon trap: reason=unstable_if action=reinterpret pc=0x0000016f9143dd24 method=org.eclipse.jdt.internal.compiler.parser.ScannerHelper.isJavaIdentifierPart(JC)Z @ 4 c2
Event: 152.184 Thread 0x0000016fdf2f6590 DEOPT PACKING pc=0x0000016f9143dd24 sp=0x0000001b544feeb0
Event: 152.184 Thread 0x0000016fdf2f6590 DEOPT UNPACKING pc=0x0000016f90b93aa2 sp=0x0000001b544fee48 mode 2
Event: 152.221 Thread 0x0000016fdf2f6590 Uncommon trap: trap_request=0xffffffcc fr.pc=0x0000016f914464a0 relative=0x00000000000016c0
Event: 152.221 Thread 0x0000016fdf2f6590 Uncommon trap: reason=intrinsic_or_type_checked_inlining action=make_not_entrant pc=0x0000016f914464a0 method=java.util.ArrayList$SubList.toArray([Ljava/lang/Object;)[Ljava/lang/Object; @ 58 c2
Event: 152.221 Thread 0x0000016fdf2f6590 DEOPT PACKING pc=0x0000016f914464a0 sp=0x0000001b544fe7c0
Event: 152.221 Thread 0x0000016fdf2f6590 DEOPT UNPACKING pc=0x0000016f90b93aa2 sp=0x0000001b544fe6e8 mode 2

Classes loaded (20 events):
Event: 149.356 Loading class java/util/stream/DistinctOps$1
Event: 149.357 Loading class java/util/stream/DistinctOps$1 done
Event: 149.360 Loading class java/util/stream/DistinctOps$1$2
Event: 149.360 Loading class java/util/stream/DistinctOps$1$2 done
Event: 149.400 Loading class java/util/AbstractList$RandomAccessSubList
Event: 149.400 Loading class java/util/AbstractList$SubList
Event: 149.401 Loading class java/util/AbstractList$SubList done
Event: 149.401 Loading class java/util/AbstractList$RandomAccessSubList done
Event: 149.401 Loading class java/util/AbstractList$SubList$1
Event: 149.401 Loading class java/util/AbstractList$SubList$1 done
Event: 149.425 Loading class java/util/ImmutableCollections$SubList
Event: 149.426 Loading class java/util/ImmutableCollections$SubList done
Event: 149.849 Loading class java/util/zip/CheckedInputStream
Event: 149.850 Loading class java/util/zip/CheckedInputStream done
Event: 152.123 Loading class java/nio/file/Files$2
Event: 152.123 Loading class java/nio/file/Files$2 done
Event: 152.128 Loading class java/util/concurrent/ArrayBlockingQueue
Event: 152.129 Loading class java/util/concurrent/ArrayBlockingQueue done
Event: 152.151 Loading class java/util/function/UnaryOperator
Event: 152.151 Loading class java/util/function/UnaryOperator done

Classes unloaded (20 events):
Event: 22.542 Thread 0x0000016f864aebc0 Unloading class 0x0000016f9e38d400 'java/lang/invoke/LambdaForm$MH+0x0000016f9e38d400'
Event: 22.542 Thread 0x0000016f864aebc0 Unloading class 0x0000016f9e38d000 'java/lang/invoke/LambdaForm$MH+0x0000016f9e38d000'
Event: 22.542 Thread 0x0000016f864aebc0 Unloading class 0x0000016f9e38cc00 'java/lang/invoke/LambdaForm$MH+0x0000016f9e38cc00'
Event: 22.542 Thread 0x0000016f864aebc0 Unloading class 0x0000016f9e38c800 'java/lang/invoke/LambdaForm$MH+0x0000016f9e38c800'
Event: 22.542 Thread 0x0000016f864aebc0 Unloading class 0x0000016f9e38c400 'java/lang/invoke/LambdaForm$MH+0x0000016f9e38c400'
Event: 22.542 Thread 0x0000016f864aebc0 Unloading class 0x0000016f9e38c000 'java/lang/invoke/LambdaForm$MH+0x0000016f9e38c000'
Event: 22.542 Thread 0x0000016f864aebc0 Unloading class 0x0000016f9e38bc00 'java/lang/invoke/LambdaForm$MH+0x0000016f9e38bc00'
Event: 22.542 Thread 0x0000016f864aebc0 Unloading class 0x0000016f9e38b800 'java/lang/invoke/LambdaForm$MH+0x0000016f9e38b800'
Event: 22.542 Thread 0x0000016f864aebc0 Unloading class 0x0000016f9e38b400 'java/lang/invoke/LambdaForm$MH+0x0000016f9e38b400'
Event: 22.542 Thread 0x0000016f864aebc0 Unloading class 0x0000016f9e38b000 'java/lang/invoke/LambdaForm$MH+0x0000016f9e38b000'
Event: 22.542 Thread 0x0000016f864aebc0 Unloading class 0x0000016f9e38ac00 'java/lang/invoke/LambdaForm$MH+0x0000016f9e38ac00'
Event: 22.542 Thread 0x0000016f864aebc0 Unloading class 0x0000016f9e38a800 'java/lang/invoke/LambdaForm$MH+0x0000016f9e38a800'
Event: 22.542 Thread 0x0000016f864aebc0 Unloading class 0x0000016f9e38a000 'java/lang/invoke/LambdaForm$DMH+0x0000016f9e38a000'
Event: 22.542 Thread 0x0000016f864aebc0 Unloading class 0x0000016f9e389c00 'java/lang/invoke/LambdaForm$DMH+0x0000016f9e389c00'
Event: 22.542 Thread 0x0000016f864aebc0 Unloading class 0x0000016f9e389800 'java/lang/invoke/LambdaForm$DMH+0x0000016f9e389800'
Event: 22.542 Thread 0x0000016f864aebc0 Unloading class 0x0000016f9e389400 'java/lang/invoke/LambdaForm$DMH+0x0000016f9e389400'
Event: 22.542 Thread 0x0000016f864aebc0 Unloading class 0x0000016f9e389000 'java/lang/invoke/LambdaForm$DMH+0x0000016f9e389000'
Event: 22.542 Thread 0x0000016f864aebc0 Unloading class 0x0000016f9e388000 'java/lang/invoke/LambdaForm$DMH+0x0000016f9e388000'
Event: 22.542 Thread 0x0000016f864aebc0 Unloading class 0x0000016f9e388c00 'java/lang/invoke/LambdaForm$DMH+0x0000016f9e388c00'
Event: 22.542 Thread 0x0000016f864aebc0 Unloading class 0x0000016f9e388800 'java/lang/invoke/LambdaForm$DMH+0x0000016f9e388800'

Classes redefined (0 events):
No events

Internal exceptions (20 events):
Event: 150.483 Thread 0x0000016fdf3b68c0 Exception <a 'sun/nio/fs/WindowsException'{0x00000000d68acf00}> (0x00000000d68acf00) 
thrown [s\src\hotspot\share\prims\jni.cpp, line 520]
Event: 150.499 Thread 0x0000016fdf3b68c0 Exception <a 'sun/nio/fs/WindowsException'{0x00000000d68c2548}> (0x00000000d68c2548) 
thrown [s\src\hotspot\share\prims\jni.cpp, line 520]
Event: 150.515 Thread 0x0000016fdf3b68c0 Exception <a 'sun/nio/fs/WindowsException'{0x00000000d68d3140}> (0x00000000d68d3140) 
thrown [s\src\hotspot\share\prims\jni.cpp, line 520]
Event: 150.531 Thread 0x0000016fdf3b68c0 Exception <a 'sun/nio/fs/WindowsException'{0x00000000d68e3f90}> (0x00000000d68e3f90) 
thrown [s\src\hotspot\share\prims\jni.cpp, line 520]
Event: 150.551 Thread 0x0000016fdf3b68c0 Exception <a 'sun/nio/fs/WindowsException'{0x00000000d68f4de0}> (0x00000000d68f4de0) 
thrown [s\src\hotspot\share\prims\jni.cpp, line 520]
Event: 150.577 Thread 0x0000016fdf3b68c0 Exception <a 'sun/nio/fs/WindowsException'{0x00000000d5585a08}> (0x00000000d5585a08) 
thrown [s\src\hotspot\share\prims\jni.cpp, line 520]
Event: 150.589 Thread 0x0000016fdf3b68c0 Exception <a 'sun/nio/fs/WindowsException'{0x00000000d55961f8}> (0x00000000d55961f8) 
thrown [s\src\hotspot\share\prims\jni.cpp, line 520]
Event: 150.604 Thread 0x0000016fdf3b68c0 Exception <a 'sun/nio/fs/WindowsException'{0x00000000d55a64a0}> (0x00000000d55a64a0) 
thrown [s\src\hotspot\share\prims\jni.cpp, line 520]
Event: 150.625 Thread 0x0000016fdf3b68c0 Exception <a 'sun/nio/fs/WindowsException'{0x00000000d55b6c70}> (0x00000000d55b6c70) 
thrown [s\src\hotspot\share\prims\jni.cpp, line 520]
Event: 150.649 Thread 0x0000016fdf3b68c0 Exception <a 'sun/nio/fs/WindowsException'{0x00000000d55c7490}> (0x00000000d55c7490) 
thrown [s\src\hotspot\share\prims\jni.cpp, line 520]
Event: 150.688 Thread 0x0000016fdf3b68c0 Exception <a 'sun/nio/fs/WindowsException'{0x00000000d55dd988}> (0x00000000d55dd988) 
thrown [s\src\hotspot\share\prims\jni.cpp, line 520]
Event: 150.694 Thread 0x0000016fdf3b68c0 Exception <a 'sun/nio/fs/WindowsException'{0x00000000d55f1a00}> (0x00000000d55f1a00) 
thrown [s\src\hotspot\share\prims\jni.cpp, line 520]
Event: 150.716 Thread 0x0000016fdf3b68c0 Exception <a 'sun/nio/fs/WindowsException'{0x00000000d56059d0}> (0x00000000d56059d0) 
thrown [s\src\hotspot\share\prims\jni.cpp, line 520]
Event: 150.721 Thread 0x0000016fdf3b68c0 Exception <a 'sun/nio/fs/WindowsException'{0x00000000d5623cf8}> (0x00000000d5623cf8) 
thrown [s\src\hotspot\share\prims\jni.cpp, line 520]
Event: 150.743 Thread 0x0000016fdf3b68c0 Exception <a 'sun/nio/fs/WindowsException'{0x00000000d5632c58}> (0x00000000d5632c58) 
thrown [s\src\hotspot\share\prims\jni.cpp, line 520]
Event: 150.867 Thread 0x0000016fdf3b68c0 Exception <a 'sun/nio/fs/WindowsException'{0x00000000d5641840}> (0x00000000d5641840) 
thrown [s\src\hotspot\share\prims\jni.cpp, line 520]
Event: 150.888 Thread 0x0000016fdf3b68c0 Exception <a 'sun/nio/fs/WindowsException'{0x00000000d5650420}> (0x00000000d5650420) 
thrown [s\src\hotspot\share\prims\jni.cpp, line 520]
Event: 150.920 Thread 0x0000016fdf3b68c0 Exception <a 'sun/nio/fs/WindowsException'{0x00000000d565f108}> (0x00000000d565f108) 
thrown [s\src\hotspot\share\prims\jni.cpp, line 520]
Event: 152.125 Thread 0x0000016fdf3b68c0 Exception <a 'java/lang/NoSuchMethodError'{0x00000000d5970318}: 'int java.lang.invoke.DirectMethodHandle$Holder.invokeSpecialIFC(java.lang.Object, java.lang.Object, java.lang.Object)'> (0x00000000d5970318) 
thrown [s\src\hotspot\share\interpreter\linkResolver.cpp, line 773]
Event: 152.168 Thread 0x0000016fdf2f6590 Implicit null exception at 0x0000016f913ccd23 to 0x0000016f913cd088

ZGC Phase Switch (0 events):
No events

VM Operations (20 events):
Event: 149.359 Executing non-safepoint VM operation: HandshakeAllThreads (Deoptimize) done
Event: 149.359 Executing safepoint VM operation: Cleanup
Event: 149.359 Executing safepoint VM operation: Cleanup done
Event: 149.365 Executing non-safepoint VM operation: HandshakeAllThreads (Deoptimize)
Event: 149.365 Executing non-safepoint VM operation: HandshakeAllThreads (Deoptimize) done
Event: 149.366 Executing non-safepoint VM operation: HandshakeAllThreads (Deoptimize)
Event: 149.366 Executing non-safepoint VM operation: HandshakeAllThreads (Deoptimize) done
Event: 149.372 Executing non-safepoint VM operation: HandshakeAllThreads (Deoptimize)
Event: 149.372 Executing non-safepoint VM operation: HandshakeAllThreads (Deoptimize) done
Event: 149.427 Executing non-safepoint VM operation: HandshakeAllThreads (Deoptimize)
Event: 149.427 Executing non-safepoint VM operation: HandshakeAllThreads (Deoptimize) done
Event: 149.822 Executing non-safepoint VM operation: HandshakeAllThreads (Deoptimize)
Event: 149.822 Executing non-safepoint VM operation: HandshakeAllThreads (Deoptimize) done
Event: 149.825 Executing non-safepoint VM operation: HandshakeAllThreads (Deoptimize)
Event: 149.825 Executing non-safepoint VM operation: HandshakeAllThreads (Deoptimize) done
Event: 150.573 Executing safepoint VM operation: ParallelGCFailedAllocation (Allocation Failure)
Event: 150.575 Executing safepoint VM operation: ParallelGCFailedAllocation (Allocation Failure) done
Event: 151.582 Executing safepoint VM operation: Cleanup
Event: 152.092 Executing safepoint VM operation: Cleanup done
Event: 153.093 Executing safepoint VM operation: Cleanup

Memory protections (0 events):
No events

Nmethod flushes (20 events):
Event: 22.556 Thread 0x0000016f864aebc0 flushing  nmethod 0x0000016f89a0f310
Event: 22.556 Thread 0x0000016f864aebc0 flushing  nmethod 0x0000016f89a2f790
Event: 22.556 Thread 0x0000016f864aebc0 flushing  nmethod 0x0000016f89a2fb90
Event: 22.556 Thread 0x0000016f864aebc0 flushing  nmethod 0x0000016f89a30590
Event: 22.556 Thread 0x0000016f864aebc0 flushing  nmethod 0x0000016f89a35890
Event: 22.556 Thread 0x0000016f864aebc0 flushing  nmethod 0x0000016f89a5cf90
Event: 22.556 Thread 0x0000016f864aebc0 flushing  nmethod 0x0000016f89a63690
Event: 22.556 Thread 0x0000016f864aebc0 flushing  nmethod 0x0000016f89a66510
Event: 22.556 Thread 0x0000016f864aebc0 flushing  nmethod 0x0000016f89a68990
Event: 22.556 Thread 0x0000016f864aebc0 flushing  nmethod 0x0000016f89a68d10
Event: 22.556 Thread 0x0000016f864aebc0 flushing  nmethod 0x0000016f89a86110
Event: 22.556 Thread 0x0000016f864aebc0 flushing  nmethod 0x0000016f89a89810
Event: 22.556 Thread 0x0000016f864aebc0 flushing  nmethod 0x0000016f89a8a910
Event: 22.556 Thread 0x0000016f864aebc0 flushing  nmethod 0x0000016f89ac3c10
Event: 22.556 Thread 0x0000016f864aebc0 flushing  nmethod 0x0000016f89ac4910
Event: 22.556 Thread 0x0000016f864aebc0 flushing  nmethod 0x0000016f89ac4d10
Event: 22.556 Thread 0x0000016f864aebc0 flushing  nmethod 0x0000016f89ac5110
Event: 22.556 Thread 0x0000016f864aebc0 flushing  nmethod 0x0000016f89ac5f10
Event: 22.556 Thread 0x0000016f864aebc0 flushing  nmethod 0x0000016f89ac6890
Event: 22.556 Thread 0x0000016f864aebc0 flushing  nmethod 0x0000016f89adc310

Events (20 events):
Event: 30.465 Thread 0x0000016fe52c7960 Thread exited: 0x0000016fe52c7960
Event: 30.683 Thread 0x0000016fe52c8dd0 Thread exited: 0x0000016fe52c8dd0
Event: 84.470 Thread 0x0000016fe84352d0 Thread exited: 0x0000016fe84352d0
Event: 85.065 Thread 0x0000016fdf2f6590 Thread exited: 0x0000016fdf2f6590
Event: 144.474 Thread 0x0000016fe84345b0 Thread exited: 0x0000016fe84345b0
Event: 149.438 Thread 0x0000016f864ce590 Thread added: 0x0000016fe52c64f0
Event: 149.817 Thread 0x0000016fe52c64f0 Thread exited: 0x0000016fe52c64f0
Event: 150.959 Thread 0x0000016fdf3b68c0 Thread added: 0x0000016fe8436d10
Event: 150.959 Thread 0x0000016fdf3b68c0 Thread added: 0x0000016fe84373a0
Event: 150.959 Thread 0x0000016fdf3b68c0 Thread added: 0x0000016fe8435ff0
Event: 150.960 Thread 0x0000016fdf3b68c0 Thread added: 0x0000016fe84345b0
Event: 150.960 Thread 0x0000016fdf3b68c0 Thread added: 0x0000016fe8438750
Event: 150.960 Thread 0x0000016fdf3b68c0 Thread added: 0x0000016fe8438de0
Event: 150.960 Thread 0x0000016fdf3b68c0 Thread added: 0x0000016fe8435960
Event: 150.960 Thread 0x0000016fdf3b68c0 Thread added: 0x0000016fe843a190
Event: 150.960 Thread 0x0000016fe8435ff0 Thread added: 0x0000016fe8439470
Event: 150.960 Thread 0x0000016fe8438de0 Thread added: 0x0000016fe8439b00
Event: 151.380 Thread 0x0000016fe80067d0 Thread added: 0x0000016fe843a820
Event: 152.130 Thread 0x0000016fdf3b68c0 Thread added: 0x0000016fdf2f6590
Event: 152.149 Thread 0x0000016f864ce590 Thread added: 0x0000016fe52c8030


Dynamic libraries:
0x00007ff65a2a0000 - 0x00007ff65a2ae000 	c:\Users\dell\.vscode\extensions\redhat.java-1.53.0-win32-x64\jre\21.0.10-win32-x86_64\bin\java.exe
0x00007ffa1c2a0000 - 0x00007ffa1c507000 	C:\WINDOWS\SYSTEM32\ntdll.dll
0x00007ffa1acf0000 - 0x00007ffa1adb9000 	C:\WINDOWS\System32\KERNEL32.DLL
0x00007ffa18c50000 - 0x00007ffa19044000 	C:\WINDOWS\System32\KERNELBASE.dll
0x00007ffa19aa0000 - 0x00007ffa19beb000 	C:\WINDOWS\System32\ucrtbase.dll
0x00007ffa11980000 - 0x00007ffa11998000 	c:\Users\dell\.vscode\extensions\redhat.java-1.53.0-win32-x64\jre\21.0.10-win32-x86_64\bin\jli.dll
0x00007ffa1c010000 - 0x00007ffa1c1d5000 	C:\WINDOWS\System32\USER32.dll
0x00007ffa18c20000 - 0x00007ffa18c47000 	C:\WINDOWS\System32\win32u.dll
0x00007ffa08e00000 - 0x00007ffa08e1e000 	c:\Users\dell\.vscode\extensions\redhat.java-1.53.0-win32-x64\jre\21.0.10-win32-x86_64\bin\VCRUNTIME140.dll
0x00007ff9fdd60000 - 0x00007ff9fdff3000 	C:\WINDOWS\WinSxS\amd64_microsoft.windows.common-controls_6595b64144ccf1df_6.0.26100.8115_none_3e075c82e3354f9c\COMCTL32.dll
0x00007ffa1a540000 - 0x00007ffa1a56b000 	C:\WINDOWS\System32\GDI32.dll
0x00007ffa198c0000 - 0x00007ffa199ea000 	C:\WINDOWS\System32\gdi32full.dll
0x00007ffa1bc10000 - 0x00007ffa1bcb9000 	C:\WINDOWS\System32\msvcrt.dll
0x00007ffa199f0000 - 0x00007ffa19a93000 	C:\WINDOWS\System32\msvcp_win.dll
0x00007ffa1bd40000 - 0x00007ffa1bd72000 	C:\WINDOWS\System32\IMM32.DLL
0x00007ffa119d0000 - 0x00007ffa119dc000 	c:\Users\dell\.vscode\extensions\redhat.java-1.53.0-win32-x64\jre\21.0.10-win32-x86_64\bin\vcruntime140_1.dll
0x00007ff9bf9a0000 - 0x00007ff9bfa2d000 	c:\Users\dell\.vscode\extensions\redhat.java-1.53.0-win32-x64\jre\21.0.10-win32-x86_64\bin\msvcp140.dll
0x00007ff984480000 - 0x00007ff985221000 	c:\Users\dell\.vscode\extensions\redhat.java-1.53.0-win32-x64\jre\21.0.10-win32-x86_64\bin\server\jvm.dll
0x00007ffa1adc0000 - 0x00007ffa1ae76000 	C:\WINDOWS\System32\ADVAPI32.dll
0x00007ffa1ab30000 - 0x00007ffa1abd7000 	C:\WINDOWS\System32\sechost.dll
0x00007ffa1aa00000 - 0x00007ffa1ab18000 	C:\WINDOWS\System32\RPCRT4.dll
0x00007ffa1bf70000 - 0x00007ffa1bff0000 	C:\WINDOWS\System32\WS2_32.dll
0x00007ff9ffea0000 - 0x00007ff9ffeab000 	C:\WINDOWS\SYSTEM32\VERSION.dll
0x00007ffa189f0000 - 0x00007ffa18a4e000 	C:\WINDOWS\SYSTEM32\POWRPROF.dll
0x00007ffa12890000 - 0x00007ffa128c6000 	C:\WINDOWS\SYSTEM32\WINMM.dll
0x00007ffa189d0000 - 0x00007ffa189e4000 	C:\WINDOWS\SYSTEM32\UMPDC.dll
0x00007ffa178d0000 - 0x00007ffa178eb000 	C:\WINDOWS\SYSTEM32\kernel.appcore.dll
0x00007ffa0ed40000 - 0x00007ffa0ed4a000 	c:\Users\dell\.vscode\extensions\redhat.java-1.53.0-win32-x64\jre\21.0.10-win32-x86_64\bin\jimage.dll
0x00007ffa16920000 - 0x00007ffa16b62000 	C:\WINDOWS\SYSTEM32\DBGHELP.DLL
0x00007ffa1b880000 - 0x00007ffa1bc02000 	C:\WINDOWS\System32\combase.dll
0x00007ffa1ac10000 - 0x00007ffa1ace7000 	C:\WINDOWS\System32\OLEAUT32.dll
0x00007ff9f93e0000 - 0x00007ff9f941b000 	C:\WINDOWS\SYSTEM32\dbgcore.DLL
0x00007ffa18b70000 - 0x00007ffa18c15000 	C:\WINDOWS\System32\bcryptPrimitives.dll
0x00007ffa08dd0000 - 0x00007ffa08ddf000 	c:\Users\dell\.vscode\extensions\redhat.java-1.53.0-win32-x64\jre\21.0.10-win32-x86_64\bin\instrument.dll
0x00007ffa08db0000 - 0x00007ffa08dd0000 	c:\Users\dell\.vscode\extensions\redhat.java-1.53.0-win32-x64\jre\21.0.10-win32-x86_64\bin\java.dll
0x00007ffa1ae80000 - 0x00007ffa1b5e6000 	C:\WINDOWS\System32\SHELL32.dll
0x00007ffa19bf0000 - 0x00007ffa19d5a000 	C:\WINDOWS\System32\wintypes.dll
0x00007ffa19050000 - 0x00007ffa198b5000 	C:\WINDOWS\System32\windows.storage.dll
0x00007ffa1a0f0000 - 0x00007ffa1a1e7000 	C:\WINDOWS\System32\SHCORE.dll
0x00007ffa1bdb0000 - 0x00007ffa1be16000 	C:\WINDOWS\System32\shlwapi.dll
0x00007ffa18a90000 - 0x00007ffa18ab9000 	C:\WINDOWS\SYSTEM32\profapi.dll
0x00007ffa089e0000 - 0x00007ffa089f8000 	c:\Users\dell\.vscode\extensions\redhat.java-1.53.0-win32-x64\jre\21.0.10-win32-x86_64\bin\zip.dll
0x00007ffa08a80000 - 0x00007ffa08a90000 	C:\Users\dell\.vscode\extensions\redhat.java-1.53.0-win32-x64\jre\21.0.10-win32-x86_64\bin\net.dll
0x00007ffa10b80000 - 0x00007ffa10cad000 	C:\WINDOWS\SYSTEM32\WINHTTP.dll
0x00007ffa17e50000 - 0x00007ffa17ebc000 	C:\WINDOWS\system32\mswsock.dll
0x00007ffa08a60000 - 0x00007ffa08a76000 	C:\Users\dell\.vscode\extensions\redhat.java-1.53.0-win32-x64\jre\21.0.10-win32-x86_64\bin\nio.dll
0x00007ffa07210000 - 0x00007ffa07220000 	c:\Users\dell\.vscode\extensions\redhat.java-1.53.0-win32-x64\jre\21.0.10-win32-x86_64\bin\verify.dll
0x00007ff9b86e0000 - 0x00007ff9b8725000 	C:\Users\dell\AppData\Roaming\Code\User\globalStorage\redhat.java\1.53.0\config_ss_win\org.eclipse.equinox.launcher\org.eclipse.equinox.launcher.win32.win32.x86_64_1.3.0.v20260203-2149\eclipse_11919.dll
0x00007ffa1b680000 - 0x00007ffa1b817000 	C:\WINDOWS\System32\ole32.dll
0x00007ffa18150000 - 0x00007ffa1816b000 	C:\WINDOWS\SYSTEM32\CRYPTSP.dll
0x00007ffa17830000 - 0x00007ffa17869000 	C:\WINDOWS\system32\rsaenh.dll
0x00007ffa17f20000 - 0x00007ffa17f53000 	C:\WINDOWS\SYSTEM32\USERENV.dll
0x00007ffa18a60000 - 0x00007ffa18a8a000 	C:\WINDOWS\SYSTEM32\bcrypt.dll
0x00007ffa18170000 - 0x00007ffa1817c000 	C:\WINDOWS\SYSTEM32\CRYPTBASE.dll
0x00007ffa171b0000 - 0x00007ffa171e2000 	C:\WINDOWS\SYSTEM32\IPHLPAPI.DLL
0x00007ffa1bda0000 - 0x00007ffa1bdaa000 	C:\WINDOWS\System32\NSI.dll
0x00007ff9c9650000 - 0x00007ff9c9699000 	C:\Users\dell\AppData\Local\Temp\jna-3079617\jna4337032662956780966.dll
0x00007ffa1ab20000 - 0x00007ffa1ab28000 	C:\WINDOWS\System32\PSAPI.DLL
0x00007ffa12180000 - 0x00007ffa1219d000 	C:\WINDOWS\SYSTEM32\dhcpcsvc6.DLL
0x00007ffa12150000 - 0x00007ffa12175000 	C:\WINDOWS\SYSTEM32\dhcpcsvc.DLL

JVMTI agents:
c:\Users\dell\.vscode\extensions\redhat.java-1.53.0-win32-x64\lombok\lombok-1.18.39-4050.jar path:c:\Users\dell\.vscode\extensions\redhat.java-1.53.0-win32-x64\jre\21.0.10-win32-x86_64\bin\instrument.dll, loaded, initialized, instrumentlib options:none

dbghelp: loaded successfully - version: 4.0.5 - missing functions: none
symbol engine: initialized successfully - sym options: 0x614 - pdb path: .;c:\Users\dell\.vscode\extensions\redhat.java-1.53.0-win32-x64\jre\21.0.10-win32-x86_64\bin;C:\WINDOWS\SYSTEM32;C:\WINDOWS\WinSxS\amd64_microsoft.windows.common-controls_6595b64144ccf1df_6.0.26100.8115_none_3e075c82e3354f9c;c:\Users\dell\.vscode\extensions\redhat.java-1.53.0-win32-x64\jre\21.0.10-win32-x86_64\bin\server;C:\Users\dell\AppData\Roaming\Code\User\globalStorage\redhat.java\1.53.0\config_ss_win\org.eclipse.equinox.launcher\org.eclipse.equinox.launcher.win32.win32.x86_64_1.3.0.v20260203-2149;C:\Users\dell\AppData\Local\Temp\jna-3079617

VM Arguments:
jvm_args: --add-modules=ALL-SYSTEM --add-opens=java.base/java.util=ALL-UNNAMED --add-opens=java.base/java.lang=ALL-UNNAMED --add-opens=java.base/sun.nio.fs=ALL-UNNAMED -Declipse.application=org.eclipse.jdt.ls.core.id1 -Dosgi.bundles.defaultStartLevel=4 -Declipse.product=org.eclipse.jdt.ls.core.product -Djava.import.generatesMetadataFilesAtProjectRoot=false -DDetectVMInstallationsJob.disabled=true -Dfile.encoding=utf8 -XX:+UseParallelGC -XX:GCTimeRatio=4 -XX:AdaptiveSizePolicyWeight=90 -Dsun.zip.disableMemoryMapping=true -Xmx2G -Xms100m -Xlog:disable -javaagent:c:\Users\dell\.vscode\extensions\redhat.java-1.53.0-win32-x64\lombok\lombok-1.18.39-4050.jar 
java_command: c:\Users\dell\.vscode\extensions\redhat.java-1.53.0-win32-x64\server\plugins\org.eclipse.equinox.launcher_1.7.100.v20251111-0406.jar -configuration c:\Users\dell\AppData\Roaming\Code\User\globalStorage\redhat.java\1.53.0\config_ss_win -data c:\Users\dell\AppData\Roaming\Code\User\workspaceStorage\825c9b729f276fa6f788dd2d7ea7dcd6\redhat.java\ss_ws --pipe=\\.\pipe\lsp-737bacdfcc9338ebaed44aa035df8763-sock
java_class_path (initial): c:\Users\dell\.vscode\extensions\redhat.java-1.53.0-win32-x64\server\plugins\org.eclipse.equinox.launcher_1.7.100.v20251111-0406.jar
Launcher Type: SUN_STANDARD

[Global flags]
    uintx AdaptiveSizePolicyWeight                 = 90                                        {product} {command line}
     intx CICompilerCount                          = 4                                         {product} {ergonomic}
    uintx GCTimeRatio                              = 4                                         {product} {command line}
   size_t InitialHeapSize                          = 104857600                                 {product} {command line}
   size_t MaxHeapSize                              = 2147483648                                {product} {command line}
   size_t MaxNewSize                               = 715653120                                 {product} {ergonomic}
   size_t MinHeapDeltaBytes                        = 524288                                    {product} {ergonomic}
   size_t MinHeapSize                              = 104857600                                 {product} {command line}
   size_t NewSize                                  = 34603008                                  {product} {ergonomic}
    uintx NonNMethodCodeHeapSize                   = 5839372                                {pd product} {ergonomic}
    uintx NonProfiledCodeHeapSize                  = 122909434                              {pd product} {ergonomic}
   size_t OldSize                                  = 70254592                                  {product} {ergonomic}
    uintx ProfiledCodeHeapSize                     = 122909434                              {pd product} {ergonomic}
    uintx ReservedCodeCacheSize                    = 251658240                              {pd product} {ergonomic}
     bool SegmentedCodeCache                       = true                                      {product} {ergonomic}
   size_t SoftMaxHeapSize                          = 2147483648                             {manageable} {ergonomic}
     bool UseCompressedOops                        = true                           {product lp64_product} {ergonomic}
     bool UseLargePagesIndividualAllocation        = false                                  {pd product} {ergonomic}
     bool UseParallelGC                            = true                                      {product} {command line}

Logging:
Log output configuration:
 #0: stdout all=off uptime,level,tags foldmultilines=false
 #1: stderr all=off uptime,level,tags foldmultilines=false

Release file:
JAVA_VERSION="21.0.10" 
MODULES="java.base java.compiler java.datatransfer java.xml java.prefs java.desktop java.instrument java.logging java.management java.security.sasl java.naming java.rmi java.management.rmi java.net.http java.scripting java.security.jgss java.transaction.xa java.sql java.sql.rowset java.xml.crypto java.se java.smartcardio jdk.accessibility jdk.internal.jvmstat jdk.attach jdk.charsets jdk.internal.opt jdk.zipfs jdk.compiler jdk.crypto.ec jdk.crypto.cryptoki jdk.crypto.mscapi jdk.dynalink jdk.internal.ed jdk.editpad jdk.hotspot.agent jdk.httpserver jdk.internal.le jdk.internal.vm.ci jdk.internal.vm.compiler jdk.internal.vm.compiler.management jdk.jartool jdk.javadoc jdk.jcmd jdk.management jdk.management.agent jdk.jconsole jdk.jdeps jdk.jdwp.agent jdk.jdi jdk.jfr jdk.jshell jdk.jsobject jdk.jstatd jdk.localedata jdk.management.jfr jdk.naming.dns jdk.naming.rmi jdk.net jdk.nio.mapmode jdk.random jdk.sctp jdk.security.auth jdk.security.jgss jdk.unsupported jdk.unsupported.desktop jdk.xml.dom" 

Environment Variables:
JAVA_HOME=C:\Program Files\Eclipse Adoptium\jdk-17.0.14.7-hotspot\
PATH=C:\Users\dell\AppData\Local\Programs\Microsoft VS Code;C:\Program Files\Eclipse Adoptium\jdk-17.0.14.7-hotspot\bin;C:\WINDOWS\system32;C:\WINDOWS;C:\WINDOWS\System32\Wbem;C:\WINDOWS\System32\WindowsPowerShell\v1.0\;C:\WINDOWS\System32\OpenSSH\;C:\Program Files\dotnet\;C:\Program Files\MySQL\MySQL Server 8.0\bin;C:\Program Files\Git\cmd;C:\Program Files\PuTTY\;C:\Program Files\nodejs\;C:\Program Files\Docker\Docker\resources\bin;C:\Program Files\MongoDB\Server\8.2\bin;C:\Users\dell\AppData\Local\Programs\mongosh;C:\Users\dell\Downloads\ngrok-v3-stable-windows-amd64;C:\Users\dell\AppData\Local\Programs\Python\Python311\Scripts\;C:\Users\dell\AppData\Local\Programs\Python\Python311\;C:\Program Files\MySQL\MySQL Shell 8.0\bin\;C:\Users\dell\AppData\Local\Programs\Python\Launcher\;C:\Users\dell\AppData\Local\Microsoft\WindowsApps;C:\MinGW\bin;C:\Users\dell\AppData\Local\Programs\Microsoft VS Code\bin;C:\Users\dell\AppData\Roaming\Python\Python312\Scripts;C:\Program Files\JetBrains\IntelliJ IDEA Community Edition 2024.3.2.1\bin;;C:\Users\dell\AppData\Local\GitHubDesktop\bin;C:\Users\dell\AppData\Roaming\npm;C:\Users\dell\.dotnet\tools;C:\Users\dell\AppData\Local\Programs\mongosh\;C:\Users\dell\AppData\Local\Programs\Antigravity\bin;C:\Users\dell\AppData\Local\Programs\Kiro\bin
USERNAME=dell
OS=Windows_NT
PROCESSOR_IDENTIFIER=Intel64 Family 6 Model 186 Stepping 3, GenuineIntel
TMP=C:\Users\dell\AppData\Local\Temp
TEMP=C:\Users\dell\AppData\Local\Temp




Periodic native trim disabled

---------------  S Y S T E M  ---------------

OS:
 Windows 11 , 64 bit Build 26100 (10.0.26100.8115)
OS uptime: 5 days 23:32 hours
Hyper-V role detected

CPU: total 12 (initial active 12) (6 cores per cpu, 2 threads per core) family 6 model 186 stepping 3 microcode 0x4128, cx8, cmov, fxsr, ht, mmx, 3dnowpref, sse, sse2, sse3, ssse3, sse4.1, sse4.2, popcnt, lzcnt, tsc, tscinvbit, avx, avx2, aes, erms, clmul, bmi1, bmi2, adx, sha, fma, vzeroupper, clflush, clflushopt, clwb, hv, serialize, rdtscp, rdpid, fsrm, f16c, cet_ibt, cet_ss
Processor Information for the first 12 processors :
  Max Mhz: 1300, Current Mhz: 1300, Mhz Limit: 1300

Memory: 4k page, system-wide physical 7876M (549M free)
TotalPageFile size 32452M (AvailPageFile size 3M)
current process WorkingSet (physical memory assigned to process): 215M, peak: 226M
current process commit charge ("private bytes"): 329M, peak: 340M

vm_info: OpenJDK 64-Bit Server VM (21.0.10+7-LTS) for windows-amd64 JRE (21.0.10+7-LTS), built on 2026-01-20T00:00:00Z by "admin" with MS VC++ 17.12 (VS2022)

END.
