#
# There is insufficient memory for the Java Runtime Environment to continue.
# Native memory allocation (malloc) failed to allocate 2226576 bytes. Error detail: Chunk::new
# Possible reasons:
#   The system is out of physical RAM or swap space
#   This process is running with CompressedOops enabled, and the Java Heap may be blocking the growth of the native heap
# Possible solutions:
#   Reduce memory load on the system
#   Increase physical memory or swap space
#   Check if swap backing store is full
#   Decrease Java heap size (-Xmx/-Xms)
#   Decrease number of Java threads
#   Decrease Java thread stack sizes (-Xss)
#   Set larger code cache with -XX:ReservedCodeCacheSize=
#   JVM is running with Unscaled Compressed Oops mode in which the Java heap is
#     placed in the first 4GB address space. The Java Heap base address is the
#     maximum limit for the native heap growth. Please use -XX:HeapBaseMinAddress
#     to set the Java Heap base and to place the Java Heap above 4GB virtual address.
# This output file may be truncated or incomplete.
#
#  Out of Memory Error (arena.cpp:168), pid=9312, tid=18508
#
# JRE version: OpenJDK Runtime Environment Temurin-21.0.10+7 (21.0.10+7) (build 21.0.10+7-LTS)
# Java VM: OpenJDK 64-Bit Server VM Temurin-21.0.10+7 (21.0.10+7-LTS, mixed mode, sharing, tiered, compressed oops, compressed class ptrs, parallel gc, windows-amd64)
# No core dump will be written. Minidumps are not enabled by default on client versions of Windows
#

---------------  S U M M A R Y ------------

Command Line: --add-modules=ALL-SYSTEM --add-opens=java.base/java.util=ALL-UNNAMED --add-opens=java.base/java.lang=ALL-UNNAMED --add-opens=java.base/sun.nio.fs=ALL-UNNAMED -Declipse.application=org.eclipse.jdt.ls.core.id1 -Dosgi.bundles.defaultStartLevel=4 -Declipse.product=org.eclipse.jdt.ls.core.product -Djava.import.generatesMetadataFilesAtProjectRoot=false -DDetectVMInstallationsJob.disabled=true -Dfile.encoding=utf8 -XX:+UseParallelGC -XX:GCTimeRatio=4 -XX:AdaptiveSizePolicyWeight=90 -Dsun.zip.disableMemoryMapping=true -Xmx2G -Xms100m -Xlog:disable -javaagent:c:\Users\dell\.vscode\extensions\redhat.java-1.54.0-win32-x64\lombok\lombok-1.18.39-4050.jar -XX:+HeapDumpOnOutOfMemoryError -XX:HeapDumpPath=c:\Users\dell\AppData\Roaming\Code\User\workspaceStorage\825c9b729f276fa6f788dd2d7ea7dcd6\redhat.java -Daether.dependencyCollector.impl=bf c:\Users\dell\.vscode\extensions\redhat.java-1.54.0-win32-x64\server\plugins\org.eclipse.equinox.launcher_1.7.100.v20251111-0406.jar -configuration c:\Users\dell\AppData\Roaming\Code\User\globalStorage\redhat.java\1.54.0\config_win -data c:\Users\dell\AppData\Roaming\Code\User\workspaceStorage\825c9b729f276fa6f788dd2d7ea7dcd6\redhat.java\jdt_ws --pipe=\\.\pipe\lsp-fc3d2c902f2b178b44a740abe9fd7365-sock

Host: 13th Gen Intel(R) Core(TM) i5-1335U, 12 cores, 7G,  Windows 11 , 64 bit Build 26100 (10.0.26100.8328)
Time: Fri May 22 00:33:56 2026 India Standard Time elapsed time: 15.267418 seconds (0d 0h 0m 15s)

---------------  T H R E A D  ---------------

Current thread (0x000001f9f51ce270):  JavaThread "C2 CompilerThread0" daemon [_thread_in_native, id=18508, stack(0x000000e51bf00000,0x000000e51c000000) (1024K)]


Current CompileTask:
C2:15267 9130       4       lombok.eclipse.EclipseAST::buildStatement (57 bytes)

Stack: [0x000000e51bf00000,0x000000e51c000000]
Native frames: (J=compiled Java code, j=interpreted, Vv=VM code, C=native code)
V  [jvm.dll+0x6d7a39]
V  [jvm.dll+0x8b4b26]
V  [jvm.dll+0x8b70de]
V  [jvm.dll+0x8b77c3]
V  [jvm.dll+0x284346]
V  [jvm.dll+0xc66ed]
V  [jvm.dll+0xc6c31]
V  [jvm.dll+0x3bec01]
V  [jvm.dll+0x1e3d62]
V  [jvm.dll+0x24c6b3]
V  [jvm.dll+0x24bb40]
V  [jvm.dll+0x1cb34e]
V  [jvm.dll+0x25b85d]
V  [jvm.dll+0x259dea]
V  [jvm.dll+0x3f857e]
V  [jvm.dll+0x85f59d]
V  [jvm.dll+0x6d626d]
C  [ucrtbase.dll+0x37b0]
C  [KERNEL32.DLL+0x2e957]
C  [ntdll.dll+0x427c]


---------------  P R O C E S S  ---------------

Threads class SMR info:
_java_thread_list=0x000001f9d6fdee00, length=80, elements={
0x000001f9f2d0bbc0, 0x000001f9f51b4370, 0x000001f9fcbbcac0, 0x000001f9f51b76f0,
0x000001f9f51bbd80, 0x000001f9f51c5410, 0x000001f9f51c6f90, 0x000001f9f51ce270,
0x000001f9f51cb2e0, 0x000001f9f51c7620, 0x000001f9f51c6270, 0x000001f9f51c8340,
0x000001f9f51c7cb0, 0x000001f9f51c89d0, 0x000001f9f51c9060, 0x000001f9f51c96f0,
0x000001f9f51c6900, 0x000001f9d4663000, 0x000001f9d486d1a0, 0x000001f9d486b760,
0x000001f9d486cb10, 0x000001f9d486d830, 0x000001f9d486dec0, 0x000001f9d486b0d0,
0x000001f9d486c480, 0x000001f9d486aa40, 0x000001f9d4871340, 0x000001f9d486f900,
0x000001f9d4870cb0, 0x000001f9d48719d0, 0x000001f9d4870620, 0x000001f9d486ff90,
0x000001f9d486e550, 0x000001f9d486ebe0, 0x000001f9d486f270, 0x000001f9d5dedf90,
0x000001f9d5deecb0, 0x000001f9d5decbe0, 0x000001f9d5debec0, 0x000001f9d5dec550,
0x000001f9d5deb830, 0x000001f9d5ded270, 0x000001f9d5dee620, 0x000001f9d5df27c0,
0x000001f9d5df2e50, 0x000001f9d5df2130, 0x000001f9d78d6c40, 0x000001f9d78d8d10,
0x000001f9d78d8680, 0x000001f9d78d7ff0, 0x000001f9d78d5890, 0x000001f9d78d93a0,
0x000001f9d78d72d0, 0x000001f9d78d5f20, 0x000001f9d78d9a30, 0x000001f9d78d65b0,
0x000001f9d78da0c0, 0x000001f9d78da750, 0x000001f9d78dade0, 0x000001f9d78d7960,
0x000001f9d78db470, 0x000001f9d78dbb00, 0x000001f9d78dc190, 0x000001f9d78dc820,
0x000001f9d78dceb0, 0x000001f9d49ad6b0, 0x000001f9d49af0f0, 0x000001f9d49af780,
0x000001f9d49ae3d0, 0x000001f9d49aea60, 0x000001f9d49afe10, 0x000001f9d49ac990,
0x000001f9d49b04a0, 0x000001f9d49ad020, 0x000001f9d49b11c0, 0x000001f9d49add40,
0x000001f9d49b3920, 0x000001f9d49b2c00, 0x000001f9d49b1850, 0x000001f9d49b2570
}

Java Threads: ( => current thread )
  0x000001f9f2d0bbc0 JavaThread "main"                              [_thread_blocked, id=25256, stack(0x000000e51b500000,0x000000e51b600000) (1024K)]
  0x000001f9f51b4370 JavaThread "Reference Handler"          daemon [_thread_blocked, id=26760, stack(0x000000e51b900000,0x000000e51ba00000) (1024K)]
  0x000001f9fcbbcac0 JavaThread "Finalizer"                  daemon [_thread_blocked, id=6440, stack(0x000000e51ba00000,0x000000e51bb00000) (1024K)]
  0x000001f9f51b76f0 JavaThread "Signal Dispatcher"          daemon [_thread_blocked, id=30168, stack(0x000000e51bb00000,0x000000e51bc00000) (1024K)]
  0x000001f9f51bbd80 JavaThread "Attach Listener"            daemon [_thread_blocked, id=28744, stack(0x000000e51bc00000,0x000000e51bd00000) (1024K)]
  0x000001f9f51c5410 JavaThread "Service Thread"             daemon [_thread_blocked, id=21460, stack(0x000000e51bd00000,0x000000e51be00000) (1024K)]
  0x000001f9f51c6f90 JavaThread "Monitor Deflation Thread"   daemon [_thread_blocked, id=25756, stack(0x000000e51be00000,0x000000e51bf00000) (1024K)]
=>0x000001f9f51ce270 JavaThread "C2 CompilerThread0"         daemon [_thread_in_native, id=18508, stack(0x000000e51bf00000,0x000000e51c000000) (1024K)]
  0x000001f9f51cb2e0 JavaThread "C1 CompilerThread0"         daemon [_thread_blocked, id=22488, stack(0x000000e51c000000,0x000000e51c100000) (1024K)]
  0x000001f9f51c7620 JavaThread "Common-Cleaner"             daemon [_thread_blocked, id=27692, stack(0x000000e51c100000,0x000000e51c200000) (1024K)]
  0x000001f9f51c6270 JavaThread "Notification Thread"        daemon [_thread_blocked, id=25720, stack(0x000000e51c300000,0x000000e51c400000) (1024K)]
  0x000001f9f51c8340 JavaThread "Active Thread: Equinox Container: 7767cbf4-721f-4a05-b098-ec8f35fc9c02"        [_thread_blocked, id=14520, stack(0x000000e51cb00000,0x000000e51cc00000) (1024K)]
  0x000001f9f51c7cb0 JavaThread "Refresh Thread: Equinox Container: 7767cbf4-721f-4a05-b098-ec8f35fc9c02" daemon [_thread_blocked, id=16096, stack(0x000000e51cd00000,0x000000e51ce00000) (1024K)]
  0x000001f9f51c89d0 JavaThread "Framework Event Dispatcher: Equinox Container: 7767cbf4-721f-4a05-b098-ec8f35fc9c02" daemon [_thread_blocked, id=16596, stack(0x000000e51ce00000,0x000000e51cf00000) (1024K)]
  0x000001f9f51c9060 JavaThread "Start Level: Equinox Container: 7767cbf4-721f-4a05-b098-ec8f35fc9c02" daemon [_thread_blocked, id=18912, stack(0x000000e51cf00000,0x000000e51d000000) (1024K)]
  0x000001f9f51c96f0 JavaThread "Bundle File Closer"         daemon [_thread_blocked, id=20292, stack(0x000000e51d200000,0x000000e51d300000) (1024K)]
  0x000001f9f51c6900 JavaThread "SCR Component Actor"        daemon [_thread_blocked, id=16652, stack(0x000000e51c200000,0x000000e51c300000) (1024K)]
  0x000001f9d4663000 JavaThread "C2 CompilerThread1"         daemon [_thread_in_native, id=24220, stack(0x000000e51c400000,0x000000e51c500000) (1024K)]
  0x000001f9d486d1a0 JavaThread "Worker-JM"                         [_thread_blocked, id=29664, stack(0x000000e51d400000,0x000000e51d500000) (1024K)]
  0x000001f9d486b760 JavaThread "JNA Cleaner"                daemon [_thread_blocked, id=25448, stack(0x000000e51d500000,0x000000e51d600000) (1024K)]
  0x000001f9d486cb10 JavaThread "Worker-0: Check JDK Index"         [_thread_blocked, id=27668, stack(0x000000e51d600000,0x000000e51d700000) (1024K)]
  0x000001f9d486d830 JavaThread "Worker-1: Initialize workspace"        [_thread_in_native, id=28484, stack(0x000000e51d700000,0x000000e51d800000) (1024K)]
  0x000001f9d486dec0 JavaThread "Java indexing"              daemon [_thread_in_Java, id=16576, stack(0x000000e51d800000,0x000000e51d900000) (1024K)]
  0x000001f9d486b0d0 JavaThread "Worker-2"                          [_thread_blocked, id=7652, stack(0x000000e51db00000,0x000000e51dc00000) (1024K)]
  0x000001f9d486c480 JavaThread "Worker-3: Java indexing... "        [_thread_blocked, id=23000, stack(0x000000e51dc00000,0x000000e51dd00000) (1024K)]
  0x000001f9d486aa40 JavaThread "Thread-1"                   daemon [_thread_in_native, id=5972, stack(0x000000e51dd00000,0x000000e51de00000) (1024K)]
  0x000001f9d4871340 JavaThread "Thread-2"                   daemon [_thread_in_native, id=14684, stack(0x000000e51de00000,0x000000e51df00000) (1024K)]
  0x000001f9d486f900 JavaThread "Thread-3"                   daemon [_thread_in_native, id=29856, stack(0x000000e51df00000,0x000000e51e000000) (1024K)]
  0x000001f9d4870cb0 JavaThread "Thread-4"                   daemon [_thread_in_native, id=27212, stack(0x000000e51e000000,0x000000e51e100000) (1024K)]
  0x000001f9d48719d0 JavaThread "Thread-5"                   daemon [_thread_in_native, id=4368, stack(0x000000e51e100000,0x000000e51e200000) (1024K)]
  0x000001f9d4870620 JavaThread "Thread-6"                   daemon [_thread_in_native, id=25612, stack(0x000000e51e200000,0x000000e51e300000) (1024K)]
  0x000001f9d486ff90 JavaThread "Thread-7"                   daemon [_thread_in_native, id=19544, stack(0x000000e51e300000,0x000000e51e400000) (1024K)]
  0x000001f9d486e550 JavaThread "Thread-8"                   daemon [_thread_in_native, id=24272, stack(0x000000e51e400000,0x000000e51e500000) (1024K)]
  0x000001f9d486ebe0 JavaThread "Thread-9"                   daemon [_thread_in_native, id=20280, stack(0x000000e51e500000,0x000000e51e600000) (1024K)]
  0x000001f9d486f270 JavaThread "Thread-10"                  daemon [_thread_in_native, id=14972, stack(0x000000e51e600000,0x000000e51e700000) (1024K)]
  0x000001f9d5dedf90 JavaThread "Thread-11"                  daemon [_thread_in_native, id=22604, stack(0x000000e51e700000,0x000000e51e800000) (1024K)]
  0x000001f9d5deecb0 JavaThread "Thread-12"                  daemon [_thread_in_native, id=24928, stack(0x000000e51e800000,0x000000e51e900000) (1024K)]
  0x000001f9d5decbe0 JavaThread "Thread-13"                  daemon [_thread_in_native, id=18324, stack(0x000000e51e900000,0x000000e51ea00000) (1024K)]
  0x000001f9d5debec0 JavaThread "pool-2-thread-1"                   [_thread_blocked, id=27792, stack(0x000000e51ea00000,0x000000e51eb00000) (1024K)]
  0x000001f9d5dec550 JavaThread "WorkspaceEventsHandler"            [_thread_blocked, id=13040, stack(0x000000e51eb00000,0x000000e51ec00000) (1024K)]
  0x000001f9d5deb830 JavaThread "pool-1-thread-1"                   [_thread_blocked, id=15140, stack(0x000000e51ec00000,0x000000e51ed00000) (1024K)]
  0x000001f9d5ded270 JavaThread "Worker-4"                          [_thread_blocked, id=10224, stack(0x000000e51ed00000,0x000000e51ee00000) (1024K)]
  0x000001f9d5dee620 JavaThread "LocalFile Deleter"          daemon [_thread_blocked, id=20976, stack(0x000000e51d300000,0x000000e51d400000) (1024K)]
  0x000001f9d5df27c0 JavaThread "LocalFile Deleter"          daemon [_thread_blocked, id=21780, stack(0x000000e51ee00000,0x000000e51ef00000) (1024K)]
  0x000001f9d5df2e50 JavaThread "LocalFile Deleter"          daemon [_thread_blocked, id=4284, stack(0x000000e51ef00000,0x000000e51f000000) (1024K)]
  0x000001f9d5df2130 JavaThread "LocalFile Deleter"          daemon [_thread_blocked, id=16316, stack(0x000000e51f000000,0x000000e51f100000) (1024K)]
  0x000001f9d78d6c40 JavaThread "LocalFile Deleter"          daemon [_thread_blocked, id=10280, stack(0x000000e51f100000,0x000000e51f200000) (1024K)]
  0x000001f9d78d8d10 JavaThread "LocalFile Deleter"          daemon [_thread_blocked, id=28444, stack(0x000000e51f200000,0x000000e51f300000) (1024K)]
  0x000001f9d78d8680 JavaThread "LocalFile Deleter"          daemon [_thread_blocked, id=9464, stack(0x000000e51f300000,0x000000e51f400000) (1024K)]
  0x000001f9d78d7ff0 JavaThread "LocalFile Deleter"          daemon [_thread_blocked, id=2808, stack(0x000000e51f400000,0x000000e51f500000) (1024K)]
  0x000001f9d78d5890 JavaThread "LocalFile Deleter"          daemon [_thread_blocked, id=23764, stack(0x000000e51f500000,0x000000e51f600000) (1024K)]
  0x000001f9d78d93a0 JavaThread "LocalFile Deleter"          daemon [_thread_blocked, id=6824, stack(0x000000e51f600000,0x000000e51f700000) (1024K)]
  0x000001f9d78d72d0 JavaThread "ForkJoinPool.commonPool-worker-1" daemon [_thread_blocked, id=11516, stack(0x000000e51f700000,0x000000e51f800000) (1024K)]
  0x000001f9d78d5f20 JavaThread "Compiler Source File Reader" daemon [_thread_blocked, id=1968, stack(0x000000e51f800000,0x000000e51f900000) (1024K)]
  0x000001f9d78d9a30 JavaThread "Compiler Source File Reader" daemon [_thread_blocked, id=21212, stack(0x000000e51f900000,0x000000e51fa00000) (1024K)]
  0x000001f9d78d65b0 JavaThread "Compiler Source File Reader" daemon [_thread_blocked, id=28584, stack(0x000000e51fa00000,0x000000e51fb00000) (1024K)]
  0x000001f9d78da0c0 JavaThread "Compiler Source File Reader" daemon [_thread_blocked, id=20828, stack(0x000000e51fb00000,0x000000e51fc00000) (1024K)]
  0x000001f9d78da750 JavaThread "Compiler Source File Reader" daemon [_thread_blocked, id=20732, stack(0x000000e51fc00000,0x000000e51fd00000) (1024K)]
  0x000001f9d78dade0 JavaThread "Compiler Source File Reader" daemon [_thread_blocked, id=13376, stack(0x000000e51fd00000,0x000000e51fe00000) (1024K)]
  0x000001f9d78d7960 JavaThread "Compiler Source File Reader" daemon [_thread_blocked, id=4760, stack(0x000000e51fe00000,0x000000e51ff00000) (1024K)]
  0x000001f9d78db470 JavaThread "Compiler Source File Reader" daemon [_thread_blocked, id=27092, stack(0x000000e51ff00000,0x000000e520000000) (1024K)]
  0x000001f9d78dbb00 JavaThread "Compiler Source File Reader" daemon [_thread_blocked, id=29024, stack(0x000000e520000000,0x000000e520100000) (1024K)]
  0x000001f9d78dc190 JavaThread "Compiler Source File Reader" daemon [_thread_blocked, id=23564, stack(0x000000e520100000,0x000000e520200000) (1024K)]
  0x000001f9d78dc820 JavaThread "ForkJoinPool.commonPool-worker-2" daemon [_thread_blocked, id=6976, stack(0x000000e520200000,0x000000e520300000) (1024K)]
  0x000001f9d78dceb0 JavaThread "ForkJoinPool.commonPool-worker-3" daemon [_thread_blocked, id=15832, stack(0x000000e520300000,0x000000e520400000) (1024K)]
  0x000001f9d49ad6b0 JavaThread "ForkJoinPool.commonPool-worker-4" daemon [_thread_blocked, id=18516, stack(0x000000e520400000,0x000000e520500000) (1024K)]
  0x000001f9d49af0f0 JavaThread "ForkJoinPool.commonPool-worker-5" daemon [_thread_blocked, id=16000, stack(0x000000e520500000,0x000000e520600000) (1024K)]
  0x000001f9d49af780 JavaThread "ForkJoinPool.commonPool-worker-6" daemon [_thread_blocked, id=28260, stack(0x000000e520600000,0x000000e520700000) (1024K)]
  0x000001f9d49ae3d0 JavaThread "ForkJoinPool.commonPool-worker-7" daemon [_thread_blocked, id=10000, stack(0x000000e520700000,0x000000e520800000) (1024K)]
  0x000001f9d49aea60 JavaThread "Compiler Processing Task"   daemon [_thread_blocked, id=27680, stack(0x000000e520800000,0x000000e520900000) (1024K)]
  0x000001f9d49afe10 JavaThread "Compiler Class File Writer" daemon [_thread_blocked, id=29984, stack(0x000000e520900000,0x000000e520a00000) (1024K)]
  0x000001f9d49ac990 JavaThread "Compiler Class File Writer" daemon [_thread_blocked, id=17848, stack(0x000000e520a00000,0x000000e520b00000) (1024K)]
  0x000001f9d49b04a0 JavaThread "Compiler Class File Writer" daemon [_thread_blocked, id=1248, stack(0x000000e520b00000,0x000000e520c00000) (1024K)]
  0x000001f9d49ad020 JavaThread "Compiler Class File Writer" daemon [_thread_blocked, id=24316, stack(0x000000e520c00000,0x000000e520d00000) (1024K)]
  0x000001f9d49b11c0 JavaThread "Compiler Class File Writer" daemon [_thread_blocked, id=21348, stack(0x000000e520d00000,0x000000e520e00000) (1024K)]
  0x000001f9d49add40 JavaThread "Compiler Class File Writer" daemon [_thread_blocked, id=20852, stack(0x000000e520e00000,0x000000e520f00000) (1024K)]
  0x000001f9d49b3920 JavaThread "Compiler Class File Writer" daemon [_thread_blocked, id=19560, stack(0x000000e520f00000,0x000000e521000000) (1024K)]
  0x000001f9d49b2c00 JavaThread "Compiler Class File Writer" daemon [_thread_blocked, id=23556, stack(0x000000e521000000,0x000000e521100000) (1024K)]
  0x000001f9d49b1850 JavaThread "Compiler Class File Writer" daemon [_thread_blocked, id=27568, stack(0x000000e521100000,0x000000e521200000) (1024K)]
  0x000001f9d49b2570 JavaThread "Compiler Class File Writer" daemon [_thread_blocked, id=15368, stack(0x000000e521200000,0x000000e521300000) (1024K)]
Total: 80

Other Threads:
  0x000001f9f51afb90 VMThread "VM Thread"                           [id=14048, stack(0x000000e51b800000,0x000000e51b900000) (1024K)]
  0x000001f9fca9ca10 WatcherThread "VM Periodic Task Thread"        [id=20032, stack(0x000000e51b700000,0x000000e51b800000) (1024K)]
  0x000001f9f512c290 WorkerThread "GC Thread#0"                     [id=12984, stack(0x000000e51b600000,0x000000e51b700000) (1024K)]
  0x000001f9ff617fb0 WorkerThread "GC Thread#1"                     [id=7616, stack(0x000000e51c500000,0x000000e51c600000) (1024K)]
  0x000001f9ff315fd0 WorkerThread "GC Thread#2"                     [id=13364, stack(0x000000e51c600000,0x000000e51c700000) (1024K)]
  0x000001f9ff6344f0 WorkerThread "GC Thread#3"                     [id=9300, stack(0x000000e51c700000,0x000000e51c800000) (1024K)]
  0x000001f9ff674260 WorkerThread "GC Thread#4"                     [id=24464, stack(0x000000e51c800000,0x000000e51c900000) (1024K)]
  0x000001f9ff674a20 WorkerThread "GC Thread#5"                     [id=28392, stack(0x000000e51c900000,0x000000e51ca00000) (1024K)]
  0x000001f9ff67d520 WorkerThread "GC Thread#6"                     [id=27408, stack(0x000000e51ca00000,0x000000e51cb00000) (1024K)]
  0x000001f9ff6a6530 WorkerThread "GC Thread#7"                     [id=13764, stack(0x000000e51cc00000,0x000000e51cd00000) (1024K)]
  0x000001f9d44004c0 WorkerThread "GC Thread#8"                     [id=8028, stack(0x000000e51d000000,0x000000e51d100000) (1024K)]
  0x000001f9d4400870 WorkerThread "GC Thread#9"                     [id=12568, stack(0x000000e51d100000,0x000000e51d200000) (1024K)]
Total: 12

Threads with active compile tasks:
C2 CompilerThread0  15344 9130       4       lombok.eclipse.EclipseAST::buildStatement (57 bytes)
C1 CompilerThread0  15344 10013       2       org.eclipse.core.internal.content.FileSpec::equals (41 bytes)
C2 CompilerThread1  15344 9974       4       org.eclipse.jdt.internal.compiler.parser.Parser::consumeRule (7843 bytes)
Total: 3

VM state: not at safepoint (normal execution)

VM Mutex/Monitor currently owned by a thread: None

Heap address: 0x0000000080000000, size: 2048 MB, Compressed Oops mode: 32-bit

CDS archive(s) mapped at: [0x000001f98f000000-0x000001f98fba0000-0x000001f98fba0000), size 12189696, SharedBaseAddress: 0x000001f98f000000, ArchiveRelocationMode: 1.
Compressed class space mapped at: 0x000001f990000000-0x000001f9d0000000, reserved size: 1073741824
Narrow klass base: 0x000001f98f000000, Narrow klass shift: 0, Narrow klass range: 0x100000000

GC Precious Log:
 CardTable entry size: 512
 CPUs: 12 total, 12 available
 Memory: 7876M
 Large Page Support: Disabled
 NUMA Support: Disabled
 Compressed Oops: Enabled (32-bit)
 Alignments: Space 512K, Generation 512K, Heap 2M
 Heap Min Capacity: 100M
 Heap Initial Capacity: 100M
 Heap Max Capacity: 2G
 Pre-touch: Disabled
 Parallel Workers: 10

Heap:
 PSYoungGen      total 11776K, used 1884K [0x00000000d5580000, 0x00000000d6580000, 0x0000000100000000)
  eden space 11264K, 12% used [0x00000000d5580000,0x00000000d56d9468,0x00000000d6080000)
  from space 512K, 98% used [0x00000000d6400000,0x00000000d647e870,0x00000000d6480000)
  to   space 1024K, 0% used [0x00000000d6480000,0x00000000d6480000,0x00000000d6580000)
 ParOldGen       total 68608K, used 59154K [0x0000000080000000, 0x0000000084300000, 0x00000000d5580000)
  object space 68608K, 86% used [0x0000000080000000,0x00000000839c4a40,0x0000000084300000)
 Metaspace       used 64797K, committed 66176K, reserved 1114112K
  class space    used 6867K, committed 7488K, reserved 1048576K

Card table byte_map: [0x000001f9f4ac0000,0x000001f9f4ed0000] _byte_map_base: 0x000001f9f46c0000

Marking Bits: (ParMarkBitMap*) 0x00007ff998723450
 Begin Bits: [0x000001f9f85c0000, 0x000001f9fa5c0000)
 End Bits:   [0x000001f9fa5c0000, 0x000001f9fc5c0000)

Polling page: 0x000001f9f3380000

Metaspace:

Usage:
  Non-class:     56.57 MB used.
      Class:      6.71 MB used.
       Both:     63.28 MB used.

Virtual space:
  Non-class space:       64.00 MB reserved,      57.31 MB ( 90%) committed,  1 nodes.
      Class space:        1.00 GB reserved,       7.31 MB ( <1%) committed,  1 nodes.
             Both:        1.06 GB reserved,      64.62 MB (  6%) committed. 

Chunk freelists:
   Non-Class:  6.26 MB
       Class:  8.72 MB
        Both:  14.97 MB

MaxMetaspaceSize: unlimited
CompressedClassSpaceSize: 1.00 GB
Initial GC threshold: 21.00 MB
Current GC threshold: 97.31 MB
CDS: on
 - commit_granule_bytes: 65536.
 - commit_granule_words: 8192.
 - virtual_space_node_default_size: 8388608.
 - enlarge_chunks_in_place: 1.
 - use_allocation_guard: 0.


Internal statistics:

num_allocs_failed_limit: 9.
num_arena_births: 1188.
num_arena_deaths: 14.
num_vsnodes_births: 2.
num_vsnodes_deaths: 0.
num_space_committed: 1034.
num_space_uncommitted: 0.
num_chunks_returned_to_freelist: 23.
num_chunks_taken_from_freelist: 4247.
num_chunk_merges: 15.
num_chunk_splits: 2599.
num_chunks_enlarged: 1498.
num_inconsistent_stats: 0.

CodeHeap 'non-profiled nmethods': size=120000Kb used=5546Kb max_used=5546Kb free=114453Kb
 bounds [0x000001f987ad0000, 0x000001f988040000, 0x000001f98f000000]
CodeHeap 'profiled nmethods': size=120000Kb used=20101Kb max_used=20101Kb free=99899Kb
 bounds [0x000001f980000000, 0x000001f9813b0000, 0x000001f987530000]
CodeHeap 'non-nmethods': size=5760Kb used=1459Kb max_used=1528Kb free=4300Kb
 bounds [0x000001f987530000, 0x000001f9877a0000, 0x000001f987ad0000]
CodeCache: size=245760Kb, used=27106Kb, max_used=27175Kb, free=218652Kb
 total_blobs=10005, nmethods=9227, adapters=682, full_count=0
Compilation: enabled, stopped_count=0, restarted_count=0

Compilation events (20 events):
Event: 14.251 Thread 0x000001f9f51cb2e0 nmethod 9963 0x000001f981383590 code [0x000001f9813837e0, 0x000001f981383f58]
Event: 14.251 Thread 0x000001f9f51cb2e0 9964       2       org.eclipse.jdt.internal.compiler.lookup.SourceTypeBinding::canBeSeenBy (39 bytes)
Event: 14.252 Thread 0x000001f9f51cb2e0 nmethod 9964 0x000001f981384390 code [0x000001f981384580, 0x000001f981384908]
Event: 14.252 Thread 0x000001f9f51cb2e0 9961       2       org.eclipse.jdt.internal.compiler.ast.ASTNode::reportPreviewAPI (22 bytes)
Event: 14.252 Thread 0x000001f9f51cb2e0 nmethod 9961 0x000001f981384b10 code [0x000001f981384cc0, 0x000001f981384e58]
Event: 14.252 Thread 0x000001f9f51cb2e0 9965   !   2       sun.nio.fs.WindowsChannelFactory::open (457 bytes)
Event: 14.254 Thread 0x000001f9f51cb2e0 nmethod 9965 0x000001f981384f90 code [0x000001f9813851c0, 0x000001f9813858b0]
Event: 14.254 Thread 0x000001f9f51cb2e0 9967       3       org.eclipse.jdt.internal.compiler.parser.Parser::consumePushModifiers (26 bytes)
Event: 14.254 Thread 0x000001f9f51cb2e0 nmethod 9967 0x000001f981385d90 code [0x000001f981385f60, 0x000001f981386378]
Event: 14.254 Thread 0x000001f9f51cb2e0 9962       2       org.eclipse.jdt.internal.compiler.ast.Expression::resolveTypeExpecting (69 bytes)
Event: 14.255 Thread 0x000001f9f51cb2e0 nmethod 9962 0x000001f981386490 code [0x000001f9813866c0, 0x000001f981386a78]
Event: 14.255 Thread 0x000001f9f51cb2e0 9966       2       sun.nio.ch.ChannelInputStream::close (10 bytes)
Event: 14.255 Thread 0x000001f9f51cb2e0 nmethod 9966 0x000001f981386c90 code [0x000001f981386e40, 0x000001f981386f78]
Event: 14.255 Thread 0x000001f9f51cb2e0 9959       2       org.eclipse.jdt.internal.compiler.lookup.MethodBinding::getTypeVariable (41 bytes)
Event: 14.255 Thread 0x000001f9f51cb2e0 nmethod 9959 0x000001f981387010 code [0x000001f9813871e0, 0x000001f981387450]
Event: 14.255 Thread 0x000001f9f51cb2e0 9960       2       org.eclipse.jdt.internal.compiler.lookup.ReferenceBinding::getTypeVariable (37 bytes)
Event: 14.256 Thread 0x000001f9f51cb2e0 nmethod 9960 0x000001f981387610 code [0x000001f9813877e0, 0x000001f981387a50]
Event: 14.257 Thread 0x000001f9f51cb2e0 9968       2       java.lang.invoke.LambdaForm$DMH/0x000001f990745400::newInvokeSpecial (27 bytes)
Event: 14.257 Thread 0x000001f9f51cb2e0 nmethod 9968 0x000001f981387c10 code [0x000001f981387dc0, 0x000001f981387ef8]
Event: 14.257 Thread 0x000001f9f51cb2e0 9969   !   2       org.eclipse.core.internal.resources.Resource::filterChildren (234 bytes)

GC Heap History (20 events):
Event: 10.087 GC heap before
{Heap before GC invocations=36 (full 3):
 PSYoungGen      total 18944K, used 1518K [0x00000000d5580000, 0x00000000d6c80000, 0x0000000100000000)
  eden space 17408K, 0% used [0x00000000d5580000,0x00000000d5580000,0x00000000d6680000)
  from space 1536K, 98% used [0x00000000d6900000,0x00000000d6a7ba38,0x00000000d6a80000)
  to   space 2048K, 0% used [0x00000000d6a80000,0x00000000d6a80000,0x00000000d6c80000)
 ParOldGen       total 68608K, used 43401K [0x0000000080000000, 0x0000000084300000, 0x00000000d5580000)
  object space 68608K, 63% used [0x0000000080000000,0x0000000082a62770,0x0000000084300000)
 Metaspace       used 58580K, committed 59776K, reserved 1114112K
  class space    used 6298K, committed 6848K, reserved 1048576K
}
Event: 10.160 GC heap after
{Heap after GC invocations=36 (full 3):
 PSYoungGen      total 18944K, used 0K [0x00000000d5580000, 0x00000000d6c80000, 0x0000000100000000)
  eden space 17408K, 0% used [0x00000000d5580000,0x00000000d5580000,0x00000000d6680000)
  from space 1536K, 0% used [0x00000000d6900000,0x00000000d6900000,0x00000000d6a80000)
  to   space 2048K, 0% used [0x00000000d6a80000,0x00000000d6a80000,0x00000000d6c80000)
 ParOldGen       total 68608K, used 41196K [0x0000000080000000, 0x0000000084300000, 0x00000000d5580000)
  object space 68608K, 60% used [0x0000000080000000,0x000000008283b308,0x0000000084300000)
 Metaspace       used 58580K, committed 59776K, reserved 1114112K
  class space    used 6298K, committed 6848K, reserved 1048576K
}
Event: 10.481 GC heap before
{Heap before GC invocations=37 (full 3):
 PSYoungGen      total 18944K, used 17408K [0x00000000d5580000, 0x00000000d6c80000, 0x0000000100000000)
  eden space 17408K, 100% used [0x00000000d5580000,0x00000000d6680000,0x00000000d6680000)
  from space 1536K, 0% used [0x00000000d6900000,0x00000000d6900000,0x00000000d6a80000)
  to   space 2048K, 0% used [0x00000000d6a80000,0x00000000d6a80000,0x00000000d6c80000)
 ParOldGen       total 68608K, used 41196K [0x0000000080000000, 0x0000000084300000, 0x00000000d5580000)
  object space 68608K, 60% used [0x0000000080000000,0x000000008283b308,0x0000000084300000)
 Metaspace       used 59754K, committed 61056K, reserved 1114112K
  class space    used 6419K, committed 6976K, reserved 1048576K
}
Event: 10.484 GC heap after
{Heap after GC invocations=37 (full 3):
 PSYoungGen      total 19456K, used 2021K [0x00000000d5580000, 0x00000000d6c80000, 0x0000000100000000)
  eden space 17408K, 0% used [0x00000000d5580000,0x00000000d5580000,0x00000000d6680000)
  from space 2048K, 98% used [0x00000000d6a80000,0x00000000d6c79528,0x00000000d6c80000)
  to   space 2560K, 0% used [0x00000000d6780000,0x00000000d6780000,0x00000000d6a00000)
 ParOldGen       total 68608K, used 41425K [0x0000000080000000, 0x0000000084300000, 0x00000000d5580000)
  object space 68608K, 60% used [0x0000000080000000,0x0000000082874450,0x0000000084300000)
 Metaspace       used 59754K, committed 61056K, reserved 1114112K
  class space    used 6419K, committed 6976K, reserved 1048576K
}
Event: 10.668 GC heap before
{Heap before GC invocations=38 (full 3):
 PSYoungGen      total 19456K, used 19429K [0x00000000d5580000, 0x00000000d6c80000, 0x0000000100000000)
  eden space 17408K, 100% used [0x00000000d5580000,0x00000000d6680000,0x00000000d6680000)
  from space 2048K, 98% used [0x00000000d6a80000,0x00000000d6c79528,0x00000000d6c80000)
  to   space 2560K, 0% used [0x00000000d6780000,0x00000000d6780000,0x00000000d6a00000)
 ParOldGen       total 68608K, used 41425K [0x0000000080000000, 0x0000000084300000, 0x00000000d5580000)
  object space 68608K, 60% used [0x0000000080000000,0x0000000082874450,0x0000000084300000)
 Metaspace       used 61110K, committed 62400K, reserved 1114112K
  class space    used 6534K, committed 7104K, reserved 1048576K
}
Event: 10.671 GC heap after
{Heap after GC invocations=38 (full 3):
 PSYoungGen      total 19968K, used 2537K [0x00000000d5580000, 0x00000000d7080000, 0x0000000100000000)
  eden space 17408K, 0% used [0x00000000d5580000,0x00000000d5580000,0x00000000d6680000)
  from space 2560K, 99% used [0x00000000d6780000,0x00000000d69fa4c0,0x00000000d6a00000)
  to   space 5120K, 0% used [0x00000000d6b80000,0x00000000d6b80000,0x00000000d7080000)
 ParOldGen       total 68608K, used 43358K [0x0000000080000000, 0x0000000084300000, 0x00000000d5580000)
  object space 68608K, 63% used [0x0000000080000000,0x0000000082a578a8,0x0000000084300000)
 Metaspace       used 61110K, committed 62400K, reserved 1114112K
  class space    used 6534K, committed 7104K, reserved 1048576K
}
Event: 10.874 GC heap before
{Heap before GC invocations=39 (full 3):
 PSYoungGen      total 19968K, used 19945K [0x00000000d5580000, 0x00000000d7080000, 0x0000000100000000)
  eden space 17408K, 99% used [0x00000000d5580000,0x00000000d667fff0,0x00000000d6680000)
  from space 2560K, 99% used [0x00000000d6780000,0x00000000d69fa4c0,0x00000000d6a00000)
  to   space 5120K, 0% used [0x00000000d6b80000,0x00000000d6b80000,0x00000000d7080000)
 ParOldGen       total 68608K, used 43358K [0x0000000080000000, 0x0000000084300000, 0x00000000d5580000)
  object space 68608K, 63% used [0x0000000080000000,0x0000000082a578a8,0x0000000084300000)
 Metaspace       used 62128K, committed 63360K, reserved 1114112K
  class space    used 6616K, committed 7168K, reserved 1048576K
}
Event: 10.877 GC heap after
{Heap after GC invocations=39 (full 3):
 PSYoungGen      total 20992K, used 3253K [0x00000000d5580000, 0x00000000d6f00000, 0x0000000100000000)
  eden space 17408K, 0% used [0x00000000d5580000,0x00000000d5580000,0x00000000d6680000)
  from space 3584K, 90% used [0x00000000d6b80000,0x00000000d6ead698,0x00000000d6f00000)
  to   space 4096K, 0% used [0x00000000d6700000,0x00000000d6700000,0x00000000d6b00000)
 ParOldGen       total 68608K, used 45538K [0x0000000080000000, 0x0000000084300000, 0x00000000d5580000)
  object space 68608K, 66% used [0x0000000080000000,0x0000000082c78aa8,0x0000000084300000)
 Metaspace       used 62128K, committed 63360K, reserved 1114112K
  class space    used 6616K, committed 7168K, reserved 1048576K
}
Event: 10.985 GC heap before
{Heap before GC invocations=40 (full 3):
 PSYoungGen      total 20992K, used 20661K [0x00000000d5580000, 0x00000000d6f00000, 0x0000000100000000)
  eden space 17408K, 100% used [0x00000000d5580000,0x00000000d6680000,0x00000000d6680000)
  from space 3584K, 90% used [0x00000000d6b80000,0x00000000d6ead698,0x00000000d6f00000)
  to   space 4096K, 0% used [0x00000000d6700000,0x00000000d6700000,0x00000000d6b00000)
 ParOldGen       total 68608K, used 45538K [0x0000000080000000, 0x0000000084300000, 0x00000000d5580000)
  object space 68608K, 66% used [0x0000000080000000,0x0000000082c78aa8,0x0000000084300000)
 Metaspace       used 62709K, committed 64000K, reserved 1114112K
  class space    used 6670K, committed 7232K, reserved 1048576K
}
Event: 10.990 GC heap after
{Heap after GC invocations=40 (full 3):
 PSYoungGen      total 20480K, used 2592K [0x00000000d5580000, 0x00000000d6c80000, 0x0000000100000000)
  eden space 17408K, 0% used [0x00000000d5580000,0x00000000d5580000,0x00000000d6680000)
  from space 3072K, 84% used [0x00000000d6700000,0x00000000d6988000,0x00000000d6a00000)
  to   space 2560K, 0% used [0x00000000d6a00000,0x00000000d6a00000,0x00000000d6c80000)
 ParOldGen       total 68608K, used 48634K [0x0000000080000000, 0x0000000084300000, 0x00000000d5580000)
  object space 68608K, 70% used [0x0000000080000000,0x0000000082f7eaa0,0x0000000084300000)
 Metaspace       used 62709K, committed 64000K, reserved 1114112K
  class space    used 6670K, committed 7232K, reserved 1048576K
}
Event: 11.158 GC heap before
{Heap before GC invocations=41 (full 3):
 PSYoungGen      total 20480K, used 19999K [0x00000000d5580000, 0x00000000d6c80000, 0x0000000100000000)
  eden space 17408K, 99% used [0x00000000d5580000,0x00000000d667ffd0,0x00000000d6680000)
  from space 3072K, 84% used [0x00000000d6700000,0x00000000d6988000,0x00000000d6a00000)
  to   space 2560K, 0% used [0x00000000d6a00000,0x00000000d6a00000,0x00000000d6c80000)
 ParOldGen       total 68608K, used 48634K [0x0000000080000000, 0x0000000084300000, 0x00000000d5580000)
  object space 68608K, 70% used [0x0000000080000000,0x0000000082f7eaa0,0x0000000084300000)
 Metaspace       used 63858K, committed 65216K, reserved 1114112K
  class space    used 6826K, committed 7424K, reserved 1048576K
}
Event: 11.166 GC heap after
{Heap after GC invocations=41 (full 3):
 PSYoungGen      total 13824K, used 2528K [0x00000000d5580000, 0x00000000d7980000, 0x0000000100000000)
  eden space 11264K, 0% used [0x00000000d5580000,0x00000000d5580000,0x00000000d6080000)
  from space 2560K, 98% used [0x00000000d6a00000,0x00000000d6c78020,0x00000000d6c80000)
  to   space 9728K, 0% used [0x00000000d6080000,0x00000000d6080000,0x00000000d6a00000)
 ParOldGen       total 68608K, used 54575K [0x0000000080000000, 0x0000000084300000, 0x00000000d5580000)
  object space 68608K, 79% used [0x0000000080000000,0x000000008354be30,0x0000000084300000)
 Metaspace       used 63858K, committed 65216K, reserved 1114112K
  class space    used 6826K, committed 7424K, reserved 1048576K
}
Event: 11.373 GC heap before
{Heap before GC invocations=42 (full 3):
 PSYoungGen      total 13824K, used 13792K [0x00000000d5580000, 0x00000000d7980000, 0x0000000100000000)
  eden space 11264K, 100% used [0x00000000d5580000,0x00000000d6080000,0x00000000d6080000)
  from space 2560K, 98% used [0x00000000d6a00000,0x00000000d6c78020,0x00000000d6c80000)
  to   space 9728K, 0% used [0x00000000d6080000,0x00000000d6080000,0x00000000d6a00000)
 ParOldGen       total 68608K, used 54575K [0x0000000080000000, 0x0000000084300000, 0x00000000d5580000)
  object space 68608K, 79% used [0x0000000080000000,0x000000008354be30,0x0000000084300000)
 Metaspace       used 64103K, committed 65472K, reserved 1114112K
  class space    used 6850K, committed 7488K, reserved 1048576K
}
Event: 11.377 GC heap after
{Heap after GC invocations=42 (full 3):
 PSYoungGen      total 14848K, used 3416K [0x00000000d5580000, 0x00000000d6b80000, 0x0000000100000000)
  eden space 11264K, 0% used [0x00000000d5580000,0x00000000d5580000,0x00000000d6080000)
  from space 3584K, 95% used [0x00000000d6080000,0x00000000d63d63d0,0x00000000d6400000)
  to   space 5632K, 0% used [0x00000000d6600000,0x00000000d6600000,0x00000000d6b80000)
 ParOldGen       total 68608K, used 55255K [0x0000000080000000, 0x0000000084300000, 0x00000000d5580000)
  object space 68608K, 80% used [0x0000000080000000,0x00000000835f5e70,0x0000000084300000)
 Metaspace       used 64103K, committed 65472K, reserved 1114112K
  class space    used 6850K, committed 7488K, reserved 1048576K
}
Event: 11.582 GC heap before
{Heap before GC invocations=43 (full 3):
 PSYoungGen      total 14848K, used 14680K [0x00000000d5580000, 0x00000000d6b80000, 0x0000000100000000)
  eden space 11264K, 100% used [0x00000000d5580000,0x00000000d6080000,0x00000000d6080000)
  from space 3584K, 95% used [0x00000000d6080000,0x00000000d63d63d0,0x00000000d6400000)
  to   space 5632K, 0% used [0x00000000d6600000,0x00000000d6600000,0x00000000d6b80000)
 ParOldGen       total 68608K, used 55255K [0x0000000080000000, 0x0000000084300000, 0x00000000d5580000)
  object space 68608K, 80% used [0x0000000080000000,0x00000000835f5e70,0x0000000084300000)
 Metaspace       used 64280K, committed 65664K, reserved 1114112K
  class space    used 6857K, committed 7488K, reserved 1048576K
}
Event: 11.587 GC heap after
{Heap after GC invocations=43 (full 3):
 PSYoungGen      total 11776K, used 480K [0x00000000d5580000, 0x00000000d6680000, 0x0000000100000000)
  eden space 11264K, 0% used [0x00000000d5580000,0x00000000d5580000,0x00000000d6080000)
  from space 512K, 93% used [0x00000000d6600000,0x00000000d6678000,0x00000000d6680000)
  to   space 2048K, 0% used [0x00000000d6280000,0x00000000d6280000,0x00000000d6480000)
 ParOldGen       total 68608K, used 58376K [0x0000000080000000, 0x0000000084300000, 0x00000000d5580000)
  object space 68608K, 85% used [0x0000000080000000,0x0000000083902240,0x0000000084300000)
 Metaspace       used 64280K, committed 65664K, reserved 1114112K
  class space    used 6857K, committed 7488K, reserved 1048576K
}
Event: 13.780 GC heap before
{Heap before GC invocations=44 (full 3):
 PSYoungGen      total 11776K, used 11744K [0x00000000d5580000, 0x00000000d6680000, 0x0000000100000000)
  eden space 11264K, 100% used [0x00000000d5580000,0x00000000d6080000,0x00000000d6080000)
  from space 512K, 93% used [0x00000000d6600000,0x00000000d6678000,0x00000000d6680000)
  to   space 2048K, 0% used [0x00000000d6280000,0x00000000d6280000,0x00000000d6480000)
 ParOldGen       total 68608K, used 58376K [0x0000000080000000, 0x0000000084300000, 0x00000000d5580000)
  object space 68608K, 85% used [0x0000000080000000,0x0000000083902240,0x0000000084300000)
 Metaspace       used 64472K, committed 65856K, reserved 1114112K
  class space    used 6860K, committed 7488K, reserved 1048576K
}
Event: 13.783 GC heap after
{Heap after GC invocations=44 (full 3):
 PSYoungGen      total 13312K, used 1280K [0x00000000d5580000, 0x00000000d6680000, 0x0000000100000000)
  eden space 11264K, 0% used [0x00000000d5580000,0x00000000d5580000,0x00000000d6080000)
  from space 2048K, 62% used [0x00000000d6280000,0x00000000d63c0000,0x00000000d6480000)
  to   space 1536K, 0% used [0x00000000d6500000,0x00000000d6500000,0x00000000d6680000)
 ParOldGen       total 68608K, used 58747K [0x0000000080000000, 0x0000000084300000, 0x00000000d5580000)
  object space 68608K, 85% used [0x0000000080000000,0x000000008395ed68,0x0000000084300000)
 Metaspace       used 64472K, committed 65856K, reserved 1114112K
  class space    used 6860K, committed 7488K, reserved 1048576K
}
Event: 14.092 GC heap before
{Heap before GC invocations=45 (full 3):
 PSYoungGen      total 13312K, used 12544K [0x00000000d5580000, 0x00000000d6680000, 0x0000000100000000)
  eden space 11264K, 100% used [0x00000000d5580000,0x00000000d6080000,0x00000000d6080000)
  from space 2048K, 62% used [0x00000000d6280000,0x00000000d63c0000,0x00000000d6480000)
  to   space 1536K, 0% used [0x00000000d6500000,0x00000000d6500000,0x00000000d6680000)
 ParOldGen       total 68608K, used 58747K [0x0000000080000000, 0x0000000084300000, 0x00000000d5580000)
  object space 68608K, 85% used [0x0000000080000000,0x000000008395ed68,0x0000000084300000)
 Metaspace       used 64636K, committed 65984K, reserved 1114112K
  class space    used 6862K, committed 7488K, reserved 1048576K
}
Event: 14.093 GC heap after
{Heap after GC invocations=45 (full 3):
 PSYoungGen      total 12288K, used 576K [0x00000000d5580000, 0x00000000d6600000, 0x0000000100000000)
  eden space 11264K, 0% used [0x00000000d5580000,0x00000000d5580000,0x00000000d6080000)
  from space 1024K, 56% used [0x00000000d6500000,0x00000000d6590000,0x00000000d6600000)
  to   space 1024K, 0% used [0x00000000d6400000,0x00000000d6400000,0x00000000d6500000)
 ParOldGen       total 68608K, used 58899K [0x0000000080000000, 0x0000000084300000, 0x00000000d5580000)
  object space 68608K, 85% used [0x0000000080000000,0x0000000083984d68,0x0000000084300000)
 Metaspace       used 64636K, committed 65984K, reserved 1114112K
  class space    used 6862K, committed 7488K, reserved 1048576K
}

Dll operation events (10 events):
Event: 0.012 Loaded shared library c:\Users\dell\.vscode\extensions\redhat.java-1.54.0-win32-x64\jre\21.0.10-win32-x86_64\bin\java.dll
Event: 0.045 Loaded shared library c:\Users\dell\.vscode\extensions\redhat.java-1.54.0-win32-x64\jre\21.0.10-win32-x86_64\bin\zip.dll
Event: 0.056 Loaded shared library C:\Users\dell\.vscode\extensions\redhat.java-1.54.0-win32-x64\jre\21.0.10-win32-x86_64\bin\instrument.dll
Event: 0.059 Loaded shared library C:\Users\dell\.vscode\extensions\redhat.java-1.54.0-win32-x64\jre\21.0.10-win32-x86_64\bin\net.dll
Event: 0.061 Loaded shared library C:\Users\dell\.vscode\extensions\redhat.java-1.54.0-win32-x64\jre\21.0.10-win32-x86_64\bin\nio.dll
Event: 0.062 Loaded shared library C:\Users\dell\.vscode\extensions\redhat.java-1.54.0-win32-x64\jre\21.0.10-win32-x86_64\bin\zip.dll
Event: 0.071 Loaded shared library C:\Users\dell\.vscode\extensions\redhat.java-1.54.0-win32-x64\jre\21.0.10-win32-x86_64\bin\jimage.dll
Event: 0.113 Loaded shared library c:\Users\dell\.vscode\extensions\redhat.java-1.54.0-win32-x64\jre\21.0.10-win32-x86_64\bin\verify.dll
Event: 0.879 Loaded shared library C:\Users\dell\AppData\Roaming\Code\User\globalStorage\redhat.java\1.54.0\config_win\org.eclipse.equinox.launcher\org.eclipse.equinox.launcher.win32.win32.x86_64_1.3.0.v20260203-2149\eclipse_11919.dll
Event: 3.904 Loaded shared library C:\Users\dell\AppData\Local\Temp\jna-3079617\jna3062751211786732734.dll

Deoptimization events (20 events):
Event: 14.152 Thread 0x000001f9d486dec0 DEOPT PACKING pc=0x000001f98088645a sp=0x000000e51d8fe850
Event: 14.152 Thread 0x000001f9d486dec0 DEOPT UNPACKING pc=0x000001f987584242 sp=0x000000e51d8fdd68 mode 0
Event: 14.162 Thread 0x000001f9d486dec0 Uncommon trap: trap_request=0xffffffde fr.pc=0x000001f98801b8c4 relative=0x00000000000013c4
Event: 14.162 Thread 0x000001f9d486dec0 Uncommon trap: reason=class_check action=maybe_recompile pc=0x000001f98801b8c4 method=org.eclipse.jdt.internal.compiler.parser.Parser.consumeRule(I)V @ 4277 c2
Event: 14.162 Thread 0x000001f9d486dec0 DEOPT PACKING pc=0x000001f98801b8c4 sp=0x000000e51d8feab0
Event: 14.162 Thread 0x000001f9d486dec0 DEOPT UNPACKING pc=0x000001f987583aa2 sp=0x000000e51d8fea40 mode 2
Event: 14.182 Thread 0x000001f9d486dec0 DEOPT PACKING pc=0x000001f98088645a sp=0x000000e51d8fe850
Event: 14.182 Thread 0x000001f9d486dec0 DEOPT UNPACKING pc=0x000001f987584242 sp=0x000000e51d8fdd68 mode 0
Event: 14.200 Thread 0x000001f9d486dec0 DEOPT PACKING pc=0x000001f980c4408b sp=0x000000e51d8fe590
Event: 14.200 Thread 0x000001f9d486dec0 DEOPT UNPACKING pc=0x000001f987584242 sp=0x000000e51d8fda78 mode 0
Event: 14.253 Thread 0x000001f9d486dec0 DEOPT PACKING pc=0x000001f98088648e sp=0x000000e51d8fe850
Event: 14.253 Thread 0x000001f9d486dec0 DEOPT UNPACKING pc=0x000001f987584242 sp=0x000000e51d8fdd68 mode 0
Event: 14.257 Thread 0x000001f9d486dec0 Uncommon trap: trap_request=0xffffffc6 fr.pc=0x000001f98801b010 relative=0x0000000000000b10
Event: 14.257 Thread 0x000001f9d486dec0 Uncommon trap: reason=bimorphic_or_optimized_type_check action=maybe_recompile pc=0x000001f98801b010 method=org.eclipse.jdt.internal.compiler.parser.Parser.consumeRule(I)V @ 4456 c2
Event: 14.257 Thread 0x000001f9d486dec0 DEOPT PACKING pc=0x000001f98801b010 sp=0x000000e51d8feab0
Event: 14.257 Thread 0x000001f9d486dec0 DEOPT UNPACKING pc=0x000001f987583aa2 sp=0x000000e51d8fea38 mode 2
Event: 14.257 Thread 0x000001f9d486dec0 Uncommon trap: trap_request=0xffffffc6 fr.pc=0x000001f98801b010 relative=0x0000000000000b10
Event: 14.257 Thread 0x000001f9d486dec0 Uncommon trap: reason=bimorphic_or_optimized_type_check action=maybe_recompile pc=0x000001f98801b010 method=org.eclipse.jdt.internal.compiler.parser.Parser.consumeRule(I)V @ 4456 c2
Event: 14.257 Thread 0x000001f9d486dec0 DEOPT PACKING pc=0x000001f98801b010 sp=0x000000e51d8feab0
Event: 14.257 Thread 0x000001f9d486dec0 DEOPT UNPACKING pc=0x000001f987583aa2 sp=0x000000e51d8fea38 mode 2

Classes loaded (20 events):
Event: 10.544 Loading class java/util/Hashtable$KeySet
Event: 10.544 Loading class java/util/Hashtable$KeySet done
Event: 10.562 Loading class java/nio/file/Files$2
Event: 10.562 Loading class java/nio/file/Files$2 done
Event: 10.590 Loading class java/util/concurrent/ArrayBlockingQueue
Event: 10.591 Loading class java/util/concurrent/ArrayBlockingQueue done
Event: 10.607 Loading class java/util/concurrent/ConcurrentHashMap$KeySpliterator
Event: 10.607 Loading class java/util/concurrent/ConcurrentHashMap$KeySpliterator done
Event: 10.617 Loading class sun/nio/ch/ChannelOutputStream
Event: 10.618 Loading class sun/nio/ch/ChannelOutputStream done
Event: 11.060 Loading class sun/nio/fs/WindowsFileCopy
Event: 11.061 Loading class sun/nio/fs/WindowsFileCopy done
Event: 11.122 Loading class java/util/regex/Pattern$Behind
Event: 11.123 Loading class java/util/regex/Pattern$Behind done
Event: 11.123 Loading class java/util/regex/Pattern$Neg
Event: 11.124 Loading class java/util/regex/Pattern$Neg done
Event: 11.145 Loading class java/lang/Throwable$WrappedPrintWriter
Event: 11.145 Loading class java/lang/Throwable$PrintStreamOrWriter
Event: 11.145 Loading class java/lang/Throwable$PrintStreamOrWriter done
Event: 11.145 Loading class java/lang/Throwable$WrappedPrintWriter done

Classes unloaded (7 events):
Event: 4.263 Thread 0x000001f9f51afb90 Unloading class 0x000001f9901a8c00 'java/lang/invoke/LambdaForm$MH+0x000001f9901a8c00'
Event: 4.263 Thread 0x000001f9f51afb90 Unloading class 0x000001f9901a8800 'java/lang/invoke/LambdaForm$MH+0x000001f9901a8800'
Event: 4.263 Thread 0x000001f9f51afb90 Unloading class 0x000001f9901a8400 'java/lang/invoke/LambdaForm$MH+0x000001f9901a8400'
Event: 4.263 Thread 0x000001f9f51afb90 Unloading class 0x000001f9901a8000 'java/lang/invoke/LambdaForm$MH+0x000001f9901a8000'
Event: 4.263 Thread 0x000001f9f51afb90 Unloading class 0x000001f9901a7c00 'java/lang/invoke/LambdaForm$BMH+0x000001f9901a7c00'
Event: 4.263 Thread 0x000001f9f51afb90 Unloading class 0x000001f9901a7800 'java/lang/invoke/LambdaForm$DMH+0x000001f9901a7800'
Event: 4.263 Thread 0x000001f9f51afb90 Unloading class 0x000001f9901a6400 'java/lang/invoke/LambdaForm$DMH+0x000001f9901a6400'

Classes redefined (0 events):
No events

Internal exceptions (20 events):
Event: 11.034 Thread 0x000001f9d49af780 Exception <a 'java/io/FileNotFoundException'{0x00000000d58c7208}> (0x00000000d58c7208) 
thrown [s\src\hotspot\share\prims\jni.cpp, line 520]
Event: 11.037 Thread 0x000001f9d78d72d0 Exception <a 'java/lang/NoSuchMethodError'{0x00000000d5834830}: 'void java.lang.invoke.DirectMethodHandle$Holder.invokeSpecial(java.lang.Object, java.lang.Object, int)'> (0x00000000d5834830) 
thrown [s\src\hotspot\share\interpreter\linkResolver.cpp, line 773]
Event: 11.042 Thread 0x000001f9d49af780 Exception <a 'sun/nio/fs/WindowsException'{0x00000000d5917ff8}> (0x00000000d5917ff8) 
thrown [s\src\hotspot\share\prims\jni.cpp, line 520]
Event: 11.042 Thread 0x000001f9d49af780 Exception <a 'sun/nio/fs/WindowsException'{0x00000000d5918c90}> (0x00000000d5918c90) 
thrown [s\src\hotspot\share\prims\jni.cpp, line 520]
Event: 11.043 Thread 0x000001f9d49af780 Exception <a 'sun/nio/fs/WindowsException'{0x00000000d5919e28}> (0x00000000d5919e28) 
thrown [s\src\hotspot\share\prims\jni.cpp, line 520]
Event: 11.043 Thread 0x000001f9d49af780 Exception <a 'sun/nio/fs/WindowsException'{0x00000000d591a540}> (0x00000000d591a540) 
thrown [s\src\hotspot\share\prims\jni.cpp, line 520]
Event: 11.061 Thread 0x000001f9d486dec0 Exception <a 'sun/nio/fs/WindowsException'{0x00000000d5a26668}> (0x00000000d5a26668) 
thrown [s\src\hotspot\share\prims\jni.cpp, line 520]
Event: 11.092 Thread 0x000001f9d486d830 Exception <a 'sun/nio/fs/WindowsException'{0x00000000d5ebde30}> (0x00000000d5ebde30) 
thrown [s\src\hotspot\share\prims\jni.cpp, line 520]
Event: 11.092 Thread 0x000001f9d486d830 Exception <a 'sun/nio/fs/WindowsException'{0x00000000d5f225f8}> (0x00000000d5f225f8) 
thrown [s\src\hotspot\share\prims\jni.cpp, line 520]
Event: 11.093 Thread 0x000001f9d486d830 Exception <a 'sun/nio/fs/WindowsException'{0x00000000d5f23508}> (0x00000000d5f23508) 
thrown [s\src\hotspot\share\prims\jni.cpp, line 520]
Event: 11.093 Thread 0x000001f9d486d830 Exception <a 'sun/nio/fs/WindowsException'{0x00000000d5f62f08}> (0x00000000d5f62f08) 
thrown [s\src\hotspot\share\prims\jni.cpp, line 520]
Event: 11.094 Thread 0x000001f9d486d830 Exception <a 'sun/nio/fs/WindowsException'{0x00000000d5f9a7c0}> (0x00000000d5f9a7c0) 
thrown [s\src\hotspot\share\prims\jni.cpp, line 520]
Event: 11.094 Thread 0x000001f9d486d830 Exception <a 'sun/nio/fs/WindowsException'{0x00000000d5f9aed8}> (0x00000000d5f9aed8) 
thrown [s\src\hotspot\share\prims\jni.cpp, line 520]
Event: 11.095 Thread 0x000001f9d486d830 Exception <a 'sun/nio/fs/WindowsException'{0x00000000d5fae060}> (0x00000000d5fae060) 
thrown [s\src\hotspot\share\prims\jni.cpp, line 520]
Event: 11.095 Thread 0x000001f9d486d830 Exception <a 'sun/nio/fs/WindowsException'{0x00000000d5fae778}> (0x00000000d5fae778) 
thrown [s\src\hotspot\share\prims\jni.cpp, line 520]
Event: 11.157 Thread 0x000001f9d78d72d0 Exception <a 'java/lang/NoSuchMethodError'{0x00000000d6660fb0}: 'int java.lang.invoke.DirectMethodHandle$Holder.invokeVirtual(java.lang.Object, java.lang.Object, java.lang.Object, int)'> (0x00000000d6660fb0) 
thrown [s\src\hotspot\share\interpreter\linkResolver.cpp, line 773]
Event: 11.174 Thread 0x000001f9d78d72d0 Implicit null exception at 0x000001f987c7d586 to 0x000001f987c7d67c
Event: 11.189 Thread 0x000001f9d486d830 Exception <a 'java/lang/NoSuchMethodError'{0x00000000d55c9b18}: 'java.lang.Object java.lang.invoke.DirectMethodHandle$Holder.invokeStatic(java.lang.Object, java.lang.Object, int, java.lang.Object)'> (0x00000000d55c9b18) 
thrown [s\src\hotspot\share\interpreter\linkResolver.cpp, line 773]
Event: 11.191 Thread 0x000001f9d486d830 Exception <a 'java/lang/NoSuchMethodError'{0x00000000d55e1878}: 'java.lang.Object java.lang.invoke.DirectMethodHandle$Holder.newInvokeSpecial(java.lang.Object, java.lang.Object, int)'> (0x00000000d55e1878) 
thrown [s\src\hotspot\share\interpreter\linkResolver.cpp, line 773]
Event: 11.300 Thread 0x000001f9d486dec0 Exception <a 'sun/nio/fs/WindowsException'{0x00000000d5cca970}> (0x00000000d5cca970) 
thrown [s\src\hotspot\share\prims\jni.cpp, line 520]

ZGC Phase Switch (0 events):
No events

VM Operations (20 events):
Event: 11.166 Executing safepoint VM operation: ParallelGCFailedAllocation (Allocation Failure) done
Event: 11.372 Executing safepoint VM operation: ICBufferFull
Event: 11.372 Executing safepoint VM operation: ICBufferFull done
Event: 11.373 Executing safepoint VM operation: ParallelGCFailedAllocation (Allocation Failure)
Event: 11.377 Executing safepoint VM operation: ParallelGCFailedAllocation (Allocation Failure) done
Event: 11.582 Executing safepoint VM operation: ParallelGCFailedAllocation (Allocation Failure)
Event: 11.587 Executing safepoint VM operation: ParallelGCFailedAllocation (Allocation Failure) done
Event: 12.601 Executing safepoint VM operation: Cleanup
Event: 12.647 Executing safepoint VM operation: Cleanup done
Event: 13.661 Executing safepoint VM operation: Cleanup
Event: 13.661 Executing safepoint VM operation: Cleanup done
Event: 13.780 Executing safepoint VM operation: ParallelGCFailedAllocation (Allocation Failure)
Event: 13.783 Executing safepoint VM operation: ParallelGCFailedAllocation (Allocation Failure) done
Event: 14.092 Executing safepoint VM operation: ParallelGCFailedAllocation (Allocation Failure)
Event: 14.093 Executing safepoint VM operation: ParallelGCFailedAllocation (Allocation Failure) done
Event: 14.216 Executing non-safepoint VM operation: HandshakeAllThreads (Deoptimize)
Event: 14.217 Executing non-safepoint VM operation: HandshakeAllThreads (Deoptimize) done
Event: 14.226 Executing non-safepoint VM operation: HandshakeAllThreads (Deoptimize)
Event: 14.227 Executing non-safepoint VM operation: HandshakeAllThreads (Deoptimize) done
Event: 15.233 Executing safepoint VM operation: Cleanup

Memory protections (0 events):
No events

Nmethod flushes (20 events):
Event: 10.118 Thread 0x000001f9f51afb90 flushing osr nmethod 0x000001f980794590
Event: 10.118 Thread 0x000001f9f51afb90 flushing osr nmethod 0x000001f980796290
Event: 10.118 Thread 0x000001f9f51afb90 flushing osr nmethod 0x000001f9807eed10
Event: 10.118 Thread 0x000001f9f51afb90 flushing  nmethod 0x000001f9807f4410
Event: 10.118 Thread 0x000001f9f51afb90 flushing  nmethod 0x000001f980807d10
Event: 10.118 Thread 0x000001f9f51afb90 flushing  nmethod 0x000001f980817690
Event: 10.118 Thread 0x000001f9f51afb90 flushing  nmethod 0x000001f980824b10
Event: 10.118 Thread 0x000001f9f51afb90 flushing  nmethod 0x000001f98082a890
Event: 10.118 Thread 0x000001f9f51afb90 flushing  nmethod 0x000001f980846d90
Event: 10.118 Thread 0x000001f9f51afb90 flushing  nmethod 0x000001f98084b190
Event: 10.118 Thread 0x000001f9f51afb90 flushing  nmethod 0x000001f98084bc90
Event: 10.118 Thread 0x000001f9f51afb90 flushing  nmethod 0x000001f98084c790
Event: 10.118 Thread 0x000001f9f51afb90 flushing  nmethod 0x000001f98084cc10
Event: 10.118 Thread 0x000001f9f51afb90 flushing  nmethod 0x000001f98084d190
Event: 10.118 Thread 0x000001f9f51afb90 flushing  nmethod 0x000001f98084e910
Event: 10.118 Thread 0x000001f9f51afb90 flushing  nmethod 0x000001f980856d10
Event: 10.118 Thread 0x000001f9f51afb90 flushing  nmethod 0x000001f98087cc90
Event: 10.118 Thread 0x000001f9f51afb90 flushing  nmethod 0x000001f98088d010
Event: 10.118 Thread 0x000001f9f51afb90 flushing  nmethod 0x000001f98088e090
Event: 10.118 Thread 0x000001f9f51afb90 flushing  nmethod 0x000001f9808d3510

Events (20 events):
Event: 9.909 Thread 0x000001f9d78d5f20 Thread added: 0x000001f9d78db470
Event: 9.909 Thread 0x000001f9d78d7960 Thread added: 0x000001f9d78dbb00
Event: 9.909 Thread 0x000001f9d78da750 Thread added: 0x000001f9d78dc190
Event: 10.258 Thread 0x000001f9d5deb830 Thread added: 0x000001f9d78dc820
Event: 10.271 Thread 0x000001f9d78dc820 Thread added: 0x000001f9d78dceb0
Event: 10.273 Thread 0x000001f9d78dceb0 Thread added: 0x000001f9d49ad6b0
Event: 10.291 Thread 0x000001f9d5deb830 Thread added: 0x000001f9d49af0f0
Event: 10.487 Thread 0x000001f9d5deb830 Thread added: 0x000001f9d49af780
Event: 10.497 Thread 0x000001f9d5deb830 Thread added: 0x000001f9d49ae3d0
Event: 10.593 Thread 0x000001f9d486cb10 Thread added: 0x000001f9d49aea60
Event: 10.612 Thread 0x000001f9d486cb10 Thread added: 0x000001f9d49afe10
Event: 10.649 Thread 0x000001f9d486cb10 Thread added: 0x000001f9d49ac990
Event: 10.650 Thread 0x000001f9d486cb10 Thread added: 0x000001f9d49b04a0
Event: 10.692 Thread 0x000001f9d486cb10 Thread added: 0x000001f9d49ad020
Event: 10.711 Thread 0x000001f9d486cb10 Thread added: 0x000001f9d49b11c0
Event: 10.718 Thread 0x000001f9d486cb10 Thread added: 0x000001f9d49add40
Event: 10.728 Thread 0x000001f9d486cb10 Thread added: 0x000001f9d49b3920
Event: 10.744 Thread 0x000001f9d486cb10 Thread added: 0x000001f9d49b2c00
Event: 10.790 Thread 0x000001f9d486cb10 Thread added: 0x000001f9d49b1850
Event: 10.821 Thread 0x000001f9d486cb10 Thread added: 0x000001f9d49b2570


Dynamic libraries:
0x00007ff645960000 - 0x00007ff64596e000 	c:\Users\dell\.vscode\extensions\redhat.java-1.54.0-win32-x64\jre\21.0.10-win32-x86_64\bin\java.exe
0x00007ffa39760000 - 0x00007ffa399c7000 	C:\WINDOWS\SYSTEM32\ntdll.dll
0x00007ffa377f0000 - 0x00007ffa378b9000 	C:\WINDOWS\System32\KERNEL32.DLL
0x00007ffa36240000 - 0x00007ffa36637000 	C:\WINDOWS\System32\KERNELBASE.dll
0x00007ffa36f40000 - 0x00007ffa3708b000 	C:\WINDOWS\System32\ucrtbase.dll
0x00007ffa26ec0000 - 0x00007ffa26ed8000 	c:\Users\dell\.vscode\extensions\redhat.java-1.54.0-win32-x64\jre\21.0.10-win32-x86_64\bin\jli.dll
0x00007ffa25a50000 - 0x00007ffa25a6e000 	c:\Users\dell\.vscode\extensions\redhat.java-1.54.0-win32-x64\jre\21.0.10-win32-x86_64\bin\VCRUNTIME140.dll
0x00007ffa380c0000 - 0x00007ffa38286000 	C:\WINDOWS\System32\USER32.dll
0x00007ffa373f0000 - 0x00007ffa37417000 	C:\WINDOWS\System32\win32u.dll
0x00007ffa1a710000 - 0x00007ffa1a9a2000 	C:\WINDOWS\WinSxS\amd64_microsoft.windows.common-controls_6595b64144ccf1df_6.0.26100.8457_none_3e0b2faee331e92d\COMCTL32.dll
0x00007ffa376b0000 - 0x00007ffa376db000 	C:\WINDOWS\System32\GDI32.dll
0x00007ffa38010000 - 0x00007ffa380b9000 	C:\WINDOWS\System32\msvcrt.dll
0x00007ffa37090000 - 0x00007ffa371bc000 	C:\WINDOWS\System32\gdi32full.dll
0x00007ffa36190000 - 0x00007ffa36233000 	C:\WINDOWS\System32\msvcp_win.dll
0x00007ffa376e0000 - 0x00007ffa37712000 	C:\WINDOWS\System32\IMM32.DLL
0x00007ffa24090000 - 0x00007ffa2409c000 	c:\Users\dell\.vscode\extensions\redhat.java-1.54.0-win32-x64\jre\21.0.10-win32-x86_64\bin\vcruntime140_1.dll
0x00007ff9d3390000 - 0x00007ff9d341d000 	c:\Users\dell\.vscode\extensions\redhat.java-1.54.0-win32-x64\jre\21.0.10-win32-x86_64\bin\msvcp140.dll
0x00007ff997a60000 - 0x00007ff998801000 	c:\Users\dell\.vscode\extensions\redhat.java-1.54.0-win32-x64\jre\21.0.10-win32-x86_64\bin\server\jvm.dll
0x00007ffa37950000 - 0x00007ffa37a06000 	C:\WINDOWS\System32\ADVAPI32.dll
0x00007ffa37f60000 - 0x00007ffa38007000 	C:\WINDOWS\System32\sechost.dll
0x00007ffa37e40000 - 0x00007ffa37f58000 	C:\WINDOWS\System32\RPCRT4.dll
0x00007ffa38460000 - 0x00007ffa384e0000 	C:\WINDOWS\System32\WS2_32.dll
0x00007ffa24f00000 - 0x00007ffa24f0b000 	C:\WINDOWS\SYSTEM32\VERSION.dll
0x00007ffa31060000 - 0x00007ffa31096000 	C:\WINDOWS\SYSTEM32\WINMM.dll
0x00007ffa35ff0000 - 0x00007ffa3604e000 	C:\WINDOWS\SYSTEM32\POWRPROF.dll
0x00007ffa35fd0000 - 0x00007ffa35fe4000 	C:\WINDOWS\SYSTEM32\UMPDC.dll
0x00007ffa34f20000 - 0x00007ffa34f3b000 	C:\WINDOWS\SYSTEM32\kernel.appcore.dll
0x00007ffa1bc10000 - 0x00007ffa1bc1a000 	c:\Users\dell\.vscode\extensions\redhat.java-1.54.0-win32-x64\jre\21.0.10-win32-x86_64\bin\jimage.dll
0x00007ffa33ff0000 - 0x00007ffa34232000 	C:\WINDOWS\SYSTEM32\DBGHELP.DLL
0x00007ffa39390000 - 0x00007ffa39713000 	C:\WINDOWS\System32\combase.dll
0x00007ffa37b00000 - 0x00007ffa37bd9000 	C:\WINDOWS\System32\OLEAUT32.dll
0x00007ffa128d0000 - 0x00007ffa1290b000 	C:\WINDOWS\SYSTEM32\dbgcore.DLL
0x00007ffa37340000 - 0x00007ffa373e8000 	C:\WINDOWS\System32\bcryptPrimitives.dll
0x00007ffa1bc00000 - 0x00007ffa1bc0f000 	c:\Users\dell\.vscode\extensions\redhat.java-1.54.0-win32-x64\jre\21.0.10-win32-x86_64\bin\instrument.dll
0x00007ffa17e20000 - 0x00007ffa17e40000 	c:\Users\dell\.vscode\extensions\redhat.java-1.54.0-win32-x64\jre\21.0.10-win32-x86_64\bin\java.dll
0x00007ffa38590000 - 0x00007ffa38cfe000 	C:\WINDOWS\System32\SHELL32.dll
0x00007ffa366d0000 - 0x00007ffa36f3c000 	C:\WINDOWS\System32\windows.storage.dll
0x00007ffa37c40000 - 0x00007ffa37d36000 	C:\WINDOWS\System32\SHCORE.dll
0x00007ffa37640000 - 0x00007ffa376a6000 	C:\WINDOWS\System32\shlwapi.dll
0x00007ffa360b0000 - 0x00007ffa360d9000 	C:\WINDOWS\SYSTEM32\profapi.dll
0x00007ffa134c0000 - 0x00007ffa134d8000 	c:\Users\dell\.vscode\extensions\redhat.java-1.54.0-win32-x64\jre\21.0.10-win32-x86_64\bin\zip.dll
0x00007ffa1bbf0000 - 0x00007ffa1bc00000 	C:\Users\dell\.vscode\extensions\redhat.java-1.54.0-win32-x64\jre\21.0.10-win32-x86_64\bin\net.dll
0x00007ffa2cd20000 - 0x00007ffa2ce49000 	C:\WINDOWS\SYSTEM32\WINHTTP.dll
0x00007ffa35490000 - 0x00007ffa354fc000 	C:\WINDOWS\system32\mswsock.dll
0x00007ffa05460000 - 0x00007ffa05476000 	C:\Users\dell\.vscode\extensions\redhat.java-1.54.0-win32-x64\jre\21.0.10-win32-x86_64\bin\nio.dll
0x00007ff9ed780000 - 0x00007ff9ed790000 	c:\Users\dell\.vscode\extensions\redhat.java-1.54.0-win32-x64\jre\21.0.10-win32-x86_64\bin\verify.dll
0x00007ff9ebbc0000 - 0x00007ff9ebc05000 	C:\Users\dell\AppData\Roaming\Code\User\globalStorage\redhat.java\1.54.0\config_win\org.eclipse.equinox.launcher\org.eclipse.equinox.launcher.win32.win32.x86_64_1.3.0.v20260203-2149\eclipse_11919.dll
0x00007ffa38290000 - 0x00007ffa38427000 	C:\WINDOWS\System32\ole32.dll
0x00007ffa35770000 - 0x00007ffa3578b000 	C:\WINDOWS\SYSTEM32\CRYPTSP.dll
0x00007ffa34e80000 - 0x00007ffa34eb9000 	C:\WINDOWS\system32\rsaenh.dll
0x00007ffa35540000 - 0x00007ffa35573000 	C:\WINDOWS\SYSTEM32\USERENV.dll
0x00007ffa36080000 - 0x00007ffa360aa000 	C:\WINDOWS\SYSTEM32\bcrypt.dll
0x00007ffa35790000 - 0x00007ffa3579c000 	C:\WINDOWS\SYSTEM32\CRYPTBASE.dll
0x00007ffa348e0000 - 0x00007ffa34912000 	C:\WINDOWS\SYSTEM32\IPHLPAPI.DLL
0x00007ffa39380000 - 0x00007ffa3938a000 	C:\WINDOWS\System32\NSI.dll
0x00007ff9d52c0000 - 0x00007ff9d5309000 	C:\Users\dell\AppData\Local\Temp\jna-3079617\jna3062751211786732734.dll
0x00007ffa377e0000 - 0x00007ffa377e8000 	C:\WINDOWS\System32\PSAPI.DLL
0x00007ffa2f3d0000 - 0x00007ffa2f3ed000 	C:\WINDOWS\SYSTEM32\dhcpcsvc6.DLL
0x00007ffa2f3a0000 - 0x00007ffa2f3c5000 	C:\WINDOWS\SYSTEM32\dhcpcsvc.DLL

JVMTI agents:
c:\Users\dell\.vscode\extensions\redhat.java-1.54.0-win32-x64\lombok\lombok-1.18.39-4050.jar path:c:\Users\dell\.vscode\extensions\redhat.java-1.54.0-win32-x64\jre\21.0.10-win32-x86_64\bin\instrument.dll, loaded, initialized, instrumentlib options:none

dbghelp: loaded successfully - version: 4.0.5 - missing functions: none
symbol engine: initialized successfully - sym options: 0x614 - pdb path: .;c:\Users\dell\.vscode\extensions\redhat.java-1.54.0-win32-x64\jre\21.0.10-win32-x86_64\bin;C:\WINDOWS\SYSTEM32;C:\WINDOWS\WinSxS\amd64_microsoft.windows.common-controls_6595b64144ccf1df_6.0.26100.8457_none_3e0b2faee331e92d;c:\Users\dell\.vscode\extensions\redhat.java-1.54.0-win32-x64\jre\21.0.10-win32-x86_64\bin\server;C:\Users\dell\AppData\Roaming\Code\User\globalStorage\redhat.java\1.54.0\config_win\org.eclipse.equinox.launcher\org.eclipse.equinox.launcher.win32.win32.x86_64_1.3.0.v20260203-2149;C:\Users\dell\AppData\Local\Temp\jna-3079617

VM Arguments:
jvm_args: --add-modules=ALL-SYSTEM --add-opens=java.base/java.util=ALL-UNNAMED --add-opens=java.base/java.lang=ALL-UNNAMED --add-opens=java.base/sun.nio.fs=ALL-UNNAMED -Declipse.application=org.eclipse.jdt.ls.core.id1 -Dosgi.bundles.defaultStartLevel=4 -Declipse.product=org.eclipse.jdt.ls.core.product -Djava.import.generatesMetadataFilesAtProjectRoot=false -DDetectVMInstallationsJob.disabled=true -Dfile.encoding=utf8 -XX:+UseParallelGC -XX:GCTimeRatio=4 -XX:AdaptiveSizePolicyWeight=90 -Dsun.zip.disableMemoryMapping=true -Xmx2G -Xms100m -Xlog:disable -javaagent:c:\Users\dell\.vscode\extensions\redhat.java-1.54.0-win32-x64\lombok\lombok-1.18.39-4050.jar -XX:+HeapDumpOnOutOfMemoryError -XX:HeapDumpPath=c:\Users\dell\AppData\Roaming\Code\User\workspaceStorage\825c9b729f276fa6f788dd2d7ea7dcd6\redhat.java -Daether.dependencyCollector.impl=bf 
java_command: c:\Users\dell\.vscode\extensions\redhat.java-1.54.0-win32-x64\server\plugins\org.eclipse.equinox.launcher_1.7.100.v20251111-0406.jar -configuration c:\Users\dell\AppData\Roaming\Code\User\globalStorage\redhat.java\1.54.0\config_win -data c:\Users\dell\AppData\Roaming\Code\User\workspaceStorage\825c9b729f276fa6f788dd2d7ea7dcd6\redhat.java\jdt_ws --pipe=\\.\pipe\lsp-fc3d2c902f2b178b44a740abe9fd7365-sock
java_class_path (initial): c:\Users\dell\.vscode\extensions\redhat.java-1.54.0-win32-x64\server\plugins\org.eclipse.equinox.launcher_1.7.100.v20251111-0406.jar
Launcher Type: SUN_STANDARD

[Global flags]
    uintx AdaptiveSizePolicyWeight                 = 90                                        {product} {command line}
     intx CICompilerCount                          = 4                                         {product} {ergonomic}
    uintx GCTimeRatio                              = 4                                         {product} {command line}
     bool HeapDumpOnOutOfMemoryError               = true                                   {manageable} {command line}
    ccstr HeapDumpPath                             = c:\Users\dell\AppData\Roaming\Code\User\workspaceStorage\825c9b729f276fa6f788dd2d7ea7dcd6\redhat.java         {manageable} {command line}
   size_t InitialHeapSize                          = 104857600                                 {product} {command line}
   size_t MaxHeapSize                              = 2147483648                                {product} {command line}
   size_t MaxNewSize                               = 715653120                                 {product} {ergonomic}
   size_t MinHeapDeltaBytes                        = 524288                                    {product} {ergonomic}
   size_t MinHeapSize                              = 104857600                                 {product} {command line}
   size_t NewSize                                  = 34603008                                  {product} {ergonomic}
    uintx NonNMethodCodeHeapSize                   = 5839372                                {pd product} {ergonomic}
    uintx NonProfiledCodeHeapSize                  = 122909434                              {pd product} {ergonomic}
   size_t OldSize                                  = 70254592                                  {product} {ergonomic}
    uintx ProfiledCodeHeapSize                     = 122909434                              {pd product} {ergonomic}
    uintx ReservedCodeCacheSize                    = 251658240                              {pd product} {ergonomic}
     bool SegmentedCodeCache                       = true                                      {product} {ergonomic}
   size_t SoftMaxHeapSize                          = 2147483648                             {manageable} {ergonomic}
     bool UseCompressedOops                        = true                           {product lp64_product} {ergonomic}
     bool UseLargePagesIndividualAllocation        = false                                  {pd product} {ergonomic}
     bool UseParallelGC                            = true                                      {product} {command line}

Logging:
Log output configuration:
 #0: stdout all=off uptime,level,tags foldmultilines=false
 #1: stderr all=off uptime,level,tags foldmultilines=false

Release file:
JAVA_VERSION="21.0.10" 
MODULES="java.base java.compiler java.datatransfer java.xml java.prefs java.desktop java.instrument java.logging java.management java.security.sasl java.naming java.rmi java.management.rmi java.net.http java.scripting java.security.jgss java.transaction.xa java.sql java.sql.rowset java.xml.crypto java.se java.smartcardio jdk.accessibility jdk.internal.jvmstat jdk.attach jdk.charsets jdk.internal.opt jdk.zipfs jdk.compiler jdk.crypto.ec jdk.crypto.cryptoki jdk.crypto.mscapi jdk.dynalink jdk.internal.ed jdk.editpad jdk.hotspot.agent jdk.httpserver jdk.internal.le jdk.internal.vm.ci jdk.internal.vm.compiler jdk.internal.vm.compiler.management jdk.jartool jdk.javadoc jdk.jcmd jdk.management jdk.management.agent jdk.jconsole jdk.jdeps jdk.jdwp.agent jdk.jdi jdk.jfr jdk.jshell jdk.jsobject jdk.jstatd jdk.localedata jdk.management.jfr jdk.naming.dns jdk.naming.rmi jdk.net jdk.nio.mapmode jdk.random jdk.sctp jdk.security.auth jdk.security.jgss jdk.unsupported jdk.unsupported.desktop jdk.xml.dom" 

Environment Variables:
JAVA_HOME=C:\Program Files\Eclipse Adoptium\jdk-17.0.14.7-hotspot\
PATH=C:\Program Files\Eclipse Adoptium\jdk-17.0.14.7-hotspot\bin;C:\WINDOWS\system32;C:\WINDOWS;C:\WINDOWS\System32\Wbem;C:\WINDOWS\System32\WindowsPowerShell\v1.0\;C:\WINDOWS\System32\OpenSSH\;C:\Program Files\dotnet\;C:\Program Files\MySQL\MySQL Server 8.0\bin;C:\Program Files\Git\cmd;C:\Program Files\nodejs\;C:\Program Files\Docker\Docker\resources\bin;C:\Program Files\MongoDB\Server\8.2\bin;C:\Users\dell\AppData\Local\Programs\mongosh;C:\Users\dell\Downloads\ngrok-v3-stable-windows-amd64;C:\Program Files\Microsoft SQL Server\170\Tools\Binn\;C:\Program Files\Microsoft SQL Server\Client SDK\ODBC\170\Tools\Binn\;C:\Users\dell\AppData\Local\Programs\Python\Python311\Scripts\;C:\Users\dell\AppData\Local\Programs\Python\Python311\;C:\Program Files\MySQL\MySQL Shell 8.0\bin\;C:\Users\dell\AppData\Local\Programs\Python\Launcher\;C:\Users\dell\AppData\Local\Microsoft\WindowsApps;C:\MinGW\bin;C:\Users\dell\AppData\Local\Programs\Microsoft VS Code\bin;C:\Users\dell\AppData\Roaming\Python\Python312\Scripts;C:\Program Files\JetBrains\IntelliJ IDEA Community Edition 2024.3.2.1\bin;;C:\Users\dell\AppData\Local\GitHubDesktop\bin;C:\Users\dell\AppData\Roaming\npm;C:\Users\dell\.dotnet\tools;C:\Users\dell\AppData\Local\Programs\mongosh\;C:\Users\dell\AppData\Local\Programs\Antigravity\bin;C:\Users\dell\AppData\Local\Programs\Kiro\bin;C:\Users\dell\AppData\Local\Programs\Antigravity IDE\bin
USERNAME=dell
OS=Windows_NT
PROCESSOR_IDENTIFIER=Intel64 Family 6 Model 186 Stepping 3, GenuineIntel
TMP=C:\Users\dell\AppData\Local\Temp
TEMP=C:\Users\dell\AppData\Local\Temp




Periodic native trim disabled

---------------  S Y S T E M  ---------------

OS:
 Windows 11 , 64 bit Build 26100 (10.0.26100.8328)
OS uptime: 3 days 3:34 hours
Hyper-V role detected

CPU: total 12 (initial active 12) (6 cores per cpu, 2 threads per core) family 6 model 186 stepping 3 microcode 0x6134, cx8, cmov, fxsr, ht, mmx, 3dnowpref, sse, sse2, sse3, ssse3, sse4.1, sse4.2, popcnt, lzcnt, tsc, tscinvbit, avx, avx2, aes, erms, clmul, bmi1, bmi2, adx, sha, fma, vzeroupper, clflush, clflushopt, clwb, hv, serialize, rdtscp, rdpid, fsrm, f16c, cet_ibt, cet_ss
Processor Information for the first 12 processors :
  Max Mhz: 1300, Current Mhz: 1300, Mhz Limit: 1300

Memory: 4k page, system-wide physical 7876M (526M free)
TotalPageFile size 32452M (AvailPageFile size 2M)
current process WorkingSet (physical memory assigned to process): 295M, peak: 298M
current process commit charge ("private bytes"): 380M, peak: 395M

vm_info: OpenJDK 64-Bit Server VM (21.0.10+7-LTS) for windows-amd64 JRE (21.0.10+7-LTS), built on 2026-01-20T00:00:00Z by "admin" with MS VC++ 17.12 (VS2022)

END.
