#
# There is insufficient memory for the Java Runtime Environment to continue.
# Native memory allocation (malloc) failed to allocate 807216 bytes. Error detail: Chunk::new
# Possible reasons:
#   The system is out of physical RAM or swap space
#   This process is running with CompressedOops enabled, and the Java Heap may be blocking the growth of the native heap
# Possible solutions:
#   Reduce memory load on the system
#   Increase physical memory or swap space
#   Check if swap backing store is full
#   Decrease Java heap size (-Xmx/-Xms)
#   Decrease number of Java threads
#   Decrease Java thread stack sizes (-Xss)
#   Set larger code cache with -XX:ReservedCodeCacheSize=
#   JVM is running with Unscaled Compressed Oops mode in which the Java heap is
#     placed in the first 4GB address space. The Java Heap base address is the
#     maximum limit for the native heap growth. Please use -XX:HeapBaseMinAddress
#     to set the Java Heap base and to place the Java Heap above 4GB virtual address.
# This output file may be truncated or incomplete.
#
#  Out of Memory Error (arena.cpp:168), pid=13020, tid=20552
#
# JRE version: OpenJDK Runtime Environment Temurin-21.0.10+7 (21.0.10+7) (build 21.0.10+7-LTS)
# Java VM: OpenJDK 64-Bit Server VM Temurin-21.0.10+7 (21.0.10+7-LTS, mixed mode, sharing, tiered, compressed oops, compressed class ptrs, parallel gc, windows-amd64)
# No core dump will be written. Minidumps are not enabled by default on client versions of Windows
#

---------------  S U M M A R Y ------------

Command Line: --add-modules=ALL-SYSTEM --add-opens=java.base/java.util=ALL-UNNAMED --add-opens=java.base/java.lang=ALL-UNNAMED --add-opens=java.base/sun.nio.fs=ALL-UNNAMED -Declipse.application=org.eclipse.jdt.ls.core.id1 -Dosgi.bundles.defaultStartLevel=4 -Declipse.product=org.eclipse.jdt.ls.core.product -Djava.import.generatesMetadataFilesAtProjectRoot=false -DDetectVMInstallationsJob.disabled=true -Dfile.encoding=utf8 -XX:+UseParallelGC -XX:GCTimeRatio=4 -XX:AdaptiveSizePolicyWeight=90 -Dsun.zip.disableMemoryMapping=true -Xmx2G -Xms100m -Xlog:disable -javaagent:c:\Users\dell\.vscode\extensions\redhat.java-1.54.0-win32-x64\lombok\lombok-1.18.39-4050.jar -XX:+HeapDumpOnOutOfMemoryError -XX:HeapDumpPath=c:\Users\dell\AppData\Roaming\Code\User\workspaceStorage\825c9b729f276fa6f788dd2d7ea7dcd6\redhat.java -Daether.dependencyCollector.impl=bf c:\Users\dell\.vscode\extensions\redhat.java-1.54.0-win32-x64\server\plugins\org.eclipse.equinox.launcher_1.7.100.v20251111-0406.jar -configuration c:\Users\dell\AppData\Roaming\Code\User\globalStorage\redhat.java\1.54.0\config_win -data c:\Users\dell\AppData\Roaming\Code\User\workspaceStorage\825c9b729f276fa6f788dd2d7ea7dcd6\redhat.java\jdt_ws --pipe=\\.\pipe\lsp-26c97d55fe90016a2e75b299f15957b9-sock

Host: 13th Gen Intel(R) Core(TM) i5-1335U, 12 cores, 7G,  Windows 11 , 64 bit Build 26100 (10.0.26100.8328)
Time: Fri May 22 00:34:12 2026 India Standard Time elapsed time: 15.229790 seconds (0d 0h 0m 15s)

---------------  T H R E A D  ---------------

Current thread (0x00000255dd904740):  JavaThread "C2 CompilerThread1" daemon [_thread_in_native, id=20552, stack(0x000000c53cb00000,0x000000c53cc00000) (1024K)]


Current CompileTask:
C2:15230 3973   !   4       org.eclipse.osgi.internal.loader.classpath.ClasspathManager::findClassImpl (328 bytes)

Stack: [0x000000c53cb00000,0x000000c53cc00000]
Native frames: (J=compiled Java code, j=interpreted, Vv=VM code, C=native code)
V  [jvm.dll+0x6d7a39]
V  [jvm.dll+0x8b4b26]
V  [jvm.dll+0x8b70de]
V  [jvm.dll+0x8b77c3]
V  [jvm.dll+0x284346]
V  [jvm.dll+0xc66ed]
V  [jvm.dll+0xc6c31]
V  [jvm.dll+0x2fb29e]
V  [jvm.dll+0x5fe884]
V  [jvm.dll+0x255b17]
V  [jvm.dll+0x255edd]
V  [jvm.dll+0x24e500]
V  [jvm.dll+0x24ba42]
V  [jvm.dll+0x1cb34e]
V  [jvm.dll+0x25b85d]
V  [jvm.dll+0x259dea]
V  [jvm.dll+0x3f857e]
V  [jvm.dll+0x85f59d]
V  [jvm.dll+0x6d626d]
C  [ucrtbase.dll+0x37b0]
C  [KERNEL32.DLL+0x2e957]
C  [ntdll.dll+0x427c]


---------------  P R O C E S S  ---------------

Threads class SMR info:
_java_thread_list=0x00000255e40004d0, length=26, elements={
0x00000255c243b3e0, 0x00000255c4938b10, 0x00000255c4939770, 0x00000255c493ca20,
0x00000255c493f7f0, 0x00000255c4942d80, 0x00000255c49455c0, 0x00000255dc6caf80,
0x00000255c494be80, 0x00000255dc8caac0, 0x00000255dc8cb150, 0x00000255dc8ca430,
0x00000255dc8c9da0, 0x00000255e2236440, 0x00000255e22377f0, 0x00000255e2238510,
0x00000255e2239230, 0x00000255e2235db0, 0x00000255e2238ba0, 0x00000255e2237e80,
0x00000255e2236ad0, 0x00000255e22398c0, 0x00000255e2239f50, 0x00000255dd904740,
0x00000255e29227b0, 0x00000255e223a5e0
}

Java Threads: ( => current thread )
  0x00000255c243b3e0 JavaThread "main"                              [_thread_blocked, id=13240, stack(0x000000c53a700000,0x000000c53a800000) (1024K)]
  0x00000255c4938b10 JavaThread "Reference Handler"          daemon [_thread_blocked, id=25472, stack(0x000000c53ab00000,0x000000c53ac00000) (1024K)]
  0x00000255c4939770 JavaThread "Finalizer"                  daemon [_thread_blocked, id=22736, stack(0x000000c53ac00000,0x000000c53ad00000) (1024K)]
  0x00000255c493ca20 JavaThread "Signal Dispatcher"          daemon [_thread_blocked, id=18080, stack(0x000000c53ad00000,0x000000c53ae00000) (1024K)]
  0x00000255c493f7f0 JavaThread "Attach Listener"            daemon [_thread_blocked, id=17152, stack(0x000000c53ae00000,0x000000c53af00000) (1024K)]
  0x00000255c4942d80 JavaThread "Service Thread"             daemon [_thread_blocked, id=29056, stack(0x000000c53af00000,0x000000c53b000000) (1024K)]
  0x00000255c49455c0 JavaThread "Monitor Deflation Thread"   daemon [_thread_blocked, id=19756, stack(0x000000c53b000000,0x000000c53b100000) (1024K)]
  0x00000255dc6caf80 JavaThread "C2 CompilerThread0"         daemon [_thread_in_native, id=18540, stack(0x000000c53b100000,0x000000c53b200000) (1024K)]
  0x00000255c494be80 JavaThread "C1 CompilerThread0"         daemon [_thread_blocked, id=18704, stack(0x000000c53b200000,0x000000c53b300000) (1024K)]
  0x00000255dc8caac0 JavaThread "Common-Cleaner"             daemon [_thread_blocked, id=6464, stack(0x000000c53b400000,0x000000c53b500000) (1024K)]
  0x00000255dc8cb150 JavaThread "Notification Thread"        daemon [_thread_blocked, id=14608, stack(0x000000c53b500000,0x000000c53b600000) (1024K)]
  0x00000255dc8ca430 JavaThread "Active Thread: Equinox Container: f3eea15e-5c36-4ed7-b63e-fcdc9e7c9f80"        [_thread_blocked, id=972, stack(0x000000c53bd00000,0x000000c53be00000) (1024K)]
  0x00000255dc8c9da0 JavaThread "Refresh Thread: Equinox Container: f3eea15e-5c36-4ed7-b63e-fcdc9e7c9f80" daemon [_thread_blocked, id=11612, stack(0x000000c53bf00000,0x000000c53c000000) (1024K)]
  0x00000255e2236440 JavaThread "Framework Event Dispatcher: Equinox Container: f3eea15e-5c36-4ed7-b63e-fcdc9e7c9f80" daemon [_thread_blocked, id=18584, stack(0x000000c53c000000,0x000000c53c100000) (1024K)]
  0x00000255e22377f0 JavaThread "Start Level: Equinox Container: f3eea15e-5c36-4ed7-b63e-fcdc9e7c9f80" daemon [_thread_in_vm, id=30256, stack(0x000000c53c100000,0x000000c53c200000) (1024K)]
  0x00000255e2238510 JavaThread "Bundle File Closer"         daemon [_thread_blocked, id=26524, stack(0x000000c53c400000,0x000000c53c500000) (1024K)]
  0x00000255e2239230 JavaThread "SCR Component Actor"        daemon [_thread_blocked, id=12016, stack(0x000000c53b300000,0x000000c53b400000) (1024K)]
  0x00000255e2235db0 JavaThread "Worker-JM"                         [_thread_blocked, id=3896, stack(0x000000c53c600000,0x000000c53c700000) (1024K)]
  0x00000255e2238ba0 JavaThread "JNA Cleaner"                daemon [_thread_blocked, id=20052, stack(0x000000c53b600000,0x000000c53b700000) (1024K)]
  0x00000255e2237e80 JavaThread "Worker-0: Updating Maven Dependencies"        [_thread_blocked, id=15668, stack(0x000000c53c700000,0x000000c53c800000) (1024K)]
  0x00000255e2236ad0 JavaThread "Worker-1: Repository registry initialization"        [_thread_in_vm, id=30052, stack(0x000000c53c800000,0x000000c53c900000) (1024K)]
  0x00000255e22398c0 JavaThread "Worker-2"                          [_thread_blocked, id=29328, stack(0x000000c53c900000,0x000000c53ca00000) (1024K)]
  0x00000255e2239f50 JavaThread "Worker-3"                          [_thread_blocked, id=5252, stack(0x000000c53ca00000,0x000000c53cb00000) (1024K)]
=>0x00000255dd904740 JavaThread "C2 CompilerThread1"         daemon [_thread_in_native, id=20552, stack(0x000000c53cb00000,0x000000c53cc00000) (1024K)]
  0x00000255e29227b0 JavaThread "C2 CompilerThread2"         daemon [_thread_in_native, id=21056, stack(0x000000c53cc00000,0x000000c53cd00000) (1024K)]
  0x00000255e223a5e0 JavaThread "Java indexing"              daemon [_thread_blocked, id=8000, stack(0x000000c53cd00000,0x000000c53ce00000) (1024K)]
Total: 26

Other Threads:
  0x00000255db324480 VMThread "VM Thread"                           [id=18256, stack(0x000000c53aa00000,0x000000c53ab00000) (1024K)]
  0x00000255db21ca00 WatcherThread "VM Periodic Task Thread"        [id=25168, stack(0x000000c53a900000,0x000000c53aa00000) (1024K)]
  0x00000255c48b0890 WorkerThread "GC Thread#0"                     [id=19668, stack(0x000000c53a800000,0x000000c53a900000) (1024K)]
  0x00000255dd64e4b0 WorkerThread "GC Thread#1"                     [id=15276, stack(0x000000c53b700000,0x000000c53b800000) (1024K)]
  0x00000255dd7e0d40 WorkerThread "GC Thread#2"                     [id=26344, stack(0x000000c53b800000,0x000000c53b900000) (1024K)]
  0x00000255dd7e10f0 WorkerThread "GC Thread#3"                     [id=17348, stack(0x000000c53b900000,0x000000c53ba00000) (1024K)]
  0x00000255dd7e14a0 WorkerThread "GC Thread#4"                     [id=29588, stack(0x000000c53ba00000,0x000000c53bb00000) (1024K)]
  0x00000255dd7e1850 WorkerThread "GC Thread#5"                     [id=28776, stack(0x000000c53bb00000,0x000000c53bc00000) (1024K)]
  0x00000255dd7e1c00 WorkerThread "GC Thread#6"                     [id=27192, stack(0x000000c53bc00000,0x000000c53bd00000) (1024K)]
  0x00000255dca71280 WorkerThread "GC Thread#7"                     [id=11328, stack(0x000000c53be00000,0x000000c53bf00000) (1024K)]
  0x00000255dca724f0 WorkerThread "GC Thread#8"                     [id=3696, stack(0x000000c53c200000,0x000000c53c300000) (1024K)]
  0x00000255dca728a0 WorkerThread "GC Thread#9"                     [id=21392, stack(0x000000c53c300000,0x000000c53c400000) (1024K)]
Total: 12

Threads with active compile tasks:
C2 CompilerThread0  19377 3871       4       org.lombokweb.asm.ClassReader::readMethod (1070 bytes)
C2 CompilerThread1  19377 3973   !   4       org.eclipse.osgi.internal.loader.classpath.ClasspathManager::findClassImpl (328 bytes)
C2 CompilerThread2  19377 4081       4       java.util.HashMap::putVal (300 bytes)
Total: 3

VM state: not at safepoint (normal execution)

VM Mutex/Monitor currently owned by a thread: None

Heap address: 0x0000000080000000, size: 2048 MB, Compressed Oops mode: 32-bit

CDS archive(s) mapped at: [0x0000025580000000-0x0000025580ba0000-0x0000025580ba0000), size 12189696, SharedBaseAddress: 0x0000025580000000, ArchiveRelocationMode: 1.
Compressed class space mapped at: 0x0000025581000000-0x00000255c1000000, reserved size: 1073741824
Narrow klass base: 0x0000025580000000, Narrow klass shift: 0, Narrow klass range: 0x100000000

GC Precious Log:
 CardTable entry size: 512
 CPUs: 12 total, 12 available
 Memory: 7876M
 Large Page Support: Disabled
 NUMA Support: Disabled
 Compressed Oops: Enabled (32-bit)
 Alignments: Space 512K, Generation 512K, Heap 2M
 Heap Min Capacity: 100M
 Heap Initial Capacity: 100M
 Heap Max Capacity: 2G
 Pre-touch: Disabled
 Parallel Workers: 10

Heap:
 PSYoungGen      total 24576K, used 15379K [0x00000000d5580000, 0x00000000d7380000, 0x0000000100000000)
  eden space 23040K, 60% used [0x00000000d5580000,0x00000000d6306390,0x00000000d6c00000)
  from space 1536K, 99% used [0x00000000d7200000,0x00000000d737e9f8,0x00000000d7380000)
  to   space 3584K, 0% used [0x00000000d6c80000,0x00000000d6c80000,0x00000000d7000000)
 ParOldGen       total 68608K, used 14626K [0x0000000080000000, 0x0000000084300000, 0x00000000d5580000)
  object space 68608K, 21% used [0x0000000080000000,0x0000000080e48bf8,0x0000000084300000)
 Metaspace       used 29986K, committed 30848K, reserved 1114112K
  class space    used 3030K, committed 3392K, reserved 1048576K

Card table byte_map: [0x00000255c4240000,0x00000255c4650000] _byte_map_base: 0x00000255c3e40000

Marking Bits: (ParMarkBitMap*) 0x00007ff998723450
 Begin Bits: [0x00000255d6d40000, 0x00000255d8d40000)
 End Bits:   [0x00000255d8d40000, 0x00000255dad40000)

Polling page: 0x00000255c2880000

Metaspace:

Usage:
  Non-class:     26.32 MB used.
      Class:      2.96 MB used.
       Both:     29.28 MB used.

Virtual space:
  Non-class space:       64.00 MB reserved,      26.81 MB ( 42%) committed,  1 nodes.
      Class space:        1.00 GB reserved,       3.31 MB ( <1%) committed,  1 nodes.
             Both:        1.06 GB reserved,      30.12 MB (  3%) committed. 

Chunk freelists:
   Non-Class:  4.38 MB
       Class:  12.66 MB
        Both:  17.04 MB

MaxMetaspaceSize: unlimited
CompressedClassSpaceSize: 1.00 GB
Initial GC threshold: 21.00 MB
Current GC threshold: 35.00 MB
CDS: on
 - commit_granule_bytes: 65536.
 - commit_granule_words: 8192.
 - virtual_space_node_default_size: 8388608.
 - enlarge_chunks_in_place: 1.
 - use_allocation_guard: 0.


Internal statistics:

num_allocs_failed_limit: 3.
num_arena_births: 730.
num_arena_deaths: 14.
num_vsnodes_births: 2.
num_vsnodes_deaths: 0.
num_space_committed: 482.
num_space_uncommitted: 0.
num_chunks_returned_to_freelist: 17.
num_chunks_taken_from_freelist: 1990.
num_chunk_merges: 9.
num_chunk_splits: 1249.
num_chunks_enlarged: 753.
num_inconsistent_stats: 0.

CodeHeap 'non-profiled nmethods': size=120000Kb used=1867Kb max_used=1867Kb free=118132Kb
 bounds [0x00000255cf560000, 0x00000255cf7d0000, 0x00000255d6a90000]
CodeHeap 'profiled nmethods': size=120000Kb used=8585Kb max_used=8585Kb free=111414Kb
 bounds [0x00000255c7a90000, 0x00000255c8300000, 0x00000255cefc0000]
CodeHeap 'non-nmethods': size=5760Kb used=1339Kb max_used=1358Kb free=4421Kb
 bounds [0x00000255cefc0000, 0x00000255cf230000, 0x00000255cf560000]
CodeCache: size=245760Kb, used=11791Kb, max_used=11810Kb, free=233967Kb
 total_blobs=4710, nmethods=4080, adapters=536, full_count=0
Compilation: enabled, stopped_count=0, restarted_count=0

Compilation events (20 events):
Event: 11.179 Thread 0x00000255c494be80 4045       3       org.eclipse.core.internal.dtree.DataTreeLookup::<init> (26 bytes)
Event: 11.180 Thread 0x00000255c494be80 nmethod 4045 0x00000255c82d3010 code [0x00000255c82d31c0, 0x00000255c82d3368]
Event: 11.180 Thread 0x00000255c494be80 4046       3       org.eclipse.core.internal.dtree.DataTreeLookup::newLookup (12 bytes)
Event: 11.180 Thread 0x00000255c494be80 nmethod 4046 0x00000255c82d3410 code [0x00000255c82d35c0, 0x00000255c82d3808]
Event: 11.180 Thread 0x00000255c494be80 4047       3       java.lang.Boolean::parseBoolean (7 bytes)
Event: 11.180 Thread 0x00000255c494be80 nmethod 4047 0x00000255c82d3910 code [0x00000255c82d3ac0, 0x00000255c82d3bf0]
Event: 11.181 Thread 0x00000255c494be80 4048       3       java.lang.ClassLoader::definePackage (53 bytes)
Event: 11.182 Thread 0x00000255c494be80 nmethod 4048 0x00000255c82d3c90 code [0x00000255c82d3ea0, 0x00000255c82d4400]
Event: 11.182 Thread 0x00000255c494be80 4052       3       com.sun.org.apache.xerces.internal.impl.dtd.XMLDTDProcessor::setFeature (1 bytes)
Event: 11.183 Thread 0x00000255c494be80 nmethod 4052 0x00000255c82d4690 code [0x00000255c82d4820, 0x00000255c82d4928]
Event: 11.183 Thread 0x00000255c494be80 4053       3       com.sun.org.apache.xerces.internal.impl.dtd.XMLDTDValidator::setFeature (1 bytes)
Event: 11.183 Thread 0x00000255c494be80 nmethod 4053 0x00000255c82d4990 code [0x00000255c82d4b20, 0x00000255c82d4c28]
Event: 11.183 Thread 0x00000255c494be80 4049       3       com.sun.org.apache.xerces.internal.util.AugmentationsImpl::<init> (17 bytes)
Event: 11.184 Thread 0x00000255c494be80 nmethod 4049 0x00000255c82d4c90 code [0x00000255c82d4e60, 0x00000255c82d5220]
Event: 11.184 Thread 0x00000255c494be80 4050       3       com.sun.org.apache.xerces.internal.util.AugmentationsImpl$SmallContainer::<init> (25 bytes)
Event: 11.184 Thread 0x00000255c494be80 nmethod 4050 0x00000255c82d5390 code [0x00000255c82d5540, 0x00000255c82d57d8]
Event: 11.184 Thread 0x00000255c494be80 4051       3       com.sun.org.apache.xerces.internal.util.AugmentationsImpl$AugmentationsItemsContainer::<init> (5 bytes)
Event: 11.184 Thread 0x00000255c494be80 nmethod 4051 0x00000255c82d5910 code [0x00000255c82d5ac0, 0x00000255c82d5c28]
Event: 11.184 Thread 0x00000255c494be80 4055       3       com.sun.org.apache.xerces.internal.dom.DeferredDocumentImpl::setChunkIndex (67 bytes)
Event: 15.220 Thread 0x00000255c494be80 nmethod 4055 0x00000255c82d5d10 code [0x00000255c82d5ee0, 0x00000255c82d61d8]

GC Heap History (20 events):
Event: 0.929 GC heap before
{Heap before GC invocations=2 (full 0):
 PSYoungGen      total 29696K, used 28887K [0x00000000d5580000, 0x00000000d7680000, 0x0000000100000000)
  eden space 25600K, 100% used [0x00000000d5580000,0x00000000d6e80000,0x00000000d6e80000)
  from space 4096K, 80% used [0x00000000d6e80000,0x00000000d71b5ea8,0x00000000d7280000)
  to   space 4096K, 0% used [0x00000000d7280000,0x00000000d7280000,0x00000000d7680000)
 ParOldGen       total 68608K, used 16K [0x0000000080000000, 0x0000000084300000, 0x00000000d5580000)
  object space 68608K, 0% used [0x0000000080000000,0x0000000080004000,0x0000000084300000)
 Metaspace       used 7940K, committed 8192K, reserved 1114112K
  class space    used 829K, committed 960K, reserved 1048576K
}
Event: 0.935 GC heap after
{Heap after GC invocations=2 (full 0):
 PSYoungGen      total 29696K, used 4070K [0x00000000d5580000, 0x00000000d7680000, 0x0000000100000000)
  eden space 25600K, 0% used [0x00000000d5580000,0x00000000d5580000,0x00000000d6e80000)
  from space 4096K, 99% used [0x00000000d7280000,0x00000000d7679800,0x00000000d7680000)
  to   space 4096K, 0% used [0x00000000d6e80000,0x00000000d6e80000,0x00000000d7280000)
 ParOldGen       total 68608K, used 2081K [0x0000000080000000, 0x0000000084300000, 0x00000000d5580000)
  object space 68608K, 3% used [0x0000000080000000,0x00000000802086a8,0x0000000084300000)
 Metaspace       used 7940K, committed 8192K, reserved 1114112K
  class space    used 829K, committed 960K, reserved 1048576K
}
Event: 1.260 GC heap before
{Heap before GC invocations=3 (full 0):
 PSYoungGen      total 29696K, used 29670K [0x00000000d5580000, 0x00000000d7680000, 0x0000000100000000)
  eden space 25600K, 100% used [0x00000000d5580000,0x00000000d6e80000,0x00000000d6e80000)
  from space 4096K, 99% used [0x00000000d7280000,0x00000000d7679800,0x00000000d7680000)
  to   space 4096K, 0% used [0x00000000d6e80000,0x00000000d6e80000,0x00000000d7280000)
 ParOldGen       total 68608K, used 2081K [0x0000000080000000, 0x0000000084300000, 0x00000000d5580000)
  object space 68608K, 3% used [0x0000000080000000,0x00000000802086a8,0x0000000084300000)
 Metaspace       used 9406K, committed 9728K, reserved 1114112K
  class space    used 1007K, committed 1152K, reserved 1048576K
}
Event: 1.266 GC heap after
{Heap after GC invocations=3 (full 0):
 PSYoungGen      total 29696K, used 4078K [0x00000000d5580000, 0x00000000d7680000, 0x0000000100000000)
  eden space 25600K, 0% used [0x00000000d5580000,0x00000000d5580000,0x00000000d6e80000)
  from space 4096K, 99% used [0x00000000d6e80000,0x00000000d727bb18,0x00000000d7280000)
  to   space 4096K, 0% used [0x00000000d7280000,0x00000000d7280000,0x00000000d7680000)
 ParOldGen       total 68608K, used 5063K [0x0000000080000000, 0x0000000084300000, 0x00000000d5580000)
  object space 68608K, 7% used [0x0000000080000000,0x00000000804f1f70,0x0000000084300000)
 Metaspace       used 9406K, committed 9728K, reserved 1114112K
  class space    used 1007K, committed 1152K, reserved 1048576K
}
Event: 3.790 GC heap before
{Heap before GC invocations=4 (full 0):
 PSYoungGen      total 29696K, used 29678K [0x00000000d5580000, 0x00000000d7680000, 0x0000000100000000)
  eden space 25600K, 100% used [0x00000000d5580000,0x00000000d6e80000,0x00000000d6e80000)
  from space 4096K, 99% used [0x00000000d6e80000,0x00000000d727bb18,0x00000000d7280000)
  to   space 4096K, 0% used [0x00000000d7280000,0x00000000d7280000,0x00000000d7680000)
 ParOldGen       total 68608K, used 5063K [0x0000000080000000, 0x0000000084300000, 0x00000000d5580000)
  object space 68608K, 7% used [0x0000000080000000,0x00000000804f1f70,0x0000000084300000)
 Metaspace       used 11604K, committed 11968K, reserved 1114112K
  class space    used 1226K, committed 1408K, reserved 1048576K
}
Event: 3.797 GC heap after
{Heap after GC invocations=4 (full 0):
 PSYoungGen      total 29696K, used 4095K [0x00000000d5580000, 0x00000000d7680000, 0x0000000100000000)
  eden space 25600K, 0% used [0x00000000d5580000,0x00000000d5580000,0x00000000d6e80000)
  from space 4096K, 99% used [0x00000000d7280000,0x00000000d767ff70,0x00000000d7680000)
  to   space 4096K, 0% used [0x00000000d6e80000,0x00000000d6e80000,0x00000000d7280000)
 ParOldGen       total 68608K, used 6317K [0x0000000080000000, 0x0000000084300000, 0x00000000d5580000)
  object space 68608K, 9% used [0x0000000080000000,0x000000008062b690,0x0000000084300000)
 Metaspace       used 11604K, committed 11968K, reserved 1114112K
  class space    used 1226K, committed 1408K, reserved 1048576K
}
Event: 4.942 GC heap before
{Heap before GC invocations=5 (full 0):
 PSYoungGen      total 29696K, used 29695K [0x00000000d5580000, 0x00000000d7680000, 0x0000000100000000)
  eden space 25600K, 100% used [0x00000000d5580000,0x00000000d6e80000,0x00000000d6e80000)
  from space 4096K, 99% used [0x00000000d7280000,0x00000000d767ff70,0x00000000d7680000)
  to   space 4096K, 0% used [0x00000000d6e80000,0x00000000d6e80000,0x00000000d7280000)
 ParOldGen       total 68608K, used 6317K [0x0000000080000000, 0x0000000084300000, 0x00000000d5580000)
  object space 68608K, 9% used [0x0000000080000000,0x000000008062b690,0x0000000084300000)
 Metaspace       used 15526K, committed 16192K, reserved 1114112K
  class space    used 1621K, committed 1920K, reserved 1048576K
}
Event: 4.951 GC heap after
{Heap after GC invocations=5 (full 0):
 PSYoungGen      total 29184K, used 4095K [0x00000000d5580000, 0x00000000d7900000, 0x0000000100000000)
  eden space 25088K, 0% used [0x00000000d5580000,0x00000000d5580000,0x00000000d6e00000)
  from space 4096K, 99% used [0x00000000d6e80000,0x00000000d727fda8,0x00000000d7280000)
  to   space 5632K, 0% used [0x00000000d7380000,0x00000000d7380000,0x00000000d7900000)
 ParOldGen       total 68608K, used 7790K [0x0000000080000000, 0x0000000084300000, 0x00000000d5580000)
  object space 68608K, 11% used [0x0000000080000000,0x000000008079b998,0x0000000084300000)
 Metaspace       used 15526K, committed 16192K, reserved 1114112K
  class space    used 1621K, committed 1920K, reserved 1048576K
}
Event: 7.025 GC heap before
{Heap before GC invocations=6 (full 0):
 PSYoungGen      total 29184K, used 29183K [0x00000000d5580000, 0x00000000d7900000, 0x0000000100000000)
  eden space 25088K, 100% used [0x00000000d5580000,0x00000000d6e00000,0x00000000d6e00000)
  from space 4096K, 99% used [0x00000000d6e80000,0x00000000d727fda8,0x00000000d7280000)
  to   space 5632K, 0% used [0x00000000d7380000,0x00000000d7380000,0x00000000d7900000)
 ParOldGen       total 68608K, used 7790K [0x0000000080000000, 0x0000000084300000, 0x00000000d5580000)
  object space 68608K, 11% used [0x0000000080000000,0x000000008079b998,0x0000000084300000)
 Metaspace       used 18618K, committed 19392K, reserved 1114112K
  class space    used 1962K, committed 2304K, reserved 1048576K
}
Event: 7.033 GC heap after
{Heap after GC invocations=6 (full 0):
 PSYoungGen      total 29696K, used 4820K [0x00000000d5580000, 0x00000000d7880000, 0x0000000100000000)
  eden space 24576K, 0% used [0x00000000d5580000,0x00000000d5580000,0x00000000d6d80000)
  from space 5120K, 94% used [0x00000000d7380000,0x00000000d78352b8,0x00000000d7880000)
  to   space 5120K, 0% used [0x00000000d6e80000,0x00000000d6e80000,0x00000000d7380000)
 ParOldGen       total 68608K, used 7798K [0x0000000080000000, 0x0000000084300000, 0x00000000d5580000)
  object space 68608K, 11% used [0x0000000080000000,0x000000008079d998,0x0000000084300000)
 Metaspace       used 18618K, committed 19392K, reserved 1114112K
  class space    used 1962K, committed 2304K, reserved 1048576K
}
Event: 7.608 GC heap before
{Heap before GC invocations=7 (full 0):
 PSYoungGen      total 29696K, used 25473K [0x00000000d5580000, 0x00000000d7880000, 0x0000000100000000)
  eden space 24576K, 84% used [0x00000000d5580000,0x00000000d69ab2d0,0x00000000d6d80000)
  from space 5120K, 94% used [0x00000000d7380000,0x00000000d78352b8,0x00000000d7880000)
  to   space 5120K, 0% used [0x00000000d6e80000,0x00000000d6e80000,0x00000000d7380000)
 ParOldGen       total 68608K, used 7798K [0x0000000080000000, 0x0000000084300000, 0x00000000d5580000)
  object space 68608K, 11% used [0x0000000080000000,0x000000008079d998,0x0000000084300000)
 Metaspace       used 20661K, committed 21504K, reserved 1114112K
  class space    used 2193K, committed 2560K, reserved 1048576K
}
Event: 7.619 GC heap after
{Heap after GC invocations=7 (full 0):
 PSYoungGen      total 29184K, used 4219K [0x00000000d5580000, 0x00000000d7680000, 0x0000000100000000)
  eden space 24576K, 0% used [0x00000000d5580000,0x00000000d5580000,0x00000000d6d80000)
  from space 4608K, 91% used [0x00000000d6e80000,0x00000000d729ef90,0x00000000d7300000)
  to   space 3584K, 0% used [0x00000000d7300000,0x00000000d7300000,0x00000000d7680000)
 ParOldGen       total 68608K, used 9554K [0x0000000080000000, 0x0000000084300000, 0x00000000d5580000)
  object space 68608K, 13% used [0x0000000080000000,0x0000000080954980,0x0000000084300000)
 Metaspace       used 20661K, committed 21504K, reserved 1114112K
  class space    used 2193K, committed 2560K, reserved 1048576K
}
Event: 7.619 GC heap before
{Heap before GC invocations=8 (full 1):
 PSYoungGen      total 29184K, used 4219K [0x00000000d5580000, 0x00000000d7680000, 0x0000000100000000)
  eden space 24576K, 0% used [0x00000000d5580000,0x00000000d5580000,0x00000000d6d80000)
  from space 4608K, 91% used [0x00000000d6e80000,0x00000000d729ef90,0x00000000d7300000)
  to   space 3584K, 0% used [0x00000000d7300000,0x00000000d7300000,0x00000000d7680000)
 ParOldGen       total 68608K, used 9554K [0x0000000080000000, 0x0000000084300000, 0x00000000d5580000)
  object space 68608K, 13% used [0x0000000080000000,0x0000000080954980,0x0000000084300000)
 Metaspace       used 20661K, committed 21504K, reserved 1114112K
  class space    used 2193K, committed 2560K, reserved 1048576K
}
Event: 7.688 GC heap after
{Heap after GC invocations=8 (full 1):
 PSYoungGen      total 29184K, used 0K [0x00000000d5580000, 0x00000000d7680000, 0x0000000100000000)
  eden space 24576K, 0% used [0x00000000d5580000,0x00000000d5580000,0x00000000d6d80000)
  from space 4608K, 0% used [0x00000000d6e80000,0x00000000d6e80000,0x00000000d7300000)
  to   space 3584K, 0% used [0x00000000d7300000,0x00000000d7300000,0x00000000d7680000)
 ParOldGen       total 68608K, used 13239K [0x0000000080000000, 0x0000000084300000, 0x00000000d5580000)
  object space 68608K, 19% used [0x0000000080000000,0x0000000080cede00,0x0000000084300000)
 Metaspace       used 20649K, committed 21504K, reserved 1114112K
  class space    used 2189K, committed 2560K, reserved 1048576K
}
Event: 8.160 GC heap before
{Heap before GC invocations=9 (full 1):
 PSYoungGen      total 29184K, used 24546K [0x00000000d5580000, 0x00000000d7680000, 0x0000000100000000)
  eden space 24576K, 99% used [0x00000000d5580000,0x00000000d6d78950,0x00000000d6d80000)
  from space 4608K, 0% used [0x00000000d6e80000,0x00000000d6e80000,0x00000000d7300000)
  to   space 3584K, 0% used [0x00000000d7300000,0x00000000d7300000,0x00000000d7680000)
 ParOldGen       total 68608K, used 13239K [0x0000000080000000, 0x0000000084300000, 0x00000000d5580000)
  object space 68608K, 19% used [0x0000000080000000,0x0000000080cede00,0x0000000084300000)
 Metaspace       used 23155K, committed 24064K, reserved 1114112K
  class space    used 2355K, committed 2752K, reserved 1048576K
}
Event: 8.162 GC heap after
{Heap after GC invocations=9 (full 1):
 PSYoungGen      total 25088K, used 760K [0x00000000d5580000, 0x00000000d7400000, 0x0000000100000000)
  eden space 24064K, 0% used [0x00000000d5580000,0x00000000d5580000,0x00000000d6d00000)
  from space 1024K, 74% used [0x00000000d7300000,0x00000000d73be220,0x00000000d7400000)
  to   space 2560K, 0% used [0x00000000d6f00000,0x00000000d6f00000,0x00000000d7180000)
 ParOldGen       total 68608K, used 13239K [0x0000000080000000, 0x0000000084300000, 0x00000000d5580000)
  object space 68608K, 19% used [0x0000000080000000,0x0000000080cede00,0x0000000084300000)
 Metaspace       used 23155K, committed 24064K, reserved 1114112K
  class space    used 2355K, committed 2752K, reserved 1048576K
}
Event: 9.709 GC heap before
{Heap before GC invocations=10 (full 1):
 PSYoungGen      total 25088K, used 24809K [0x00000000d5580000, 0x00000000d7400000, 0x0000000100000000)
  eden space 24064K, 99% used [0x00000000d5580000,0x00000000d6cfc3c0,0x00000000d6d00000)
  from space 1024K, 74% used [0x00000000d7300000,0x00000000d73be220,0x00000000d7400000)
  to   space 2560K, 0% used [0x00000000d6f00000,0x00000000d6f00000,0x00000000d7180000)
 ParOldGen       total 68608K, used 13239K [0x0000000080000000, 0x0000000084300000, 0x00000000d5580000)
  object space 68608K, 19% used [0x0000000080000000,0x0000000080cede00,0x0000000084300000)
 Metaspace       used 26615K, committed 27520K, reserved 1114112K
  class space    used 2655K, committed 3008K, reserved 1048576K
}
Event: 9.711 GC heap after
{Heap after GC invocations=10 (full 1):
 PSYoungGen      total 26112K, used 1063K [0x00000000d5580000, 0x00000000d7380000, 0x0000000100000000)
  eden space 23552K, 0% used [0x00000000d5580000,0x00000000d5580000,0x00000000d6c80000)
  from space 2560K, 41% used [0x00000000d6f00000,0x00000000d7009cb8,0x00000000d7180000)
  to   space 1536K, 0% used [0x00000000d7200000,0x00000000d7200000,0x00000000d7380000)
 ParOldGen       total 68608K, used 13247K [0x0000000080000000, 0x0000000084300000, 0x00000000d5580000)
  object space 68608K, 19% used [0x0000000080000000,0x0000000080cefe00,0x0000000084300000)
 Metaspace       used 26615K, committed 27520K, reserved 1114112K
  class space    used 2655K, committed 3008K, reserved 1048576K
}
Event: 9.916 GC heap before
{Heap before GC invocations=11 (full 1):
 PSYoungGen      total 26112K, used 24615K [0x00000000d5580000, 0x00000000d7380000, 0x0000000100000000)
  eden space 23552K, 100% used [0x00000000d5580000,0x00000000d6c80000,0x00000000d6c80000)
  from space 2560K, 41% used [0x00000000d6f00000,0x00000000d7009cb8,0x00000000d7180000)
  to   space 1536K, 0% used [0x00000000d7200000,0x00000000d7200000,0x00000000d7380000)
 ParOldGen       total 68608K, used 13247K [0x0000000080000000, 0x0000000084300000, 0x00000000d5580000)
  object space 68608K, 19% used [0x0000000080000000,0x0000000080cefe00,0x0000000084300000)
 Metaspace       used 27923K, committed 28800K, reserved 1114112K
  class space    used 2792K, committed 3200K, reserved 1048576K
}
Event: 9.920 GC heap after
{Heap after GC invocations=11 (full 1):
 PSYoungGen      total 24576K, used 1530K [0x00000000d5580000, 0x00000000d7380000, 0x0000000100000000)
  eden space 23040K, 0% used [0x00000000d5580000,0x00000000d5580000,0x00000000d6c00000)
  from space 1536K, 99% used [0x00000000d7200000,0x00000000d737e9f8,0x00000000d7380000)
  to   space 3584K, 0% used [0x00000000d6c80000,0x00000000d6c80000,0x00000000d7000000)
 ParOldGen       total 68608K, used 14626K [0x0000000080000000, 0x0000000084300000, 0x00000000d5580000)
  object space 68608K, 21% used [0x0000000080000000,0x0000000080e48bf8,0x0000000084300000)
 Metaspace       used 27923K, committed 28800K, reserved 1114112K
  class space    used 2792K, committed 3200K, reserved 1048576K
}

Dll operation events (10 events):
Event: 0.016 Loaded shared library c:\Users\dell\.vscode\extensions\redhat.java-1.54.0-win32-x64\jre\21.0.10-win32-x86_64\bin\java.dll
Event: 0.093 Loaded shared library c:\Users\dell\.vscode\extensions\redhat.java-1.54.0-win32-x64\jre\21.0.10-win32-x86_64\bin\zip.dll
Event: 0.105 Loaded shared library C:\Users\dell\.vscode\extensions\redhat.java-1.54.0-win32-x64\jre\21.0.10-win32-x86_64\bin\instrument.dll
Event: 0.108 Loaded shared library C:\Users\dell\.vscode\extensions\redhat.java-1.54.0-win32-x64\jre\21.0.10-win32-x86_64\bin\net.dll
Event: 0.109 Loaded shared library C:\Users\dell\.vscode\extensions\redhat.java-1.54.0-win32-x64\jre\21.0.10-win32-x86_64\bin\nio.dll
Event: 0.111 Loaded shared library C:\Users\dell\.vscode\extensions\redhat.java-1.54.0-win32-x64\jre\21.0.10-win32-x86_64\bin\zip.dll
Event: 0.122 Loaded shared library C:\Users\dell\.vscode\extensions\redhat.java-1.54.0-win32-x64\jre\21.0.10-win32-x86_64\bin\jimage.dll
Event: 0.158 Loaded shared library c:\Users\dell\.vscode\extensions\redhat.java-1.54.0-win32-x64\jre\21.0.10-win32-x86_64\bin\verify.dll
Event: 0.949 Loaded shared library C:\Users\dell\AppData\Roaming\Code\User\globalStorage\redhat.java\1.54.0\config_win\org.eclipse.equinox.launcher\org.eclipse.equinox.launcher.win32.win32.x86_64_1.3.0.v20260203-2149\eclipse_11919.dll
Event: 6.276 Loaded shared library C:\Users\dell\AppData\Local\Temp\jna-3079617\jna781621295726349428.dll

Deoptimization events (20 events):
Event: 9.687 Thread 0x00000255e2236ad0 Uncommon trap: trap_request=0xffffffde fr.pc=0x00000255cf713d38 relative=0x00000000000000f8
Event: 9.687 Thread 0x00000255e2236ad0 Uncommon trap: reason=class_check action=maybe_recompile pc=0x00000255cf713d38 method=java.lang.Character.codePointAt(Ljava/lang/CharSequence;I)I @ 2 c2
Event: 9.687 Thread 0x00000255e2236ad0 DEOPT PACKING pc=0x00000255cf713d38 sp=0x000000c53c8fe790
Event: 9.687 Thread 0x00000255e2236ad0 DEOPT UNPACKING pc=0x00000255cf013aa2 sp=0x000000c53c8fe718 mode 2
Event: 9.687 Thread 0x00000255e2236ad0 Uncommon trap: trap_request=0xffffffde fr.pc=0x00000255cf713d38 relative=0x00000000000000f8
Event: 9.687 Thread 0x00000255e2236ad0 Uncommon trap: reason=class_check action=maybe_recompile pc=0x00000255cf713d38 method=java.lang.Character.codePointAt(Ljava/lang/CharSequence;I)I @ 2 c2
Event: 9.687 Thread 0x00000255e2236ad0 DEOPT PACKING pc=0x00000255cf713d38 sp=0x000000c53c8fe790
Event: 9.687 Thread 0x00000255e2236ad0 DEOPT UNPACKING pc=0x00000255cf013aa2 sp=0x000000c53c8fe718 mode 2
Event: 9.687 Thread 0x00000255e2236ad0 Uncommon trap: trap_request=0xffffffde fr.pc=0x00000255cf713d38 relative=0x00000000000000f8
Event: 9.687 Thread 0x00000255e2236ad0 Uncommon trap: reason=class_check action=maybe_recompile pc=0x00000255cf713d38 method=java.lang.Character.codePointAt(Ljava/lang/CharSequence;I)I @ 2 c2
Event: 9.687 Thread 0x00000255e2236ad0 DEOPT PACKING pc=0x00000255cf713d38 sp=0x000000c53c8fe790
Event: 9.687 Thread 0x00000255e2236ad0 DEOPT UNPACKING pc=0x00000255cf013aa2 sp=0x000000c53c8fe718 mode 2
Event: 9.687 Thread 0x00000255e2236ad0 Uncommon trap: trap_request=0xffffffde fr.pc=0x00000255cf713d38 relative=0x00000000000000f8
Event: 9.687 Thread 0x00000255e2236ad0 Uncommon trap: reason=class_check action=maybe_recompile pc=0x00000255cf713d38 method=java.lang.Character.codePointAt(Ljava/lang/CharSequence;I)I @ 2 c2
Event: 9.687 Thread 0x00000255e2236ad0 DEOPT PACKING pc=0x00000255cf713d38 sp=0x000000c53c8fe790
Event: 9.687 Thread 0x00000255e2236ad0 DEOPT UNPACKING pc=0x00000255cf013aa2 sp=0x000000c53c8fe718 mode 2
Event: 9.687 Thread 0x00000255e2236ad0 Uncommon trap: trap_request=0xffffff76 fr.pc=0x00000255cf6ae884 relative=0x0000000000000384
Event: 9.687 Thread 0x00000255e2236ad0 Uncommon trap: reason=predicate action=maybe_recompile pc=0x00000255cf6ae884 method=java.util.regex.Pattern$BmpCharPropertyGreedy.match(Ljava/util/regex/Matcher;ILjava/lang/CharSequence;)Z @ 12 c2
Event: 9.687 Thread 0x00000255e2236ad0 DEOPT PACKING pc=0x00000255cf6ae884 sp=0x000000c53c8fe6d0
Event: 9.687 Thread 0x00000255e2236ad0 DEOPT UNPACKING pc=0x00000255cf013aa2 sp=0x000000c53c8fe678 mode 2

Classes loaded (20 events):
Event: 11.143 Loading class sun/reflect/generics/repository/AbstractRepository
Event: 11.143 Loading class sun/reflect/generics/repository/AbstractRepository done
Event: 11.143 Loading class sun/reflect/generics/repository/GenericDeclRepository done
Event: 11.143 Loading class sun/reflect/generics/repository/ClassRepository done
Event: 11.144 Loading class sun/reflect/generics/tree/FormalTypeParameter
Event: 11.144 Loading class sun/reflect/generics/tree/FormalTypeParameter done
Event: 11.144 Loading class sun/reflect/generics/tree/ClassSignature
Event: 11.145 Loading class sun/reflect/generics/tree/Signature
Event: 11.145 Loading class sun/reflect/generics/tree/Signature done
Event: 11.145 Loading class sun/reflect/generics/tree/ClassSignature done
Event: 11.145 Loading class sun/reflect/annotation/TypeAnnotation$TypeAnnotationTarget
Event: 11.145 Loading class sun/reflect/annotation/TypeAnnotation$TypeAnnotationTarget done
Event: 11.146 Loading class sun/reflect/annotation/TypeAnnotation$LocationInfo
Event: 11.146 Loading class sun/reflect/annotation/TypeAnnotation$LocationInfo done
Event: 11.147 Loading class sun/reflect/annotation/TypeAnnotation$LocationInfo$Location
Event: 11.147 Loading class sun/reflect/annotation/TypeAnnotation$LocationInfo$Location done
Event: 11.147 Loading class sun/reflect/annotation/AnnotatedTypeFactory
Event: 11.148 Loading class sun/reflect/annotation/AnnotatedTypeFactory done
Event: 11.148 Loading class sun/reflect/annotation/AnnotatedTypeFactory$AnnotatedTypeBaseImpl
Event: 11.148 Loading class sun/reflect/annotation/AnnotatedTypeFactory$AnnotatedTypeBaseImpl done

Classes unloaded (7 events):
Event: 7.633 Thread 0x00000255db324480 Unloading class 0x00000255811aec00 'java/lang/invoke/LambdaForm$MH+0x00000255811aec00'
Event: 7.633 Thread 0x00000255db324480 Unloading class 0x00000255811ae800 'java/lang/invoke/LambdaForm$MH+0x00000255811ae800'
Event: 7.633 Thread 0x00000255db324480 Unloading class 0x00000255811ae400 'java/lang/invoke/LambdaForm$MH+0x00000255811ae400'
Event: 7.633 Thread 0x00000255db324480 Unloading class 0x00000255811ae000 'java/lang/invoke/LambdaForm$MH+0x00000255811ae000'
Event: 7.633 Thread 0x00000255db324480 Unloading class 0x00000255811adc00 'java/lang/invoke/LambdaForm$BMH+0x00000255811adc00'
Event: 7.633 Thread 0x00000255db324480 Unloading class 0x00000255811ad800 'java/lang/invoke/LambdaForm$DMH+0x00000255811ad800'
Event: 7.633 Thread 0x00000255db324480 Unloading class 0x00000255811ac400 'java/lang/invoke/LambdaForm$DMH+0x00000255811ac400'

Classes redefined (0 events):
No events

Internal exceptions (20 events):
Event: 8.588 Thread 0x00000255e2236ad0 Exception <a 'java/lang/NoSuchMethodError'{0x00000000d67a73c0}: 'java.lang.Object java.lang.invoke.Invokers$Holder.invoke_MT(java.lang.Object, java.lang.Object, java.lang.Object, java.lang.Object, java.lang.Object, java.lang.Object, java.lang.Object, java.lang.Object, java.lang.Object)'> (0x00000000d67a73c0) 
thrown [s\src\hotspot\share\interpreter\linkResolver.cpp, line 773]
Event: 8.608 Thread 0x00000255e2237e80 Exception <a 'java/lang/NoSuchMethodError'{0x00000000d6883958}: 'int java.lang.invoke.DirectMethodHandle$Holder.invokeVirtual(java.lang.Object, java.lang.Object, java.lang.Object)'> (0x00000000d6883958) 
thrown [s\src\hotspot\share\interpreter\linkResolver.cpp, line 773]
Event: 8.610 Thread 0x00000255e2237e80 Exception <a 'java/lang/NoSuchMethodError'{0x00000000d6887b30}: 'int java.lang.invoke.DirectMethodHandle$Holder.invokeStaticInit(java.lang.Object, int, int)'> (0x00000000d6887b30) 
thrown [s\src\hotspot\share\interpreter\linkResolver.cpp, line 773]
Event: 8.612 Thread 0x00000255e2237e80 Exception <a 'java/lang/NoSuchMethodError'{0x00000000d688f230}: 'int java.lang.invoke.DirectMethodHandle$Holder.invokeStaticInit(java.lang.Object, long, long)'> (0x00000000d688f230) 
thrown [s\src\hotspot\share\interpreter\linkResolver.cpp, line 773]
Event: 8.616 Thread 0x00000255e2237e80 Exception <a 'java/lang/NoSuchMethodError'{0x00000000d6895e70}: 'int java.lang.invoke.DirectMethodHandle$Holder.invokeStaticInit(java.lang.Object, float, float)'> (0x00000000d6895e70) 
thrown [s\src\hotspot\share\interpreter\linkResolver.cpp, line 773]
Event: 8.618 Thread 0x00000255e2237e80 Exception <a 'java/lang/NoSuchMethodError'{0x00000000d689fa08}: 'int java.lang.invoke.DirectMethodHandle$Holder.invokeStaticInit(java.lang.Object, double, double)'> (0x00000000d689fa08) 
thrown [s\src\hotspot\share\interpreter\linkResolver.cpp, line 773]
Event: 8.620 Thread 0x00000255e2237e80 Exception <a 'java/lang/NoSuchMethodError'{0x00000000d68afa80}: 'int java.lang.invoke.DirectMethodHandle$Holder.invokeStatic(java.lang.Object, long)'> (0x00000000d68afa80) 
thrown [s\src\hotspot\share\interpreter\linkResolver.cpp, line 773]
Event: 8.627 Thread 0x00000255e2236ad0 Exception <a 'java/lang/NoSuchMethodError'{0x00000000d687b1b8}: 'int java.lang.invoke.DirectMethodHandle$Holder.invokeSpecial(java.lang.Object, java.lang.Object, int, int)'> (0x00000000d687b1b8) 
thrown [s\src\hotspot\share\interpreter\linkResolver.cpp, line 773]
Event: 8.629 Thread 0x00000255e2236ad0 Exception <a 'java/lang/NoSuchMethodError'{0x00000000d694f010}: 'int java.lang.invoke.Invokers$Holder.linkToTargetMethod(java.lang.Object, java.lang.Object)'> (0x00000000d694f010) 
thrown [s\src\hotspot\share\interpreter\linkResolver.cpp, line 773]
Event: 8.629 Thread 0x00000255e2237e80 Exception <a 'java/lang/NoSuchMethodError'{0x00000000d69526b8}: 'int java.lang.invoke.Invokers$Holder.linkToTargetMethod(java.lang.Object, java.lang.Object)'> (0x00000000d69526b8) 
thrown [s\src\hotspot\share\interpreter\linkResolver.cpp, line 773]
Event: 8.633 Thread 0x00000255e2237e80 Exception <a 'java/lang/NoSuchMethodError'{0x00000000d69605f0}: 'int java.lang.invoke.DirectMethodHandle$Holder.invokeSpecial(java.lang.Object, java.lang.Object, java.lang.Object, java.lang.Object)'> (0x00000000d69605f0) 
thrown [s\src\hotspot\share\interpreter\linkResolver.cpp, line 773]
Event: 8.637 Thread 0x00000255e2237e80 Exception <a 'java/lang/NoSuchMethodError'{0x00000000d697ad38}: 'java.lang.Object java.lang.invoke.DirectMethodHandle$Holder.invokeStatic(java.lang.Object, int, java.lang.Object, java.lang.Object)'> (0x00000000d697ad38) 
thrown [s\src\hotspot\share\interpreter\linkResolver.cpp, line 773]
Event: 8.638 Thread 0x00000255e2237e80 Exception <a 'java/lang/NoSuchMethodError'{0x00000000d697e518}: 'java.lang.Object java.lang.invoke.DelegatingMethodHandle$Holder.delegate(java.lang.Object, int, java.lang.Object, java.lang.Object)'> (0x00000000d697e518) 
thrown [s\src\hotspot\share\interpreter\linkResolver.cpp, line 773]
Event: 9.657 Thread 0x00000255e2237e80 Exception <a 'java/lang/NoSuchMethodError'{0x00000000d6a04cf0}: 'int java.lang.invoke.Invokers$Holder.linkToTargetMethod(java.lang.Object, java.lang.Object, java.lang.Object)'> (0x00000000d6a04cf0) 
thrown [s\src\hotspot\share\interpreter\linkResolver.cpp, line 773]
Event: 9.747 Thread 0x00000255e2236ad0 Exception <a 'java/lang/NoSuchMethodError'{0x00000000d5882b10}: 'java.lang.Object java.lang.invoke.DirectMethodHandle$Holder.invokeSpecialIFC(java.lang.Object, java.lang.Object, java.lang.Object, java.lang.Object)'> (0x00000000d5882b10) 
thrown [s\src\hotspot\share\interpreter\linkResolver.cpp, line 773]
Event: 9.786 Thread 0x00000255e22377f0 Exception <a 'java/io/FileNotFoundException'{0x00000000d629ccf8}> (0x00000000d629ccf8) 
thrown [s\src\hotspot\share\prims\jni.cpp, line 520]
Event: 9.786 Thread 0x00000255e22377f0 Exception <a 'java/io/FileNotFoundException'{0x00000000d629dce8}> (0x00000000d629dce8) 
thrown [s\src\hotspot\share\prims\jni.cpp, line 520]
Event: 11.124 Thread 0x00000255e22377f0 Exception <a 'java/lang/ClassNotFoundException'{0x00000000d5ca1e68}: com/sun/org/apache/xerces/internal/impl/msg/spi/DOMMessagesProvider> (0x00000000d5ca1e68) 
thrown [s\src\hotspot\share\classfile\systemDictionary.cpp, line 312]
Event: 11.128 Thread 0x00000255e22377f0 Exception <a 'java/lang/ClassNotFoundException'{0x00000000d5cb35d0}: com/sun/org/apache/xerces/internal/impl/msg/spi/XMLSerializerMessagesProvider> (0x00000000d5cb35d0) 
thrown [s\src\hotspot\share\classfile\systemDictionary.cpp, line 312]
Event: 11.131 Thread 0x00000255e22377f0 Exception <a 'java/lang/ClassNotFoundException'{0x00000000d5cc08f0}: com/sun/org/apache/xerces/internal/impl/msg/spi/XMLMessagesProvider> (0x00000000d5cc08f0) 
thrown [s\src\hotspot\share\classfile\systemDictionary.cpp, line 312]

ZGC Phase Switch (0 events):
No events

VM Operations (20 events):
Event: 6.790 Executing non-safepoint VM operation: HandshakeAllThreads (Deoptimize) done
Event: 6.945 Executing safepoint VM operation: ICBufferFull
Event: 6.945 Executing safepoint VM operation: ICBufferFull done
Event: 7.024 Executing safepoint VM operation: ParallelGCFailedAllocation (Allocation Failure)
Event: 7.034 Executing safepoint VM operation: ParallelGCFailedAllocation (Allocation Failure) done
Event: 7.608 Executing safepoint VM operation: CollectForMetadataAllocation (Metadata GC Threshold)
Event: 7.688 Executing safepoint VM operation: CollectForMetadataAllocation (Metadata GC Threshold) done
Event: 8.160 Executing safepoint VM operation: ParallelGCFailedAllocation (Allocation Failure)
Event: 8.163 Executing safepoint VM operation: ParallelGCFailedAllocation (Allocation Failure) done
Event: 9.169 Executing safepoint VM operation: Cleanup
Event: 9.652 Executing safepoint VM operation: Cleanup done
Event: 9.660 Executing non-safepoint VM operation: HandshakeAllThreads (Deoptimize)
Event: 9.660 Executing non-safepoint VM operation: HandshakeAllThreads (Deoptimize) done
Event: 9.709 Executing safepoint VM operation: ParallelGCFailedAllocation (Allocation Failure)
Event: 9.711 Executing safepoint VM operation: ParallelGCFailedAllocation (Allocation Failure) done
Event: 9.902 Executing safepoint VM operation: ParallelGCFailedAllocation (Allocation Failure)
Event: 9.920 Executing safepoint VM operation: ParallelGCFailedAllocation (Allocation Failure) done
Event: 10.928 Executing safepoint VM operation: Cleanup
Event: 11.084 Executing safepoint VM operation: Cleanup done
Event: 12.095 Executing safepoint VM operation: Cleanup

Memory protections (0 events):
No events

Nmethod flushes (0 events):
No events

Events (20 events):
Event: 0.811 Thread 0x00000255c243b3e0 Thread added: 0x00000255dc8ca430
Event: 0.945 Thread 0x00000255c243b3e0 Thread added: 0x00000255dc8c9da0
Event: 0.969 Thread 0x00000255dc8c9da0 Thread added: 0x00000255e2236440
Event: 0.972 Thread 0x00000255c243b3e0 Thread added: 0x00000255e22377f0
Event: 1.314 Thread 0x00000255e22377f0 Thread added: 0x00000255e2238510
Event: 1.841 Thread 0x00000255dc7de540 Thread exited: 0x00000255dc7de540
Event: 1.841 Thread 0x00000255dd7eccd0 Thread exited: 0x00000255dd7eccd0
Event: 3.749 Thread 0x00000255e22377f0 Thread added: 0x00000255e2239230
Event: 3.901 Thread 0x00000255c494be80 Thread added: 0x00000255e2843470
Event: 4.304 Thread 0x00000255e22377f0 Thread added: 0x00000255e2235db0
Event: 4.633 Thread 0x00000255e2843470 Thread exited: 0x00000255e2843470
Event: 6.346 Thread 0x00000255e22377f0 Thread added: 0x00000255e2238ba0
Event: 6.450 Thread 0x00000255e22377f0 Thread added: 0x00000255e2237e80
Event: 6.516 Thread 0x00000255e22377f0 Thread added: 0x00000255e2236ad0
Event: 7.983 Thread 0x00000255c494be80 Thread added: 0x00000255e3dbc030
Event: 8.120 Thread 0x00000255e3dbc030 Thread exited: 0x00000255e3dbc030
Event: 8.579 Thread 0x00000255e2236ad0 Thread added: 0x00000255e22398c0
Event: 9.651 Thread 0x00000255e22398c0 Thread added: 0x00000255e2239f50
Event: 9.655 Thread 0x00000255c494be80 Thread added: 0x00000255dd904740
Event: 9.895 Thread 0x00000255c494be80 Thread added: 0x00000255e29227b0


Dynamic libraries:
0x00007ff645960000 - 0x00007ff64596e000 	c:\Users\dell\.vscode\extensions\redhat.java-1.54.0-win32-x64\jre\21.0.10-win32-x86_64\bin\java.exe
0x00007ffa39760000 - 0x00007ffa399c7000 	C:\WINDOWS\SYSTEM32\ntdll.dll
0x00007ffa377f0000 - 0x00007ffa378b9000 	C:\WINDOWS\System32\KERNEL32.DLL
0x00007ffa36240000 - 0x00007ffa36637000 	C:\WINDOWS\System32\KERNELBASE.dll
0x00007ffa36f40000 - 0x00007ffa3708b000 	C:\WINDOWS\System32\ucrtbase.dll
0x00007ffa26ec0000 - 0x00007ffa26ede000 	c:\Users\dell\.vscode\extensions\redhat.java-1.54.0-win32-x64\jre\21.0.10-win32-x86_64\bin\VCRUNTIME140.dll
0x00007ffa25a50000 - 0x00007ffa25a68000 	c:\Users\dell\.vscode\extensions\redhat.java-1.54.0-win32-x64\jre\21.0.10-win32-x86_64\bin\jli.dll
0x00007ffa380c0000 - 0x00007ffa38286000 	C:\WINDOWS\System32\USER32.dll
0x00007ffa373f0000 - 0x00007ffa37417000 	C:\WINDOWS\System32\win32u.dll
0x00007ffa1a710000 - 0x00007ffa1a9a2000 	C:\WINDOWS\WinSxS\amd64_microsoft.windows.common-controls_6595b64144ccf1df_6.0.26100.8457_none_3e0b2faee331e92d\COMCTL32.dll
0x00007ffa376b0000 - 0x00007ffa376db000 	C:\WINDOWS\System32\GDI32.dll
0x00007ffa38010000 - 0x00007ffa380b9000 	C:\WINDOWS\System32\msvcrt.dll
0x00007ffa37090000 - 0x00007ffa371bc000 	C:\WINDOWS\System32\gdi32full.dll
0x00007ffa36190000 - 0x00007ffa36233000 	C:\WINDOWS\System32\msvcp_win.dll
0x00007ffa376e0000 - 0x00007ffa37712000 	C:\WINDOWS\System32\IMM32.DLL
0x00007ffa24090000 - 0x00007ffa2409c000 	c:\Users\dell\.vscode\extensions\redhat.java-1.54.0-win32-x64\jre\21.0.10-win32-x86_64\bin\vcruntime140_1.dll
0x00007ff9d3390000 - 0x00007ff9d341d000 	c:\Users\dell\.vscode\extensions\redhat.java-1.54.0-win32-x64\jre\21.0.10-win32-x86_64\bin\msvcp140.dll
0x00007ff997a60000 - 0x00007ff998801000 	c:\Users\dell\.vscode\extensions\redhat.java-1.54.0-win32-x64\jre\21.0.10-win32-x86_64\bin\server\jvm.dll
0x00007ffa37950000 - 0x00007ffa37a06000 	C:\WINDOWS\System32\ADVAPI32.dll
0x00007ffa37f60000 - 0x00007ffa38007000 	C:\WINDOWS\System32\sechost.dll
0x00007ffa37e40000 - 0x00007ffa37f58000 	C:\WINDOWS\System32\RPCRT4.dll
0x00007ffa38460000 - 0x00007ffa384e0000 	C:\WINDOWS\System32\WS2_32.dll
0x00007ffa24f00000 - 0x00007ffa24f0b000 	C:\WINDOWS\SYSTEM32\VERSION.dll
0x00007ffa35ff0000 - 0x00007ffa3604e000 	C:\WINDOWS\SYSTEM32\POWRPROF.dll
0x00007ffa31060000 - 0x00007ffa31096000 	C:\WINDOWS\SYSTEM32\WINMM.dll
0x00007ffa35fd0000 - 0x00007ffa35fe4000 	C:\WINDOWS\SYSTEM32\UMPDC.dll
0x00007ffa34f20000 - 0x00007ffa34f3b000 	C:\WINDOWS\SYSTEM32\kernel.appcore.dll
0x00007ffa1bc10000 - 0x00007ffa1bc1a000 	c:\Users\dell\.vscode\extensions\redhat.java-1.54.0-win32-x64\jre\21.0.10-win32-x86_64\bin\jimage.dll
0x00007ffa33ff0000 - 0x00007ffa34232000 	C:\WINDOWS\SYSTEM32\DBGHELP.DLL
0x00007ffa39390000 - 0x00007ffa39713000 	C:\WINDOWS\System32\combase.dll
0x00007ffa37b00000 - 0x00007ffa37bd9000 	C:\WINDOWS\System32\OLEAUT32.dll
0x00007ffa128d0000 - 0x00007ffa1290b000 	C:\WINDOWS\SYSTEM32\dbgcore.DLL
0x00007ffa37340000 - 0x00007ffa373e8000 	C:\WINDOWS\System32\bcryptPrimitives.dll
0x00007ffa1bc00000 - 0x00007ffa1bc0f000 	c:\Users\dell\.vscode\extensions\redhat.java-1.54.0-win32-x64\jre\21.0.10-win32-x86_64\bin\instrument.dll
0x00007ffa17e20000 - 0x00007ffa17e40000 	c:\Users\dell\.vscode\extensions\redhat.java-1.54.0-win32-x64\jre\21.0.10-win32-x86_64\bin\java.dll
0x00007ffa38590000 - 0x00007ffa38cfe000 	C:\WINDOWS\System32\SHELL32.dll
0x00007ffa366d0000 - 0x00007ffa36f3c000 	C:\WINDOWS\System32\windows.storage.dll
0x00007ffa37c40000 - 0x00007ffa37d36000 	C:\WINDOWS\System32\SHCORE.dll
0x00007ffa37640000 - 0x00007ffa376a6000 	C:\WINDOWS\System32\shlwapi.dll
0x00007ffa360b0000 - 0x00007ffa360d9000 	C:\WINDOWS\SYSTEM32\profapi.dll
0x00007ffa134c0000 - 0x00007ffa134d8000 	c:\Users\dell\.vscode\extensions\redhat.java-1.54.0-win32-x64\jre\21.0.10-win32-x86_64\bin\zip.dll
0x00007ffa1bbf0000 - 0x00007ffa1bc00000 	C:\Users\dell\.vscode\extensions\redhat.java-1.54.0-win32-x64\jre\21.0.10-win32-x86_64\bin\net.dll
0x00007ffa2cd20000 - 0x00007ffa2ce49000 	C:\WINDOWS\SYSTEM32\WINHTTP.dll
0x00007ffa35490000 - 0x00007ffa354fc000 	C:\WINDOWS\system32\mswsock.dll
0x00007ffa05460000 - 0x00007ffa05476000 	C:\Users\dell\.vscode\extensions\redhat.java-1.54.0-win32-x64\jre\21.0.10-win32-x86_64\bin\nio.dll
0x00007ff9ed780000 - 0x00007ff9ed790000 	c:\Users\dell\.vscode\extensions\redhat.java-1.54.0-win32-x64\jre\21.0.10-win32-x86_64\bin\verify.dll
0x00007ff9ebbc0000 - 0x00007ff9ebc05000 	C:\Users\dell\AppData\Roaming\Code\User\globalStorage\redhat.java\1.54.0\config_win\org.eclipse.equinox.launcher\org.eclipse.equinox.launcher.win32.win32.x86_64_1.3.0.v20260203-2149\eclipse_11919.dll
0x00007ffa38290000 - 0x00007ffa38427000 	C:\WINDOWS\System32\ole32.dll
0x00007ffa35770000 - 0x00007ffa3578b000 	C:\WINDOWS\SYSTEM32\CRYPTSP.dll
0x00007ffa34e80000 - 0x00007ffa34eb9000 	C:\WINDOWS\system32\rsaenh.dll
0x00007ffa35540000 - 0x00007ffa35573000 	C:\WINDOWS\SYSTEM32\USERENV.dll
0x00007ffa36080000 - 0x00007ffa360aa000 	C:\WINDOWS\SYSTEM32\bcrypt.dll
0x00007ffa35790000 - 0x00007ffa3579c000 	C:\WINDOWS\SYSTEM32\CRYPTBASE.dll
0x00007ffa348e0000 - 0x00007ffa34912000 	C:\WINDOWS\SYSTEM32\IPHLPAPI.DLL
0x00007ffa39380000 - 0x00007ffa3938a000 	C:\WINDOWS\System32\NSI.dll
0x00007ff9d52c0000 - 0x00007ff9d5309000 	C:\Users\dell\AppData\Local\Temp\jna-3079617\jna781621295726349428.dll
0x00007ffa377e0000 - 0x00007ffa377e8000 	C:\WINDOWS\System32\PSAPI.DLL

JVMTI agents:
c:\Users\dell\.vscode\extensions\redhat.java-1.54.0-win32-x64\lombok\lombok-1.18.39-4050.jar path:c:\Users\dell\.vscode\extensions\redhat.java-1.54.0-win32-x64\jre\21.0.10-win32-x86_64\bin\instrument.dll, loaded, initialized, instrumentlib options:none

dbghelp: loaded successfully - version: 4.0.5 - missing functions: none
symbol engine: initialized successfully - sym options: 0x614 - pdb path: .;c:\Users\dell\.vscode\extensions\redhat.java-1.54.0-win32-x64\jre\21.0.10-win32-x86_64\bin;C:\WINDOWS\SYSTEM32;C:\WINDOWS\WinSxS\amd64_microsoft.windows.common-controls_6595b64144ccf1df_6.0.26100.8457_none_3e0b2faee331e92d;c:\Users\dell\.vscode\extensions\redhat.java-1.54.0-win32-x64\jre\21.0.10-win32-x86_64\bin\server;C:\Users\dell\AppData\Roaming\Code\User\globalStorage\redhat.java\1.54.0\config_win\org.eclipse.equinox.launcher\org.eclipse.equinox.launcher.win32.win32.x86_64_1.3.0.v20260203-2149;C:\Users\dell\AppData\Local\Temp\jna-3079617

VM Arguments:
jvm_args: --add-modules=ALL-SYSTEM --add-opens=java.base/java.util=ALL-UNNAMED --add-opens=java.base/java.lang=ALL-UNNAMED --add-opens=java.base/sun.nio.fs=ALL-UNNAMED -Declipse.application=org.eclipse.jdt.ls.core.id1 -Dosgi.bundles.defaultStartLevel=4 -Declipse.product=org.eclipse.jdt.ls.core.product -Djava.import.generatesMetadataFilesAtProjectRoot=false -DDetectVMInstallationsJob.disabled=true -Dfile.encoding=utf8 -XX:+UseParallelGC -XX:GCTimeRatio=4 -XX:AdaptiveSizePolicyWeight=90 -Dsun.zip.disableMemoryMapping=true -Xmx2G -Xms100m -Xlog:disable -javaagent:c:\Users\dell\.vscode\extensions\redhat.java-1.54.0-win32-x64\lombok\lombok-1.18.39-4050.jar -XX:+HeapDumpOnOutOfMemoryError -XX:HeapDumpPath=c:\Users\dell\AppData\Roaming\Code\User\workspaceStorage\825c9b729f276fa6f788dd2d7ea7dcd6\redhat.java -Daether.dependencyCollector.impl=bf 
java_command: c:\Users\dell\.vscode\extensions\redhat.java-1.54.0-win32-x64\server\plugins\org.eclipse.equinox.launcher_1.7.100.v20251111-0406.jar -configuration c:\Users\dell\AppData\Roaming\Code\User\globalStorage\redhat.java\1.54.0\config_win -data c:\Users\dell\AppData\Roaming\Code\User\workspaceStorage\825c9b729f276fa6f788dd2d7ea7dcd6\redhat.java\jdt_ws --pipe=\\.\pipe\lsp-26c97d55fe90016a2e75b299f15957b9-sock
java_class_path (initial): c:\Users\dell\.vscode\extensions\redhat.java-1.54.0-win32-x64\server\plugins\org.eclipse.equinox.launcher_1.7.100.v20251111-0406.jar
Launcher Type: SUN_STANDARD

[Global flags]
    uintx AdaptiveSizePolicyWeight                 = 90                                        {product} {command line}
     intx CICompilerCount                          = 4                                         {product} {ergonomic}
    uintx GCTimeRatio                              = 4                                         {product} {command line}
     bool HeapDumpOnOutOfMemoryError               = true                                   {manageable} {command line}
    ccstr HeapDumpPath                             = c:\Users\dell\AppData\Roaming\Code\User\workspaceStorage\825c9b729f276fa6f788dd2d7ea7dcd6\redhat.java         {manageable} {command line}
   size_t InitialHeapSize                          = 104857600                                 {product} {command line}
   size_t MaxHeapSize                              = 2147483648                                {product} {command line}
   size_t MaxNewSize                               = 715653120                                 {product} {ergonomic}
   size_t MinHeapDeltaBytes                        = 524288                                    {product} {ergonomic}
   size_t MinHeapSize                              = 104857600                                 {product} {command line}
   size_t NewSize                                  = 34603008                                  {product} {ergonomic}
    uintx NonNMethodCodeHeapSize                   = 5839372                                {pd product} {ergonomic}
    uintx NonProfiledCodeHeapSize                  = 122909434                              {pd product} {ergonomic}
   size_t OldSize                                  = 70254592                                  {product} {ergonomic}
    uintx ProfiledCodeHeapSize                     = 122909434                              {pd product} {ergonomic}
    uintx ReservedCodeCacheSize                    = 251658240                              {pd product} {ergonomic}
     bool SegmentedCodeCache                       = true                                      {product} {ergonomic}
   size_t SoftMaxHeapSize                          = 2147483648                             {manageable} {ergonomic}
     bool UseCompressedOops                        = true                           {product lp64_product} {ergonomic}
     bool UseLargePagesIndividualAllocation        = false                                  {pd product} {ergonomic}
     bool UseParallelGC                            = true                                      {product} {command line}

Logging:
Log output configuration:
 #0: stdout all=off uptime,level,tags foldmultilines=false
 #1: stderr all=off uptime,level,tags foldmultilines=false

Release file:
JAVA_VERSION="21.0.10" 
MODULES="java.base java.compiler java.datatransfer java.xml java.prefs java.desktop java.instrument java.logging java.management java.security.sasl java.naming java.rmi java.management.rmi java.net.http java.scripting java.security.jgss java.transaction.xa java.sql java.sql.rowset java.xml.crypto java.se java.smartcardio jdk.accessibility jdk.internal.jvmstat jdk.attach jdk.charsets jdk.internal.opt jdk.zipfs jdk.compiler jdk.crypto.ec jdk.crypto.cryptoki jdk.crypto.mscapi jdk.dynalink jdk.internal.ed jdk.editpad jdk.hotspot.agent jdk.httpserver jdk.internal.le jdk.internal.vm.ci jdk.internal.vm.compiler jdk.internal.vm.compiler.management jdk.jartool jdk.javadoc jdk.jcmd jdk.management jdk.management.agent jdk.jconsole jdk.jdeps jdk.jdwp.agent jdk.jdi jdk.jfr jdk.jshell jdk.jsobject jdk.jstatd jdk.localedata jdk.management.jfr jdk.naming.dns jdk.naming.rmi jdk.net jdk.nio.mapmode jdk.random jdk.sctp jdk.security.auth jdk.security.jgss jdk.unsupported jdk.unsupported.desktop jdk.xml.dom" 

Environment Variables:
JAVA_HOME=C:\Program Files\Eclipse Adoptium\jdk-17.0.14.7-hotspot\
PATH=C:\Program Files\Eclipse Adoptium\jdk-17.0.14.7-hotspot\bin;C:\WINDOWS\system32;C:\WINDOWS;C:\WINDOWS\System32\Wbem;C:\WINDOWS\System32\WindowsPowerShell\v1.0\;C:\WINDOWS\System32\OpenSSH\;C:\Program Files\dotnet\;C:\Program Files\MySQL\MySQL Server 8.0\bin;C:\Program Files\Git\cmd;C:\Program Files\nodejs\;C:\Program Files\Docker\Docker\resources\bin;C:\Program Files\MongoDB\Server\8.2\bin;C:\Users\dell\AppData\Local\Programs\mongosh;C:\Users\dell\Downloads\ngrok-v3-stable-windows-amd64;C:\Program Files\Microsoft SQL Server\170\Tools\Binn\;C:\Program Files\Microsoft SQL Server\Client SDK\ODBC\170\Tools\Binn\;C:\Users\dell\AppData\Local\Programs\Python\Python311\Scripts\;C:\Users\dell\AppData\Local\Programs\Python\Python311\;C:\Program Files\MySQL\MySQL Shell 8.0\bin\;C:\Users\dell\AppData\Local\Programs\Python\Launcher\;C:\Users\dell\AppData\Local\Microsoft\WindowsApps;C:\MinGW\bin;C:\Users\dell\AppData\Local\Programs\Microsoft VS Code\bin;C:\Users\dell\AppData\Roaming\Python\Python312\Scripts;C:\Program Files\JetBrains\IntelliJ IDEA Community Edition 2024.3.2.1\bin;;C:\Users\dell\AppData\Local\GitHubDesktop\bin;C:\Users\dell\AppData\Roaming\npm;C:\Users\dell\.dotnet\tools;C:\Users\dell\AppData\Local\Programs\mongosh\;C:\Users\dell\AppData\Local\Programs\Antigravity\bin;C:\Users\dell\AppData\Local\Programs\Kiro\bin;C:\Users\dell\AppData\Local\Programs\Antigravity IDE\bin
USERNAME=dell
OS=Windows_NT
PROCESSOR_IDENTIFIER=Intel64 Family 6 Model 186 Stepping 3, GenuineIntel
TMP=C:\Users\dell\AppData\Local\Temp
TEMP=C:\Users\dell\AppData\Local\Temp




Periodic native trim disabled

---------------  S Y S T E M  ---------------

OS:
 Windows 11 , 64 bit Build 26100 (10.0.26100.8328)
OS uptime: 3 days 3:35 hours
Hyper-V role detected

CPU: total 12 (initial active 12) (6 cores per cpu, 2 threads per core) family 6 model 186 stepping 3 microcode 0x6134, cx8, cmov, fxsr, ht, mmx, 3dnowpref, sse, sse2, sse3, ssse3, sse4.1, sse4.2, popcnt, lzcnt, tsc, tscinvbit, avx, avx2, aes, erms, clmul, bmi1, bmi2, adx, sha, fma, vzeroupper, clflush, clflushopt, clwb, hv, serialize, rdtscp, rdpid, fsrm, f16c, cet_ibt, cet_ss
Processor Information for the first 12 processors :
  Max Mhz: 1300, Current Mhz: 1300, Mhz Limit: 1300

Memory: 4k page, system-wide physical 7876M (846M free)
TotalPageFile size 32452M (AvailPageFile size 9M)
current process WorkingSet (physical memory assigned to process): 177M, peak: 177M
current process commit charge ("private bytes"): 310M, peak: 310M

vm_info: OpenJDK 64-Bit Server VM (21.0.10+7-LTS) for windows-amd64 JRE (21.0.10+7-LTS), built on 2026-01-20T00:00:00Z by "admin" with MS VC++ 17.12 (VS2022)

END.
